#
# There is insufficient memory for the Java Runtime Environment to continue.
# Native memory allocation (malloc) failed to allocate 2179248 bytes for Chunk::new
# Possible reasons:
#   The system is out of physical RAM or swap space
#   The process is running with CompressedOops enabled, and the Java Heap may be blocking the growth of the native heap
# Possible solutions:
#   Reduce memory load on the system
#   Increase physical memory or swap space
#   Check if swap backing store is full
#   Decrease Java heap size (-Xmx/-Xms)
#   Decrease number of Java threads
#   Decrease Java thread stack sizes (-Xss)
#   Set larger code cache with -XX:ReservedCodeCacheSize=
#   JVM is running with Unscaled Compressed Oops mode in which the Java heap is
#     placed in the first 4GB address space. The Java Heap base address is the
#     maximum limit for the native heap growth. Please use -XX:HeapBaseMinAddress
#     to set the Java Heap base and to place the Java Heap above 4GB virtual address.
# This output file may be truncated or incomplete.
#
#  Out of Memory Error (arena.cpp:191), pid=15536, tid=5624
#
# JRE version: OpenJDK Runtime Environment Temurin-17.0.10+7 (17.0.10+7) (build 17.0.10+7)
# Java VM: OpenJDK 64-Bit Server VM Temurin-17.0.10+7 (17.0.10+7, mixed mode, tiered, compressed oops, compressed class ptrs, parallel gc, windows-amd64)
# No core dump will be written. Minidumps are not enabled by default on client versions of Windows
#

---------------  S U M M A R Y ------------

Command Line: --add-modules=ALL-SYSTEM --add-opens=java.base/java.util=ALL-UNNAMED --add-opens=java.base/java.lang=ALL-UNNAMED --add-opens=java.base/sun.nio.fs=ALL-UNNAMED -Declipse.application=org.eclipse.jdt.ls.core.id1 -Dosgi.bundles.defaultStartLevel=4 -Declipse.product=org.eclipse.jdt.ls.core.product -Djava.import.generatesMetadataFilesAtProjectRoot=false -DDetectVMInstallationsJob.disabled=true -Dfile.encoding=utf8 -XX:+UseParallelGC -XX:GCTimeRatio=4 -XX:AdaptiveSizePolicyWeight=90 -Dsun.zip.disableMemoryMapping=true -Xmx1G -Xms100m -Xlog:disable -javaagent:c:\Users\santi\.vscode\extensions\redhat.java-1.28.1-win32-x64\lombok\lombok-1.18.31.jar -XX:+HeapDumpOnOutOfMemoryError -XX:HeapDumpPath=c:\Users\santi\AppData\Roaming\Code\User\workspaceStorage\579b4992d83981974b0bdabad3642d48\redhat.java -Daether.dependencyCollector.impl=bf c:\Users\santi\.vscode\extensions\redhat.java-1.28.1-win32-x64\server\plugins\org.eclipse.equinox.launcher_1.6.700.v20231214-2017.jar -configuration c:\Users\santi\AppData\Roaming\Code\User\globalStorage\redhat.java\1.28.1\config_win -data c:\Users\santi\AppData\Roaming\Code\User\workspaceStorage\579b4992d83981974b0bdabad3642d48\redhat.java\jdt_ws --stdio

Host: AMD Ryzen 5 5600X 6-Core Processor             , 12 cores, 15G,  Windows 10 , 64 bit Build 19041 (10.0.19041.3636)
Time: Mon Mar 18 20:40:09 2024 Hora est. Pacífico, Sudamérica elapsed time: 8.411412 seconds (0d 0h 0m 8s)

---------------  T H R E A D  ---------------

Current thread (0x000001e8200efea0):  JavaThread "C2 CompilerThread1" daemon [_thread_in_native, id=5624, stack(0x00000024f3f00000,0x00000024f4000000)]


Current CompileTask:
C2:   8411 7649 %     4       org.lombokweb.asm.SymbolTable::<init> @ 98 (536 bytes)

Stack: [0x00000024f3f00000,0x00000024f4000000]
Native frames: (J=compiled Java code, j=interpreted, Vv=VM code, C=native code)
V  [jvm.dll+0x67d2c9]
V  [jvm.dll+0x834afa]
V  [jvm.dll+0x8365be]
V  [jvm.dll+0x836c23]
V  [jvm.dll+0x2477ff]
V  [jvm.dll+0xac514]
V  [jvm.dll+0xacb5c]
V  [jvm.dll+0x3667d7]
V  [jvm.dll+0x1bcf72]
V  [jvm.dll+0x21a049]
V  [jvm.dll+0x219311]
V  [jvm.dll+0x1a502d]
V  [jvm.dll+0x2290de]
V  [jvm.dll+0x2272ac]
V  [jvm.dll+0x7e9bb7]
V  [jvm.dll+0x7e3fba]
V  [jvm.dll+0x67c1b5]
C  [ucrtbase.dll+0x21bb2]
C  [KERNEL32.DLL+0x17344]
C  [ntdll.dll+0x526b1]


---------------  P R O C E S S  ---------------

Threads class SMR info:
_java_thread_list=0x000001e81eea86a0, length=33, elements={
0x000001e87fab1550, 0x000001e815548890, 0x000001e815549f00, 0x000001e87fb6c360,
0x000001e87fb6d0f0, 0x000001e87fb6de80, 0x000001e87fb6eab0, 0x000001e81a818c40,
0x000001e81a81b560, 0x000001e81a87fb90, 0x000001e81a91b240, 0x000001e81aafb1a0,
0x000001e81c686840, 0x000001e81c9dd5f0, 0x000001e81c717f20, 0x000001e81cc341c0,
0x000001e81ca7c370, 0x000001e81d0d2a90, 0x000001e81d0d3ed0, 0x000001e81d0d5820,
0x000001e81d0d2070, 0x000001e81d0d4e00, 0x000001e81d0d34b0, 0x000001e81d0d43e0,
0x000001e81d0d48f0, 0x000001e81fa7e7f0, 0x000001e81fa7ddd0, 0x000001e81fa7cea0,
0x000001e81fa7fc30, 0x000001e8200efea0, 0x000001e81a9def10, 0x000001e81fa7ba60,
0x000001e81fa7f720
}

Java Threads: ( => current thread )
  0x000001e87fab1550 JavaThread "main" [_thread_blocked, id=4740, stack(0x00000024f3200000,0x00000024f3300000)]
  0x000001e815548890 JavaThread "Reference Handler" daemon [_thread_blocked, id=23792, stack(0x00000024f3500000,0x00000024f3600000)]
  0x000001e815549f00 JavaThread "Finalizer" daemon [_thread_blocked, id=19848, stack(0x00000024f3600000,0x00000024f3700000)]
  0x000001e87fb6c360 JavaThread "Signal Dispatcher" daemon [_thread_blocked, id=21064, stack(0x00000024f3700000,0x00000024f3800000)]
  0x000001e87fb6d0f0 JavaThread "Attach Listener" daemon [_thread_blocked, id=9224, stack(0x00000024f3800000,0x00000024f3900000)]
  0x000001e87fb6de80 JavaThread "Service Thread" daemon [_thread_blocked, id=19256, stack(0x00000024f3900000,0x00000024f3a00000)]
  0x000001e87fb6eab0 JavaThread "Monitor Deflation Thread" daemon [_thread_blocked, id=23064, stack(0x00000024f3a00000,0x00000024f3b00000)]
  0x000001e81a818c40 JavaThread "C2 CompilerThread0" daemon [_thread_in_native, id=22256, stack(0x00000024f3b00000,0x00000024f3c00000)]
  0x000001e81a81b560 JavaThread "C1 CompilerThread0" daemon [_thread_blocked, id=3844, stack(0x00000024f3c00000,0x00000024f3d00000)]
  0x000001e81a87fb90 JavaThread "Sweeper thread" daemon [_thread_blocked, id=17724, stack(0x00000024f3d00000,0x00000024f3e00000)]
  0x000001e81a91b240 JavaThread "Common-Cleaner" daemon [_thread_blocked, id=16732, stack(0x00000024f3e00000,0x00000024f3f00000)]
  0x000001e81aafb1a0 JavaThread "Notification Thread" daemon [_thread_blocked, id=24516, stack(0x00000024f4000000,0x00000024f4100000)]
  0x000001e81c686840 JavaThread "Active Thread: Equinox Container: ece99cd7-39ea-4bcd-8003-5b5b069a1537" [_thread_blocked, id=22060, stack(0x00000024f4900000,0x00000024f4a00000)]
  0x000001e81c9dd5f0 JavaThread "Framework Event Dispatcher: Equinox Container: ece99cd7-39ea-4bcd-8003-5b5b069a1537" daemon [_thread_blocked, id=23280, stack(0x00000024f4a00000,0x00000024f4b00000)]
  0x000001e81c717f20 JavaThread "Start Level: Equinox Container: ece99cd7-39ea-4bcd-8003-5b5b069a1537" daemon [_thread_blocked, id=7052, stack(0x00000024f4b00000,0x00000024f4c00000)]
  0x000001e81cc341c0 JavaThread "Bundle File Closer" daemon [_thread_blocked, id=20932, stack(0x00000024f4d00000,0x00000024f4e00000)]
  0x000001e81ca7c370 JavaThread "SCR Component Actor" daemon [_thread_blocked, id=10300, stack(0x00000024f4200000,0x00000024f4300000)]
  0x000001e81d0d2a90 JavaThread "Worker-JM" [_thread_blocked, id=15904, stack(0x00000024f5100000,0x00000024f5200000)]
  0x000001e81d0d3ed0 JavaThread "Worker-0: Java indexing... " [_thread_blocked, id=23804, stack(0x00000024f5200000,0x00000024f5300000)]
  0x000001e81d0d5820 JavaThread "Worker-1" [_thread_blocked, id=23660, stack(0x00000024f5300000,0x00000024f5400000)]
  0x000001e81d0d2070 JavaThread "Java indexing" daemon [_thread_in_Java, id=20860, stack(0x00000024f5500000,0x00000024f5600000)]
  0x000001e81d0d4e00 JavaThread "JNA Cleaner" daemon [_thread_blocked, id=21620, stack(0x00000024f5400000,0x00000024f5500000)]
  0x000001e81d0d34b0 JavaThread "pool-2-thread-1" [_thread_blocked, id=10368, stack(0x00000024f5800000,0x00000024f5900000)]
  0x000001e81d0d43e0 JavaThread "Worker-2" [_thread_blocked, id=4220, stack(0x00000024f5900000,0x00000024f5a00000)]
  0x000001e81d0d48f0 JavaThread "WorkspaceEventsHandler" [_thread_blocked, id=9260, stack(0x00000024f5a00000,0x00000024f5b00000)]
  0x000001e81fa7e7f0 JavaThread "pool-1-thread-1" [_thread_in_Java, id=23684, stack(0x00000024f5b00000,0x00000024f5c00000)]
  0x000001e81fa7ddd0 JavaThread "Worker-3" [_thread_blocked, id=18316, stack(0x00000024f5c00000,0x00000024f5d00000)]
  0x000001e81fa7cea0 JavaThread "Keep-Alive-Timer" daemon [_thread_blocked, id=6248, stack(0x00000024f5f00000,0x00000024f6000000)]
  0x000001e81fa7fc30 JavaThread "pool-3-thread-1" [_thread_in_native, id=6236, stack(0x00000024f6000000,0x00000024f6100000)]
=>0x000001e8200efea0 JavaThread "C2 CompilerThread1" daemon [_thread_in_native, id=5624, stack(0x00000024f3f00000,0x00000024f4000000)]
  0x000001e81a9def10 JavaThread "C2 CompilerThread2" daemon [_thread_in_native, id=5980, stack(0x00000024f5d00000,0x00000024f5e00000)]
  0x000001e81fa7ba60 JavaThread "Worker-4" [_thread_blocked, id=19592, stack(0x00000024f6100000,0x00000024f6200000)]
  0x000001e81fa7f720 JavaThread "Worker-5: Initialize workspace" [_thread_blocked, id=21256, stack(0x00000024f6200000,0x00000024f6300000)]

Other Threads:
  0x000001e87fb69200 VMThread "VM Thread" [stack: 0x00000024f3400000,0x00000024f3500000] [id=23876]
  0x000001e81aafbe20 WatcherThread [stack: 0x00000024f4100000,0x00000024f4200000] [id=12724]
  0x000001e87fac92d0 GCTaskThread "GC Thread#0" [stack: 0x00000024f3300000,0x00000024f3400000] [id=7512]
  0x000001e81c2da2c0 GCTaskThread "GC Thread#1" [stack: 0x00000024f4300000,0x00000024f4400000] [id=3872]
  0x000001e81c2da580 GCTaskThread "GC Thread#2" [stack: 0x00000024f4400000,0x00000024f4500000] [id=14624]
  0x000001e81c2da840 GCTaskThread "GC Thread#3" [stack: 0x00000024f4500000,0x00000024f4600000] [id=11356]
  0x000001e81bef8ed0 GCTaskThread "GC Thread#4" [stack: 0x00000024f4600000,0x00000024f4700000] [id=7080]
  0x000001e81bef9190 GCTaskThread "GC Thread#5" [stack: 0x00000024f4700000,0x00000024f4800000] [id=7156]
  0x000001e81bef9450 GCTaskThread "GC Thread#6" [stack: 0x00000024f4800000,0x00000024f4900000] [id=13860]
  0x000001e81c994680 GCTaskThread "GC Thread#7" [stack: 0x00000024f4c00000,0x00000024f4d00000] [id=12580]
  0x000001e81cf87c10 GCTaskThread "GC Thread#8" [stack: 0x00000024f4e00000,0x00000024f4f00000] [id=23760]
  0x000001e81cc447f0 GCTaskThread "GC Thread#9" [stack: 0x00000024f4f00000,0x00000024f5000000] [id=22172]

Threads with active compile tasks:
C2 CompilerThread0     8427 7568   !   4       org.eclipse.jdt.internal.core.search.indexing.BinaryIndexer::indexDocument (1142 bytes)
C2 CompilerThread1     8427 7649 %     4       org.lombokweb.asm.SymbolTable::<init> @ 98 (536 bytes)
C2 CompilerThread2     8427 7679   !   4       org.eclipse.jdt.internal.compiler.classfmt.ClassFileReader::<init> (2113 bytes)

VM state: not at safepoint (normal execution)

VM Mutex/Monitor currently owned by a thread: None

Heap address: 0x00000000c0000000, size: 1024 MB, Compressed Oops mode: 32-bit

CDS archive(s) not mapped
Compressed class space mapped at: 0x0000000100000000-0x0000000140000000, reserved size: 1073741824
Narrow klass base: 0x0000000000000000, Narrow klass shift: 3, Narrow klass range: 0x140000000

GC Precious Log:
 CPUs: 12 total, 12 available
 Memory: 16274M
 Large Page Support: Disabled
 NUMA Support: Disabled
 Compressed Oops: Enabled (32-bit)
 Alignments: Space 512K, Generation 512K, Heap 2M
 Heap Min Capacity: 100M
 Heap Initial Capacity: 100M
 Heap Max Capacity: 1G
 Pre-touch: Disabled
 Parallel Workers: 10

Heap:
 PSYoungGen      total 13824K, used 3189K [0x00000000eab00000, 0x00000000ebb00000, 0x0000000100000000)
  eden space 11264K, 5% used [0x00000000eab00000,0x00000000eaba46d0,0x00000000eb600000)
  from space 2560K, 98% used [0x00000000eb880000,0x00000000ebaf9020,0x00000000ebb00000)
  to   space 2048K, 0% used [0x00000000eb600000,0x00000000eb600000,0x00000000eb800000)
 ParOldGen       total 111616K, used 91044K [0x00000000c0000000, 0x00000000c6d00000, 0x00000000eab00000)
  object space 111616K, 81% used [0x00000000c0000000,0x00000000c58e92e0,0x00000000c6d00000)
 Metaspace       used 62967K, committed 64000K, reserved 1114112K
  class space    used 6846K, committed 7296K, reserved 1048576K

Card table byte_map: [0x000001e87fd60000,0x000001e87ff70000] _byte_map_base: 0x000001e87f760000

Marking Bits: (ParMarkBitMap*) 0x00007ffdca6fd7d0
 Begin Bits: [0x000001e813150000, 0x000001e814150000)
 End Bits:   [0x000001e814150000, 0x000001e815150000)

Polling page: 0x000001e87f540000

Metaspace:

Usage:
  Non-class:     54.81 MB used.
      Class:      6.69 MB used.
       Both:     61.49 MB used.

Virtual space:
  Non-class space:       64.00 MB reserved,      55.38 MB ( 87%) committed,  1 nodes.
      Class space:        1.00 GB reserved,       7.12 MB ( <1%) committed,  1 nodes.
             Both:        1.06 GB reserved,      62.50 MB (  6%) committed. 

Chunk freelists:
   Non-Class:  7.81 MB
       Class:  8.81 MB
        Both:  16.62 MB

MaxMetaspaceSize: unlimited
CompressedClassSpaceSize: 1.00 GB
Initial GC threshold: 21.00 MB
Current GC threshold: 103.75 MB
CDS: off
MetaspaceReclaimPolicy: balanced
 - commit_granule_bytes: 65536.
 - commit_granule_words: 8192.
 - virtual_space_node_default_size: 8388608.
 - enlarge_chunks_in_place: 1.
 - new_chunks_are_fully_committed: 0.
 - uncommit_free_chunks: 1.
 - use_allocation_guard: 0.
 - handle_deallocations: 1.


Internal statistics:

num_allocs_failed_limit: 6.
num_arena_births: 514.
num_arena_deaths: 14.
num_vsnodes_births: 2.
num_vsnodes_deaths: 0.
num_space_committed: 1000.
num_space_uncommitted: 0.
num_chunks_returned_to_freelist: 20.
num_chunks_taken_from_freelist: 2743.
num_chunk_merges: 9.
num_chunk_splits: 1770.
num_chunks_enlarged: 1120.
num_inconsistent_stats: 0.

CodeHeap 'non-profiled nmethods': size=120000Kb used=3721Kb max_used=4785Kb free=116278Kb
 bounds [0x000001e80bac0000, 0x000001e80bf70000, 0x000001e812ff0000]
CodeHeap 'profiled nmethods': size=120000Kb used=12783Kb max_used=14487Kb free=107216Kb
 bounds [0x000001e803ff0000, 0x000001e804e20000, 0x000001e80b520000]
CodeHeap 'non-nmethods': size=5760Kb used=1349Kb max_used=1418Kb free=4410Kb
 bounds [0x000001e80b520000, 0x000001e80b790000, 0x000001e80bac0000]
 total_blobs=6935 nmethods=6251 adapters=598
 compilation: enabled
              stopped_count=0, restarted_count=0
 full_count=0

Compilation events (20 events):
Event: 8.362 Thread 0x000001e81a81b560 7695   !   2       lombok.launch.ShadowClassLoader::loadClass (242 bytes)
Event: 8.363 Thread 0x000001e81a81b560 nmethod 7695 0x000001e804024510 code [0x000001e804024840, 0x000001e804025218]
Event: 8.363 Thread 0x000001e81a81b560 7697   !   2       lombok.launch.PackageShader::reverseResourceName (126 bytes)
Event: 8.364 Thread 0x000001e81a81b560 nmethod 7697 0x000001e8041c1c10 code [0x000001e8041c1e60, 0x000001e8041c2618]
Event: 8.364 Thread 0x000001e81a81b560 7698       2       org.eclipse.osgi.internal.loader.classpath.ClasspathManager::findLocalResourceImpl (174 bytes)
Event: 8.364 Thread 0x000001e81a81b560 nmethod 7698 0x000001e804738b90 code [0x000001e804738da0, 0x000001e804739388]
Event: 8.364 Thread 0x000001e81a81b560 7696   !   2       lombok.launch.ShadowClassLoader::getResource_ (229 bytes)
Event: 8.365 Thread 0x000001e81a81b560 nmethod 7696 0x000001e804064e90 code [0x000001e804065160, 0x000001e804065988]
Event: 8.367 Thread 0x000001e81a81b560 7699   !   2       sun.net.www.protocol.jar.JarURLConnection::connect (196 bytes)
Event: 8.368 Thread 0x000001e81a81b560 nmethod 7699 0x000001e804bb1f90 code [0x000001e804bb2200, 0x000001e804bb2828]
Event: 8.403 Thread 0x000001e81a81b560 7702   !   2       org.eclipse.osgi.internal.loader.classpath.ClasspathManager::findLocalResource (183 bytes)
Event: 8.403 Thread 0x000001e81a81b560 nmethod 7702 0x000001e8042a9e10 code [0x000001e8042aa060, 0x000001e8042aa678]
Event: 8.407 Thread 0x000001e81a81b560 7703       2       sun.net.www.protocol.jar.Handler::openConnection (10 bytes)
Event: 8.407 Thread 0x000001e81a81b560 nmethod 7703 0x000001e804170790 code [0x000001e804170920, 0x000001e804170aa8]
Event: 8.407 Thread 0x000001e81a81b560 7704       2       sun.net.www.protocol.jar.JarURLConnection::<init> (44 bytes)
Event: 8.407 Thread 0x000001e81a81b560 nmethod 7704 0x000001e80406ae10 code [0x000001e80406afe0, 0x000001e80406b1f8]
Event: 8.407 Thread 0x000001e81a81b560 7705       2       sun.net.www.protocol.jar.JarURLConnection::getInputStream (97 bytes)
Event: 8.408 Thread 0x000001e81a81b560 nmethod 7705 0x000001e80400c510 code [0x000001e80400c740, 0x000001e80400cc68]
Event: 8.408 Thread 0x000001e81a81b560 7706   !   2       sun.net.www.protocol.jar.JarURLConnection$JarURLInputStream::close (51 bytes)
Event: 8.408 Thread 0x000001e81a81b560 nmethod 7706 0x000001e804056390 code [0x000001e804056560, 0x000001e8040567a8]

GC Heap History (20 events):
Event: 8.058 GC heap before
{Heap before GC invocations=50 (full 3):
 PSYoungGen      total 16384K, used 16194K [0x00000000eab00000, 0x00000000ebd80000, 0x0000000100000000)
  eden space 13824K, 100% used [0x00000000eab00000,0x00000000eb880000,0x00000000eb880000)
  from space 2560K, 92% used [0x00000000eb980000,0x00000000ebbd0ac0,0x00000000ebc00000)
  to   space 1536K, 0% used [0x00000000ebc00000,0x00000000ebc00000,0x00000000ebd80000)
 ParOldGen       total 87552K, used 75148K [0x00000000c0000000, 0x00000000c5580000, 0x00000000eab00000)
  object space 87552K, 85% used [0x00000000c0000000,0x00000000c49631c0,0x00000000c5580000)
 Metaspace       used 61380K, committed 62464K, reserved 1114112K
  class space    used 6659K, committed 7104K, reserved 1048576K
}
Event: 8.059 GC heap after
{Heap after GC invocations=50 (full 3):
 PSYoungGen      total 15360K, used 1521K [0x00000000eab00000, 0x00000000ebf80000, 0x0000000100000000)
  eden space 13824K, 0% used [0x00000000eab00000,0x00000000eab00000,0x00000000eb880000)
  from space 1536K, 99% used [0x00000000ebc00000,0x00000000ebd7c400,0x00000000ebd80000)
  to   space 3584K, 0% used [0x00000000eb880000,0x00000000eb880000,0x00000000ebc00000)
 ParOldGen       total 87552K, used 76894K [0x00000000c0000000, 0x00000000c5580000, 0x00000000eab00000)
  object space 87552K, 87% used [0x00000000c0000000,0x00000000c4b17a48,0x00000000c5580000)
 Metaspace       used 61380K, committed 62464K, reserved 1114112K
  class space    used 6659K, committed 7104K, reserved 1048576K
}
Event: 8.088 GC heap before
{Heap before GC invocations=51 (full 3):
 PSYoungGen      total 15360K, used 15345K [0x00000000eab00000, 0x00000000ebf80000, 0x0000000100000000)
  eden space 13824K, 100% used [0x00000000eab00000,0x00000000eb880000,0x00000000eb880000)
  from space 1536K, 99% used [0x00000000ebc00000,0x00000000ebd7c400,0x00000000ebd80000)
  to   space 3584K, 0% used [0x00000000eb880000,0x00000000eb880000,0x00000000ebc00000)
 ParOldGen       total 87552K, used 76894K [0x00000000c0000000, 0x00000000c5580000, 0x00000000eab00000)
  object space 87552K, 87% used [0x00000000c0000000,0x00000000c4b17a48,0x00000000c5580000)
 Metaspace       used 62022K, committed 63104K, reserved 1114112K
  class space    used 6725K, committed 7168K, reserved 1048576K
}
Event: 8.089 GC heap after
{Heap after GC invocations=51 (full 3):
 PSYoungGen      total 15872K, used 1745K [0x00000000eab00000, 0x00000000ebd80000, 0x0000000100000000)
  eden space 13824K, 0% used [0x00000000eab00000,0x00000000eab00000,0x00000000eb880000)
  from space 2048K, 85% used [0x00000000eb880000,0x00000000eba34648,0x00000000eba80000)
  to   space 2560K, 0% used [0x00000000ebb00000,0x00000000ebb00000,0x00000000ebd80000)
 ParOldGen       total 87552K, used 77952K [0x00000000c0000000, 0x00000000c5580000, 0x00000000eab00000)
  object space 87552K, 89% used [0x00000000c0000000,0x00000000c4c200f0,0x00000000c5580000)
 Metaspace       used 62022K, committed 63104K, reserved 1114112K
  class space    used 6725K, committed 7168K, reserved 1048576K
}
Event: 8.126 GC heap before
{Heap before GC invocations=52 (full 3):
 PSYoungGen      total 15872K, used 15569K [0x00000000eab00000, 0x00000000ebd80000, 0x0000000100000000)
  eden space 13824K, 100% used [0x00000000eab00000,0x00000000eb880000,0x00000000eb880000)
  from space 2048K, 85% used [0x00000000eb880000,0x00000000eba34648,0x00000000eba80000)
  to   space 2560K, 0% used [0x00000000ebb00000,0x00000000ebb00000,0x00000000ebd80000)
 ParOldGen       total 87552K, used 77952K [0x00000000c0000000, 0x00000000c5580000, 0x00000000eab00000)
  object space 87552K, 89% used [0x00000000c0000000,0x00000000c4c200f0,0x00000000c5580000)
 Metaspace       used 62510K, committed 63616K, reserved 1114112K
  class space    used 6774K, committed 7232K, reserved 1048576K
}
Event: 8.128 GC heap after
{Heap after GC invocations=52 (full 3):
 PSYoungGen      total 13824K, used 2532K [0x00000000eab00000, 0x00000000ec280000, 0x0000000100000000)
  eden space 11264K, 0% used [0x00000000eab00000,0x00000000eab00000,0x00000000eb600000)
  from space 2560K, 98% used [0x00000000ebb00000,0x00000000ebd793c0,0x00000000ebd80000)
  to   space 5120K, 0% used [0x00000000eb600000,0x00000000eb600000,0x00000000ebb00000)
 ParOldGen       total 87552K, used 79963K [0x00000000c0000000, 0x00000000c5580000, 0x00000000eab00000)
  object space 87552K, 91% used [0x00000000c0000000,0x00000000c4e16cf0,0x00000000c5580000)
 Metaspace       used 62510K, committed 63616K, reserved 1114112K
  class space    used 6774K, committed 7232K, reserved 1048576K
}
Event: 8.166 GC heap before
{Heap before GC invocations=53 (full 3):
 PSYoungGen      total 13824K, used 13796K [0x00000000eab00000, 0x00000000ec280000, 0x0000000100000000)
  eden space 11264K, 100% used [0x00000000eab00000,0x00000000eb600000,0x00000000eb600000)
  from space 2560K, 98% used [0x00000000ebb00000,0x00000000ebd793c0,0x00000000ebd80000)
  to   space 5120K, 0% used [0x00000000eb600000,0x00000000eb600000,0x00000000ebb00000)
 ParOldGen       total 87552K, used 79963K [0x00000000c0000000, 0x00000000c5580000, 0x00000000eab00000)
  object space 87552K, 91% used [0x00000000c0000000,0x00000000c4e16cf0,0x00000000c5580000)
 Metaspace       used 62592K, committed 63680K, reserved 1114112K
  class space    used 6781K, committed 7232K, reserved 1048576K
}
Event: 8.169 GC heap after
{Heap after GC invocations=53 (full 3):
 PSYoungGen      total 13824K, used 2241K [0x00000000eab00000, 0x00000000ebc00000, 0x0000000100000000)
  eden space 11264K, 0% used [0x00000000eab00000,0x00000000eab00000,0x00000000eb600000)
  from space 2560K, 87% used [0x00000000eb600000,0x00000000eb8304b8,0x00000000eb880000)
  to   space 3072K, 0% used [0x00000000eb900000,0x00000000eb900000,0x00000000ebc00000)
 ParOldGen       total 87552K, used 82481K [0x00000000c0000000, 0x00000000c5580000, 0x00000000eab00000)
  object space 87552K, 94% used [0x00000000c0000000,0x00000000c508c498,0x00000000c5580000)
 Metaspace       used 62592K, committed 63680K, reserved 1114112K
  class space    used 6781K, committed 7232K, reserved 1048576K
}
Event: 8.200 GC heap before
{Heap before GC invocations=54 (full 3):
 PSYoungGen      total 13824K, used 13505K [0x00000000eab00000, 0x00000000ebc00000, 0x0000000100000000)
  eden space 11264K, 100% used [0x00000000eab00000,0x00000000eb600000,0x00000000eb600000)
  from space 2560K, 87% used [0x00000000eb600000,0x00000000eb8304b8,0x00000000eb880000)
  to   space 3072K, 0% used [0x00000000eb900000,0x00000000eb900000,0x00000000ebc00000)
 ParOldGen       total 87552K, used 82481K [0x00000000c0000000, 0x00000000c5580000, 0x00000000eab00000)
  object space 87552K, 94% used [0x00000000c0000000,0x00000000c508c498,0x00000000c5580000)
 Metaspace       used 62627K, committed 63744K, reserved 1114112K
  class space    used 6794K, committed 7296K, reserved 1048576K
}
Event: 8.201 GC heap after
{Heap after GC invocations=54 (full 3):
 PSYoungGen      total 13312K, used 1979K [0x00000000eab00000, 0x00000000ebb00000, 0x0000000100000000)
  eden space 11264K, 0% used [0x00000000eab00000,0x00000000eab00000,0x00000000eb600000)
  from space 2048K, 96% used [0x00000000eb900000,0x00000000ebaeec58,0x00000000ebb00000)
  to   space 2560K, 0% used [0x00000000eb600000,0x00000000eb600000,0x00000000eb880000)
 ParOldGen       total 87552K, used 84623K [0x00000000c0000000, 0x00000000c5580000, 0x00000000eab00000)
  object space 87552K, 96% used [0x00000000c0000000,0x00000000c52a3ea0,0x00000000c5580000)
 Metaspace       used 62627K, committed 63744K, reserved 1114112K
  class space    used 6794K, committed 7296K, reserved 1048576K
}
Event: 8.232 GC heap before
{Heap before GC invocations=55 (full 3):
 PSYoungGen      total 13312K, used 13187K [0x00000000eab00000, 0x00000000ebb00000, 0x0000000100000000)
  eden space 11264K, 99% used [0x00000000eab00000,0x00000000eb5f2168,0x00000000eb600000)
  from space 2048K, 96% used [0x00000000eb900000,0x00000000ebaeec58,0x00000000ebb00000)
  to   space 2560K, 0% used [0x00000000eb600000,0x00000000eb600000,0x00000000eb880000)
 ParOldGen       total 87552K, used 84623K [0x00000000c0000000, 0x00000000c5580000, 0x00000000eab00000)
  object space 87552K, 96% used [0x00000000c0000000,0x00000000c52a3ea0,0x00000000c5580000)
 Metaspace       used 62660K, committed 63744K, reserved 1114112K
  class space    used 6810K, committed 7296K, reserved 1048576K
}
Event: 8.234 GC heap after
{Heap after GC invocations=55 (full 3):
 PSYoungGen      total 13312K, used 1918K [0x00000000eab00000, 0x00000000eba00000, 0x0000000100000000)
  eden space 11264K, 0% used [0x00000000eab00000,0x00000000eab00000,0x00000000eb600000)
  from space 2048K, 93% used [0x00000000eb600000,0x00000000eb7dfa60,0x00000000eb800000)
  to   space 2048K, 0% used [0x00000000eb800000,0x00000000eb800000,0x00000000eba00000)
 ParOldGen       total 87552K, used 86529K [0x00000000c0000000, 0x00000000c5580000, 0x00000000eab00000)
  object space 87552K, 98% used [0x00000000c0000000,0x00000000c54807a8,0x00000000c5580000)
 Metaspace       used 62660K, committed 63744K, reserved 1114112K
  class space    used 6810K, committed 7296K, reserved 1048576K
}
Event: 8.234 GC heap before
{Heap before GC invocations=56 (full 4):
 PSYoungGen      total 13312K, used 1918K [0x00000000eab00000, 0x00000000eba00000, 0x0000000100000000)
  eden space 11264K, 0% used [0x00000000eab00000,0x00000000eab00000,0x00000000eb600000)
  from space 2048K, 93% used [0x00000000eb600000,0x00000000eb7dfa60,0x00000000eb800000)
  to   space 2048K, 0% used [0x00000000eb800000,0x00000000eb800000,0x00000000eba00000)
 ParOldGen       total 87552K, used 86529K [0x00000000c0000000, 0x00000000c5580000, 0x00000000eab00000)
  object space 87552K, 98% used [0x00000000c0000000,0x00000000c54807a8,0x00000000c5580000)
 Metaspace       used 62660K, committed 63744K, reserved 1114112K
  class space    used 6810K, committed 7296K, reserved 1048576K
}
Event: 8.276 GC heap after
{Heap after GC invocations=56 (full 4):
 PSYoungGen      total 13312K, used 0K [0x00000000eab00000, 0x00000000eba00000, 0x0000000100000000)
  eden space 11264K, 0% used [0x00000000eab00000,0x00000000eab00000,0x00000000eb600000)
  from space 2048K, 0% used [0x00000000eb800000,0x00000000eb800000,0x00000000eba00000)
  to   space 2048K, 0% used [0x00000000eb600000,0x00000000eb600000,0x00000000eb800000)
 ParOldGen       total 111616K, used 84643K [0x00000000c0000000, 0x00000000c6d00000, 0x00000000eab00000)
  object space 111616K, 75% used [0x00000000c0000000,0x00000000c52a8df8,0x00000000c6d00000)
 Metaspace       used 62660K, committed 63744K, reserved 1114112K
  class space    used 6810K, committed 7296K, reserved 1048576K
}
Event: 8.312 GC heap before
{Heap before GC invocations=57 (full 4):
 PSYoungGen      total 13312K, used 11264K [0x00000000eab00000, 0x00000000eba00000, 0x0000000100000000)
  eden space 11264K, 100% used [0x00000000eab00000,0x00000000eb600000,0x00000000eb600000)
  from space 2048K, 0% used [0x00000000eb800000,0x00000000eb800000,0x00000000eba00000)
  to   space 2048K, 0% used [0x00000000eb600000,0x00000000eb600000,0x00000000eb800000)
 ParOldGen       total 111616K, used 84643K [0x00000000c0000000, 0x00000000c6d00000, 0x00000000eab00000)
  object space 111616K, 75% used [0x00000000c0000000,0x00000000c52a8df8,0x00000000c6d00000)
 Metaspace       used 62704K, committed 63808K, reserved 1114112K
  class space    used 6823K, committed 7296K, reserved 1048576K
}
Event: 8.313 GC heap after
{Heap after GC invocations=57 (full 4):
 PSYoungGen      total 13312K, used 2026K [0x00000000eab00000, 0x00000000ebb00000, 0x0000000100000000)
  eden space 11264K, 0% used [0x00000000eab00000,0x00000000eab00000,0x00000000eb600000)
  from space 2048K, 98% used [0x00000000eb600000,0x00000000eb7faae0,0x00000000eb800000)
  to   space 2560K, 0% used [0x00000000eb880000,0x00000000eb880000,0x00000000ebb00000)
 ParOldGen       total 111616K, used 84651K [0x00000000c0000000, 0x00000000c6d00000, 0x00000000eab00000)
  object space 111616K, 75% used [0x00000000c0000000,0x00000000c52aadf8,0x00000000c6d00000)
 Metaspace       used 62704K, committed 63808K, reserved 1114112K
  class space    used 6823K, committed 7296K, reserved 1048576K
}
Event: 8.342 GC heap before
{Heap before GC invocations=58 (full 4):
 PSYoungGen      total 13312K, used 13290K [0x00000000eab00000, 0x00000000ebb00000, 0x0000000100000000)
  eden space 11264K, 100% used [0x00000000eab00000,0x00000000eb600000,0x00000000eb600000)
  from space 2048K, 98% used [0x00000000eb600000,0x00000000eb7faae0,0x00000000eb800000)
  to   space 2560K, 0% used [0x00000000eb880000,0x00000000eb880000,0x00000000ebb00000)
 ParOldGen       total 111616K, used 84651K [0x00000000c0000000, 0x00000000c6d00000, 0x00000000eab00000)
  object space 111616K, 75% used [0x00000000c0000000,0x00000000c52aadf8,0x00000000c6d00000)
 Metaspace       used 62781K, committed 63872K, reserved 1114112K
  class space    used 6833K, committed 7296K, reserved 1048576K
}
Event: 8.343 GC heap after
{Heap after GC invocations=58 (full 4):
 PSYoungGen      total 13824K, used 2539K [0x00000000eab00000, 0x00000000ebb00000, 0x0000000100000000)
  eden space 11264K, 0% used [0x00000000eab00000,0x00000000eab00000,0x00000000eb600000)
  from space 2560K, 99% used [0x00000000eb880000,0x00000000ebafafd8,0x00000000ebb00000)
  to   space 2048K, 0% used [0x00000000eb600000,0x00000000eb600000,0x00000000eb800000)
 ParOldGen       total 111616K, used 86313K [0x00000000c0000000, 0x00000000c6d00000, 0x00000000eab00000)
  object space 111616K, 77% used [0x00000000c0000000,0x00000000c544a6f0,0x00000000c6d00000)
 Metaspace       used 62781K, committed 63872K, reserved 1114112K
  class space    used 6833K, committed 7296K, reserved 1048576K
}
Event: 8.378 GC heap before
{Heap before GC invocations=59 (full 4):
 PSYoungGen      total 13824K, used 13803K [0x00000000eab00000, 0x00000000ebb00000, 0x0000000100000000)
  eden space 11264K, 100% used [0x00000000eab00000,0x00000000eb600000,0x00000000eb600000)
  from space 2560K, 99% used [0x00000000eb880000,0x00000000ebafafd8,0x00000000ebb00000)
  to   space 2048K, 0% used [0x00000000eb600000,0x00000000eb600000,0x00000000eb800000)
 ParOldGen       total 111616K, used 86313K [0x00000000c0000000, 0x00000000c6d00000, 0x00000000eab00000)
  object space 111616K, 77% used [0x00000000c0000000,0x00000000c544a6f0,0x00000000c6d00000)
 Metaspace       used 62895K, committed 63936K, reserved 1114112K
  class space    used 6840K, committed 7296K, reserved 1048576K
}
Event: 8.380 GC heap after
{Heap after GC invocations=59 (full 4):
 PSYoungGen      total 13312K, used 2041K [0x00000000eab00000, 0x00000000ebb00000, 0x0000000100000000)
  eden space 11264K, 0% used [0x00000000eab00000,0x00000000eab00000,0x00000000eb600000)
  from space 2048K, 99% used [0x00000000eb600000,0x00000000eb7fe4b8,0x00000000eb800000)
  to   space 2560K, 0% used [0x00000000eb880000,0x00000000eb880000,0x00000000ebb00000)
 ParOldGen       total 111616K, used 89006K [0x00000000c0000000, 0x00000000c6d00000, 0x00000000eab00000)
  object space 111616K, 79% used [0x00000000c0000000,0x00000000c56eb940,0x00000000c6d00000)
 Metaspace       used 62895K, committed 63936K, reserved 1114112K
  class space    used 6840K, committed 7296K, reserved 1048576K
}

Dll operation events (12 events):
Event: 0.007 Loaded shared library c:\Users\santi\.vscode\extensions\redhat.java-1.28.1-win32-x64\jre\17.0.10-win32-x86_64\bin\java.dll
Event: 0.154 Loaded shared library c:\Users\santi\.vscode\extensions\redhat.java-1.28.1-win32-x64\jre\17.0.10-win32-x86_64\bin\zip.dll
Event: 0.156 Loaded shared library C:\Users\santi\.vscode\extensions\redhat.java-1.28.1-win32-x64\jre\17.0.10-win32-x86_64\bin\instrument.dll
Event: 0.166 Loaded shared library C:\Users\santi\.vscode\extensions\redhat.java-1.28.1-win32-x64\jre\17.0.10-win32-x86_64\bin\net.dll
Event: 0.167 Loaded shared library C:\Users\santi\.vscode\extensions\redhat.java-1.28.1-win32-x64\jre\17.0.10-win32-x86_64\bin\nio.dll
Event: 0.173 Loaded shared library C:\Users\santi\.vscode\extensions\redhat.java-1.28.1-win32-x64\jre\17.0.10-win32-x86_64\bin\zip.dll
Event: 0.184 Loaded shared library C:\Users\santi\.vscode\extensions\redhat.java-1.28.1-win32-x64\jre\17.0.10-win32-x86_64\bin\jimage.dll
Event: 0.233 Loaded shared library c:\Users\santi\.vscode\extensions\redhat.java-1.28.1-win32-x64\jre\17.0.10-win32-x86_64\bin\verify.dll
Event: 1.011 Loaded shared library C:\Users\santi\AppData\Roaming\Code\User\globalStorage\redhat.java\1.28.1\config_win\org.eclipse.equinox.launcher\org.eclipse.equinox.launcher.win32.win32.x86_64_1.2.900.v20240129-1338\eclipse_11900.dll
Event: 3.131 Loaded shared library C:\Users\santi\AppData\Local\Temp\jna-109204053\jna16239659760324919105.dll
Event: 4.795 Loaded shared library C:\Users\santi\.vscode\extensions\redhat.java-1.28.1-win32-x64\jre\17.0.10-win32-x86_64\bin\sunmscapi.dll
Event: 4.898 Loaded shared library C:\Users\santi\.vscode\extensions\redhat.java-1.28.1-win32-x64\jre\17.0.10-win32-x86_64\bin\extnet.dll

Deoptimization events (20 events):
Event: 8.356 Thread 0x000001e81d0d2070 DEOPT PACKING pc=0x000001e804b3c49a sp=0x00000024f55fef80
Event: 8.356 Thread 0x000001e81d0d2070 DEOPT UNPACKING pc=0x000001e80b576e43 sp=0x00000024f55fe4a0 mode 0
Event: 8.358 Thread 0x000001e81d0d2070 DEOPT PACKING pc=0x000001e804e0bc85 sp=0x00000024f55fe8d0
Event: 8.358 Thread 0x000001e81d0d2070 DEOPT UNPACKING pc=0x000001e80b576e43 sp=0x00000024f55fddf8 mode 0
Event: 8.362 Thread 0x000001e81d0d2070 DEOPT PACKING pc=0x000001e804e0bc85 sp=0x00000024f55fe8d0
Event: 8.362 Thread 0x000001e81d0d2070 DEOPT UNPACKING pc=0x000001e80b576e43 sp=0x00000024f55fddf8 mode 0
Event: 8.370 Thread 0x000001e81d0d2070 DEOPT PACKING pc=0x000001e804e0bc85 sp=0x00000024f55fe8d0
Event: 8.370 Thread 0x000001e81d0d2070 DEOPT UNPACKING pc=0x000001e80b576e43 sp=0x00000024f55fddf8 mode 0
Event: 8.375 Thread 0x000001e81d0d2070 DEOPT PACKING pc=0x000001e804e0bc85 sp=0x00000024f55fe8d0
Event: 8.375 Thread 0x000001e81d0d2070 DEOPT UNPACKING pc=0x000001e80b576e43 sp=0x00000024f55fddf8 mode 0
Event: 8.382 Thread 0x000001e81d0d2070 DEOPT PACKING pc=0x000001e804e0bc85 sp=0x00000024f55fe8d0
Event: 8.382 Thread 0x000001e81d0d2070 DEOPT UNPACKING pc=0x000001e80b576e43 sp=0x00000024f55fddf8 mode 0
Event: 8.387 Thread 0x000001e81d0d2070 DEOPT PACKING pc=0x000001e804e0bc85 sp=0x00000024f55fe8d0
Event: 8.387 Thread 0x000001e81d0d2070 DEOPT UNPACKING pc=0x000001e80b576e43 sp=0x00000024f55fddf8 mode 0
Event: 8.391 Thread 0x000001e81d0d2070 DEOPT PACKING pc=0x000001e804e0bc85 sp=0x00000024f55fe8d0
Event: 8.391 Thread 0x000001e81d0d2070 DEOPT UNPACKING pc=0x000001e80b576e43 sp=0x00000024f55fddf8 mode 0
Event: 8.394 Thread 0x000001e81d0d2070 DEOPT PACKING pc=0x000001e804e0bc85 sp=0x00000024f55fe8d0
Event: 8.394 Thread 0x000001e81d0d2070 DEOPT UNPACKING pc=0x000001e80b576e43 sp=0x00000024f55fddf8 mode 0
Event: 8.402 Thread 0x000001e81d0d2070 DEOPT PACKING pc=0x000001e804e0bc85 sp=0x00000024f55fe8d0
Event: 8.402 Thread 0x000001e81d0d2070 DEOPT UNPACKING pc=0x000001e80b576e43 sp=0x00000024f55fddf8 mode 0

Classes unloaded (7 events):
Event: 2.089 Thread 0x000001e87fb69200 Unloading class 0x000000010024a400 'java/lang/invoke/LambdaForm$MH+0x000000010024a400'
Event: 2.089 Thread 0x000001e87fb69200 Unloading class 0x000000010024a000 'java/lang/invoke/LambdaForm$MH+0x000000010024a000'
Event: 2.089 Thread 0x000001e87fb69200 Unloading class 0x0000000100249c00 'java/lang/invoke/LambdaForm$MH+0x0000000100249c00'
Event: 2.089 Thread 0x000001e87fb69200 Unloading class 0x0000000100249800 'java/lang/invoke/LambdaForm$MH+0x0000000100249800'
Event: 2.089 Thread 0x000001e87fb69200 Unloading class 0x0000000100249400 'java/lang/invoke/LambdaForm$BMH+0x0000000100249400'
Event: 2.089 Thread 0x000001e87fb69200 Unloading class 0x0000000100249000 'java/lang/invoke/LambdaForm$DMH+0x0000000100249000'
Event: 2.089 Thread 0x000001e87fb69200 Unloading class 0x0000000100246400 'java/lang/invoke/LambdaForm$DMH+0x0000000100246400'

Classes redefined (0 events):
No events

Internal exceptions (20 events):
Event: 5.436 Thread 0x000001e81d0d43e0 Exception <a 'sun/nio/fs/WindowsException'{0x00000000eaec1b50}> (0x00000000eaec1b50) 
thrown [s\src\hotspot\share\prims\jni.cpp, line 516]
Event: 5.438 Thread 0x000001e81d0d43e0 Exception <a 'sun/nio/fs/WindowsException'{0x00000000eaec5c68}> (0x00000000eaec5c68) 
thrown [s\src\hotspot\share\prims\jni.cpp, line 516]
Event: 5.438 Thread 0x000001e81d0d43e0 Exception <a 'sun/nio/fs/WindowsException'{0x00000000eaec9258}> (0x00000000eaec9258) 
thrown [s\src\hotspot\share\prims\jni.cpp, line 516]
Event: 5.439 Thread 0x000001e81d0d43e0 Exception <a 'sun/nio/fs/WindowsException'{0x00000000eaeccb08}> (0x00000000eaeccb08) 
thrown [s\src\hotspot\share\prims\jni.cpp, line 516]
Event: 5.515 Thread 0x000001e81d0d43e0 Exception <a 'java/lang/NoSuchMethodError'{0x00000000eaefeac8}: 'void java.lang.invoke.DirectMethodHandle$Holder.invokeStatic(java.lang.Object, long)'> (0x00000000eaefeac8) 
thrown [s\src\hotspot\share\interpreter\linkResolver.cpp, line 759]
Event: 5.516 Thread 0x000001e81d0d43e0 Exception <a 'java/lang/NoSuchMethodError'{0x00000000eaf03e70}: 'java.lang.Object java.lang.invoke.DirectMethodHandle$Holder.newInvokeSpecial(java.lang.Object, long)'> (0x00000000eaf03e70) 
thrown [s\src\hotspot\share\interpreter\linkResolver.cpp, line 759]
Event: 6.584 Thread 0x000001e81fa7ddd0 Exception <a 'java/io/FileNotFoundException'{0x00000000eba2c040}> (0x00000000eba2c040) 
thrown [s\src\hotspot\share\prims\jni.cpp, line 516]
Event: 6.639 Thread 0x000001e81fa7ddd0 Exception <a 'java/io/FileNotFoundException'{0x00000000eb2a8b48}> (0x00000000eb2a8b48) 
thrown [s\src\hotspot\share\prims\jni.cpp, line 516]
Event: 6.644 Thread 0x000001e81fa7ddd0 Exception <a 'java/lang/NoSuchMethodError'{0x00000000eb2bb368}: 'int java.lang.invoke.DirectMethodHandle$Holder.invokeVirtual(java.lang.Object, java.lang.Object, java.lang.Object)'> (0x00000000eb2bb368) 
thrown [s\src\hotspot\share\interpreter\linkResolver.cpp, line 759]
Event: 6.988 Thread 0x000001e81fa7ddd0 Exception <a 'java/io/FileNotFoundException'{0x00000000eb4ddb18}> (0x00000000eb4ddb18) 
thrown [s\src\hotspot\share\prims\jni.cpp, line 516]
Event: 6.989 Thread 0x000001e81fa7ddd0 Exception <a 'java/io/FileNotFoundException'{0x00000000eb4deb60}> (0x00000000eb4deb60) 
thrown [s\src\hotspot\share\prims\jni.cpp, line 516]
Event: 6.989 Thread 0x000001e81fa7ddd0 Exception <a 'java/io/FileNotFoundException'{0x00000000eb4df8f8}> (0x00000000eb4df8f8) 
thrown [s\src\hotspot\share\prims\jni.cpp, line 516]
Event: 7.120 Thread 0x000001e81d0d2070 Implicit null exception at 0x000001e80be8beac to 0x000001e80be8bfac
Event: 7.689 Thread 0x000001e81d0d43e0 Exception <a 'sun/nio/fs/WindowsException'{0x00000000eae8b098}> (0x00000000eae8b098) 
thrown [s\src\hotspot\share\prims\jni.cpp, line 516]
Event: 7.690 Thread 0x000001e81fa7ba60 Exception <a 'java/lang/NoSuchMethodError'{0x00000000eaeff028}: 'int java.lang.invoke.DirectMethodHandle$Holder.invokeVirtual(java.lang.Object, java.lang.Object)'> (0x00000000eaeff028) 
thrown [s\src\hotspot\share\interpreter\linkResolver.cpp, line 759]
Event: 7.692 Thread 0x000001e81d0d43e0 Exception <a 'sun/nio/fs/WindowsException'{0x00000000eaea3d68}> (0x00000000eaea3d68) 
thrown [s\src\hotspot\share\prims\jni.cpp, line 516]
Event: 7.717 Thread 0x000001e81fa7e7f0 Exception <a 'java/lang/NoSuchMethodError'{0x00000000eae603e8}: 'java.lang.Object java.lang.invoke.DirectMethodHandle$Holder.invokeInterface(java.lang.Object, java.lang.Object, java.lang.Object)'> (0x00000000eae603e8) 
thrown [s\src\hotspot\share\interpreter\linkResolver.cpp, line 759]
Event: 7.792 Thread 0x000001e81d0d5820 Exception <a 'java/io/FileNotFoundException'{0x00000000eb1326f8}> (0x00000000eb1326f8) 
thrown [s\src\hotspot\share\prims\jni.cpp, line 516]
Event: 7.792 Thread 0x000001e81d0d5820 Exception <a 'java/io/FileNotFoundException'{0x00000000eb1334b8}> (0x00000000eb1334b8) 
thrown [s\src\hotspot\share\prims\jni.cpp, line 516]
Event: 7.921 Thread 0x000001e81d0d2070 Implicit null exception at 0x000001e80bf32e95 to 0x000001e80bf38410

VM Operations (20 events):
Event: 8.088 Executing VM operation: ParallelGCFailedAllocation
Event: 8.089 Executing VM operation: ParallelGCFailedAllocation done
Event: 8.126 Executing VM operation: ParallelGCFailedAllocation
Event: 8.128 Executing VM operation: ParallelGCFailedAllocation done
Event: 8.145 Executing VM operation: HandshakeAllThreads
Event: 8.145 Executing VM operation: HandshakeAllThreads done
Event: 8.166 Executing VM operation: ParallelGCFailedAllocation
Event: 8.169 Executing VM operation: ParallelGCFailedAllocation done
Event: 8.200 Executing VM operation: ParallelGCFailedAllocation
Event: 8.201 Executing VM operation: ParallelGCFailedAllocation done
Event: 8.232 Executing VM operation: ParallelGCFailedAllocation
Event: 8.276 Executing VM operation: ParallelGCFailedAllocation done
Event: 8.312 Executing VM operation: ParallelGCFailedAllocation
Event: 8.313 Executing VM operation: ParallelGCFailedAllocation done
Event: 8.342 Executing VM operation: ParallelGCFailedAllocation
Event: 8.343 Executing VM operation: ParallelGCFailedAllocation done
Event: 8.354 Executing VM operation: HandshakeAllThreads
Event: 8.355 Executing VM operation: HandshakeAllThreads done
Event: 8.378 Executing VM operation: ParallelGCFailedAllocation
Event: 8.380 Executing VM operation: ParallelGCFailedAllocation done

Events (20 events):
Event: 8.367 Thread 0x000001e81a87fb90 flushing nmethod 0x000001e804c65090
Event: 8.367 Thread 0x000001e81a87fb90 flushing nmethod 0x000001e804c68090
Event: 8.367 Thread 0x000001e81a87fb90 flushing nmethod 0x000001e804c6c710
Event: 8.367 Thread 0x000001e81a87fb90 flushing nmethod 0x000001e804c73890
Event: 8.367 Thread 0x000001e81a87fb90 flushing nmethod 0x000001e804c8a790
Event: 8.367 Thread 0x000001e81a87fb90 flushing nmethod 0x000001e804c8f290
Event: 8.367 Thread 0x000001e81a87fb90 flushing nmethod 0x000001e804c93410
Event: 8.367 Thread 0x000001e81a87fb90 flushing nmethod 0x000001e804c94510
Event: 8.367 Thread 0x000001e81a87fb90 flushing nmethod 0x000001e804c9d690
Event: 8.367 Thread 0x000001e81a87fb90 flushing nmethod 0x000001e804ca6f90
Event: 8.367 Thread 0x000001e81a87fb90 flushing nmethod 0x000001e804caca90
Event: 8.367 Thread 0x000001e81a87fb90 flushing nmethod 0x000001e804caf310
Event: 8.367 Thread 0x000001e81a87fb90 flushing nmethod 0x000001e804cb0d10
Event: 8.367 Thread 0x000001e81a87fb90 flushing nmethod 0x000001e804cc4590
Event: 8.367 Thread 0x000001e81a87fb90 flushing nmethod 0x000001e804cc7c10
Event: 8.367 Thread 0x000001e81a87fb90 flushing nmethod 0x000001e804ccb790
Event: 8.367 Thread 0x000001e81a87fb90 flushing nmethod 0x000001e804d0f290
Event: 8.367 Thread 0x000001e81a87fb90 flushing nmethod 0x000001e804d1f890
Event: 8.367 Thread 0x000001e81a87fb90 flushing nmethod 0x000001e804d24610
Event: 8.367 Thread 0x000001e81a87fb90 flushing nmethod 0x000001e804d5bd10


Dynamic libraries:
0x00007ff6f4140000 - 0x00007ff6f414e000 	c:\Users\santi\.vscode\extensions\redhat.java-1.28.1-win32-x64\jre\17.0.10-win32-x86_64\bin\java.exe
0x00007ffe42170000 - 0x00007ffe42368000 	C:\WINDOWS\SYSTEM32\ntdll.dll
0x00007ffe41010000 - 0x00007ffe410cd000 	C:\WINDOWS\System32\KERNEL32.DLL
0x00007ffe3fea0000 - 0x00007ffe40196000 	C:\WINDOWS\System32\KERNELBASE.dll
0x00007ffe3fa10000 - 0x00007ffe3fb10000 	C:\WINDOWS\System32\ucrtbase.dll
0x00007ffe277c0000 - 0x00007ffe277d7000 	c:\Users\santi\.vscode\extensions\redhat.java-1.28.1-win32-x64\jre\17.0.10-win32-x86_64\bin\jli.dll
0x00007ffe277e0000 - 0x00007ffe277fb000 	c:\Users\santi\.vscode\extensions\redhat.java-1.28.1-win32-x64\jre\17.0.10-win32-x86_64\bin\VCRUNTIME140.dll
0x00007ffe41f90000 - 0x00007ffe4212e000 	C:\WINDOWS\System32\USER32.dll
0x00007ffe3fca0000 - 0x00007ffe3fcc2000 	C:\WINDOWS\System32\win32u.dll
0x00007ffe40f70000 - 0x00007ffe40f9b000 	C:\WINDOWS\System32\GDI32.dll
0x00007ffe2fa90000 - 0x00007ffe2fd2a000 	C:\WINDOWS\WinSxS\amd64_microsoft.windows.common-controls_6595b64144ccf1df_6.0.19041.3636_none_60b6a03d71f818d5\COMCTL32.dll
0x00007ffe3f8c0000 - 0x00007ffe3f9d7000 	C:\WINDOWS\System32\gdi32full.dll
0x00007ffe41e10000 - 0x00007ffe41eae000 	C:\WINDOWS\System32\msvcrt.dll
0x00007ffe3f820000 - 0x00007ffe3f8bd000 	C:\WINDOWS\System32\msvcp_win.dll
0x00007ffe415a0000 - 0x00007ffe415d2000 	C:\WINDOWS\System32\IMM32.DLL
0x00007ffe35750000 - 0x00007ffe3575c000 	c:\Users\santi\.vscode\extensions\redhat.java-1.28.1-win32-x64\jre\17.0.10-win32-x86_64\bin\vcruntime140_1.dll
0x00007ffe080f0000 - 0x00007ffe0817d000 	c:\Users\santi\.vscode\extensions\redhat.java-1.28.1-win32-x64\jre\17.0.10-win32-x86_64\bin\msvcp140.dll
0x00007ffdc9b60000 - 0x00007ffdca7c2000 	c:\Users\santi\.vscode\extensions\redhat.java-1.28.1-win32-x64\jre\17.0.10-win32-x86_64\bin\server\jvm.dll
0x00007ffe415f0000 - 0x00007ffe416a0000 	C:\WINDOWS\System32\ADVAPI32.dll
0x00007ffe410f0000 - 0x00007ffe41190000 	C:\WINDOWS\System32\sechost.dll
0x00007ffe40630000 - 0x00007ffe40755000 	C:\WINDOWS\System32\RPCRT4.dll
0x00007ffe3f9e0000 - 0x00007ffe3fa07000 	C:\WINDOWS\System32\bcrypt.dll
0x00007ffe3ef70000 - 0x00007ffe3efbb000 	C:\WINDOWS\SYSTEM32\POWRPROF.dll
0x00007ffe2edd0000 - 0x00007ffe2edd9000 	C:\WINDOWS\SYSTEM32\WSOCK32.dll
0x00007ffe337c0000 - 0x00007ffe337e7000 	C:\WINDOWS\SYSTEM32\WINMM.dll
0x00007ffe40fa0000 - 0x00007ffe4100b000 	C:\WINDOWS\System32\WS2_32.dll
0x00007ffe36990000 - 0x00007ffe3699a000 	C:\WINDOWS\SYSTEM32\VERSION.dll
0x00007ffe3ef50000 - 0x00007ffe3ef62000 	C:\WINDOWS\SYSTEM32\UMPDC.dll
0x00007ffe3d6b0000 - 0x00007ffe3d6c2000 	C:\WINDOWS\SYSTEM32\kernel.appcore.dll
0x00007ffe277b0000 - 0x00007ffe277ba000 	c:\Users\santi\.vscode\extensions\redhat.java-1.28.1-win32-x64\jre\17.0.10-win32-x86_64\bin\jimage.dll
0x00007ffe318c0000 - 0x00007ffe31aa4000 	C:\WINDOWS\SYSTEM32\DBGHELP.DLL
0x00007ffe15160000 - 0x00007ffe15194000 	C:\WINDOWS\SYSTEM32\dbgcore.DLL
0x00007ffe3fb60000 - 0x00007ffe3fbe2000 	C:\WINDOWS\System32\bcryptPrimitives.dll
0x00007ffe27740000 - 0x00007ffe2774e000 	c:\Users\santi\.vscode\extensions\redhat.java-1.28.1-win32-x64\jre\17.0.10-win32-x86_64\bin\instrument.dll
0x00007ffe0ffc0000 - 0x00007ffe0ffe5000 	c:\Users\santi\.vscode\extensions\redhat.java-1.28.1-win32-x64\jre\17.0.10-win32-x86_64\bin\java.dll
0x00007ffe260f0000 - 0x00007ffe26108000 	c:\Users\santi\.vscode\extensions\redhat.java-1.28.1-win32-x64\jre\17.0.10-win32-x86_64\bin\zip.dll
0x00007ffe416a0000 - 0x00007ffe41e0b000 	C:\WINDOWS\System32\SHELL32.dll
0x00007ffe3d8b0000 - 0x00007ffe3e04e000 	C:\WINDOWS\SYSTEM32\windows.storage.dll
0x00007ffe402d0000 - 0x00007ffe40623000 	C:\WINDOWS\System32\combase.dll
0x00007ffe3f170000 - 0x00007ffe3f19e000 	C:\WINDOWS\SYSTEM32\Wldp.dll
0x00007ffe40970000 - 0x00007ffe40a3d000 	C:\WINDOWS\System32\OLEAUT32.dll
0x00007ffe40a40000 - 0x00007ffe40aed000 	C:\WINDOWS\System32\SHCORE.dll
0x00007ffe401a0000 - 0x00007ffe401f5000 	C:\WINDOWS\System32\shlwapi.dll
0x00007ffe3f750000 - 0x00007ffe3f775000 	C:\WINDOWS\SYSTEM32\profapi.dll
0x00007ffe10110000 - 0x00007ffe10129000 	C:\Users\santi\.vscode\extensions\redhat.java-1.28.1-win32-x64\jre\17.0.10-win32-x86_64\bin\net.dll
0x00007ffe39fd0000 - 0x00007ffe3a0da000 	C:\WINDOWS\SYSTEM32\WINHTTP.dll
0x00007ffe3eee0000 - 0x00007ffe3ef4a000 	C:\WINDOWS\system32\mswsock.dll
0x00007ffe0ffa0000 - 0x00007ffe0ffb6000 	C:\Users\santi\.vscode\extensions\redhat.java-1.28.1-win32-x64\jre\17.0.10-win32-x86_64\bin\nio.dll
0x00007ffe10580000 - 0x00007ffe10590000 	c:\Users\santi\.vscode\extensions\redhat.java-1.28.1-win32-x64\jre\17.0.10-win32-x86_64\bin\verify.dll
0x00007ffe02c90000 - 0x00007ffe02cce000 	C:\Users\santi\AppData\Roaming\Code\User\globalStorage\redhat.java\1.28.1\config_win\org.eclipse.equinox.launcher\org.eclipse.equinox.launcher.win32.win32.x86_64_1.2.900.v20240129-1338\eclipse_11900.dll
0x00007ffe407e0000 - 0x00007ffe4090b000 	C:\WINDOWS\System32\ole32.dll
0x00007ffe3f1b0000 - 0x00007ffe3f1c8000 	C:\WINDOWS\SYSTEM32\CRYPTSP.dll
0x00007ffe3e830000 - 0x00007ffe3e864000 	C:\WINDOWS\system32\rsaenh.dll
0x00007ffe3f6d0000 - 0x00007ffe3f6fe000 	C:\WINDOWS\SYSTEM32\USERENV.dll
0x00007ffe3f0e0000 - 0x00007ffe3f0ec000 	C:\WINDOWS\SYSTEM32\CRYPTBASE.dll
0x00007ffe3ebf0000 - 0x00007ffe3ec2b000 	C:\WINDOWS\SYSTEM32\IPHLPAPI.DLL
0x00007ffe40200000 - 0x00007ffe40208000 	C:\WINDOWS\System32\NSI.dll
0x00007ffe39b70000 - 0x00007ffe39b87000 	C:\WINDOWS\SYSTEM32\dhcpcsvc6.DLL
0x00007ffe39b50000 - 0x00007ffe39b6d000 	C:\WINDOWS\SYSTEM32\dhcpcsvc.DLL
0x00007ffe3ec30000 - 0x00007ffe3ecfb000 	C:\WINDOWS\SYSTEM32\DNSAPI.dll
0x00007ffe057f0000 - 0x00007ffe05835000 	C:\Users\santi\AppData\Local\Temp\jna-109204053\jna16239659760324919105.dll
0x00007ffe415e0000 - 0x00007ffe415e8000 	C:\WINDOWS\System32\PSAPI.DLL
0x00007ffe0fbd0000 - 0x00007ffe0fbde000 	C:\Users\santi\.vscode\extensions\redhat.java-1.28.1-win32-x64\jre\17.0.10-win32-x86_64\bin\sunmscapi.dll
0x00007ffe3fd40000 - 0x00007ffe3fe9d000 	C:\WINDOWS\System32\CRYPT32.dll
0x00007ffe3f260000 - 0x00007ffe3f288000 	C:\WINDOWS\SYSTEM32\ncrypt.dll
0x00007ffe3f1f0000 - 0x00007ffe3f22b000 	C:\WINDOWS\SYSTEM32\NTASN1.dll
0x00007ffe385e0000 - 0x00007ffe385ea000 	C:\Windows\System32\rasadhlp.dll
0x00007ffe38d80000 - 0x00007ffe38e00000 	C:\WINDOWS\System32\fwpuclnt.dll
0x00007ffe0a130000 - 0x00007ffe0a139000 	C:\Users\santi\.vscode\extensions\redhat.java-1.28.1-win32-x64\jre\17.0.10-win32-x86_64\bin\extnet.dll

dbghelp: loaded successfully - version: 4.0.5 - missing functions: none
symbol engine: initialized successfully - sym options: 0x614 - pdb path: .;c:\Users\santi\.vscode\extensions\redhat.java-1.28.1-win32-x64\jre\17.0.10-win32-x86_64\bin;C:\WINDOWS\SYSTEM32;C:\WINDOWS\WinSxS\amd64_microsoft.windows.common-controls_6595b64144ccf1df_6.0.19041.3636_none_60b6a03d71f818d5;c:\Users\santi\.vscode\extensions\redhat.java-1.28.1-win32-x64\jre\17.0.10-win32-x86_64\bin\server;C:\Users\santi\AppData\Roaming\Code\User\globalStorage\redhat.java\1.28.1\config_win\org.eclipse.equinox.launcher\org.eclipse.equinox.launcher.win32.win32.x86_64_1.2.900.v20240129-1338;C:\Users\santi\AppData\Local\Temp\jna-109204053

VM Arguments:
jvm_args: --add-modules=ALL-SYSTEM --add-opens=java.base/java.util=ALL-UNNAMED --add-opens=java.base/java.lang=ALL-UNNAMED --add-opens=java.base/sun.nio.fs=ALL-UNNAMED -Declipse.application=org.eclipse.jdt.ls.core.id1 -Dosgi.bundles.defaultStartLevel=4 -Declipse.product=org.eclipse.jdt.ls.core.product -Djava.import.generatesMetadataFilesAtProjectRoot=false -DDetectVMInstallationsJob.disabled=true -Dfile.encoding=utf8 -XX:+UseParallelGC -XX:GCTimeRatio=4 -XX:AdaptiveSizePolicyWeight=90 -Dsun.zip.disableMemoryMapping=true -Xmx1G -Xms100m -Xlog:disable -javaagent:c:\Users\santi\.vscode\extensions\redhat.java-1.28.1-win32-x64\lombok\lombok-1.18.31.jar -XX:+HeapDumpOnOutOfMemoryError -XX:HeapDumpPath=c:\Users\santi\AppData\Roaming\Code\User\workspaceStorage\579b4992d83981974b0bdabad3642d48\redhat.java -Daether.dependencyCollector.impl=bf 
java_command: c:\Users\santi\.vscode\extensions\redhat.java-1.28.1-win32-x64\server\plugins\org.eclipse.equinox.launcher_1.6.700.v20231214-2017.jar -configuration c:\Users\santi\AppData\Roaming\Code\User\globalStorage\redhat.java\1.28.1\config_win -data c:\Users\santi\AppData\Roaming\Code\User\workspaceStorage\579b4992d83981974b0bdabad3642d48\redhat.java\jdt_ws --stdio
java_class_path (initial): c:\Users\santi\.vscode\extensions\redhat.java-1.28.1-win32-x64\server\plugins\org.eclipse.equinox.launcher_1.6.700.v20231214-2017.jar
Launcher Type: SUN_STANDARD

[Global flags]
    uintx AdaptiveSizePolicyWeight                 = 90                                        {product} {command line}
     intx CICompilerCount                          = 4                                         {product} {ergonomic}
    uintx GCTimeRatio                              = 4                                         {product} {command line}
     bool HeapDumpOnOutOfMemoryError               = true                                   {manageable} {command line}
    ccstr HeapDumpPath                             = c:\Users\santi\AppData\Roaming\Code\User\workspaceStorage\579b4992d83981974b0bdabad3642d48\redhat.java         {manageable} {command line}
   size_t InitialHeapSize                          = 104857600                                 {product} {command line}
   size_t MaxHeapSize                              = 1073741824                                {product} {command line}
   size_t MaxNewSize                               = 357564416                                 {product} {ergonomic}
   size_t MinHeapDeltaBytes                        = 524288                                    {product} {ergonomic}
   size_t MinHeapSize                              = 104857600                                 {product} {command line}
   size_t NewSize                                  = 34603008                                  {product} {ergonomic}
    uintx NonNMethodCodeHeapSize                   = 5839372                                {pd product} {ergonomic}
    uintx NonProfiledCodeHeapSize                  = 122909434                              {pd product} {ergonomic}
   size_t OldSize                                  = 70254592                                  {product} {ergonomic}
    uintx ProfiledCodeHeapSize                     = 122909434                              {pd product} {ergonomic}
    uintx ReservedCodeCacheSize                    = 251658240                              {pd product} {ergonomic}
     bool SegmentedCodeCache                       = true                                      {product} {ergonomic}
   size_t SoftMaxHeapSize                          = 1073741824                             {manageable} {ergonomic}
     bool UseCompressedClassPointers               = true                           {product lp64_product} {ergonomic}
     bool UseCompressedOops                        = true                           {product lp64_product} {ergonomic}
     bool UseLargePagesIndividualAllocation        = false                                  {pd product} {ergonomic}
     bool UseParallelGC                            = true                                      {product} {command line}

Logging:
Log output configuration:
 #0: stdout all=off uptime,level,tags
 #1: stderr all=off uptime,level,tags

Environment Variables:
PATH=C:\app\santi\product\21c\dbhomeXE\bin;C:\Program Files\Common Files\Oracle\Java\javapath;C:\Program Files (x86)\Common Files\Oracle\Java\javapath;C:\Program Files\Microsoft\jdk-11.0.16.101-hotspot\bin;C:\Program Files\Eclipse Adoptium\jdk-17.0.8.7-hotspot\bin;C:\ProgramData\Oracle\Java\javapath;C:\WINDOWS\system32;C:\WINDOWS;C:\WINDOWS\System32\Wbem;C:\WINDOWS\System32\WindowsPowerShell\v1.0\;C:\WINDOWS\System32\OpenSSH\;C:\Program Files\NVIDIA Corporation\NVIDIA NvDLISR;C:\Program Files\Git\cmd;C:\Program Files\MATLAB\R2023b\bin;C:\Program Files\dotnet\;C:\Program Files\Azure Data Studio\bin;C:\Program Files\Docker\Docker\resources\bin;C:\Program Files\nodejs\;C:\Program Files (x86)\Microsoft SQL Server\160\DTS\Binn\;C:\Program Files (x86)\NetSarang\Xshell 7\;C:\Program Files (x86)\NetSarang\Xftp 7\;C:\Users\santi\AppData\Local\Programs\Python\Python39\Scripts\;C:\Users\santi\AppData\Local\Programs\Python\Python39\;C:\Users\santi\AppData\Local\Microsoft\WindowsApps;C:\Users\santi\AppData\Local\Programs\Microsoft VS Code\bin;C:\Users\santi\AppData\Local\GitHubDesktop\bin;C:\Program Files\Azure Data Studio\bin;C:\Users\santi\AppData\Roaming\npm
USERNAME=santi
OS=Windows_NT
PROCESSOR_IDENTIFIER=AMD64 Family 25 Model 33 Stepping 0, AuthenticAMD
TMP=C:\Users\santi\AppData\Local\Temp
TEMP=C:\Users\santi\AppData\Local\Temp



Periodic native trim disabled


---------------  S Y S T E M  ---------------

OS:
 Windows 10 , 64 bit Build 19041 (10.0.19041.3636)
OS uptime: 0 days 1:29 hours
Hyper-V role detected

CPU: total 12 (initial active 12) (12 cores per cpu, 2 threads per core) family 25 model 33 stepping 0 microcode 0x0, cx8, cmov, fxsr, ht, mmx, 3dnowpref, sse, sse2, sse3, ssse3, sse4a, sse4.1, sse4.2, popcnt, lzcnt, tsc, tscinvbit, avx, avx2, aes, erms, clmul, bmi1, bmi2, adx, sha, fma, vzeroupper, clflush, clflushopt, hv
Processor Information for all 12 processors :
  Max Mhz: 3701, Current Mhz: 3701, Mhz Limit: 3701

Memory: 4k page, system-wide physical 16274M (4258M free)
TotalPageFile size 18322M (AvailPageFile size 9M)
current process WorkingSet (physical memory assigned to process): 342M, peak: 346M
current process commit charge ("private bytes"): 381M, peak: 392M

vm_info: OpenJDK 64-Bit Server VM (17.0.10+7) for windows-amd64 JRE (17.0.10+7), built on Jan 16 2024 23:25:11 by "admin" with MS VC++ 16.10 / 16.11 (VS2019)

END.
