#
# There is insufficient memory for the Java Runtime Environment to continue.
# Native memory allocation (malloc) failed to allocate 32744 bytes for ChunkPool::allocate
# Possible reasons:
#   The system is out of physical RAM or swap space
#   The process is running with CompressedOops enabled, and the Java Heap may be blocking the growth of the native heap
# Possible solutions:
#   Reduce memory load on the system
#   Increase physical memory or swap space
#   Check if swap backing store is full
#   Decrease Java heap size (-Xmx/-Xms)
#   Decrease number of Java threads
#   Decrease Java thread stack sizes (-Xss)
#   Set larger code cache with -XX:ReservedCodeCacheSize=
#   JVM is running with Unscaled Compressed Oops mode in which the Java heap is
#     placed in the first 4GB address space. The Java Heap base address is the
#     maximum limit for the native heap growth. Please use -XX:HeapBaseMinAddress
#     to set the Java Heap base and to place the Java Heap above 4GB virtual address.
# This output file may be truncated or incomplete.
#
#  Out of Memory Error (arena.cpp:79), pid=2528, tid=18764
#
# JRE version: OpenJDK Runtime Environment Temurin-17.0.10+7 (17.0.10+7) (build 17.0.10+7)
# Java VM: OpenJDK 64-Bit Server VM Temurin-17.0.10+7 (17.0.10+7, mixed mode, tiered, compressed oops, compressed class ptrs, parallel gc, windows-amd64)
# No core dump will be written. Minidumps are not enabled by default on client versions of Windows
#

---------------  S U M M A R Y ------------

Command Line: --add-modules=ALL-SYSTEM --add-opens=java.base/java.util=ALL-UNNAMED --add-opens=java.base/java.lang=ALL-UNNAMED --add-opens=java.base/sun.nio.fs=ALL-UNNAMED -Declipse.application=org.eclipse.jdt.ls.core.id1 -Dosgi.bundles.defaultStartLevel=4 -Declipse.product=org.eclipse.jdt.ls.core.product -Djava.import.generatesMetadataFilesAtProjectRoot=false -DDetectVMInstallationsJob.disabled=true -Dfile.encoding=utf8 -XX:+UseParallelGC -XX:GCTimeRatio=4 -XX:AdaptiveSizePolicyWeight=90 -Dsun.zip.disableMemoryMapping=true -Xmx1G -Xms100m -Xlog:disable -javaagent:c:\Users\santi\.vscode\extensions\redhat.java-1.28.1-win32-x64\lombok\lombok-1.18.31.jar c:\Users\santi\.vscode\extensions\redhat.java-1.28.1-win32-x64\server\plugins\org.eclipse.equinox.launcher_1.6.700.v20231214-2017.jar -configuration c:\Users\santi\AppData\Roaming\Code\User\globalStorage\redhat.java\1.28.1\config_ss_win -data c:\Users\santi\AppData\Roaming\Code\User\workspaceStorage\579b4992d83981974b0bdabad3642d48\redhat.java\ss_ws --stdio

Host: AMD Ryzen 5 5600X 6-Core Processor             , 12 cores, 15G,  Windows 10 , 64 bit Build 19041 (10.0.19041.3636)
Time: Sat Mar  2 12:29:51 2024 Hora est. Pacífico, Sudamérica elapsed time: 3.192222 seconds (0d 0h 0m 3s)

---------------  T H R E A D  ---------------

Current thread (0x000002437f9d0620):  JavaThread "C1 CompilerThread0" daemon [_thread_in_native, id=18764, stack(0x000000aedda00000,0x000000aeddb00000)]


Current CompileTask:
C1:   3192 4117       3       org.eclipse.jdt.internal.compiler.parser.Scanner::internalScanIdentifierOrKeyword (4773 bytes)

Stack: [0x000000aedda00000,0x000000aeddb00000]
Native frames: (J=compiled Java code, j=interpreted, Vv=VM code, C=native code)
V  [jvm.dll+0x67d2c9]
V  [jvm.dll+0x834afa]
V  [jvm.dll+0x8365be]
V  [jvm.dll+0x836c23]
V  [jvm.dll+0x2477ff]
V  [jvm.dll+0xac711]
V  [jvm.dll+0xacb5c]
V  [jvm.dll+0x13e935]
V  [jvm.dll+0x141979]
V  [jvm.dll+0x1401b4]
V  [jvm.dll+0x13a0ff]
V  [jvm.dll+0x149d46]
V  [jvm.dll+0x135890]
V  [jvm.dll+0x135bf0]
V  [jvm.dll+0x135eb6]
V  [jvm.dll+0x13534a]
V  [jvm.dll+0x137001]
V  [jvm.dll+0x2290de]
V  [jvm.dll+0x2272ac]
V  [jvm.dll+0x7e9bb7]
V  [jvm.dll+0x7e3fba]
V  [jvm.dll+0x67c1b5]
C  [ucrtbase.dll+0x21bb2]
C  [KERNEL32.DLL+0x17344]
C  [ntdll.dll+0x526b1]


---------------  P R O C E S S  ---------------

Threads class SMR info:
_java_thread_list=0x00000243086ddcd0, length=29, elements={
0x000002436c84e6b0, 0x000002437f997030, 0x000002437f9997f0, 0x000002437e6ec490,
0x000002437e6ed310, 0x000002437e6ee930, 0x000002437f9c8bc0, 0x000002437f9ced00,
0x000002437f9d0620, 0x000002437f9d16d0, 0x000002437fa409c0, 0x000002437fcd2cb0,
0x00000243079e36a0, 0x0000024307706f60, 0x00000243079bbc50, 0x00000243079d5820,
0x0000024307b87030, 0x0000024307e15a80, 0x0000024307e15570, 0x0000024307e18810,
0x0000024308bccfc0, 0x0000024307e173d0, 0x0000024307e17df0, 0x0000024307e178e0,
0x0000024307e18300, 0x00000243099ab460, 0x0000024307e164a0, 0x0000024307e169b0,
0x0000024307e16ec0
}

Java Threads: ( => current thread )
  0x000002436c84e6b0 JavaThread "main" [_thread_blocked, id=312, stack(0x000000aedd000000,0x000000aedd100000)]
  0x000002437f997030 JavaThread "Reference Handler" daemon [_thread_blocked, id=1184, stack(0x000000aedd300000,0x000000aedd400000)]
  0x000002437f9997f0 JavaThread "Finalizer" daemon [_thread_blocked, id=1684, stack(0x000000aedd400000,0x000000aedd500000)]
  0x000002437e6ec490 JavaThread "Signal Dispatcher" daemon [_thread_blocked, id=5432, stack(0x000000aedd500000,0x000000aedd600000)]
  0x000002437e6ed310 JavaThread "Attach Listener" daemon [_thread_blocked, id=13600, stack(0x000000aedd600000,0x000000aedd700000)]
  0x000002437e6ee930 JavaThread "Service Thread" daemon [_thread_blocked, id=21096, stack(0x000000aedd700000,0x000000aedd800000)]
  0x000002437f9c8bc0 JavaThread "Monitor Deflation Thread" daemon [_thread_blocked, id=7872, stack(0x000000aedd800000,0x000000aedd900000)]
  0x000002437f9ced00 JavaThread "C2 CompilerThread0" daemon [_thread_in_native, id=17520, stack(0x000000aedd900000,0x000000aedda00000)]
=>0x000002437f9d0620 JavaThread "C1 CompilerThread0" daemon [_thread_in_native, id=18764, stack(0x000000aedda00000,0x000000aeddb00000)]
  0x000002437f9d16d0 JavaThread "Sweeper thread" daemon [_thread_blocked, id=22216, stack(0x000000aeddb00000,0x000000aeddc00000)]
  0x000002437fa409c0 JavaThread "Common-Cleaner" daemon [_thread_blocked, id=13004, stack(0x000000aeddc00000,0x000000aeddd00000)]
  0x000002437fcd2cb0 JavaThread "Notification Thread" daemon [_thread_blocked, id=21984, stack(0x000000aedde00000,0x000000aeddf00000)]
  0x00000243079e36a0 JavaThread "Active Thread: Equinox Container: 869379ad-3ccd-4c07-b8bd-805ec029bca9" [_thread_blocked, id=19144, stack(0x000000aede700000,0x000000aede800000)]
  0x0000024307706f60 JavaThread "Framework Event Dispatcher: Equinox Container: 869379ad-3ccd-4c07-b8bd-805ec029bca9" daemon [_thread_blocked, id=10912, stack(0x000000aede800000,0x000000aede900000)]
  0x00000243079bbc50 JavaThread "Start Level: Equinox Container: 869379ad-3ccd-4c07-b8bd-805ec029bca9" daemon [_thread_blocked, id=21072, stack(0x000000aede900000,0x000000aedea00000)]
  0x00000243079d5820 JavaThread "SCR Component Actor" daemon [_thread_blocked, id=8372, stack(0x000000aedea00000,0x000000aedeb00000)]
  0x0000024307b87030 JavaThread "SCR Component Registry" daemon [_thread_blocked, id=2880, stack(0x000000aedec00000,0x000000aeded00000)]
  0x0000024307e15a80 JavaThread "Worker-JM" [_thread_blocked, id=3444, stack(0x000000aeded00000,0x000000aedee00000)]
  0x0000024307e15570 JavaThread "Worker-0" [_thread_blocked, id=17296, stack(0x000000aedf000000,0x000000aedf100000)]
  0x0000024307e18810 JavaThread "Worker-1" [_thread_blocked, id=10808, stack(0x000000aedf100000,0x000000aedf200000)]
  0x0000024308bccfc0 JavaThread "C2 CompilerThread1" daemon [_thread_blocked, id=20728, stack(0x000000aeddd00000,0x000000aedde00000)]
  0x0000024307e173d0 JavaThread "JNA Cleaner" daemon [_thread_blocked, id=2500, stack(0x000000aede000000,0x000000aede100000)]
  0x0000024307e17df0 JavaThread "pool-2-thread-1" [_thread_blocked, id=1420, stack(0x000000aedf400000,0x000000aedf500000)]
  0x0000024307e178e0 JavaThread "WorkspaceEventsHandler" [_thread_blocked, id=3240, stack(0x000000aedf500000,0x000000aedf600000)]
  0x0000024307e18300 JavaThread "pool-1-thread-1" [_thread_in_vm, id=19652, stack(0x000000aedf600000,0x000000aedf700000)]
  0x00000243099ab460 JavaThread "C2 CompilerThread2" daemon [_thread_in_native, id=20984, stack(0x000000aedf700000,0x000000aedf800000)]
  0x0000024307e164a0 JavaThread "Worker-2" [_thread_blocked, id=20724, stack(0x000000aedf800000,0x000000aedf900000)]
  0x0000024307e169b0 JavaThread "ForkJoinPool.commonPool-worker-1" daemon [_thread_blocked, id=6772, stack(0x000000aedf900000,0x000000aedfa00000)]
  0x0000024307e16ec0 JavaThread "ForkJoinPool.commonPool-worker-2" daemon [_thread_in_vm, id=6696, stack(0x000000aedfa00000,0x000000aedfb00000)]

Other Threads:
  0x000002436c90d020 VMThread "VM Thread" [stack: 0x000000aedd200000,0x000000aedd300000] [id=16996]
  0x000002437fca4790 WatcherThread [stack: 0x000000aeddf00000,0x000000aede000000] [id=10724]
  0x000002436c865920 GCTaskThread "GC Thread#0" [stack: 0x000000aedd100000,0x000000aedd200000] [id=19980]
  0x00000243077b9360 GCTaskThread "GC Thread#1" [stack: 0x000000aede100000,0x000000aede200000] [id=17192]
  0x000002430762d670 GCTaskThread "GC Thread#2" [stack: 0x000000aede200000,0x000000aede300000] [id=14160]
  0x000002430762d930 GCTaskThread "GC Thread#3" [stack: 0x000000aede300000,0x000000aede400000] [id=15732]
  0x0000024307603c90 GCTaskThread "GC Thread#4" [stack: 0x000000aede400000,0x000000aede500000] [id=19328]
  0x00000243073baf20 GCTaskThread "GC Thread#5" [stack: 0x000000aede500000,0x000000aede600000] [id=14632]
  0x00000243073bb1e0 GCTaskThread "GC Thread#6" [stack: 0x000000aede600000,0x000000aede700000] [id=11412]
  0x0000024307ddcbe0 GCTaskThread "GC Thread#7" [stack: 0x000000aedeb00000,0x000000aedec00000] [id=21836]
  0x0000024307d75ea0 GCTaskThread "GC Thread#8" [stack: 0x000000aedee00000,0x000000aedef00000] [id=22960]
  0x0000024307d76570 GCTaskThread "GC Thread#9" [stack: 0x000000aedef00000,0x000000aedf000000] [id=4136]

Threads with active compile tasks:
C2 CompilerThread0     3205 3991   !   4       org.eclipse.osgi.internal.loader.classpath.ClasspathManager::findLocalClass (210 bytes)
C1 CompilerThread0     3205 4117       3       org.eclipse.jdt.internal.compiler.parser.Scanner::internalScanIdentifierOrKeyword (4773 bytes)
C2 CompilerThread2     3205 4103       4       org.eclipse.osgi.internal.loader.BundleLoader::searchHooks (192 bytes)

VM state: not at safepoint (normal execution)

VM Mutex/Monitor currently owned by a thread:  ([mutex/lock_event])
[0x000002436c849c40] Metaspace_lock - owner thread: 0x0000024307e18300
[0x000002436c84a980] MethodData_lock - owner thread: 0x0000024307e18300

Heap address: 0x00000000c0000000, size: 1024 MB, Compressed Oops mode: 32-bit

CDS archive(s) not mapped
Compressed class space mapped at: 0x0000000100000000-0x0000000140000000, reserved size: 1073741824
Narrow klass base: 0x0000000000000000, Narrow klass shift: 3, Narrow klass range: 0x140000000

GC Precious Log:
 CPUs: 12 total, 12 available
 Memory: 16274M
 Large Page Support: Disabled
 NUMA Support: Disabled
 Compressed Oops: Enabled (32-bit)
 Alignments: Space 512K, Generation 512K, Heap 2M
 Heap Min Capacity: 100M
 Heap Initial Capacity: 100M
 Heap Max Capacity: 1G
 Pre-touch: Disabled
 Parallel Workers: 10

Heap:
 PSYoungGen      total 22528K, used 3415K [0x00000000eab00000, 0x00000000ec380000, 0x0000000100000000)
  eden space 20992K, 13% used [0x00000000eab00000,0x00000000eadd5c60,0x00000000ebf80000)
  from space 1536K, 33% used [0x00000000ec100000,0x00000000ec180000,0x00000000ec280000)
  to   space 1024K, 0% used [0x00000000ec280000,0x00000000ec280000,0x00000000ec380000)
 ParOldGen       total 68608K, used 27105K [0x00000000c0000000, 0x00000000c4300000, 0x00000000eab00000)
  object space 68608K, 39% used [0x00000000c0000000,0x00000000c1a78620,0x00000000c4300000)
 Metaspace       used 42242K, committed 43008K, reserved 1114112K
  class space    used 4313K, committed 4672K, reserved 1048576K

Card table byte_map: [0x000002436c220000,0x000002436c430000] _byte_map_base: 0x000002436bc20000

Marking Bits: (ParMarkBitMap*) 0x00007ff9e01cd7d0
 Begin Bits: [0x0000024300000000, 0x0000024301000000)
 End Bits:   [0x0000024301000000, 0x0000024302000000)

Polling page: 0x000002436c010000

Metaspace:

Usage:
  Non-class:     37.04 MB used.
      Class:      4.21 MB used.
       Both:     41.25 MB used.

Virtual space:
  Non-class space:       64.00 MB reserved,      37.44 MB ( 58%) committed,  1 nodes.
      Class space:        1.00 GB reserved,       4.56 MB ( <1%) committed,  1 nodes.
             Both:        1.06 GB reserved,      42.00 MB (  4%) committed. 

Chunk freelists:
   Non-Class:  9.61 MB
       Class:  11.41 MB
        Both:  21.02 MB

MaxMetaspaceSize: unlimited
CompressedClassSpaceSize: 1.00 GB
Initial GC threshold: 21.00 MB
Current GC threshold: 58.38 MB
CDS: off
MetaspaceReclaimPolicy: balanced
 - commit_granule_bytes: 65536.
 - commit_granule_words: 8192.
 - virtual_space_node_default_size: 8388608.
 - enlarge_chunks_in_place: 1.
 - new_chunks_are_fully_committed: 0.
 - uncommit_free_chunks: 1.
 - use_allocation_guard: 0.
 - handle_deallocations: 1.


Internal statistics:

num_allocs_failed_limit: 6.
num_arena_births: 382.
num_arena_deaths: 14.
num_vsnodes_births: 2.
num_vsnodes_deaths: 0.
num_space_committed: 672.
num_space_uncommitted: 0.
num_chunks_returned_to_freelist: 20.
num_chunks_taken_from_freelist: 1732.
num_chunk_merges: 11.
num_chunk_splits: 1157.
num_chunks_enlarged: 803.
num_inconsistent_stats: 0.

CodeHeap 'non-profiled nmethods': size=120000Kb used=2214Kb max_used=2214Kb free=117785Kb
 bounds [0x0000024376fc0000, 0x0000024377230000, 0x000002437e4f0000]
CodeHeap 'profiled nmethods': size=120000Kb used=8404Kb max_used=8404Kb free=111595Kb
 bounds [0x000002436f4f0000, 0x000002436fd30000, 0x0000024376a20000]
CodeHeap 'non-nmethods': size=5760Kb used=1297Kb max_used=1318Kb free=4462Kb
 bounds [0x0000024376a20000, 0x0000024376c90000, 0x0000024376fc0000]
 total_blobs=4739 nmethods=4113 adapters=540
 compilation: enabled
              stopped_count=0, restarted_count=0
 full_count=0

Compilation events (20 events):
Event: 3.186 Thread 0x000002437f9d0620 4105       3       org.eclipse.core.internal.resources.Workspace::newResource (168 bytes)
Event: 3.187 Thread 0x000002437f9d0620 nmethod 4105 0x000002436fd1f510 code [0x000002436fd1f880, 0x000002436fd20c68]
Event: 3.187 Thread 0x000002437f9d0620 4107       3       org.eclipse.core.internal.resources.ProjectPreferences::getLoadLevel (59 bytes)
Event: 3.187 Thread 0x000002437f9d0620 nmethod 4107 0x000002436fd21490 code [0x000002436fd21680, 0x000002436fd21d38]
Event: 3.188 Thread 0x000002437f9d0620 4108   !   3       org.eclipse.core.internal.resources.ProjectPreferences::silentLoad (65 bytes)
Event: 3.188 Thread 0x000002437f9d0620 nmethod 4108 0x000002436fd21f90 code [0x000002436fd221c0, 0x000002436fd22b78]
Event: 3.188 Thread 0x000002437f9d0620 4109       3       org.eclipse.core.internal.resources.ProjectPreferences::internalGet (26 bytes)
Event: 3.188 Thread 0x000002437f9d0620 nmethod 4109 0x000002436fd22e10 code [0x000002436fd23020, 0x000002436fd23568]
Event: 3.189 Thread 0x0000024308bccfc0 4111       4       java.util.Hashtable$Enumerator::nextElement (111 bytes)
Event: 3.189 Thread 0x000002437f9d0620 4113       3       org.eclipse.jdt.internal.compiler.impl.CompilerOptions::updateSeverity (158 bytes)
Event: 3.189 Thread 0x000002437f9d0620 nmethod 4113 0x000002436fd23790 code [0x000002436fd23a60, 0x000002436fd24238]
Event: 3.189 Thread 0x000002437f9d0620 4114       3       org.eclipse.jdt.internal.compiler.impl.IrritantSet::set (23 bytes)
Event: 3.189 Thread 0x0000024308bccfc0 nmethod 4111 0x00000243771e9310 code [0x00000243771e9480, 0x00000243771e9578]
Event: 3.189 Thread 0x0000024308bccfc0 4112       4       java.util.Hashtable$Enumerator::hasMoreElements (53 bytes)
Event: 3.189 Thread 0x000002437f9d0620 nmethod 4114 0x000002436fd24590 code [0x000002436fd24720, 0x000002436fd24878]
Event: 3.190 Thread 0x000002437f9d0620 4115       3       org.eclipse.jdt.internal.compiler.impl.IrritantSet::isSet (23 bytes)
Event: 3.190 Thread 0x000002437f9d0620 nmethod 4115 0x000002436fd24990 code [0x000002436fd24b40, 0x000002436fd24cf8]
Event: 3.190 Thread 0x000002437f9d0620 4116       3       org.eclipse.jdt.internal.compiler.parser.Scanner::areRestrictedModuleKeywordsActive (21 bytes)
Event: 3.190 Thread 0x000002437f9d0620 nmethod 4116 0x000002436fd24e10 code [0x000002436fd24fa0, 0x000002436fd25158]
Event: 3.190 Thread 0x000002437f9d0620 4117       3       org.eclipse.jdt.internal.compiler.parser.Scanner::internalScanIdentifierOrKeyword (4773 bytes)

GC Heap History (20 events):
Event: 2.234 GC heap before
{Heap before GC invocations=10 (full 1):
 PSYoungGen      total 28160K, used 8790K [0x00000000eab00000, 0x00000000ecc00000, 0x0000000100000000)
  eden space 23552K, 17% used [0x00000000eab00000,0x00000000eaf1e760,0x00000000ec200000)
  from space 4608K, 99% used [0x00000000ec700000,0x00000000ecb77308,0x00000000ecb80000)
  to   space 5120K, 0% used [0x00000000ec200000,0x00000000ec200000,0x00000000ec700000)
 ParOldGen       total 68608K, used 9688K [0x00000000c0000000, 0x00000000c4300000, 0x00000000eab00000)
  object space 68608K, 14% used [0x00000000c0000000,0x00000000c0976348,0x00000000c4300000)
 Metaspace       used 35147K, committed 35840K, reserved 1114112K
  class space    used 3552K, committed 3840K, reserved 1048576K
}
Event: 2.236 GC heap after
{Heap after GC invocations=10 (full 1):
 PSYoungGen      total 28672K, used 4609K [0x00000000eab00000, 0x00000000ecc00000, 0x0000000100000000)
  eden space 23552K, 0% used [0x00000000eab00000,0x00000000eab00000,0x00000000ec200000)
  from space 5120K, 90% used [0x00000000ec200000,0x00000000ec6806f8,0x00000000ec700000)
  to   space 5120K, 0% used [0x00000000ec700000,0x00000000ec700000,0x00000000ecc00000)
 ParOldGen       total 68608K, used 10257K [0x00000000c0000000, 0x00000000c4300000, 0x00000000eab00000)
  object space 68608K, 14% used [0x00000000c0000000,0x00000000c0a046b0,0x00000000c4300000)
 Metaspace       used 35147K, committed 35840K, reserved 1114112K
  class space    used 3552K, committed 3840K, reserved 1048576K
}
Event: 2.236 GC heap before
{Heap before GC invocations=11 (full 2):
 PSYoungGen      total 28672K, used 4609K [0x00000000eab00000, 0x00000000ecc00000, 0x0000000100000000)
  eden space 23552K, 0% used [0x00000000eab00000,0x00000000eab00000,0x00000000ec200000)
  from space 5120K, 90% used [0x00000000ec200000,0x00000000ec6806f8,0x00000000ec700000)
  to   space 5120K, 0% used [0x00000000ec700000,0x00000000ec700000,0x00000000ecc00000)
 ParOldGen       total 68608K, used 10257K [0x00000000c0000000, 0x00000000c4300000, 0x00000000eab00000)
  object space 68608K, 14% used [0x00000000c0000000,0x00000000c0a046b0,0x00000000c4300000)
 Metaspace       used 35147K, committed 35840K, reserved 1114112K
  class space    used 3552K, committed 3840K, reserved 1048576K
}
Event: 2.248 GC heap after
{Heap after GC invocations=11 (full 2):
 PSYoungGen      total 28672K, used 0K [0x00000000eab00000, 0x00000000ecc00000, 0x0000000100000000)
  eden space 23552K, 0% used [0x00000000eab00000,0x00000000eab00000,0x00000000ec200000)
  from space 5120K, 0% used [0x00000000ec200000,0x00000000ec200000,0x00000000ec700000)
  to   space 5120K, 0% used [0x00000000ec700000,0x00000000ec700000,0x00000000ecc00000)
 ParOldGen       total 68608K, used 12939K [0x00000000c0000000, 0x00000000c4300000, 0x00000000eab00000)
  object space 68608K, 18% used [0x00000000c0000000,0x00000000c0ca2dc8,0x00000000c4300000)
 Metaspace       used 35147K, committed 35840K, reserved 1114112K
  class space    used 3552K, committed 3840K, reserved 1048576K
}
Event: 2.385 GC heap before
{Heap before GC invocations=12 (full 2):
 PSYoungGen      total 28672K, used 23552K [0x00000000eab00000, 0x00000000ecc00000, 0x0000000100000000)
  eden space 23552K, 100% used [0x00000000eab00000,0x00000000ec200000,0x00000000ec200000)
  from space 5120K, 0% used [0x00000000ec200000,0x00000000ec200000,0x00000000ec700000)
  to   space 5120K, 0% used [0x00000000ec700000,0x00000000ec700000,0x00000000ecc00000)
 ParOldGen       total 68608K, used 12939K [0x00000000c0000000, 0x00000000c4300000, 0x00000000eab00000)
  object space 68608K, 18% used [0x00000000c0000000,0x00000000c0ca2dc8,0x00000000c4300000)
 Metaspace       used 36710K, committed 37504K, reserved 1114112K
  class space    used 3733K, committed 4096K, reserved 1048576K
}
Event: 2.387 GC heap after
{Heap after GC invocations=12 (full 2):
 PSYoungGen      total 25600K, used 2272K [0x00000000eab00000, 0x00000000ec980000, 0x0000000100000000)
  eden space 23040K, 0% used [0x00000000eab00000,0x00000000eab00000,0x00000000ec180000)
  from space 2560K, 88% used [0x00000000ec700000,0x00000000ec938040,0x00000000ec980000)
  to   space 3584K, 0% used [0x00000000ec280000,0x00000000ec280000,0x00000000ec600000)
 ParOldGen       total 68608K, used 12947K [0x00000000c0000000, 0x00000000c4300000, 0x00000000eab00000)
  object space 68608K, 18% used [0x00000000c0000000,0x00000000c0ca4dc8,0x00000000c4300000)
 Metaspace       used 36710K, committed 37504K, reserved 1114112K
  class space    used 3733K, committed 4096K, reserved 1048576K
}
Event: 2.439 GC heap before
{Heap before GC invocations=13 (full 2):
 PSYoungGen      total 25600K, used 25312K [0x00000000eab00000, 0x00000000ec980000, 0x0000000100000000)
  eden space 23040K, 100% used [0x00000000eab00000,0x00000000ec180000,0x00000000ec180000)
  from space 2560K, 88% used [0x00000000ec700000,0x00000000ec938040,0x00000000ec980000)
  to   space 3584K, 0% used [0x00000000ec280000,0x00000000ec280000,0x00000000ec600000)
 ParOldGen       total 68608K, used 12947K [0x00000000c0000000, 0x00000000c4300000, 0x00000000eab00000)
  object space 68608K, 18% used [0x00000000c0000000,0x00000000c0ca4dc8,0x00000000c4300000)
 Metaspace       used 36896K, committed 37696K, reserved 1114112K
  class space    used 3752K, committed 4096K, reserved 1048576K
}
Event: 2.442 GC heap after
{Heap after GC invocations=13 (full 2):
 PSYoungGen      total 25088K, used 2336K [0x00000000eab00000, 0x00000000ec780000, 0x0000000100000000)
  eden space 22528K, 0% used [0x00000000eab00000,0x00000000eab00000,0x00000000ec100000)
  from space 2560K, 91% used [0x00000000ec280000,0x00000000ec4c8010,0x00000000ec500000)
  to   space 2560K, 0% used [0x00000000ec500000,0x00000000ec500000,0x00000000ec780000)
 ParOldGen       total 68608K, used 15043K [0x00000000c0000000, 0x00000000c4300000, 0x00000000eab00000)
  object space 68608K, 21% used [0x00000000c0000000,0x00000000c0eb0e08,0x00000000c4300000)
 Metaspace       used 36896K, committed 37696K, reserved 1114112K
  class space    used 3752K, committed 4096K, reserved 1048576K
}
Event: 2.481 GC heap before
{Heap before GC invocations=14 (full 2):
 PSYoungGen      total 25088K, used 24864K [0x00000000eab00000, 0x00000000ec780000, 0x0000000100000000)
  eden space 22528K, 100% used [0x00000000eab00000,0x00000000ec100000,0x00000000ec100000)
  from space 2560K, 91% used [0x00000000ec280000,0x00000000ec4c8010,0x00000000ec500000)
  to   space 2560K, 0% used [0x00000000ec500000,0x00000000ec500000,0x00000000ec780000)
 ParOldGen       total 68608K, used 15043K [0x00000000c0000000, 0x00000000c4300000, 0x00000000eab00000)
  object space 68608K, 21% used [0x00000000c0000000,0x00000000c0eb0e08,0x00000000c4300000)
 Metaspace       used 36971K, committed 37824K, reserved 1114112K
  class space    used 3766K, committed 4160K, reserved 1048576K
}
Event: 2.483 GC heap after
{Heap after GC invocations=14 (full 2):
 PSYoungGen      total 24576K, used 2400K [0x00000000eab00000, 0x00000000ec780000, 0x0000000100000000)
  eden space 22016K, 0% used [0x00000000eab00000,0x00000000eab00000,0x00000000ec080000)
  from space 2560K, 93% used [0x00000000ec500000,0x00000000ec758010,0x00000000ec780000)
  to   space 2560K, 0% used [0x00000000ec280000,0x00000000ec280000,0x00000000ec500000)
 ParOldGen       total 68608K, used 17219K [0x00000000c0000000, 0x00000000c4300000, 0x00000000eab00000)
  object space 68608K, 25% used [0x00000000c0000000,0x00000000c10d0e08,0x00000000c4300000)
 Metaspace       used 36971K, committed 37824K, reserved 1114112K
  class space    used 3766K, committed 4160K, reserved 1048576K
}
Event: 2.505 GC heap before
{Heap before GC invocations=15 (full 2):
 PSYoungGen      total 24576K, used 24416K [0x00000000eab00000, 0x00000000ec780000, 0x0000000100000000)
  eden space 22016K, 100% used [0x00000000eab00000,0x00000000ec080000,0x00000000ec080000)
  from space 2560K, 93% used [0x00000000ec500000,0x00000000ec758010,0x00000000ec780000)
  to   space 2560K, 0% used [0x00000000ec280000,0x00000000ec280000,0x00000000ec500000)
 ParOldGen       total 68608K, used 17219K [0x00000000c0000000, 0x00000000c4300000, 0x00000000eab00000)
  object space 68608K, 25% used [0x00000000c0000000,0x00000000c10d0e08,0x00000000c4300000)
 Metaspace       used 36971K, committed 37824K, reserved 1114112K
  class space    used 3766K, committed 4160K, reserved 1048576K
}
Event: 2.507 GC heap after
{Heap after GC invocations=15 (full 2):
 PSYoungGen      total 24576K, used 2528K [0x00000000eab00000, 0x00000000ec580000, 0x0000000100000000)
  eden space 22016K, 0% used [0x00000000eab00000,0x00000000eab00000,0x00000000ec080000)
  from space 2560K, 98% used [0x00000000ec280000,0x00000000ec4f8000,0x00000000ec500000)
  to   space 512K, 0% used [0x00000000ec500000,0x00000000ec500000,0x00000000ec580000)
 ParOldGen       total 68608K, used 19522K [0x00000000c0000000, 0x00000000c4300000, 0x00000000eab00000)
  object space 68608K, 28% used [0x00000000c0000000,0x00000000c13109c0,0x00000000c4300000)
 Metaspace       used 36971K, committed 37824K, reserved 1114112K
  class space    used 3766K, committed 4160K, reserved 1048576K
}
Event: 2.532 GC heap before
{Heap before GC invocations=16 (full 2):
 PSYoungGen      total 24576K, used 24544K [0x00000000eab00000, 0x00000000ec580000, 0x0000000100000000)
  eden space 22016K, 100% used [0x00000000eab00000,0x00000000ec080000,0x00000000ec080000)
  from space 2560K, 98% used [0x00000000ec280000,0x00000000ec4f8000,0x00000000ec500000)
  to   space 512K, 0% used [0x00000000ec500000,0x00000000ec500000,0x00000000ec580000)
 ParOldGen       total 68608K, used 19522K [0x00000000c0000000, 0x00000000c4300000, 0x00000000eab00000)
  object space 68608K, 28% used [0x00000000c0000000,0x00000000c13109c0,0x00000000c4300000)
 Metaspace       used 36971K, committed 37824K, reserved 1114112K
  class space    used 3766K, committed 4160K, reserved 1048576K
}
Event: 2.534 GC heap after
{Heap after GC invocations=16 (full 2):
 PSYoungGen      total 21504K, used 512K [0x00000000eab00000, 0x00000000ecb80000, 0x0000000100000000)
  eden space 20992K, 0% used [0x00000000eab00000,0x00000000eab00000,0x00000000ebf80000)
  from space 512K, 100% used [0x00000000ec500000,0x00000000ec580000,0x00000000ec580000)
  to   space 5632K, 0% used [0x00000000ebf80000,0x00000000ebf80000,0x00000000ec500000)
 ParOldGen       total 68608K, used 23842K [0x00000000c0000000, 0x00000000c4300000, 0x00000000eab00000)
  object space 68608K, 34% used [0x00000000c0000000,0x00000000c17489d0,0x00000000c4300000)
 Metaspace       used 36971K, committed 37824K, reserved 1114112K
  class space    used 3766K, committed 4160K, reserved 1048576K
}
Event: 2.683 GC heap before
{Heap before GC invocations=17 (full 2):
 PSYoungGen      total 21504K, used 21504K [0x00000000eab00000, 0x00000000ecb80000, 0x0000000100000000)
  eden space 20992K, 100% used [0x00000000eab00000,0x00000000ebf80000,0x00000000ebf80000)
  from space 512K, 100% used [0x00000000ec500000,0x00000000ec580000,0x00000000ec580000)
  to   space 5632K, 0% used [0x00000000ebf80000,0x00000000ebf80000,0x00000000ec500000)
 ParOldGen       total 68608K, used 23842K [0x00000000c0000000, 0x00000000c4300000, 0x00000000eab00000)
  object space 68608K, 34% used [0x00000000c0000000,0x00000000c17489d0,0x00000000c4300000)
 Metaspace       used 38818K, committed 39616K, reserved 1114112K
  class space    used 3978K, committed 4352K, reserved 1048576K
}
Event: 2.685 GC heap after
{Heap after GC invocations=17 (full 2):
 PSYoungGen      total 23552K, used 2148K [0x00000000eab00000, 0x00000000ec680000, 0x0000000100000000)
  eden space 20992K, 0% used [0x00000000eab00000,0x00000000eab00000,0x00000000ebf80000)
  from space 2560K, 83% used [0x00000000ebf80000,0x00000000ec199260,0x00000000ec200000)
  to   space 3584K, 0% used [0x00000000ec300000,0x00000000ec300000,0x00000000ec680000)
 ParOldGen       total 68608K, used 24381K [0x00000000c0000000, 0x00000000c4300000, 0x00000000eab00000)
  object space 68608K, 35% used [0x00000000c0000000,0x00000000c17cf5a8,0x00000000c4300000)
 Metaspace       used 38818K, committed 39616K, reserved 1114112K
  class space    used 3978K, committed 4352K, reserved 1048576K
}
Event: 2.911 GC heap before
{Heap before GC invocations=18 (full 2):
 PSYoungGen      total 23552K, used 23105K [0x00000000eab00000, 0x00000000ec680000, 0x0000000100000000)
  eden space 20992K, 99% used [0x00000000eab00000,0x00000000ebf771a0,0x00000000ebf80000)
  from space 2560K, 83% used [0x00000000ebf80000,0x00000000ec199260,0x00000000ec200000)
  to   space 3584K, 0% used [0x00000000ec300000,0x00000000ec300000,0x00000000ec680000)
 ParOldGen       total 68608K, used 24381K [0x00000000c0000000, 0x00000000c4300000, 0x00000000eab00000)
  object space 68608K, 35% used [0x00000000c0000000,0x00000000c17cf5a8,0x00000000c4300000)
 Metaspace       used 39963K, committed 40768K, reserved 1114112K
  class space    used 4139K, committed 4544K, reserved 1048576K
}
Event: 2.912 GC heap after
{Heap after GC invocations=18 (full 2):
 PSYoungGen      total 22016K, used 848K [0x00000000eab00000, 0x00000000ec400000, 0x0000000100000000)
  eden space 20992K, 0% used [0x00000000eab00000,0x00000000eab00000,0x00000000ebf80000)
  from space 1024K, 82% used [0x00000000ec300000,0x00000000ec3d42e0,0x00000000ec400000)
  to   space 1536K, 0% used [0x00000000ec100000,0x00000000ec100000,0x00000000ec280000)
 ParOldGen       total 68608K, used 26368K [0x00000000c0000000, 0x00000000c4300000, 0x00000000eab00000)
  object space 68608K, 38% used [0x00000000c0000000,0x00000000c19c0118,0x00000000c4300000)
 Metaspace       used 39963K, committed 40768K, reserved 1114112K
  class space    used 4139K, committed 4544K, reserved 1048576K
}
Event: 3.136 GC heap before
{Heap before GC invocations=19 (full 2):
 PSYoungGen      total 22016K, used 21779K [0x00000000eab00000, 0x00000000ec400000, 0x0000000100000000)
  eden space 20992K, 99% used [0x00000000eab00000,0x00000000ebf70bb0,0x00000000ebf80000)
  from space 1024K, 82% used [0x00000000ec300000,0x00000000ec3d42e0,0x00000000ec400000)
  to   space 1536K, 0% used [0x00000000ec100000,0x00000000ec100000,0x00000000ec280000)
 ParOldGen       total 68608K, used 26368K [0x00000000c0000000, 0x00000000c4300000, 0x00000000eab00000)
  object space 68608K, 38% used [0x00000000c0000000,0x00000000c19c0118,0x00000000c4300000)
 Metaspace       used 42039K, committed 42880K, reserved 1114112K
  class space    used 4304K, committed 4672K, reserved 1048576K
}
Event: 3.137 GC heap after
{Heap after GC invocations=19 (full 2):
 PSYoungGen      total 22528K, used 512K [0x00000000eab00000, 0x00000000ec380000, 0x0000000100000000)
  eden space 20992K, 0% used [0x00000000eab00000,0x00000000eab00000,0x00000000ebf80000)
  from space 1536K, 33% used [0x00000000ec100000,0x00000000ec180000,0x00000000ec280000)
  to   space 1024K, 0% used [0x00000000ec280000,0x00000000ec280000,0x00000000ec380000)
 ParOldGen       total 68608K, used 27105K [0x00000000c0000000, 0x00000000c4300000, 0x00000000eab00000)
  object space 68608K, 39% used [0x00000000c0000000,0x00000000c1a78620,0x00000000c4300000)
 Metaspace       used 42039K, committed 42880K, reserved 1114112K
  class space    used 4304K, committed 4672K, reserved 1048576K
}

Dll operation events (10 events):
Event: 0.004 Loaded shared library c:\Users\santi\.vscode\extensions\redhat.java-1.28.1-win32-x64\jre\17.0.10-win32-x86_64\bin\java.dll
Event: 0.069 Loaded shared library c:\Users\santi\.vscode\extensions\redhat.java-1.28.1-win32-x64\jre\17.0.10-win32-x86_64\bin\zip.dll
Event: 0.071 Loaded shared library C:\Users\santi\.vscode\extensions\redhat.java-1.28.1-win32-x64\jre\17.0.10-win32-x86_64\bin\instrument.dll
Event: 0.078 Loaded shared library C:\Users\santi\.vscode\extensions\redhat.java-1.28.1-win32-x64\jre\17.0.10-win32-x86_64\bin\net.dll
Event: 0.079 Loaded shared library C:\Users\santi\.vscode\extensions\redhat.java-1.28.1-win32-x64\jre\17.0.10-win32-x86_64\bin\nio.dll
Event: 0.083 Loaded shared library C:\Users\santi\.vscode\extensions\redhat.java-1.28.1-win32-x64\jre\17.0.10-win32-x86_64\bin\zip.dll
Event: 0.091 Loaded shared library C:\Users\santi\.vscode\extensions\redhat.java-1.28.1-win32-x64\jre\17.0.10-win32-x86_64\bin\jimage.dll
Event: 0.125 Loaded shared library c:\Users\santi\.vscode\extensions\redhat.java-1.28.1-win32-x64\jre\17.0.10-win32-x86_64\bin\verify.dll
Event: 0.578 Loaded shared library C:\Users\santi\AppData\Roaming\Code\User\globalStorage\redhat.java\1.28.1\config_ss_win\org.eclipse.equinox.launcher\org.eclipse.equinox.launcher.win32.win32.x86_64_1.2.900.v20240129-1338\eclipse_11900.dll
Event: 2.025 Loaded shared library C:\Users\santi\AppData\Local\Temp\jna-109204053\jna8911760958479561199.dll

Deoptimization events (20 events):
Event: 2.585 Thread 0x0000024307e16ec0 DEOPT PACKING pc=0x00000243770f6f08 sp=0x000000aedfafdcf0
Event: 2.585 Thread 0x0000024307e16ec0 DEOPT UNPACKING pc=0x0000024376a766a3 sp=0x000000aedfafdc60 mode 2
Event: 2.783 Thread 0x0000024307e16ec0 DEOPT PACKING pc=0x000002436f563909 sp=0x000000aedfafc0b0
Event: 2.783 Thread 0x0000024307e16ec0 DEOPT UNPACKING pc=0x0000024376a76e43 sp=0x000000aedfafb5a8 mode 0
Event: 2.785 Thread 0x0000024307e16ec0 DEOPT PACKING pc=0x000002436fbfe4dc sp=0x000000aedfaf9210
Event: 2.785 Thread 0x0000024307e16ec0 DEOPT UNPACKING pc=0x0000024376a76e43 sp=0x000000aedfaf8708 mode 0
Event: 2.818 Thread 0x0000024307e16ec0 DEOPT PACKING pc=0x000002436fc79945 sp=0x000000aedfaf97e0
Event: 2.818 Thread 0x0000024307e16ec0 DEOPT UNPACKING pc=0x0000024376a76e43 sp=0x000000aedfaf8c90 mode 0
Event: 2.829 Thread 0x0000024307e16ec0 DEOPT PACKING pc=0x000002436fc79945 sp=0x000000aedfaf97e0
Event: 2.829 Thread 0x0000024307e16ec0 DEOPT UNPACKING pc=0x0000024376a76e43 sp=0x000000aedfaf8c90 mode 0
Event: 2.984 Thread 0x0000024307e16ec0 Uncommon trap: trap_request=0xffffff45 fr.pc=0x00000243771d53f8 relative=0x0000000000000c78
Event: 2.984 Thread 0x0000024307e16ec0 Uncommon trap: reason=unstable_if action=reinterpret pc=0x00000243771d53f8 method=java.util.TreeMap.put(Ljava/lang/Object;Ljava/lang/Object;Z)Ljava/lang/Object; @ 27 c2
Event: 2.984 Thread 0x0000024307e16ec0 DEOPT PACKING pc=0x00000243771d53f8 sp=0x000000aedfafda90
Event: 2.984 Thread 0x0000024307e16ec0 DEOPT UNPACKING pc=0x0000024376a766a3 sp=0x000000aedfafd9d8 mode 2
Event: 2.984 Thread 0x0000024307e16ec0 Uncommon trap: trap_request=0xffffff45 fr.pc=0x00000243771d32cc relative=0x0000000000000ccc
Event: 2.984 Thread 0x0000024307e16ec0 Uncommon trap: reason=unstable_if action=reinterpret pc=0x00000243771d32cc method=java.util.TreeMap.put(Ljava/lang/Object;Ljava/lang/Object;Z)Ljava/lang/Object; @ 27 c2
Event: 2.984 Thread 0x0000024307e16ec0 DEOPT PACKING pc=0x00000243771d32cc sp=0x000000aedfafda20
Event: 2.984 Thread 0x0000024307e16ec0 DEOPT UNPACKING pc=0x0000024376a766a3 sp=0x000000aedfafd9e0 mode 2
Event: 3.008 Thread 0x0000024307e18300 DEOPT PACKING pc=0x000002436f6d2793 sp=0x000000aedf6fb8a0
Event: 3.008 Thread 0x0000024307e18300 DEOPT UNPACKING pc=0x0000024376a76e43 sp=0x000000aedf6fadd8 mode 0

Classes unloaded (7 events):
Event: 0.965 Thread 0x000002436c90d020 Unloading class 0x000000010021c000 'java/lang/invoke/LambdaForm$MH+0x000000010021c000'
Event: 0.965 Thread 0x000002436c90d020 Unloading class 0x000000010021bc00 'java/lang/invoke/LambdaForm$MH+0x000000010021bc00'
Event: 0.965 Thread 0x000002436c90d020 Unloading class 0x000000010021b800 'java/lang/invoke/LambdaForm$MH+0x000000010021b800'
Event: 0.965 Thread 0x000002436c90d020 Unloading class 0x000000010021b400 'java/lang/invoke/LambdaForm$MH+0x000000010021b400'
Event: 0.965 Thread 0x000002436c90d020 Unloading class 0x000000010021b000 'java/lang/invoke/LambdaForm$BMH+0x000000010021b000'
Event: 0.965 Thread 0x000002436c90d020 Unloading class 0x000000010021ac00 'java/lang/invoke/LambdaForm$DMH+0x000000010021ac00'
Event: 0.965 Thread 0x000002436c90d020 Unloading class 0x0000000100218000 'java/lang/invoke/LambdaForm$DMH+0x0000000100218000'

Classes redefined (0 events):
No events

Internal exceptions (20 events):
Event: 2.098 Thread 0x000002436c84e6b0 Exception <a 'java/lang/NoSuchMethodError'{0x00000000eb5e03d0}: 'void java.lang.invoke.DirectMethodHandle$Holder.invokeStatic(java.lang.Object, java.lang.Object, java.lang.Object, java.lang.Object)'> (0x00000000eb5e03d0) 
thrown [s\src\hotspot\share\interpreter\linkResolver.cpp, line 759]
Event: 2.151 Thread 0x000002436c84e6b0 Exception <a 'java/lang/NoSuchMethodError'{0x00000000ebe354f8}: 'void java.lang.invoke.DirectMethodHandle$Holder.invokeSpecial(java.lang.Object, java.lang.Object, java.lang.Object, java.lang.Object, java.lang.Object, java.lang.Object)'> (0x00000000ebe354f8) 
thrown [s\src\hotspot\share\interpreter\linkResolver.cpp, line 759]
Event: 2.151 Thread 0x000002436c84e6b0 Exception <a 'java/lang/IncompatibleClassChangeError'{0x00000000ebe3ef90}: Found class java.lang.Object, but interface was expected> (0x00000000ebe3ef90) 
thrown [s\src\hotspot\share\interpreter\linkResolver.cpp, line 826]
Event: 2.215 Thread 0x0000024307e18300 Exception <a 'java/io/FileNotFoundException'{0x00000000eacff320}> (0x00000000eacff320) 
thrown [s\src\hotspot\share\prims\jni.cpp, line 516]
Event: 2.230 Thread 0x0000024307e18300 Exception <a 'sun/nio/fs/WindowsException'{0x00000000eaebce00}> (0x00000000eaebce00) 
thrown [s\src\hotspot\share\prims\jni.cpp, line 516]
Event: 2.233 Thread 0x0000024307e18810 Exception <a 'java/io/FileNotFoundException'{0x00000000eaef8c38}> (0x00000000eaef8c38) 
thrown [s\src\hotspot\share\prims\jni.cpp, line 516]
Event: 2.234 Thread 0x0000024307e18810 Exception <a 'java/io/FileNotFoundException'{0x00000000eaef9c70}> (0x00000000eaef9c70) 
thrown [s\src\hotspot\share\prims\jni.cpp, line 516]
Event: 2.234 Thread 0x0000024307e18810 Exception <a 'java/io/FileNotFoundException'{0x00000000eaefaa18}> (0x00000000eaefaa18) 
thrown [s\src\hotspot\share\prims\jni.cpp, line 516]
Event: 2.275 Thread 0x0000024307e18300 Exception <a 'java/lang/NoSuchMethodError'{0x00000000eaf062d0}: 'int java.lang.invoke.DirectMethodHandle$Holder.invokeVirtual(java.lang.Object, java.lang.Object)'> (0x00000000eaf062d0) 
thrown [s\src\hotspot\share\interpreter\linkResolver.cpp, line 759]
Event: 2.277 Thread 0x0000024307e15570 Exception <a 'java/lang/NoSuchMethodError'{0x00000000eaf57240}: 'java.lang.Object java.lang.invoke.Invokers$Holder.invoke_MT(java.lang.Object, java.lang.Object, java.lang.Object)'> (0x00000000eaf57240) 
thrown [s\src\hotspot\share\interpreter\linkResolver.cpp, line 759]
Event: 2.399 Thread 0x0000024307e15570 Exception <a 'java/io/FileNotFoundException'{0x00000000eae67bc8}> (0x00000000eae67bc8) 
thrown [s\src\hotspot\share\prims\jni.cpp, line 516]
Event: 2.399 Thread 0x0000024307e15570 Exception <a 'java/io/FileNotFoundException'{0x00000000eae69138}> (0x00000000eae69138) 
thrown [s\src\hotspot\share\prims\jni.cpp, line 516]
Event: 2.400 Thread 0x0000024307e15570 Exception <a 'java/lang/NoSuchMethodError'{0x00000000eae7a770}: 'void java.lang.invoke.DirectMethodHandle$Holder.invokeStaticInit(java.lang.Object, java.lang.Object, java.lang.Object)'> (0x00000000eae7a770) 
thrown [s\src\hotspot\share\interpreter\linkResolver.cpp, line 759]
Event: 2.584 Thread 0x0000024307e169b0 Exception <a 'java/lang/NoSuchMethodError'{0x00000000eb329350}: 'java.lang.Object java.lang.invoke.DirectMethodHandle$Holder.invokeInterface(java.lang.Object, java.lang.Object, java.lang.Object)'> (0x00000000eb329350) 
thrown [s\src\hotspot\share\interpreter\linkResolver.cpp, line 759]
Event: 2.584 Thread 0x0000024307e16ec0 Exception <a 'java/lang/NoSuchMethodError'{0x00000000eb2a1328}: 'java.lang.Object java.lang.invoke.DirectMethodHandle$Holder.invokeInterface(java.lang.Object, java.lang.Object, java.lang.Object)'> (0x00000000eb2a1328) 
thrown [s\src\hotspot\share\interpreter\linkResolver.cpp, line 759]
Event: 2.584 Thread 0x0000024307e18300 Exception <a 'java/lang/NoSuchMethodError'{0x00000000eb33fea0}: 'java.lang.Object java.lang.invoke.DirectMethodHandle$Holder.invokeInterface(java.lang.Object, java.lang.Object, java.lang.Object)'> (0x00000000eb33fea0) 
thrown [s\src\hotspot\share\interpreter\linkResolver.cpp, line 759]
Event: 2.749 Thread 0x0000024307e169b0 Exception <a 'java/lang/LinkageError'{0x00000000eaf97e30}: loader lombok.launch.ShadowClassLoader @1f2799c attempted duplicate class definition for lombok.launch.PatchFixesHider$Transform. (lombok.launch.PatchFixesHider$Transform is in unnamed module of loader lombok.launch.ShadowClassLoader @1f2799c, parent loader org.eclipse.osgi.internal.loader.EquinoxClassLoader @557d41b)> (0x00000000eaf97e30) 
thrown [s\src\hotspot\share\classfile\systemDictionary.cpp, line 1724]
Event: 2.750 Thread 0x0000024307e18300 Exception <a 'java/lang/LinkageError'{0x00000000eb0c14d8}: loader lombok.launch.ShadowClassLoader @1f2799c attempted duplicate class definition for lombok.launch.PatchFixesHider$Transform. (lombok.launch.PatchFixesHider$Transform is in unnamed module of loader lombok.launch.ShadowClassLoader @1f2799c, parent loader org.eclipse.osgi.internal.loader.EquinoxClassLoader @557d41b)> (0x00000000eb0c14d8) 
thrown [s\src\hotspot\share\classfile\systemDictionary.cpp, line 1724]
Event: 2.984 Thread 0x0000024307e16ec0 Implicit null exception at 0x00000243771d47cb to 0x00000243771d53e0
Event: 2.984 Thread 0x0000024307e16ec0 Implicit null exception at 0x00000243771d2650 to 0x00000243771d32b0

VM Operations (20 events):
Event: 2.439 Executing VM operation: ParallelGCFailedAllocation
Event: 2.442 Executing VM operation: ParallelGCFailedAllocation done
Event: 2.481 Executing VM operation: ParallelGCFailedAllocation
Event: 2.483 Executing VM operation: ParallelGCFailedAllocation done
Event: 2.505 Executing VM operation: ParallelGCFailedAllocation
Event: 2.507 Executing VM operation: ParallelGCFailedAllocation done
Event: 2.532 Executing VM operation: ParallelGCFailedAllocation
Event: 2.534 Executing VM operation: ParallelGCFailedAllocation done
Event: 2.609 Executing VM operation: HandshakeAllThreads
Event: 2.609 Executing VM operation: HandshakeAllThreads done
Event: 2.683 Executing VM operation: ParallelGCFailedAllocation
Event: 2.685 Executing VM operation: ParallelGCFailedAllocation done
Event: 2.726 Executing VM operation: HandshakeAllThreads
Event: 2.726 Executing VM operation: HandshakeAllThreads done
Event: 2.911 Executing VM operation: ParallelGCFailedAllocation
Event: 2.912 Executing VM operation: ParallelGCFailedAllocation done
Event: 3.067 Executing VM operation: HandshakeAllThreads
Event: 3.067 Executing VM operation: HandshakeAllThreads done
Event: 3.136 Executing VM operation: ParallelGCFailedAllocation
Event: 3.137 Executing VM operation: ParallelGCFailedAllocation done

Events (20 events):
Event: 2.588 loading class java/util/concurrent/locks/ReentrantReadWriteLock$Sync$HoldCounter
Event: 2.588 loading class java/util/concurrent/locks/ReentrantReadWriteLock$Sync$HoldCounter done
Event: 2.602 loading class sun/nio/cs/ThreadLocalCoders
Event: 2.602 loading class sun/nio/cs/ThreadLocalCoders done
Event: 2.602 loading class sun/nio/cs/ThreadLocalCoders$1
Event: 2.602 loading class sun/nio/cs/ThreadLocalCoders$Cache
Event: 2.602 loading class sun/nio/cs/ThreadLocalCoders$Cache done
Event: 2.602 loading class sun/nio/cs/ThreadLocalCoders$1 done
Event: 2.602 loading class sun/nio/cs/ThreadLocalCoders$2
Event: 2.602 loading class sun/nio/cs/ThreadLocalCoders$2 done
Event: 2.677 loading class java/lang/ExceptionInInitializerError
Event: 2.677 loading class java/lang/ExceptionInInitializerError done
Event: 2.858 loading class java/util/Vector$1
Event: 2.858 loading class java/util/Vector$1 done
Event: 2.984 loading class java/util/Collections$UnmodifiableSortedSet
Event: 2.984 loading class java/util/Collections$UnmodifiableSortedSet done
Event: 3.014 loading class java/util/regex/Pattern$Caret
Event: 3.014 loading class java/util/regex/Pattern$Caret done
Event: 3.072 loading class java/util/Hashtable$ValueCollection
Event: 3.072 loading class java/util/Hashtable$ValueCollection done


Dynamic libraries:
0x00007ff69e430000 - 0x00007ff69e43e000 	c:\Users\santi\.vscode\extensions\redhat.java-1.28.1-win32-x64\jre\17.0.10-win32-x86_64\bin\java.exe
0x00007ffa56f50000 - 0x00007ffa57148000 	C:\WINDOWS\SYSTEM32\ntdll.dll
0x00007ffa56000000 - 0x00007ffa560bd000 	C:\WINDOWS\System32\KERNEL32.DLL
0x00007ffa54860000 - 0x00007ffa54b56000 	C:\WINDOWS\System32\KERNELBASE.dll
0x00007ffa54c90000 - 0x00007ffa54d90000 	C:\WINDOWS\System32\ucrtbase.dll
0x00007ffa37850000 - 0x00007ffa37867000 	c:\Users\santi\.vscode\extensions\redhat.java-1.28.1-win32-x64\jre\17.0.10-win32-x86_64\bin\jli.dll
0x00007ffa36840000 - 0x00007ffa3685b000 	c:\Users\santi\.vscode\extensions\redhat.java-1.28.1-win32-x64\jre\17.0.10-win32-x86_64\bin\VCRUNTIME140.dll
0x00007ffa54f90000 - 0x00007ffa5512e000 	C:\WINDOWS\System32\USER32.dll
0x00007ffa54c60000 - 0x00007ffa54c82000 	C:\WINDOWS\System32\win32u.dll
0x00007ffa56ee0000 - 0x00007ffa56f0b000 	C:\WINDOWS\System32\GDI32.dll
0x00007ffa47e30000 - 0x00007ffa480ca000 	C:\WINDOWS\WinSxS\amd64_microsoft.windows.common-controls_6595b64144ccf1df_6.0.19041.3636_none_60b6a03d71f818d5\COMCTL32.dll
0x00007ffa54e70000 - 0x00007ffa54f87000 	C:\WINDOWS\System32\gdi32full.dll
0x00007ffa55570000 - 0x00007ffa5560e000 	C:\WINDOWS\System32\msvcrt.dll
0x00007ffa54660000 - 0x00007ffa546fd000 	C:\WINDOWS\System32\msvcp_win.dll
0x00007ffa56aa0000 - 0x00007ffa56ad2000 	C:\WINDOWS\System32\IMM32.DLL
0x00007ffa4b3f0000 - 0x00007ffa4b3fc000 	c:\Users\santi\.vscode\extensions\redhat.java-1.28.1-win32-x64\jre\17.0.10-win32-x86_64\bin\vcruntime140_1.dll
0x00007ff9e0b00000 - 0x00007ff9e0b8d000 	c:\Users\santi\.vscode\extensions\redhat.java-1.28.1-win32-x64\jre\17.0.10-win32-x86_64\bin\msvcp140.dll
0x00007ff9df630000 - 0x00007ff9e0292000 	c:\Users\santi\.vscode\extensions\redhat.java-1.28.1-win32-x64\jre\17.0.10-win32-x86_64\bin\server\jvm.dll
0x00007ffa55d10000 - 0x00007ffa55dc3000 	C:\WINDOWS\System32\ADVAPI32.dll
0x00007ffa56e40000 - 0x00007ffa56edf000 	C:\WINDOWS\System32\sechost.dll
0x00007ffa55420000 - 0x00007ffa55546000 	C:\WINDOWS\System32\RPCRT4.dll
0x00007ffa54e40000 - 0x00007ffa54e67000 	C:\WINDOWS\System32\bcrypt.dll
0x00007ffa2d540000 - 0x00007ffa2d549000 	C:\WINDOWS\SYSTEM32\WSOCK32.dll
0x00007ffa53b20000 - 0x00007ffa53b6b000 	C:\WINDOWS\SYSTEM32\POWRPROF.dll
0x00007ffa4ae90000 - 0x00007ffa4ae9a000 	C:\WINDOWS\SYSTEM32\VERSION.dll
0x00007ffa55c10000 - 0x00007ffa55c7b000 	C:\WINDOWS\System32\WS2_32.dll
0x00007ffa48d50000 - 0x00007ffa48d77000 	C:\WINDOWS\SYSTEM32\WINMM.dll
0x00007ffa539e0000 - 0x00007ffa539f2000 	C:\WINDOWS\SYSTEM32\UMPDC.dll
0x00007ffa523c0000 - 0x00007ffa523d2000 	C:\WINDOWS\SYSTEM32\kernel.appcore.dll
0x00007ffa42440000 - 0x00007ffa4244a000 	c:\Users\santi\.vscode\extensions\redhat.java-1.28.1-win32-x64\jre\17.0.10-win32-x86_64\bin\jimage.dll
0x00007ffa48410000 - 0x00007ffa485f4000 	C:\WINDOWS\SYSTEM32\DBGHELP.DLL
0x00007ffa44d90000 - 0x00007ffa44dc4000 	C:\WINDOWS\SYSTEM32\dbgcore.DLL
0x00007ffa54bd0000 - 0x00007ffa54c52000 	C:\WINDOWS\System32\bcryptPrimitives.dll
0x00007ffa3a410000 - 0x00007ffa3a41e000 	c:\Users\santi\.vscode\extensions\redhat.java-1.28.1-win32-x64\jre\17.0.10-win32-x86_64\bin\instrument.dll
0x00007ffa1c710000 - 0x00007ffa1c735000 	c:\Users\santi\.vscode\extensions\redhat.java-1.28.1-win32-x64\jre\17.0.10-win32-x86_64\bin\java.dll
0x00007ffa34d10000 - 0x00007ffa34d28000 	c:\Users\santi\.vscode\extensions\redhat.java-1.28.1-win32-x64\jre\17.0.10-win32-x86_64\bin\zip.dll
0x00007ffa56190000 - 0x00007ffa568d5000 	C:\WINDOWS\System32\SHELL32.dll
0x00007ffa526a0000 - 0x00007ffa52e3c000 	C:\WINDOWS\SYSTEM32\windows.storage.dll
0x00007ffa56ae0000 - 0x00007ffa56e34000 	C:\WINDOWS\System32\combase.dll
0x00007ffa53f60000 - 0x00007ffa53f8e000 	C:\WINDOWS\SYSTEM32\Wldp.dll
0x00007ffa560c0000 - 0x00007ffa5618d000 	C:\WINDOWS\System32\OLEAUT32.dll
0x00007ffa55dd0000 - 0x00007ffa55e7d000 	C:\WINDOWS\System32\SHCORE.dll
0x00007ffa55fa0000 - 0x00007ffa55ff5000 	C:\WINDOWS\System32\shlwapi.dll
0x00007ffa54540000 - 0x00007ffa54565000 	C:\WINDOWS\SYSTEM32\profapi.dll
0x00007ffa1bfb0000 - 0x00007ffa1bfc9000 	C:\Users\santi\.vscode\extensions\redhat.java-1.28.1-win32-x64\jre\17.0.10-win32-x86_64\bin\net.dll
0x00007ffa4d5e0000 - 0x00007ffa4d6ea000 	C:\WINDOWS\SYSTEM32\WINHTTP.dll
0x00007ffa53d40000 - 0x00007ffa53daa000 	C:\WINDOWS\system32\mswsock.dll
0x00007ffa1b4b0000 - 0x00007ffa1b4c6000 	C:\Users\santi\.vscode\extensions\redhat.java-1.28.1-win32-x64\jre\17.0.10-win32-x86_64\bin\nio.dll
0x00007ffa38dd0000 - 0x00007ffa38de0000 	c:\Users\santi\.vscode\extensions\redhat.java-1.28.1-win32-x64\jre\17.0.10-win32-x86_64\bin\verify.dll
0x00007ff9e0cc0000 - 0x00007ff9e0cfe000 	C:\Users\santi\AppData\Roaming\Code\User\globalStorage\redhat.java\1.28.1\config_ss_win\org.eclipse.equinox.launcher\org.eclipse.equinox.launcher.win32.win32.x86_64_1.2.900.v20240129-1338\eclipse_11900.dll
0x00007ffa55a80000 - 0x00007ffa55bab000 	C:\WINDOWS\System32\ole32.dll
0x00007ffa53fa0000 - 0x00007ffa53fb8000 	C:\WINDOWS\SYSTEM32\CRYPTSP.dll
0x00007ffa53620000 - 0x00007ffa53654000 	C:\WINDOWS\system32\rsaenh.dll
0x00007ffa54500000 - 0x00007ffa5452e000 	C:\WINDOWS\SYSTEM32\USERENV.dll
0x00007ffa53ed0000 - 0x00007ffa53edc000 	C:\WINDOWS\SYSTEM32\CRYPTBASE.dll
0x00007ffa53a00000 - 0x00007ffa53a3b000 	C:\WINDOWS\SYSTEM32\IPHLPAPI.DLL
0x00007ffa55560000 - 0x00007ffa55568000 	C:\WINDOWS\System32\NSI.dll
0x00007ffa4e760000 - 0x00007ffa4e777000 	C:\WINDOWS\SYSTEM32\dhcpcsvc6.DLL
0x00007ffa4e740000 - 0x00007ffa4e75d000 	C:\WINDOWS\SYSTEM32\dhcpcsvc.DLL
0x00007ffa53a40000 - 0x00007ffa53b0b000 	C:\WINDOWS\SYSTEM32\DNSAPI.dll
0x00007ff9e09e0000 - 0x00007ff9e0a25000 	C:\Users\santi\AppData\Local\Temp\jna-109204053\jna8911760958479561199.dll
0x00007ffa55550000 - 0x00007ffa55558000 	C:\WINDOWS\System32\PSAPI.DLL

dbghelp: loaded successfully - version: 4.0.5 - missing functions: none
symbol engine: initialized successfully - sym options: 0x614 - pdb path: .;c:\Users\santi\.vscode\extensions\redhat.java-1.28.1-win32-x64\jre\17.0.10-win32-x86_64\bin;C:\WINDOWS\SYSTEM32;C:\WINDOWS\WinSxS\amd64_microsoft.windows.common-controls_6595b64144ccf1df_6.0.19041.3636_none_60b6a03d71f818d5;c:\Users\santi\.vscode\extensions\redhat.java-1.28.1-win32-x64\jre\17.0.10-win32-x86_64\bin\server;C:\Users\santi\AppData\Roaming\Code\User\globalStorage\redhat.java\1.28.1\config_ss_win\org.eclipse.equinox.launcher\org.eclipse.equinox.launcher.win32.win32.x86_64_1.2.900.v20240129-1338;C:\Users\santi\AppData\Local\Temp\jna-109204053

VM Arguments:
jvm_args: --add-modules=ALL-SYSTEM --add-opens=java.base/java.util=ALL-UNNAMED --add-opens=java.base/java.lang=ALL-UNNAMED --add-opens=java.base/sun.nio.fs=ALL-UNNAMED -Declipse.application=org.eclipse.jdt.ls.core.id1 -Dosgi.bundles.defaultStartLevel=4 -Declipse.product=org.eclipse.jdt.ls.core.product -Djava.import.generatesMetadataFilesAtProjectRoot=false -DDetectVMInstallationsJob.disabled=true -Dfile.encoding=utf8 -XX:+UseParallelGC -XX:GCTimeRatio=4 -XX:AdaptiveSizePolicyWeight=90 -Dsun.zip.disableMemoryMapping=true -Xmx1G -Xms100m -Xlog:disable -javaagent:c:\Users\santi\.vscode\extensions\redhat.java-1.28.1-win32-x64\lombok\lombok-1.18.31.jar 
java_command: c:\Users\santi\.vscode\extensions\redhat.java-1.28.1-win32-x64\server\plugins\org.eclipse.equinox.launcher_1.6.700.v20231214-2017.jar -configuration c:\Users\santi\AppData\Roaming\Code\User\globalStorage\redhat.java\1.28.1\config_ss_win -data c:\Users\santi\AppData\Roaming\Code\User\workspaceStorage\579b4992d83981974b0bdabad3642d48\redhat.java\ss_ws --stdio
java_class_path (initial): c:\Users\santi\.vscode\extensions\redhat.java-1.28.1-win32-x64\server\plugins\org.eclipse.equinox.launcher_1.6.700.v20231214-2017.jar
Launcher Type: SUN_STANDARD

[Global flags]
    uintx AdaptiveSizePolicyWeight                 = 90                                        {product} {command line}
     intx CICompilerCount                          = 4                                         {product} {ergonomic}
    uintx GCTimeRatio                              = 4                                         {product} {command line}
   size_t InitialHeapSize                          = 104857600                                 {product} {command line}
   size_t MaxHeapSize                              = 1073741824                                {product} {command line}
   size_t MaxNewSize                               = 357564416                                 {product} {ergonomic}
   size_t MinHeapDeltaBytes                        = 524288                                    {product} {ergonomic}
   size_t MinHeapSize                              = 104857600                                 {product} {command line}
   size_t NewSize                                  = 34603008                                  {product} {ergonomic}
    uintx NonNMethodCodeHeapSize                   = 5839372                                {pd product} {ergonomic}
    uintx NonProfiledCodeHeapSize                  = 122909434                              {pd product} {ergonomic}
   size_t OldSize                                  = 70254592                                  {product} {ergonomic}
    uintx ProfiledCodeHeapSize                     = 122909434                              {pd product} {ergonomic}
    uintx ReservedCodeCacheSize                    = 251658240                              {pd product} {ergonomic}
     bool SegmentedCodeCache                       = true                                      {product} {ergonomic}
   size_t SoftMaxHeapSize                          = 1073741824                             {manageable} {ergonomic}
     bool UseCompressedClassPointers               = true                           {product lp64_product} {ergonomic}
     bool UseCompressedOops                        = true                           {product lp64_product} {ergonomic}
     bool UseLargePagesIndividualAllocation        = false                                  {pd product} {ergonomic}
     bool UseParallelGC                            = true                                      {product} {command line}

Logging:
Log output configuration:
 #0: stdout all=off uptime,level,tags
 #1: stderr all=off uptime,level,tags

Environment Variables:
PATH=C:\app\santi\product\21c\dbhomeXE\bin;C:\Program Files\Common Files\Oracle\Java\javapath;C:\Program Files (x86)\Common Files\Oracle\Java\javapath;C:\Program Files\Microsoft\jdk-11.0.16.101-hotspot\bin;C:\Program Files\Eclipse Adoptium\jdk-17.0.8.7-hotspot\bin;C:\ProgramData\Oracle\Java\javapath;C:\WINDOWS\system32;C:\WINDOWS;C:\WINDOWS\System32\Wbem;C:\WINDOWS\System32\WindowsPowerShell\v1.0\;C:\WINDOWS\System32\OpenSSH\;C:\Program Files\NVIDIA Corporation\NVIDIA NvDLISR;C:\Program Files\Git\cmd;C:\Program Files\MATLAB\R2023b\bin;C:\Program Files\dotnet\;C:\Program Files\Azure Data Studio\bin;C:\Program Files\Docker\Docker\resources\bin;C:\Program Files\nodejs\;C:\Program Files (x86)\Microsoft SQL Server\160\DTS\Binn\;C:\Users\santi\AppData\Local\Programs\Python\Python39\Scripts\;C:\Users\santi\AppData\Local\Programs\Python\Python39\;C:\Users\santi\AppData\Local\Microsoft\WindowsApps;C:\Users\santi\AppData\Local\Programs\Microsoft VS Code\bin;C:\Users\santi\AppData\Local\GitHubDesktop\bin;C:\Program Files\Azure Data Studio\bin;C:\Users\santi\AppData\Roaming\npm
USERNAME=santi
OS=Windows_NT
PROCESSOR_IDENTIFIER=AMD64 Family 25 Model 33 Stepping 0, AuthenticAMD
TMP=C:\Users\santi\AppData\Local\Temp
TEMP=C:\Users\santi\AppData\Local\Temp



Periodic native trim disabled


---------------  S Y S T E M  ---------------

OS:
 Windows 10 , 64 bit Build 19041 (10.0.19041.3636)
OS uptime: 1 days 16:44 hours
Hyper-V role detected

CPU: total 12 (initial active 12) (12 cores per cpu, 2 threads per core) family 25 model 33 stepping 0 microcode 0x0, cx8, cmov, fxsr, ht, mmx, 3dnowpref, sse, sse2, sse3, ssse3, sse4a, sse4.1, sse4.2, popcnt, lzcnt, tsc, tscinvbit, avx, avx2, aes, erms, clmul, bmi1, bmi2, adx, sha, fma, vzeroupper, clflush, clflushopt, hv
Processor Information for all 12 processors :
  Max Mhz: 3701, Current Mhz: 3701, Mhz Limit: 3701

Memory: 4k page, system-wide physical 16274M (2921M free)
TotalPageFile size 18322M (AvailPageFile size 10M)
current process WorkingSet (physical memory assigned to process): 196M, peak: 196M
current process commit charge ("private bytes"): 285M, peak: 285M

vm_info: OpenJDK 64-Bit Server VM (17.0.10+7) for windows-amd64 JRE (17.0.10+7), built on Jan 16 2024 23:25:11 by "admin" with MS VC++ 16.10 / 16.11 (VS2019)

END.
