#
# There is insufficient memory for the Java Runtime Environment to continue.
# Native memory allocation (mmap) failed to map 65536 bytes for Failed to commit metaspace.
# Possible reasons:
#   The system is out of physical RAM or swap space
#   The process is running with CompressedOops enabled, and the Java Heap may be blocking the growth of the native heap
# Possible solutions:
#   Reduce memory load on the system
#   Increase physical memory or swap space
#   Check if swap backing store is full
#   Decrease Java heap size (-Xmx/-Xms)
#   Decrease number of Java threads
#   Decrease Java thread stack sizes (-Xss)
#   Set larger code cache with -XX:ReservedCodeCacheSize=
#   JVM is running with Unscaled Compressed Oops mode in which the Java heap is
#     placed in the first 4GB address space. The Java Heap base address is the
#     maximum limit for the native heap growth. Please use -XX:HeapBaseMinAddress
#     to set the Java Heap base and to place the Java Heap above 4GB virtual address.
# This output file may be truncated or incomplete.
#
#  Out of Memory Error (virtualSpaceNode.cpp:110), pid=22928, tid=11524
#
# JRE version: OpenJDK Runtime Environment Temurin-17.0.10+7 (17.0.10+7) (build 17.0.10+7)
# Java VM: OpenJDK 64-Bit Server VM Temurin-17.0.10+7 (17.0.10+7, mixed mode, tiered, compressed oops, compressed class ptrs, parallel gc, windows-amd64)
# No core dump will be written. Minidumps are not enabled by default on client versions of Windows
#

---------------  S U M M A R Y ------------

Command Line: --add-modules=ALL-SYSTEM --add-opens=java.base/java.util=ALL-UNNAMED --add-opens=java.base/java.lang=ALL-UNNAMED --add-opens=java.base/sun.nio.fs=ALL-UNNAMED -Declipse.application=org.eclipse.jdt.ls.core.id1 -Dosgi.bundles.defaultStartLevel=4 -Declipse.product=org.eclipse.jdt.ls.core.product -Djava.import.generatesMetadataFilesAtProjectRoot=false -DDetectVMInstallationsJob.disabled=true -Dfile.encoding=utf8 -XX:+UseParallelGC -XX:GCTimeRatio=4 -XX:AdaptiveSizePolicyWeight=90 -Dsun.zip.disableMemoryMapping=true -Xmx1G -Xms100m -Xlog:disable -javaagent:c:\Users\santi\.vscode\extensions\redhat.java-1.28.1-win32-x64\lombok\lombok-1.18.31.jar -XX:+HeapDumpOnOutOfMemoryError -XX:HeapDumpPath=c:\Users\santi\AppData\Roaming\Code\User\workspaceStorage\579b4992d83981974b0bdabad3642d48\redhat.java -Daether.dependencyCollector.impl=bf c:\Users\santi\.vscode\extensions\redhat.java-1.28.1-win32-x64\server\plugins\org.eclipse.equinox.launcher_1.6.700.v20231214-2017.jar -configuration c:\Users\santi\AppData\Roaming\Code\User\globalStorage\redhat.java\1.28.1\config_win -data c:\Users\santi\AppData\Roaming\Code\User\workspaceStorage\579b4992d83981974b0bdabad3642d48\redhat.java\jdt_ws --stdio

Host: AMD Ryzen 5 5600X 6-Core Processor             , 12 cores, 15G,  Windows 10 , 64 bit Build 19041 (10.0.19041.3636)
Time: Thu Mar  7 21:18:09 2024 Hora est. Pacífico, Sudamérica elapsed time: 1.266065 seconds (0d 0h 0m 1s)

---------------  T H R E A D  ---------------

Current thread (0x0000020bb70b87e0):  JavaThread "C1 CompilerThread0" daemon [_thread_in_vm, id=11524, stack(0x000000730ab00000,0x000000730ac00000)]


Current CompileTask:
C1:   1266 2433   !   3       org.eclipse.osgi.internal.loader.classpath.ClasspathManager::defineClass (636 bytes)

Stack: [0x000000730ab00000,0x000000730ac00000]
Native frames: (J=compiled Java code, j=interpreted, Vv=VM code, C=native code)
V  [jvm.dll+0x67d2c9]
V  [jvm.dll+0x834afa]
V  [jvm.dll+0x8365be]
V  [jvm.dll+0x836c23]
V  [jvm.dll+0x2477ff]
V  [jvm.dll+0x8307bb]
V  [jvm.dll+0x621d16]
V  [jvm.dll+0x1c183e]
V  [jvm.dll+0x624671]
V  [jvm.dll+0x6226b6]
V  [jvm.dll+0x6339ea]
V  [jvm.dll+0x62c7ca]
V  [jvm.dll+0x1cda30]
V  [jvm.dll+0x1cdc20]
V  [jvm.dll+0x1482a1]
V  [jvm.dll+0x1480e5]
V  [jvm.dll+0x13f918]
V  [jvm.dll+0x141ed5]
V  [jvm.dll+0x1401b4]
V  [jvm.dll+0x13a0ff]
V  [jvm.dll+0x149d46]
V  [jvm.dll+0x135890]
V  [jvm.dll+0x135bf0]
V  [jvm.dll+0x135eb6]
V  [jvm.dll+0x13534a]
V  [jvm.dll+0x137001]
V  [jvm.dll+0x2290de]
V  [jvm.dll+0x2272ac]
V  [jvm.dll+0x7e9bb7]
V  [jvm.dll+0x7e3fba]
V  [jvm.dll+0x67c1b5]
C  [ucrtbase.dll+0x21bb2]
C  [KERNEL32.DLL+0x17344]
C  [ntdll.dll+0x526b1]


---------------  P R O C E S S  ---------------

Threads class SMR info:
_java_thread_list=0x0000020bb8fbb820, length=20, elements={
0x0000020b9bf65050, 0x0000020bb1d49250, 0x0000020bb1d4aaf0, 0x0000020bb709a150,
0x0000020bb709aee0, 0x0000020bb709bc70, 0x0000020bb709d750, 0x0000020bb709f490,
0x0000020bb70b87e0, 0x0000020bb70d2820, 0x0000020bb1c2bfc0, 0x0000020bb71f9d90,
0x0000020bb73fdfa0, 0x0000020bb870dab0, 0x0000020bb8f76b30, 0x0000020bb91ac3b0,
0x0000020bb8f37760, 0x0000020bb8fbac20, 0x0000020bb96a74b0, 0x0000020bb979b1c0
}

Java Threads: ( => current thread )
  0x0000020b9bf65050 JavaThread "main" [_thread_blocked, id=13884, stack(0x000000730a100000,0x000000730a200000)]
  0x0000020bb1d49250 JavaThread "Reference Handler" daemon [_thread_blocked, id=7352, stack(0x000000730a400000,0x000000730a500000)]
  0x0000020bb1d4aaf0 JavaThread "Finalizer" daemon [_thread_blocked, id=24540, stack(0x000000730a500000,0x000000730a600000)]
  0x0000020bb709a150 JavaThread "Signal Dispatcher" daemon [_thread_blocked, id=14296, stack(0x000000730a600000,0x000000730a700000)]
  0x0000020bb709aee0 JavaThread "Attach Listener" daemon [_thread_blocked, id=25000, stack(0x000000730a700000,0x000000730a800000)]
  0x0000020bb709bc70 JavaThread "Service Thread" daemon [_thread_blocked, id=16244, stack(0x000000730a800000,0x000000730a900000)]
  0x0000020bb709d750 JavaThread "Monitor Deflation Thread" daemon [_thread_blocked, id=10888, stack(0x000000730a900000,0x000000730aa00000)]
  0x0000020bb709f490 JavaThread "C2 CompilerThread0" daemon [_thread_in_native, id=3252, stack(0x000000730aa00000,0x000000730ab00000)]
=>0x0000020bb70b87e0 JavaThread "C1 CompilerThread0" daemon [_thread_in_vm, id=11524, stack(0x000000730ab00000,0x000000730ac00000)]
  0x0000020bb70d2820 JavaThread "Sweeper thread" daemon [_thread_blocked, id=26596, stack(0x000000730ac00000,0x000000730ad00000)]
  0x0000020bb1c2bfc0 JavaThread "Common-Cleaner" daemon [_thread_blocked, id=9396, stack(0x000000730ad00000,0x000000730ae00000)]
  0x0000020bb71f9d90 JavaThread "C2 CompilerThread1" daemon [_thread_blocked, id=4548, stack(0x000000730ae00000,0x000000730af00000)]
  0x0000020bb73fdfa0 JavaThread "Notification Thread" daemon [_thread_blocked, id=22720, stack(0x000000730af00000,0x000000730b000000)]
  0x0000020bb870dab0 JavaThread "C2 CompilerThread2" daemon [_thread_blocked, id=5648, stack(0x000000730b100000,0x000000730b200000)]
  0x0000020bb8f76b30 JavaThread "Active Thread: Equinox Container: e9b559a5-7f7e-4f4d-8959-90637398bc16" [_thread_blocked, id=5512, stack(0x000000730b800000,0x000000730b900000)]
  0x0000020bb91ac3b0 JavaThread "Framework Event Dispatcher: Equinox Container: e9b559a5-7f7e-4f4d-8959-90637398bc16" daemon [_thread_blocked, id=1672, stack(0x000000730b900000,0x000000730ba00000)]
  0x0000020bb8f37760 JavaThread "Start Level: Equinox Container: e9b559a5-7f7e-4f4d-8959-90637398bc16" daemon [_thread_in_vm, id=14904, stack(0x000000730ba00000,0x000000730bb00000)]
  0x0000020bb8fbac20 JavaThread "Bundle File Closer" daemon [_thread_blocked, id=11972, stack(0x000000730bc00000,0x000000730bd00000)]
  0x0000020bb96a74b0 JavaThread "SCR Component Actor" daemon [_thread_blocked, id=7120, stack(0x000000730bd00000,0x000000730be00000)]
  0x0000020bb979b1c0 JavaThread "SCR Component Registry" daemon [_thread_blocked, id=24252, stack(0x000000730c000000,0x000000730c100000)]

Other Threads:
  0x0000020b9c0135b0 VMThread "VM Thread" [stack: 0x000000730a300000,0x000000730a400000] [id=7552]
  0x0000020bb73fe480 WatcherThread [stack: 0x000000730b000000,0x000000730b100000] [id=26744]
  0x0000020b9bf7a830 GCTaskThread "GC Thread#0" [stack: 0x000000730a200000,0x000000730a300000] [id=11828]
  0x0000020bb879b7b0 GCTaskThread "GC Thread#1" [stack: 0x000000730b200000,0x000000730b300000] [id=24800]
  0x0000020bb8e1ac80 GCTaskThread "GC Thread#2" [stack: 0x000000730b300000,0x000000730b400000] [id=17784]
  0x0000020bb8e1af40 GCTaskThread "GC Thread#3" [stack: 0x000000730b400000,0x000000730b500000] [id=23564]
  0x0000020bb8e1b200 GCTaskThread "GC Thread#4" [stack: 0x000000730b500000,0x000000730b600000] [id=20192]
  0x0000020bb8e1b4c0 GCTaskThread "GC Thread#5" [stack: 0x000000730b600000,0x000000730b700000] [id=21168]
  0x0000020bb8e1b780 GCTaskThread "GC Thread#6" [stack: 0x000000730b700000,0x000000730b800000] [id=4616]
  0x0000020bb8f22a40 GCTaskThread "GC Thread#7" [stack: 0x000000730bb00000,0x000000730bc00000] [id=25076]
  0x0000020bb97af8f0 GCTaskThread "GC Thread#8" [stack: 0x000000730be00000,0x000000730bf00000] [id=5172]
  0x0000020bb970a200 GCTaskThread "GC Thread#9" [stack: 0x000000730bf00000,0x000000730c000000] [id=6788]

Threads with active compile tasks:
C2 CompilerThread0     1278 2432       4       java.io.DataInputStream::readUTF (501 bytes)
C1 CompilerThread0     1278 2433   !   3       org.eclipse.osgi.internal.loader.classpath.ClasspathManager::defineClass (636 bytes)

VM state: not at safepoint (normal execution)

VM Mutex/Monitor currently owned by a thread:  ([mutex/lock_event])
[0x0000020b9bf5f8f0] Metaspace_lock - owner thread: 0x0000020bb70b87e0
[0x0000020b9bf61680] MethodData_lock - owner thread: 0x0000020bb70b87e0

Heap address: 0x00000000c0000000, size: 1024 MB, Compressed Oops mode: 32-bit

CDS archive(s) not mapped
Compressed class space mapped at: 0x0000000100000000-0x0000000140000000, reserved size: 1073741824
Narrow klass base: 0x0000000000000000, Narrow klass shift: 3, Narrow klass range: 0x140000000

GC Precious Log:
 CPUs: 12 total, 12 available
 Memory: 16274M
 Large Page Support: Disabled
 NUMA Support: Disabled
 Compressed Oops: Enabled (32-bit)
 Alignments: Space 512K, Generation 512K, Heap 2M
 Heap Min Capacity: 100M
 Heap Initial Capacity: 100M
 Heap Max Capacity: 1G
 Pre-touch: Disabled
 Parallel Workers: 10

Heap:
 PSYoungGen      total 29696K, used 19865K [0x00000000eab00000, 0x00000000ecc00000, 0x0000000100000000)
  eden space 25600K, 61% used [0x00000000eab00000,0x00000000eba67280,0x00000000ec400000)
  from space 4096K, 99% used [0x00000000ec400000,0x00000000ec7ff3a8,0x00000000ec800000)
  to   space 4096K, 0% used [0x00000000ec800000,0x00000000ec800000,0x00000000ecc00000)
 ParOldGen       total 68608K, used 5219K [0x00000000c0000000, 0x00000000c4300000, 0x00000000eab00000)
  object space 68608K, 7% used [0x00000000c0000000,0x00000000c0518e88,0x00000000c4300000)
 Metaspace       used 19096K, committed 19456K, reserved 1114112K
  class space    used 1947K, committed 2112K, reserved 1048576K

Card table byte_map: [0x0000020baf5c0000,0x0000020baf7d0000] _byte_map_base: 0x0000020baefc0000

Marking Bits: (ParMarkBitMap*) 0x00007ff9c4b6d7d0
 Begin Bits: [0x0000020baf930000, 0x0000020bb0930000)
 End Bits:   [0x0000020bb0930000, 0x0000020bb1930000)

Polling page: 0x0000020b9c020000

Metaspace:

Usage:
  Non-class:     16.75 MB used.
      Class:      1.90 MB used.
       Both:     18.65 MB used.

Virtual space:
  Non-class space:       64.00 MB reserved,      16.94 MB ( 26%) committed,  1 nodes.
      Class space:        1.00 GB reserved,       2.06 MB ( <1%) committed,  1 nodes.
             Both:        1.06 GB reserved,      19.00 MB (  2%) committed. 

Chunk freelists:
   Non-Class:  15.05 MB
       Class:  13.84 MB
        Both:  28.89 MB

MaxMetaspaceSize: unlimited
CompressedClassSpaceSize: 1.00 GB
Initial GC threshold: 21.00 MB
Current GC threshold: 21.00 MB
CDS: off
MetaspaceReclaimPolicy: balanced
 - commit_granule_bytes: 65536.
 - commit_granule_words: 8192.
 - virtual_space_node_default_size: 8388608.
 - enlarge_chunks_in_place: 1.
 - new_chunks_are_fully_committed: 0.
 - uncommit_free_chunks: 1.
 - use_allocation_guard: 0.
 - handle_deallocations: 1.


Internal statistics:

num_allocs_failed_limit: 0.
num_arena_births: 172.
num_arena_deaths: 0.
num_vsnodes_births: 2.
num_vsnodes_deaths: 0.
num_space_committed: 304.
num_space_uncommitted: 0.
num_chunks_returned_to_freelist: 0.
num_chunks_taken_from_freelist: 523.
num_chunk_merges: 0.
num_chunk_splits: 337.
num_chunks_enlarged: 250.
num_inconsistent_stats: 0.

CodeHeap 'non-profiled nmethods': size=120000Kb used=1074Kb max_used=1074Kb free=118925Kb
 bounds [0x0000020ba7ea0000, 0x0000020ba8110000, 0x0000020baf3d0000]
CodeHeap 'profiled nmethods': size=120000Kb used=4806Kb max_used=4806Kb free=115194Kb
 bounds [0x0000020ba03d0000, 0x0000020ba0890000, 0x0000020ba7900000]
CodeHeap 'non-nmethods': size=5760Kb used=1175Kb max_used=1202Kb free=4585Kb
 bounds [0x0000020ba7900000, 0x0000020ba7b70000, 0x0000020ba7ea0000]
 total_blobs=2906 nmethods=2430 adapters=390
 compilation: enabled
              stopped_count=0, restarted_count=0
 full_count=0

Compilation events (20 events):
Event: 1.259 Thread 0x0000020bb70b87e0 2420       3       java.util.ArrayList$SubList::listIterator (19 bytes)
Event: 1.259 Thread 0x0000020bb70b87e0 nmethod 2420 0x0000020ba087e210 code [0x0000020ba087e400, 0x0000020ba087e918]
Event: 1.259 Thread 0x0000020bb70b87e0 2421       3       java.util.ArrayList$SubList$1::<init> (39 bytes)
Event: 1.259 Thread 0x0000020bb70b87e0 nmethod 2421 0x0000020ba087eb90 code [0x0000020ba087ed20, 0x0000020ba087eeb8]
Event: 1.259 Thread 0x0000020bb70b87e0 2425       1       org.eclipse.osgi.internal.loader.sources.PackageSource::isNullSource (2 bytes)
Event: 1.259 Thread 0x0000020bb70b87e0 nmethod 2425 0x0000020ba7fabb90 code [0x0000020ba7fabd20, 0x0000020ba7fabdf8]
Event: 1.259 Thread 0x0000020bb70b87e0 2426       1       org.eclipse.osgi.internal.serviceregistry.ServiceReferenceImpl::getRegistration (5 bytes)
Event: 1.259 Thread 0x0000020bb70b87e0 nmethod 2426 0x0000020ba7fabe90 code [0x0000020ba7fac020, 0x0000020ba7fac0f8]
Event: 1.259 Thread 0x0000020bb70b87e0 2427       3       java.util.concurrent.atomic.AtomicInteger::incrementAndGet (14 bytes)
Event: 1.259 Thread 0x0000020bb70b87e0 nmethod 2427 0x0000020ba087ef90 code [0x0000020ba087f120, 0x0000020ba087f238]
Event: 1.259 Thread 0x0000020bb70b87e0 2428   !   3       org.osgi.util.tracker.AbstractTracked::trackAdding (167 bytes)
Event: 1.260 Thread 0x0000020bb70b87e0 nmethod 2428 0x0000020ba087f310 code [0x0000020ba087f540, 0x0000020ba087ff28]
Event: 1.260 Thread 0x0000020bb709f490 2429       4       java.util.Arrays::copyOf (40 bytes)
Event: 1.261 Thread 0x0000020bb709f490 nmethod 2429 0x0000020ba7fac190 code [0x0000020ba7fac320, 0x0000020ba7fac758]
Event: 1.264 Thread 0x0000020bb70b87e0 2430       3       org.eclipse.osgi.internal.framework.FilterImpl$Parser::parse_attr (149 bytes)
Event: 1.264 Thread 0x0000020bb709f490 2432       4       java.io.DataInputStream::readUTF (501 bytes)
Event: 1.264 Thread 0x0000020bb70b87e0 nmethod 2430 0x0000020ba0880290 code [0x0000020ba0880500, 0x0000020ba0880f28]
Event: 1.264 Thread 0x0000020bb70b87e0 2431       3       org.eclipse.osgi.internal.loader.sources.SingleSourcePackage::loadClass (9 bytes)
Event: 1.264 Thread 0x0000020bb70b87e0 nmethod 2431 0x0000020ba0881390 code [0x0000020ba0881540, 0x0000020ba0881708]
Event: 1.264 Thread 0x0000020bb70b87e0 2433   !   3       org.eclipse.osgi.internal.loader.classpath.ClasspathManager::defineClass (636 bytes)

GC Heap History (6 events):
Event: 0.573 GC heap before
{Heap before GC invocations=1 (full 0):
 PSYoungGen      total 29696K, used 25600K [0x00000000eab00000, 0x00000000ecc00000, 0x0000000100000000)
  eden space 25600K, 100% used [0x00000000eab00000,0x00000000ec400000,0x00000000ec400000)
  from space 4096K, 0% used [0x00000000ec800000,0x00000000ec800000,0x00000000ecc00000)
  to   space 4096K, 0% used [0x00000000ec400000,0x00000000ec400000,0x00000000ec800000)
 ParOldGen       total 68608K, used 0K [0x00000000c0000000, 0x00000000c4300000, 0x00000000eab00000)
  object space 68608K, 0% used [0x00000000c0000000,0x00000000c0000000,0x00000000c4300000)
 Metaspace       used 10998K, committed 11200K, reserved 1114112K
  class space    used 1098K, committed 1216K, reserved 1048576K
}
Event: 0.577 GC heap after
{Heap after GC invocations=1 (full 0):
 PSYoungGen      total 29696K, used 3156K [0x00000000eab00000, 0x00000000ecc00000, 0x0000000100000000)
  eden space 25600K, 0% used [0x00000000eab00000,0x00000000eab00000,0x00000000ec400000)
  from space 4096K, 77% used [0x00000000ec400000,0x00000000ec715130,0x00000000ec800000)
  to   space 4096K, 0% used [0x00000000ec800000,0x00000000ec800000,0x00000000ecc00000)
 ParOldGen       total 68608K, used 16K [0x00000000c0000000, 0x00000000c4300000, 0x00000000eab00000)
  object space 68608K, 0% used [0x00000000c0000000,0x00000000c0004000,0x00000000c4300000)
 Metaspace       used 10998K, committed 11200K, reserved 1114112K
  class space    used 1098K, committed 1216K, reserved 1048576K
}
Event: 0.881 GC heap before
{Heap before GC invocations=2 (full 0):
 PSYoungGen      total 29696K, used 28756K [0x00000000eab00000, 0x00000000ecc00000, 0x0000000100000000)
  eden space 25600K, 100% used [0x00000000eab00000,0x00000000ec400000,0x00000000ec400000)
  from space 4096K, 77% used [0x00000000ec400000,0x00000000ec715130,0x00000000ec800000)
  to   space 4096K, 0% used [0x00000000ec800000,0x00000000ec800000,0x00000000ecc00000)
 ParOldGen       total 68608K, used 16K [0x00000000c0000000, 0x00000000c4300000, 0x00000000eab00000)
  object space 68608K, 0% used [0x00000000c0000000,0x00000000c0004000,0x00000000c4300000)
 Metaspace       used 14657K, committed 14912K, reserved 1114112K
  class space    used 1472K, committed 1600K, reserved 1048576K
}
Event: 0.885 GC heap after
{Heap after GC invocations=2 (full 0):
 PSYoungGen      total 29696K, used 4074K [0x00000000eab00000, 0x00000000ecc00000, 0x0000000100000000)
  eden space 25600K, 0% used [0x00000000eab00000,0x00000000eab00000,0x00000000ec400000)
  from space 4096K, 99% used [0x00000000ec800000,0x00000000ecbfa880,0x00000000ecc00000)
  to   space 4096K, 0% used [0x00000000ec400000,0x00000000ec400000,0x00000000ec800000)
 ParOldGen       total 68608K, used 1490K [0x00000000c0000000, 0x00000000c4300000, 0x00000000eab00000)
  object space 68608K, 2% used [0x00000000c0000000,0x00000000c01748a8,0x00000000c4300000)
 Metaspace       used 14657K, committed 14912K, reserved 1114112K
  class space    used 1472K, committed 1600K, reserved 1048576K
}
Event: 1.124 GC heap before
{Heap before GC invocations=3 (full 0):
 PSYoungGen      total 29696K, used 29674K [0x00000000eab00000, 0x00000000ecc00000, 0x0000000100000000)
  eden space 25600K, 100% used [0x00000000eab00000,0x00000000ec400000,0x00000000ec400000)
  from space 4096K, 99% used [0x00000000ec800000,0x00000000ecbfa880,0x00000000ecc00000)
  to   space 4096K, 0% used [0x00000000ec400000,0x00000000ec400000,0x00000000ec800000)
 ParOldGen       total 68608K, used 1490K [0x00000000c0000000, 0x00000000c4300000, 0x00000000eab00000)
  object space 68608K, 2% used [0x00000000c0000000,0x00000000c01748a8,0x00000000c4300000)
 Metaspace       used 16423K, committed 16768K, reserved 1114112K
  class space    used 1655K, committed 1792K, reserved 1048576K
}
Event: 1.127 GC heap after
{Heap after GC invocations=3 (full 0):
 PSYoungGen      total 29696K, used 4092K [0x00000000eab00000, 0x00000000ecc00000, 0x0000000100000000)
  eden space 25600K, 0% used [0x00000000eab00000,0x00000000eab00000,0x00000000ec400000)
  from space 4096K, 99% used [0x00000000ec400000,0x00000000ec7ff3a8,0x00000000ec800000)
  to   space 4096K, 0% used [0x00000000ec800000,0x00000000ec800000,0x00000000ecc00000)
 ParOldGen       total 68608K, used 5219K [0x00000000c0000000, 0x00000000c4300000, 0x00000000eab00000)
  object space 68608K, 7% used [0x00000000c0000000,0x00000000c0518e88,0x00000000c4300000)
 Metaspace       used 16423K, committed 16768K, reserved 1114112K
  class space    used 1655K, committed 1792K, reserved 1048576K
}

Dll operation events (9 events):
Event: 0.005 Loaded shared library c:\Users\santi\.vscode\extensions\redhat.java-1.28.1-win32-x64\jre\17.0.10-win32-x86_64\bin\java.dll
Event: 0.121 Loaded shared library c:\Users\santi\.vscode\extensions\redhat.java-1.28.1-win32-x64\jre\17.0.10-win32-x86_64\bin\zip.dll
Event: 0.123 Loaded shared library C:\Users\santi\.vscode\extensions\redhat.java-1.28.1-win32-x64\jre\17.0.10-win32-x86_64\bin\instrument.dll
Event: 0.134 Loaded shared library C:\Users\santi\.vscode\extensions\redhat.java-1.28.1-win32-x64\jre\17.0.10-win32-x86_64\bin\net.dll
Event: 0.136 Loaded shared library C:\Users\santi\.vscode\extensions\redhat.java-1.28.1-win32-x64\jre\17.0.10-win32-x86_64\bin\nio.dll
Event: 0.141 Loaded shared library C:\Users\santi\.vscode\extensions\redhat.java-1.28.1-win32-x64\jre\17.0.10-win32-x86_64\bin\zip.dll
Event: 0.153 Loaded shared library C:\Users\santi\.vscode\extensions\redhat.java-1.28.1-win32-x64\jre\17.0.10-win32-x86_64\bin\jimage.dll
Event: 0.217 Loaded shared library c:\Users\santi\.vscode\extensions\redhat.java-1.28.1-win32-x64\jre\17.0.10-win32-x86_64\bin\verify.dll
Event: 0.835 Loaded shared library C:\Users\santi\AppData\Roaming\Code\User\globalStorage\redhat.java\1.28.1\config_win\org.eclipse.equinox.launcher\org.eclipse.equinox.launcher.win32.win32.x86_64_1.2.900.v20240129-1338\eclipse_11900.dll

Deoptimization events (20 events):
Event: 1.208 Thread 0x0000020bb8f37760 Uncommon trap: trap_request=0xffffffde fr.pc=0x0000020ba7f55c0c relative=0x000000000000034c
Event: 1.208 Thread 0x0000020bb8f37760 Uncommon trap: reason=class_check action=maybe_recompile pc=0x0000020ba7f55c0c method=java.io.DataInputStream.readUnsignedShort()I @ 6 c2
Event: 1.208 Thread 0x0000020bb8f37760 DEOPT PACKING pc=0x0000020ba7f55c0c sp=0x000000730bafb460
Event: 1.208 Thread 0x0000020bb8f37760 DEOPT UNPACKING pc=0x0000020ba79566a3 sp=0x000000730bafb418 mode 2
Event: 1.208 Thread 0x0000020bb8f37760 Uncommon trap: trap_request=0xffffffde fr.pc=0x0000020ba7f55c0c relative=0x000000000000034c
Event: 1.208 Thread 0x0000020bb8f37760 Uncommon trap: reason=class_check action=maybe_recompile pc=0x0000020ba7f55c0c method=java.io.DataInputStream.readUnsignedShort()I @ 6 c2
Event: 1.208 Thread 0x0000020bb8f37760 DEOPT PACKING pc=0x0000020ba7f55c0c sp=0x000000730bafb460
Event: 1.208 Thread 0x0000020bb8f37760 DEOPT UNPACKING pc=0x0000020ba79566a3 sp=0x000000730bafb418 mode 2
Event: 1.208 Thread 0x0000020bb8f37760 Uncommon trap: trap_request=0xffffffde fr.pc=0x0000020ba7f55c0c relative=0x000000000000034c
Event: 1.208 Thread 0x0000020bb8f37760 Uncommon trap: reason=class_check action=maybe_recompile pc=0x0000020ba7f55c0c method=java.io.DataInputStream.readUnsignedShort()I @ 6 c2
Event: 1.208 Thread 0x0000020bb8f37760 DEOPT PACKING pc=0x0000020ba7f55c0c sp=0x000000730bafb460
Event: 1.208 Thread 0x0000020bb8f37760 DEOPT UNPACKING pc=0x0000020ba79566a3 sp=0x000000730bafb418 mode 2
Event: 1.208 Thread 0x0000020bb8f37760 Uncommon trap: trap_request=0xffffffde fr.pc=0x0000020ba7f55c0c relative=0x000000000000034c
Event: 1.208 Thread 0x0000020bb8f37760 Uncommon trap: reason=class_check action=maybe_recompile pc=0x0000020ba7f55c0c method=java.io.DataInputStream.readUnsignedShort()I @ 6 c2
Event: 1.208 Thread 0x0000020bb8f37760 DEOPT PACKING pc=0x0000020ba7f55c0c sp=0x000000730bafb460
Event: 1.208 Thread 0x0000020bb8f37760 DEOPT UNPACKING pc=0x0000020ba79566a3 sp=0x000000730bafb418 mode 2
Event: 1.262 Thread 0x0000020bb8f37760 Uncommon trap: trap_request=0xffffffcc fr.pc=0x0000020ba7fac4f8 relative=0x00000000000001d8
Event: 1.262 Thread 0x0000020bb8f37760 Uncommon trap: reason=intrinsic_or_type_checked_inlining action=make_not_entrant pc=0x0000020ba7fac4f8 method=java.util.Arrays.copyOf([Ljava/lang/Object;ILjava/lang/Class;)[Ljava/lang/Object; @ 35 c2
Event: 1.262 Thread 0x0000020bb8f37760 DEOPT PACKING pc=0x0000020ba7fac4f8 sp=0x000000730bafc9f0
Event: 1.262 Thread 0x0000020bb8f37760 DEOPT UNPACKING pc=0x0000020ba79566a3 sp=0x000000730bafc980 mode 2

Classes unloaded (0 events):
No events

Classes redefined (0 events):
No events

Internal exceptions (20 events):
Event: 0.543 Thread 0x0000020b9bf65050 Implicit null exception at 0x0000020ba7eea16c to 0x0000020ba7eea34c
Event: 0.543 Thread 0x0000020b9bf65050 Implicit null exception at 0x0000020ba7ee820e to 0x0000020ba7ee8448
Event: 0.543 Thread 0x0000020b9bf65050 Implicit null exception at 0x0000020ba7ee4e0f to 0x0000020ba7ee4e85
Event: 0.567 Thread 0x0000020b9bf65050 Exception <a 'java/lang/NoSuchMethodError'{0x00000000ec3ba110}: 'int java.lang.invoke.DirectMethodHandle$Holder.invokeStaticInit(java.lang.Object, java.lang.Object, java.lang.Object, java.lang.Object)'> (0x00000000ec3ba110) 
thrown [s\src\hotspot\share\interpreter\linkResolver.cpp, line 759]
Event: 0.568 Thread 0x0000020b9bf65050 Exception <a 'java/lang/NoSuchMethodError'{0x00000000ec3c4780}: 'java.lang.Object java.lang.invoke.DirectMethodHandle$Holder.invokeInterface(java.lang.Object, java.lang.Object)'> (0x00000000ec3c4780) 
thrown [s\src\hotspot\share\interpreter\linkResolver.cpp, line 759]
Event: 0.568 Thread 0x0000020b9bf65050 Exception <a 'java/lang/IncompatibleClassChangeError'{0x00000000ec3c7f78}: Found class java.lang.Object, but interface was expected> (0x00000000ec3c7f78) 
thrown [s\src\hotspot\share\interpreter\linkResolver.cpp, line 826]
Event: 0.569 Thread 0x0000020b9bf65050 Exception <a 'java/lang/NoSuchMethodError'{0x00000000ec3cc468}: 'void java.lang.invoke.DirectMethodHandle$Holder.invokeStatic(java.lang.Object, java.lang.Object)'> (0x00000000ec3cc468) 
thrown [s\src\hotspot\share\interpreter\linkResolver.cpp, line 759]
Event: 0.569 Thread 0x0000020b9bf65050 Exception <a 'java/lang/NoSuchMethodError'{0x00000000ec3cfc68}: 'void java.lang.invoke.DirectMethodHandle$Holder.invokeStaticInit(java.lang.Object, java.lang.Object)'> (0x00000000ec3cfc68) 
thrown [s\src\hotspot\share\interpreter\linkResolver.cpp, line 759]
Event: 0.569 Thread 0x0000020b9bf65050 Exception <a 'java/lang/NoSuchMethodError'{0x00000000ec3d70f8}: 'int java.lang.invoke.DirectMethodHandle$Holder.invokeStaticInit(java.lang.Object, java.lang.Object)'> (0x00000000ec3d70f8) 
thrown [s\src\hotspot\share\interpreter\linkResolver.cpp, line 759]
Event: 0.596 Thread 0x0000020b9bf65050 Exception <a 'java/lang/NoSuchMethodError'{0x00000000eac62828}: 'void java.lang.invoke.DirectMethodHandle$Holder.invokeSpecial(java.lang.Object, java.lang.Object, java.lang.Object)'> (0x00000000eac62828) 
thrown [s\src\hotspot\share\interpreter\linkResolver.cpp, line 759]
Event: 0.736 Thread 0x0000020b9bf65050 Exception <a 'java/lang/NoSuchMethodError'{0x00000000eb9de328}: 'java.lang.Object java.lang.invoke.DirectMethodHandle$Holder.newInvokeSpecial(java.lang.Object, int, java.lang.Object)'> (0x00000000eb9de328) 
thrown [s\src\hotspot\share\interpreter\linkResolver.cpp, line 759]
Event: 0.833 Thread 0x0000020b9bf65050 Exception <a 'java/lang/UnsatisfiedLinkError'{0x00000000ebf82118}: 'void org.eclipse.equinox.launcher.JNIBridge._update_splash()'> (0x00000000ebf82118) 
thrown [s\src\hotspot\share\prims\nativeLookup.cpp, line 543]
Event: 0.865 Thread 0x0000020bb8f37760 Exception <a 'java/lang/NoSuchMethodError'{0x00000000ec2d3580}: 'java.lang.Object java.lang.invoke.DirectMethodHandle$Holder.invokeStaticInit(java.lang.Object)'> (0x00000000ec2d3580) 
thrown [s\src\hotspot\share\interpreter\linkResolver.cpp, line 759]
Event: 0.876 Thread 0x0000020bb8f37760 Exception <a 'java/lang/NoSuchMethodError'{0x00000000ec39bab8}: 'java.lang.Object java.lang.invoke.DirectMethodHandle$Holder.newInvokeSpecial(java.lang.Object, java.lang.Object, int, java.lang.Object)'> (0x00000000ec39bab8) 
thrown [s\src\hotspot\share\interpreter\linkResolver.cpp, line 759]
Event: 0.876 Thread 0x0000020bb8f37760 Exception <a 'java/lang/NoSuchMethodError'{0x00000000ec39fda0}: 'java.lang.Object java.lang.invoke.DirectMethodHandle$Holder.invokeSpecial(java.lang.Object, java.lang.Object, java.lang.Object, int, java.lang.Object)'> (0x00000000ec39fda0) 
thrown [s\src\hotspot\share\interpreter\linkResolver.cpp, line 759]
Event: 0.906 Thread 0x0000020bb8f37760 Exception <a 'java/lang/ClassNotFoundException'{0x00000000ead5fc20}: sun/util/logging/resources/spi/loggingProvider> (0x00000000ead5fc20) 
thrown [s\src\hotspot\share\classfile\systemDictionary.cpp, line 256]
Event: 1.114 Thread 0x0000020bb8f37760 Exception <a 'java/lang/NullPointerException'{0x00000000ec325a00}> (0x00000000ec325a00) 
thrown [s\src\hotspot\share\interpreter\linkResolver.cpp, line 1350]
Event: 1.114 Thread 0x0000020bb8f37760 Exception <a 'java/lang/NullPointerException'{0x00000000ec325cd8}> (0x00000000ec325cd8) 
thrown [s\src\hotspot\share\interpreter\linkResolver.cpp, line 1350]
Event: 1.202 Thread 0x0000020bb8f37760 Exception <a 'java/io/FileNotFoundException'{0x00000000eb5f0eb0}> (0x00000000eb5f0eb0) 
thrown [s\src\hotspot\share\prims\jni.cpp, line 516]
Event: 1.256 Thread 0x0000020bb8f37760 Exception <a 'java/lang/NoSuchMethodError'{0x00000000eb998248}: 'java.lang.Object java.lang.invoke.Invokers$Holder.invokeExact_MT(java.lang.Object, java.lang.Object, java.lang.Object, java.lang.Object, java.lang.Object, java.lang.Object)'> (0x00000000eb998248) 
thrown [s\src\hotspot\share\interpreter\linkResolver.cpp, line 759]

VM Operations (20 events):
Event: 0.733 Executing VM operation: HandshakeAllThreads
Event: 0.733 Executing VM operation: HandshakeAllThreads done
Event: 0.769 Executing VM operation: ICBufferFull
Event: 0.769 Executing VM operation: ICBufferFull done
Event: 0.860 Executing VM operation: HandshakeAllThreads
Event: 0.860 Executing VM operation: HandshakeAllThreads done
Event: 0.881 Executing VM operation: ParallelGCFailedAllocation
Event: 0.885 Executing VM operation: ParallelGCFailedAllocation done
Event: 0.895 Executing VM operation: HandshakeAllThreads
Event: 0.895 Executing VM operation: HandshakeAllThreads done
Event: 0.914 Executing VM operation: HandshakeAllThreads
Event: 0.914 Executing VM operation: HandshakeAllThreads done
Event: 0.921 Executing VM operation: HandshakeAllThreads
Event: 0.921 Executing VM operation: HandshakeAllThreads done
Event: 0.928 Executing VM operation: HandshakeAllThreads
Event: 0.929 Executing VM operation: HandshakeAllThreads done
Event: 1.113 Executing VM operation: HandshakeAllThreads
Event: 1.113 Executing VM operation: HandshakeAllThreads done
Event: 1.124 Executing VM operation: ParallelGCFailedAllocation
Event: 1.128 Executing VM operation: ParallelGCFailedAllocation done

Events (20 events):
Event: 1.154 loading class java/util/TimerThread done
Event: 1.154 loading class java/util/Timer$ThreadReaper
Event: 1.154 loading class java/util/Timer$ThreadReaper done
Event: 1.154 Thread 0x0000020bb979b1c0 Thread added: 0x0000020bb979b1c0
Event: 1.160 loading class java/util/concurrent/locks/ReentrantLock$FairSync
Event: 1.160 loading class java/util/concurrent/locks/ReentrantLock$FairSync done
Event: 1.160 loading class java/util/Collections$ReverseComparator
Event: 1.161 loading class java/util/Collections$ReverseComparator done
Event: 1.182 loading class java/lang/CloneNotSupportedException
Event: 1.183 loading class java/lang/CloneNotSupportedException done
Event: 1.191 loading class java/util/TreeMap$Values
Event: 1.191 loading class java/util/TreeMap$Values done
Event: 1.191 loading class java/util/TreeMap$ValueIterator
Event: 1.191 loading class java/util/TreeMap$ValueIterator done
Event: 1.227 loading class java/lang/Process
Event: 1.227 loading class java/lang/Process done
Event: 1.256 loading class java/util/Comparators$NaturalOrderComparator
Event: 1.256 loading class java/util/Comparators$NaturalOrderComparator done
Event: 1.256 loading class java/util/Collections$ReverseComparator2
Event: 1.256 loading class java/util/Collections$ReverseComparator2 done


Dynamic libraries:
0x00007ff69d1f0000 - 0x00007ff69d1fe000 	c:\Users\santi\.vscode\extensions\redhat.java-1.28.1-win32-x64\jre\17.0.10-win32-x86_64\bin\java.exe
0x00007ffa58750000 - 0x00007ffa58948000 	C:\WINDOWS\SYSTEM32\ntdll.dll
0x00007ffa583d0000 - 0x00007ffa5848d000 	C:\WINDOWS\System32\KERNEL32.DLL
0x00007ffa56120000 - 0x00007ffa56416000 	C:\WINDOWS\System32\KERNELBASE.dll
0x00007ffa56690000 - 0x00007ffa56790000 	C:\WINDOWS\System32\ucrtbase.dll
0x00007ffa4e770000 - 0x00007ffa4e78b000 	c:\Users\santi\.vscode\extensions\redhat.java-1.28.1-win32-x64\jre\17.0.10-win32-x86_64\bin\VCRUNTIME140.dll
0x00007ffa4e7b0000 - 0x00007ffa4e7c7000 	c:\Users\santi\.vscode\extensions\redhat.java-1.28.1-win32-x64\jre\17.0.10-win32-x86_64\bin\jli.dll
0x00007ffa567a0000 - 0x00007ffa5693e000 	C:\WINDOWS\System32\USER32.dll
0x00007ffa4a670000 - 0x00007ffa4a90a000 	C:\WINDOWS\WinSxS\amd64_microsoft.windows.common-controls_6595b64144ccf1df_6.0.19041.3636_none_60b6a03d71f818d5\COMCTL32.dll
0x00007ffa56660000 - 0x00007ffa56682000 	C:\WINDOWS\System32\win32u.dll
0x00007ffa57290000 - 0x00007ffa572bb000 	C:\WINDOWS\System32\GDI32.dll
0x00007ffa57ac0000 - 0x00007ffa57b5e000 	C:\WINDOWS\System32\msvcrt.dll
0x00007ffa56420000 - 0x00007ffa56537000 	C:\WINDOWS\System32\gdi32full.dll
0x00007ffa55e10000 - 0x00007ffa55ead000 	C:\WINDOWS\System32\msvcp_win.dll
0x00007ffa57b60000 - 0x00007ffa57b92000 	C:\WINDOWS\System32\IMM32.DLL
0x00007ffa510a0000 - 0x00007ffa510ac000 	c:\Users\santi\.vscode\extensions\redhat.java-1.28.1-win32-x64\jre\17.0.10-win32-x86_64\bin\vcruntime140_1.dll
0x00007ff9d5eb0000 - 0x00007ff9d5f3d000 	c:\Users\santi\.vscode\extensions\redhat.java-1.28.1-win32-x64\jre\17.0.10-win32-x86_64\bin\msvcp140.dll
0x00007ff9c3fd0000 - 0x00007ff9c4c32000 	c:\Users\santi\.vscode\extensions\redhat.java-1.28.1-win32-x64\jre\17.0.10-win32-x86_64\bin\server\jvm.dll
0x00007ffa577e0000 - 0x00007ffa57893000 	C:\WINDOWS\System32\ADVAPI32.dll
0x00007ffa579c0000 - 0x00007ffa57a5f000 	C:\WINDOWS\System32\sechost.dll
0x00007ffa57470000 - 0x00007ffa57596000 	C:\WINDOWS\System32\RPCRT4.dll
0x00007ffa55eb0000 - 0x00007ffa55ed7000 	C:\WINDOWS\System32\bcrypt.dll
0x00007ffa33520000 - 0x00007ffa33529000 	C:\WINDOWS\SYSTEM32\WSOCK32.dll
0x00007ffa55320000 - 0x00007ffa5536b000 	C:\WINDOWS\SYSTEM32\POWRPROF.dll
0x00007ffa586a0000 - 0x00007ffa5870b000 	C:\WINDOWS\System32\WS2_32.dll
0x00007ffa44c70000 - 0x00007ffa44c97000 	C:\WINDOWS\SYSTEM32\WINMM.dll
0x00007ffa4c650000 - 0x00007ffa4c65a000 	C:\WINDOWS\SYSTEM32\VERSION.dll
0x00007ffa551e0000 - 0x00007ffa551f2000 	C:\WINDOWS\SYSTEM32\UMPDC.dll
0x00007ffa53ca0000 - 0x00007ffa53cb2000 	C:\WINDOWS\SYSTEM32\kernel.appcore.dll
0x00007ffa4ec70000 - 0x00007ffa4ec7a000 	c:\Users\santi\.vscode\extensions\redhat.java-1.28.1-win32-x64\jre\17.0.10-win32-x86_64\bin\jimage.dll
0x00007ffa4ad50000 - 0x00007ffa4af34000 	C:\WINDOWS\SYSTEM32\DBGHELP.DLL
0x00007ffa47570000 - 0x00007ffa475a4000 	C:\WINDOWS\SYSTEM32\dbgcore.DLL
0x00007ffa55ee0000 - 0x00007ffa55f62000 	C:\WINDOWS\System32\bcryptPrimitives.dll
0x00007ffa4e760000 - 0x00007ffa4e76e000 	c:\Users\santi\.vscode\extensions\redhat.java-1.28.1-win32-x64\jre\17.0.10-win32-x86_64\bin\instrument.dll
0x00007ffa19a60000 - 0x00007ffa19a85000 	c:\Users\santi\.vscode\extensions\redhat.java-1.28.1-win32-x64\jre\17.0.10-win32-x86_64\bin\java.dll
0x00007ffa46b00000 - 0x00007ffa46b18000 	c:\Users\santi\.vscode\extensions\redhat.java-1.28.1-win32-x64\jre\17.0.10-win32-x86_64\bin\zip.dll
0x00007ffa56940000 - 0x00007ffa57085000 	C:\WINDOWS\System32\SHELL32.dll
0x00007ffa53ea0000 - 0x00007ffa5463c000 	C:\WINDOWS\SYSTEM32\windows.storage.dll
0x00007ffa57ba0000 - 0x00007ffa57ef4000 	C:\WINDOWS\System32\combase.dll
0x00007ffa55760000 - 0x00007ffa5578e000 	C:\WINDOWS\SYSTEM32\Wldp.dll
0x00007ffa57090000 - 0x00007ffa5715d000 	C:\WINDOWS\System32\OLEAUT32.dll
0x00007ffa57160000 - 0x00007ffa5720d000 	C:\WINDOWS\System32\SHCORE.dll
0x00007ffa57a60000 - 0x00007ffa57ab5000 	C:\WINDOWS\System32\shlwapi.dll
0x00007ffa55d40000 - 0x00007ffa55d65000 	C:\WINDOWS\SYSTEM32\profapi.dll
0x00007ffa37bd0000 - 0x00007ffa37be9000 	C:\Users\santi\.vscode\extensions\redhat.java-1.28.1-win32-x64\jre\17.0.10-win32-x86_64\bin\net.dll
0x00007ffa4f6d0000 - 0x00007ffa4f7da000 	C:\WINDOWS\SYSTEM32\WINHTTP.dll
0x00007ffa55540000 - 0x00007ffa555aa000 	C:\WINDOWS\system32\mswsock.dll
0x00007ffa37560000 - 0x00007ffa37576000 	C:\Users\santi\.vscode\extensions\redhat.java-1.28.1-win32-x64\jre\17.0.10-win32-x86_64\bin\nio.dll
0x00007ffa46a60000 - 0x00007ffa46a70000 	c:\Users\santi\.vscode\extensions\redhat.java-1.28.1-win32-x64\jre\17.0.10-win32-x86_64\bin\verify.dll
0x00007ffa19a20000 - 0x00007ffa19a5e000 	C:\Users\santi\AppData\Roaming\Code\User\globalStorage\redhat.java\1.28.1\config_win\org.eclipse.equinox.launcher\org.eclipse.equinox.launcher.win32.win32.x86_64_1.2.900.v20240129-1338\eclipse_11900.dll
0x00007ffa58490000 - 0x00007ffa585bb000 	C:\WINDOWS\System32\ole32.dll

dbghelp: loaded successfully - version: 4.0.5 - missing functions: none
symbol engine: initialized successfully - sym options: 0x614 - pdb path: .;c:\Users\santi\.vscode\extensions\redhat.java-1.28.1-win32-x64\jre\17.0.10-win32-x86_64\bin;C:\WINDOWS\SYSTEM32;C:\WINDOWS\WinSxS\amd64_microsoft.windows.common-controls_6595b64144ccf1df_6.0.19041.3636_none_60b6a03d71f818d5;c:\Users\santi\.vscode\extensions\redhat.java-1.28.1-win32-x64\jre\17.0.10-win32-x86_64\bin\server;C:\Users\santi\AppData\Roaming\Code\User\globalStorage\redhat.java\1.28.1\config_win\org.eclipse.equinox.launcher\org.eclipse.equinox.launcher.win32.win32.x86_64_1.2.900.v20240129-1338

VM Arguments:
jvm_args: --add-modules=ALL-SYSTEM --add-opens=java.base/java.util=ALL-UNNAMED --add-opens=java.base/java.lang=ALL-UNNAMED --add-opens=java.base/sun.nio.fs=ALL-UNNAMED -Declipse.application=org.eclipse.jdt.ls.core.id1 -Dosgi.bundles.defaultStartLevel=4 -Declipse.product=org.eclipse.jdt.ls.core.product -Djava.import.generatesMetadataFilesAtProjectRoot=false -DDetectVMInstallationsJob.disabled=true -Dfile.encoding=utf8 -XX:+UseParallelGC -XX:GCTimeRatio=4 -XX:AdaptiveSizePolicyWeight=90 -Dsun.zip.disableMemoryMapping=true -Xmx1G -Xms100m -Xlog:disable -javaagent:c:\Users\santi\.vscode\extensions\redhat.java-1.28.1-win32-x64\lombok\lombok-1.18.31.jar -XX:+HeapDumpOnOutOfMemoryError -XX:HeapDumpPath=c:\Users\santi\AppData\Roaming\Code\User\workspaceStorage\579b4992d83981974b0bdabad3642d48\redhat.java -Daether.dependencyCollector.impl=bf 
java_command: c:\Users\santi\.vscode\extensions\redhat.java-1.28.1-win32-x64\server\plugins\org.eclipse.equinox.launcher_1.6.700.v20231214-2017.jar -configuration c:\Users\santi\AppData\Roaming\Code\User\globalStorage\redhat.java\1.28.1\config_win -data c:\Users\santi\AppData\Roaming\Code\User\workspaceStorage\579b4992d83981974b0bdabad3642d48\redhat.java\jdt_ws --stdio
java_class_path (initial): c:\Users\santi\.vscode\extensions\redhat.java-1.28.1-win32-x64\server\plugins\org.eclipse.equinox.launcher_1.6.700.v20231214-2017.jar
Launcher Type: SUN_STANDARD

[Global flags]
    uintx AdaptiveSizePolicyWeight                 = 90                                        {product} {command line}
     intx CICompilerCount                          = 4                                         {product} {ergonomic}
    uintx GCTimeRatio                              = 4                                         {product} {command line}
     bool HeapDumpOnOutOfMemoryError               = true                                   {manageable} {command line}
    ccstr HeapDumpPath                             = c:\Users\santi\AppData\Roaming\Code\User\workspaceStorage\579b4992d83981974b0bdabad3642d48\redhat.java         {manageable} {command line}
   size_t InitialHeapSize                          = 104857600                                 {product} {command line}
   size_t MaxHeapSize                              = 1073741824                                {product} {command line}
   size_t MaxNewSize                               = 357564416                                 {product} {ergonomic}
   size_t MinHeapDeltaBytes                        = 524288                                    {product} {ergonomic}
   size_t MinHeapSize                              = 104857600                                 {product} {command line}
   size_t NewSize                                  = 34603008                                  {product} {ergonomic}
    uintx NonNMethodCodeHeapSize                   = 5839372                                {pd product} {ergonomic}
    uintx NonProfiledCodeHeapSize                  = 122909434                              {pd product} {ergonomic}
   size_t OldSize                                  = 70254592                                  {product} {ergonomic}
    uintx ProfiledCodeHeapSize                     = 122909434                              {pd product} {ergonomic}
    uintx ReservedCodeCacheSize                    = 251658240                              {pd product} {ergonomic}
     bool SegmentedCodeCache                       = true                                      {product} {ergonomic}
   size_t SoftMaxHeapSize                          = 1073741824                             {manageable} {ergonomic}
     bool UseCompressedClassPointers               = true                           {product lp64_product} {ergonomic}
     bool UseCompressedOops                        = true                           {product lp64_product} {ergonomic}
     bool UseLargePagesIndividualAllocation        = false                                  {pd product} {ergonomic}
     bool UseParallelGC                            = true                                      {product} {command line}

Logging:
Log output configuration:
 #0: stdout all=off uptime,level,tags
 #1: stderr all=off uptime,level,tags

Environment Variables:
PATH=C:\app\santi\product\21c\dbhomeXE\bin;C:\Program Files\Common Files\Oracle\Java\javapath;C:\Program Files (x86)\Common Files\Oracle\Java\javapath;C:\Program Files\Microsoft\jdk-11.0.16.101-hotspot\bin;C:\Program Files\Eclipse Adoptium\jdk-17.0.8.7-hotspot\bin;C:\ProgramData\Oracle\Java\javapath;C:\WINDOWS\system32;C:\WINDOWS;C:\WINDOWS\System32\Wbem;C:\WINDOWS\System32\WindowsPowerShell\v1.0\;C:\WINDOWS\System32\OpenSSH\;C:\Program Files\NVIDIA Corporation\NVIDIA NvDLISR;C:\Program Files\Git\cmd;C:\Program Files\MATLAB\R2023b\bin;C:\Program Files\dotnet\;C:\Program Files\Azure Data Studio\bin;C:\Program Files\Docker\Docker\resources\bin;C:\Program Files\nodejs\;C:\Program Files (x86)\Microsoft SQL Server\160\DTS\Binn\;C:\Users\santi\AppData\Local\Programs\Python\Python39\Scripts\;C:\Users\santi\AppData\Local\Programs\Python\Python39\;C:\Users\santi\AppData\Local\Microsoft\WindowsApps;C:\Users\santi\AppData\Local\Programs\Microsoft VS Code\bin;C:\Users\santi\AppData\Local\GitHubDesktop\bin;C:\Program Files\Azure Data Studio\bin;C:\Users\santi\AppData\Roaming\npm
USERNAME=santi
OS=Windows_NT
PROCESSOR_IDENTIFIER=AMD64 Family 25 Model 33 Stepping 0, AuthenticAMD
TMP=C:\Users\santi\AppData\Local\Temp
TEMP=C:\Users\santi\AppData\Local\Temp



Periodic native trim disabled


---------------  S Y S T E M  ---------------

OS:
 Windows 10 , 64 bit Build 19041 (10.0.19041.3636)
OS uptime: 5 days 8:40 hours
Hyper-V role detected

CPU: total 12 (initial active 12) (12 cores per cpu, 2 threads per core) family 25 model 33 stepping 0 microcode 0x0, cx8, cmov, fxsr, ht, mmx, 3dnowpref, sse, sse2, sse3, ssse3, sse4a, sse4.1, sse4.2, popcnt, lzcnt, tsc, tscinvbit, avx, avx2, aes, erms, clmul, bmi1, bmi2, adx, sha, fma, vzeroupper, clflush, clflushopt, hv
Processor Information for all 12 processors :
  Max Mhz: 3701, Current Mhz: 3701, Mhz Limit: 3701

Memory: 4k page, system-wide physical 16274M (3898M free)
TotalPageFile size 18322M (AvailPageFile size 3M)
current process WorkingSet (physical memory assigned to process): 112M, peak: 112M
current process commit charge ("private bytes"): 228M, peak: 229M

vm_info: OpenJDK 64-Bit Server VM (17.0.10+7) for windows-amd64 JRE (17.0.10+7), built on Jan 16 2024 23:25:11 by "admin" with MS VC++ 16.10 / 16.11 (VS2019)

END.
