#
# There is insufficient memory for the Java Runtime Environment to continue.
# Native memory allocation (malloc) failed to allocate 286336 bytes for Chunk::new
# Possible reasons:
#   The system is out of physical RAM or swap space
#   The process is running with CompressedOops enabled, and the Java Heap may be blocking the growth of the native heap
# Possible solutions:
#   Reduce memory load on the system
#   Increase physical memory or swap space
#   Check if swap backing store is full
#   Decrease Java heap size (-Xmx/-Xms)
#   Decrease number of Java threads
#   Decrease Java thread stack sizes (-Xss)
#   Set larger code cache with -XX:ReservedCodeCacheSize=
#   JVM is running with Unscaled Compressed Oops mode in which the Java heap is
#     placed in the first 4GB address space. The Java Heap base address is the
#     maximum limit for the native heap growth. Please use -XX:HeapBaseMinAddress
#     to set the Java Heap base and to place the Java Heap above 4GB virtual address.
# This output file may be truncated or incomplete.
#
#  Out of Memory Error (arena.cpp:191), pid=17516, tid=20556
#
# JRE version: OpenJDK Runtime Environment Temurin-17.0.10+7 (17.0.10+7) (build 17.0.10+7)
# Java VM: OpenJDK 64-Bit Server VM Temurin-17.0.10+7 (17.0.10+7, mixed mode, tiered, compressed oops, compressed class ptrs, parallel gc, windows-amd64)
# No core dump will be written. Minidumps are not enabled by default on client versions of Windows
#

---------------  S U M M A R Y ------------

Command Line: --add-modules=ALL-SYSTEM --add-opens=java.base/java.util=ALL-UNNAMED --add-opens=java.base/java.lang=ALL-UNNAMED --add-opens=java.base/sun.nio.fs=ALL-UNNAMED -Declipse.application=org.eclipse.jdt.ls.core.id1 -Dosgi.bundles.defaultStartLevel=4 -Declipse.product=org.eclipse.jdt.ls.core.product -Djava.import.generatesMetadataFilesAtProjectRoot=false -DDetectVMInstallationsJob.disabled=true -Dfile.encoding=utf8 -XX:+UseParallelGC -XX:GCTimeRatio=4 -XX:AdaptiveSizePolicyWeight=90 -Dsun.zip.disableMemoryMapping=true -Xmx1G -Xms100m -Xlog:disable -javaagent:c:\Users\santi\.vscode\extensions\redhat.java-1.28.1-win32-x64\lombok\lombok-1.18.31.jar c:\Users\santi\.vscode\extensions\redhat.java-1.28.1-win32-x64\server\plugins\org.eclipse.equinox.launcher_1.6.700.v20231214-2017.jar -configuration c:\Users\santi\AppData\Roaming\Code\User\globalStorage\redhat.java\1.28.1\config_ss_win -data c:\Users\santi\AppData\Roaming\Code\User\workspaceStorage\579b4992d83981974b0bdabad3642d48\redhat.java\ss_ws --stdio

Host: AMD Ryzen 5 5600X 6-Core Processor             , 12 cores, 15G,  Windows 10 , 64 bit Build 19041 (10.0.19041.3636)
Time: Thu Mar  7 21:19:30 2024 Hora est. Pacífico, Sudamérica elapsed time: 0.348463 seconds (0d 0h 0m 0s)

---------------  T H R E A D  ---------------

Current thread (0x000002b5be7dd960):  JavaThread "C2 CompilerThread1" daemon [_thread_in_native, id=20556, stack(0x000000effaa00000,0x000000effab00000)]


Current CompileTask:
C2:    348  499       4       lombok.patcher.scripts.MethodLevelPatchScript::patch (21 bytes)

Stack: [0x000000effaa00000,0x000000effab00000]
Native frames: (J=compiled Java code, j=interpreted, Vv=VM code, C=native code)
V  [jvm.dll+0x67d2c9]
V  [jvm.dll+0x834afa]
V  [jvm.dll+0x8365be]
V  [jvm.dll+0x836c23]
V  [jvm.dll+0x2477ff]
V  [jvm.dll+0xac514]
V  [jvm.dll+0xacb5c]
V  [jvm.dll+0x2aed1f]
V  [jvm.dll+0x584b67]
V  [jvm.dll+0x2228a2]
V  [jvm.dll+0x222c8f]
V  [jvm.dll+0x21bdb6]
V  [jvm.dll+0x219201]
V  [jvm.dll+0x1a502d]
V  [jvm.dll+0x2290de]
V  [jvm.dll+0x2272ac]
V  [jvm.dll+0x7e9bb7]
V  [jvm.dll+0x7e3fba]
V  [jvm.dll+0x67c1b5]
C  [ucrtbase.dll+0x21bb2]
C  [KERNEL32.DLL+0x17344]
C  [ntdll.dll+0x526b1]


---------------  P R O C E S S  ---------------

Threads class SMR info:
_java_thread_list=0x000002b5be7be940, length=14, elements={
0x000002b5a203fbb0, 0x000002b5a20fb590, 0x000002b5a20fcc40, 0x000002b5bd1f9020,
0x000002b5bd1f9db0, 0x000002b5bd1fb0e0, 0x000002b5bd1acea0, 0x000002b5bd1fde30,
0x000002b5bd1feee0, 0x000002b5bd20bfe0, 0x000002b5bd3536f0, 0x000002b5bd355040,
0x000002b5be7dd960, 0x000002b5be8b8850
}

Java Threads: ( => current thread )
  0x000002b5a203fbb0 JavaThread "main" [_thread_in_vm, id=6044, stack(0x000000eff9b00000,0x000000eff9c00000)]
  0x000002b5a20fb590 JavaThread "Reference Handler" daemon [_thread_blocked, id=8904, stack(0x000000eff9e00000,0x000000eff9f00000)]
  0x000002b5a20fcc40 JavaThread "Finalizer" daemon [_thread_blocked, id=14212, stack(0x000000eff9f00000,0x000000effa000000)]
  0x000002b5bd1f9020 JavaThread "Signal Dispatcher" daemon [_thread_blocked, id=18428, stack(0x000000effa000000,0x000000effa100000)]
  0x000002b5bd1f9db0 JavaThread "Attach Listener" daemon [_thread_blocked, id=22616, stack(0x000000effa100000,0x000000effa200000)]
  0x000002b5bd1fb0e0 JavaThread "Service Thread" daemon [_thread_blocked, id=9032, stack(0x000000effa200000,0x000000effa300000)]
  0x000002b5bd1acea0 JavaThread "Monitor Deflation Thread" daemon [_thread_blocked, id=9580, stack(0x000000effa300000,0x000000effa400000)]
  0x000002b5bd1fde30 JavaThread "C2 CompilerThread0" daemon [_thread_in_native, id=18292, stack(0x000000effa400000,0x000000effa500000)]
  0x000002b5bd1feee0 JavaThread "C1 CompilerThread0" daemon [_thread_blocked, id=1232, stack(0x000000effa500000,0x000000effa600000)]
  0x000002b5bd20bfe0 JavaThread "Sweeper thread" daemon [_thread_blocked, id=3264, stack(0x000000effa600000,0x000000effa700000)]
  0x000002b5bd3536f0 JavaThread "Common-Cleaner" daemon [_thread_blocked, id=11212, stack(0x000000effa700000,0x000000effa800000)]
  0x000002b5bd355040 JavaThread "Notification Thread" daemon [_thread_blocked, id=19632, stack(0x000000effa800000,0x000000effa900000)]
=>0x000002b5be7dd960 JavaThread "C2 CompilerThread1" daemon [_thread_in_native, id=20556, stack(0x000000effaa00000,0x000000effab00000)]
  0x000002b5be8b8850 JavaThread "C2 CompilerThread2" daemon [_thread_blocked, id=1916, stack(0x000000effab00000,0x000000effac00000)]

Other Threads:
  0x000002b5a20f9bd0 VMThread "VM Thread" [stack: 0x000000eff9d00000,0x000000eff9e00000] [id=19916]
  0x000002b5be7c7fa0 WatcherThread [stack: 0x000000effa900000,0x000000effaa00000] [id=23896]
  0x000002b5a20536a0 GCTaskThread "GC Thread#0" [stack: 0x000000eff9c00000,0x000000eff9d00000] [id=24332]

Threads with active compile tasks:
C2 CompilerThread0      359  531       4       lombok.patcher.PatchScript::classMatches (41 bytes)
C2 CompilerThread1      359  499       4       lombok.patcher.scripts.MethodLevelPatchScript::patch (21 bytes)

VM state: not at safepoint (normal execution)

VM Mutex/Monitor currently owned by a thread:  ([mutex/lock_event])
[0x000002b5a203a930] Metaspace_lock - owner thread: 0x000002b5a203fbb0

Heap address: 0x00000000c0000000, size: 1024 MB, Compressed Oops mode: 32-bit

CDS archive(s) not mapped
Compressed class space mapped at: 0x0000000100000000-0x0000000140000000, reserved size: 1073741824
Narrow klass base: 0x0000000000000000, Narrow klass shift: 3, Narrow klass range: 0x140000000

GC Precious Log:
 CPUs: 12 total, 12 available
 Memory: 16274M
 Large Page Support: Disabled
 NUMA Support: Disabled
 Compressed Oops: Enabled (32-bit)
 Alignments: Space 512K, Generation 512K, Heap 2M
 Heap Min Capacity: 100M
 Heap Initial Capacity: 100M
 Heap Max Capacity: 1G
 Pre-touch: Disabled
 Parallel Workers: 10

Heap:
 PSYoungGen      total 29696K, used 11788K [0x00000000eab00000, 0x00000000ecc00000, 0x0000000100000000)
  eden space 25600K, 46% used [0x00000000eab00000,0x00000000eb683220,0x00000000ec400000)
  from space 4096K, 0% used [0x00000000ec800000,0x00000000ec800000,0x00000000ecc00000)
  to   space 4096K, 0% used [0x00000000ec400000,0x00000000ec400000,0x00000000ec800000)
 ParOldGen       total 68608K, used 0K [0x00000000c0000000, 0x00000000c4300000, 0x00000000eab00000)
  object space 68608K, 0% used [0x00000000c0000000,0x00000000c0000000,0x00000000c4300000)
 Metaspace       used 8354K, committed 8448K, reserved 1114112K
  class space    used 818K, committed 896K, reserved 1048576K

Card table byte_map: [0x000002b5b56a0000,0x000002b5b58b0000] _byte_map_base: 0x000002b5b50a0000

Marking Bits: (ParMarkBitMap*) 0x00007ff9c4b6d7d0
 Begin Bits: [0x000002b5b5a10000, 0x000002b5b6a10000)
 End Bits:   [0x000002b5b6a10000, 0x000002b5b7a10000)

Polling page: 0x000002b5a2100000

Metaspace:

Usage:
  Non-class:      7.36 MB used.
      Class:    818.45 KB used.
       Both:      8.16 MB used.

Virtual space:
  Non-class space:       64.00 MB reserved,       7.38 MB ( 12%) committed,  1 nodes.
      Class space:        1.00 GB reserved,     896.00 KB ( <1%) committed,  1 nodes.
             Both:        1.06 GB reserved,       8.25 MB ( <1%) committed. 

Chunk freelists:
   Non-Class:  8.00 MB
       Class:  15.09 MB
        Both:  23.09 MB

MaxMetaspaceSize: unlimited
CompressedClassSpaceSize: 1.00 GB
Initial GC threshold: 21.00 MB
Current GC threshold: 21.00 MB
CDS: off
MetaspaceReclaimPolicy: balanced
 - commit_granule_bytes: 65536.
 - commit_granule_words: 8192.
 - virtual_space_node_default_size: 8388608.
 - enlarge_chunks_in_place: 1.
 - new_chunks_are_fully_committed: 0.
 - uncommit_free_chunks: 1.
 - use_allocation_guard: 0.
 - handle_deallocations: 1.


Internal statistics:

num_allocs_failed_limit: 0.
num_arena_births: 10.
num_arena_deaths: 0.
num_vsnodes_births: 2.
num_vsnodes_deaths: 0.
num_space_committed: 132.
num_space_uncommitted: 0.
num_chunks_returned_to_freelist: 0.
num_chunks_taken_from_freelist: 41.
num_chunk_merges: 0.
num_chunk_splits: 23.
num_chunks_enlarged: 22.
num_inconsistent_stats: 0.

CodeHeap 'non-profiled nmethods': size=120000Kb used=185Kb max_used=185Kb free=119814Kb
 bounds [0x000002b5adf90000, 0x000002b5ae200000, 0x000002b5b54c0000]
CodeHeap 'profiled nmethods': size=120000Kb used=762Kb max_used=762Kb free=119237Kb
 bounds [0x000002b5a64c0000, 0x000002b5a6730000, 0x000002b5ad9f0000]
CodeHeap 'non-nmethods': size=5760Kb used=1128Kb max_used=1142Kb free=4631Kb
 bounds [0x000002b5ad9f0000, 0x000002b5adc60000, 0x000002b5adf90000]
 total_blobs=944 nmethods=529 adapters=330
 compilation: enabled
              stopped_count=0, restarted_count=0
 full_count=0

Compilation events (20 events):
Event: 0.342 Thread 0x000002b5bd1feee0  518       1       java.math.BigInteger::signum (5 bytes)
Event: 0.342 Thread 0x000002b5bd1feee0 nmethod 518 0x000002b5adfbb910 code [0x000002b5adfbbaa0, 0x000002b5adfbbb78]
Event: 0.342 Thread 0x000002b5bd1feee0  519       3       java.util.regex.Pattern::isSupplementary (21 bytes)
Event: 0.342 Thread 0x000002b5bd1feee0 nmethod 519 0x000002b5a657a110 code [0x000002b5a657a2c0, 0x000002b5a657a538]
Event: 0.342 Thread 0x000002b5bd1feee0  520       3       java.lang.Character::isSurrogate (18 bytes)
Event: 0.343 Thread 0x000002b5bd1feee0 nmethod 520 0x000002b5a657a610 code [0x000002b5a657a7a0, 0x000002b5a657a938]
Event: 0.343 Thread 0x000002b5bd1feee0  522   !   3       java.lang.invoke.MemberName::getMethodType (211 bytes)
Event: 0.344 Thread 0x000002b5bd1feee0 nmethod 522 0x000002b5a657aa10 code [0x000002b5a657ad00, 0x000002b5a657c1b8]
Event: 0.344 Thread 0x000002b5bd1feee0  523       3       java.util.regex.Pattern::peek (26 bytes)
Event: 0.344 Thread 0x000002b5bd1feee0 nmethod 523 0x000002b5a657c790 code [0x000002b5a657c940, 0x000002b5a657cba8]
Event: 0.345 Thread 0x000002b5bd1fde30 nmethod 500 0x000002b5adfbc010 code [0x000002b5adfbc1e0, 0x000002b5adfbc818]
Event: 0.345 Thread 0x000002b5bd1fde30  514       4       java.lang.StringLatin1::lastIndexOf (40 bytes)
Event: 0.346 Thread 0x000002b5be8b8850 nmethod 516 0x000002b5adfbcc90 code [0x000002b5adfbce00, 0x000002b5adfbd0b8]
Event: 0.346 Thread 0x000002b5be8b8850  509       4       java.lang.CharacterData::of (136 bytes)
Event: 0.346 Thread 0x000002b5be8b8850 nmethod 509 0x000002b5adfbd210 code [0x000002b5adfbd380, 0x000002b5adfbd3f8]
Event: 0.346 Thread 0x000002b5be8b8850  511       4       java.lang.CharacterDataLatin1::digit (32 bytes)
Event: 0.347 Thread 0x000002b5bd1fde30 nmethod 514 0x000002b5adfbd510 code [0x000002b5adfbd680, 0x000002b5adfbd7f8]
Event: 0.347 Thread 0x000002b5bd1fde30  515       4       java.lang.Character::digit (6 bytes)
Event: 0.347 Thread 0x000002b5be8b8850 nmethod 511 0x000002b5adfbd910 code [0x000002b5adfbdaa0, 0x000002b5adfbdb98]
Event: 0.347 Thread 0x000002b5be8b8850  506       4       java.lang.StringLatin1::newString (24 bytes)

GC Heap History (0 events):
No events

Dll operation events (8 events):
Event: 0.005 Loaded shared library c:\Users\santi\.vscode\extensions\redhat.java-1.28.1-win32-x64\jre\17.0.10-win32-x86_64\bin\java.dll
Event: 0.095 Loaded shared library c:\Users\santi\.vscode\extensions\redhat.java-1.28.1-win32-x64\jre\17.0.10-win32-x86_64\bin\zip.dll
Event: 0.097 Loaded shared library C:\Users\santi\.vscode\extensions\redhat.java-1.28.1-win32-x64\jre\17.0.10-win32-x86_64\bin\instrument.dll
Event: 0.107 Loaded shared library C:\Users\santi\.vscode\extensions\redhat.java-1.28.1-win32-x64\jre\17.0.10-win32-x86_64\bin\net.dll
Event: 0.108 Loaded shared library C:\Users\santi\.vscode\extensions\redhat.java-1.28.1-win32-x64\jre\17.0.10-win32-x86_64\bin\nio.dll
Event: 0.113 Loaded shared library C:\Users\santi\.vscode\extensions\redhat.java-1.28.1-win32-x64\jre\17.0.10-win32-x86_64\bin\zip.dll
Event: 0.125 Loaded shared library C:\Users\santi\.vscode\extensions\redhat.java-1.28.1-win32-x64\jre\17.0.10-win32-x86_64\bin\jimage.dll
Event: 0.184 Loaded shared library c:\Users\santi\.vscode\extensions\redhat.java-1.28.1-win32-x64\jre\17.0.10-win32-x86_64\bin\verify.dll

Deoptimization events (20 events):
Event: 0.284 Thread 0x000002b5a203fbb0 DEOPT PACKING pc=0x000002b5a64dc080 sp=0x000000eff9bfc910
Event: 0.284 Thread 0x000002b5a203fbb0 DEOPT UNPACKING pc=0x000002b5ada46e43 sp=0x000000eff9bfbdd0 mode 0
Event: 0.286 Thread 0x000002b5a203fbb0 DEOPT PACKING pc=0x000002b5a64dc080 sp=0x000000eff9bfa540
Event: 0.286 Thread 0x000002b5a203fbb0 DEOPT UNPACKING pc=0x000002b5ada46e43 sp=0x000000eff9bf9a00 mode 0
Event: 0.287 Thread 0x000002b5a203fbb0 DEOPT PACKING pc=0x000002b5a64dc080 sp=0x000000eff9bfa540
Event: 0.287 Thread 0x000002b5a203fbb0 DEOPT UNPACKING pc=0x000002b5ada46e43 sp=0x000000eff9bf9a00 mode 0
Event: 0.288 Thread 0x000002b5a203fbb0 DEOPT PACKING pc=0x000002b5a64dc080 sp=0x000000eff9bfb090
Event: 0.288 Thread 0x000002b5a203fbb0 DEOPT UNPACKING pc=0x000002b5ada46e43 sp=0x000000eff9bfa550 mode 0
Event: 0.304 Thread 0x000002b5a203fbb0 Uncommon trap: trap_request=0xffffff45 fr.pc=0x000002b5adf9e32c relative=0x000000000000064c
Event: 0.304 Thread 0x000002b5a203fbb0 Uncommon trap: reason=unstable_if action=reinterpret pc=0x000002b5adf9e32c method=java.util.HashMap.putVal(ILjava/lang/Object;Ljava/lang/Object;ZZ)Ljava/lang/Object; @ 181 c2
Event: 0.304 Thread 0x000002b5a203fbb0 DEOPT PACKING pc=0x000002b5adf9e32c sp=0x000000eff9bfdce0
Event: 0.304 Thread 0x000002b5a203fbb0 DEOPT UNPACKING pc=0x000002b5ada466a3 sp=0x000000eff9bfdc50 mode 2
Event: 0.330 Thread 0x000002b5a203fbb0 Uncommon trap: trap_request=0xffffff45 fr.pc=0x000002b5adfa67c0 relative=0x00000000000000c0
Event: 0.330 Thread 0x000002b5a203fbb0 Uncommon trap: reason=unstable_if action=reinterpret pc=0x000002b5adfa67c0 method=java.net.URI.match(CJJ)Z @ 45 c2
Event: 0.330 Thread 0x000002b5a203fbb0 DEOPT PACKING pc=0x000002b5adfa67c0 sp=0x000000eff9bfc960
Event: 0.330 Thread 0x000002b5a203fbb0 DEOPT UNPACKING pc=0x000002b5ada466a3 sp=0x000000eff9bfc8e8 mode 2
Event: 0.336 Thread 0x000002b5a203fbb0 Uncommon trap: trap_request=0xffffff45 fr.pc=0x000002b5adfb8f6c relative=0x000000000000060c
Event: 0.336 Thread 0x000002b5a203fbb0 Uncommon trap: reason=unstable_if action=reinterpret pc=0x000002b5adfb8f6c method=java.lang.String.replace(Ljava/lang/CharSequence;Ljava/lang/CharSequence;)Ljava/lang/String; @ 48 c2
Event: 0.336 Thread 0x000002b5a203fbb0 DEOPT PACKING pc=0x000002b5adfb8f6c sp=0x000000eff9bfc8d0
Event: 0.336 Thread 0x000002b5a203fbb0 DEOPT UNPACKING pc=0x000002b5ada466a3 sp=0x000000eff9bfc850 mode 2

Classes unloaded (0 events):
No events

Classes redefined (0 events):
No events

Internal exceptions (2 events):
Event: 0.079 Thread 0x000002b5a203fbb0 Exception <a 'java/lang/NoSuchMethodError'{0x00000000eacb4fc8}: 'void java.lang.invoke.DirectMethodHandle$Holder.invokeStatic(java.lang.Object, java.lang.Object, java.lang.Object)'> (0x00000000eacb4fc8) 
thrown [s\src\hotspot\share\interpreter\linkResolver.cpp, line 759]
Event: 0.212 Thread 0x000002b5a203fbb0 Exception <a 'java/lang/reflect/InvocationTargetException'{0x00000000eafe70f0}> (0x00000000eafe70f0) 
thrown [s\src\hotspot\share\runtime\reflection.cpp, line 1121]

VM Operations (4 events):
Event: 0.082 Executing VM operation: HandshakeAllThreads
Event: 0.082 Executing VM operation: HandshakeAllThreads done
Event: 0.140 Executing VM operation: HandshakeAllThreads
Event: 0.140 Executing VM operation: HandshakeAllThreads done

Events (20 events):
Event: 0.345 loading class java/time/zone/ZoneOffsetTransitionRule done
Event: 0.345 loading class java/time/LocalDateTime
Event: 0.345 loading class java/time/temporal/Temporal
Event: 0.345 loading class java/time/temporal/Temporal done
Event: 0.345 loading class java/time/chrono/ChronoLocalDateTime
Event: 0.345 loading class java/time/chrono/ChronoLocalDateTime done
Event: 0.345 loading class java/time/LocalDateTime done
Event: 0.345 loading class java/time/ZonedDateTime
Event: 0.346 loading class java/time/chrono/ChronoZonedDateTime
Event: 0.346 loading class java/time/chrono/ChronoZonedDateTime done
Event: 0.346 loading class java/time/ZonedDateTime done
Event: 0.346 loading class java/time/LocalDate
Event: 0.346 loading class java/time/chrono/ChronoLocalDate
Event: 0.347 loading class java/time/chrono/ChronoLocalDate done
Event: 0.347 loading class java/time/LocalDate done
Event: 0.347 loading class java/time/temporal/ChronoField
Event: 0.347 loading class java/time/temporal/TemporalField
Event: 0.347 loading class java/time/temporal/TemporalField done
Event: 0.347 loading class java/time/temporal/ChronoField done
Event: 0.347 loading class java/time/temporal/ChronoUnit


Dynamic libraries:
0x00007ff69d1f0000 - 0x00007ff69d1fe000 	c:\Users\santi\.vscode\extensions\redhat.java-1.28.1-win32-x64\jre\17.0.10-win32-x86_64\bin\java.exe
0x00007ffa58750000 - 0x00007ffa58948000 	C:\WINDOWS\SYSTEM32\ntdll.dll
0x00007ffa583d0000 - 0x00007ffa5848d000 	C:\WINDOWS\System32\KERNEL32.DLL
0x00007ffa56120000 - 0x00007ffa56416000 	C:\WINDOWS\System32\KERNELBASE.dll
0x00007ffa56690000 - 0x00007ffa56790000 	C:\WINDOWS\System32\ucrtbase.dll
0x00007ffa4e770000 - 0x00007ffa4e78b000 	c:\Users\santi\.vscode\extensions\redhat.java-1.28.1-win32-x64\jre\17.0.10-win32-x86_64\bin\VCRUNTIME140.dll
0x00007ffa4e7b0000 - 0x00007ffa4e7c7000 	c:\Users\santi\.vscode\extensions\redhat.java-1.28.1-win32-x64\jre\17.0.10-win32-x86_64\bin\jli.dll
0x00007ffa567a0000 - 0x00007ffa5693e000 	C:\WINDOWS\System32\USER32.dll
0x00007ffa56660000 - 0x00007ffa56682000 	C:\WINDOWS\System32\win32u.dll
0x00007ffa4a670000 - 0x00007ffa4a90a000 	C:\WINDOWS\WinSxS\amd64_microsoft.windows.common-controls_6595b64144ccf1df_6.0.19041.3636_none_60b6a03d71f818d5\COMCTL32.dll
0x00007ffa57290000 - 0x00007ffa572bb000 	C:\WINDOWS\System32\GDI32.dll
0x00007ffa57ac0000 - 0x00007ffa57b5e000 	C:\WINDOWS\System32\msvcrt.dll
0x00007ffa56420000 - 0x00007ffa56537000 	C:\WINDOWS\System32\gdi32full.dll
0x00007ffa55e10000 - 0x00007ffa55ead000 	C:\WINDOWS\System32\msvcp_win.dll
0x00007ffa57b60000 - 0x00007ffa57b92000 	C:\WINDOWS\System32\IMM32.DLL
0x00007ffa510a0000 - 0x00007ffa510ac000 	c:\Users\santi\.vscode\extensions\redhat.java-1.28.1-win32-x64\jre\17.0.10-win32-x86_64\bin\vcruntime140_1.dll
0x00007ff9d5eb0000 - 0x00007ff9d5f3d000 	c:\Users\santi\.vscode\extensions\redhat.java-1.28.1-win32-x64\jre\17.0.10-win32-x86_64\bin\msvcp140.dll
0x00007ff9c3fd0000 - 0x00007ff9c4c32000 	c:\Users\santi\.vscode\extensions\redhat.java-1.28.1-win32-x64\jre\17.0.10-win32-x86_64\bin\server\jvm.dll
0x00007ffa577e0000 - 0x00007ffa57893000 	C:\WINDOWS\System32\ADVAPI32.dll
0x00007ffa579c0000 - 0x00007ffa57a5f000 	C:\WINDOWS\System32\sechost.dll
0x00007ffa57470000 - 0x00007ffa57596000 	C:\WINDOWS\System32\RPCRT4.dll
0x00007ffa55eb0000 - 0x00007ffa55ed7000 	C:\WINDOWS\System32\bcrypt.dll
0x00007ffa33520000 - 0x00007ffa33529000 	C:\WINDOWS\SYSTEM32\WSOCK32.dll
0x00007ffa55320000 - 0x00007ffa5536b000 	C:\WINDOWS\SYSTEM32\POWRPROF.dll
0x00007ffa44c70000 - 0x00007ffa44c97000 	C:\WINDOWS\SYSTEM32\WINMM.dll
0x00007ffa586a0000 - 0x00007ffa5870b000 	C:\WINDOWS\System32\WS2_32.dll
0x00007ffa4c650000 - 0x00007ffa4c65a000 	C:\WINDOWS\SYSTEM32\VERSION.dll
0x00007ffa551e0000 - 0x00007ffa551f2000 	C:\WINDOWS\SYSTEM32\UMPDC.dll
0x00007ffa53ca0000 - 0x00007ffa53cb2000 	C:\WINDOWS\SYSTEM32\kernel.appcore.dll
0x00007ffa4ec70000 - 0x00007ffa4ec7a000 	c:\Users\santi\.vscode\extensions\redhat.java-1.28.1-win32-x64\jre\17.0.10-win32-x86_64\bin\jimage.dll
0x00007ffa4ad50000 - 0x00007ffa4af34000 	C:\WINDOWS\SYSTEM32\DBGHELP.DLL
0x00007ffa47570000 - 0x00007ffa475a4000 	C:\WINDOWS\SYSTEM32\dbgcore.DLL
0x00007ffa55ee0000 - 0x00007ffa55f62000 	C:\WINDOWS\System32\bcryptPrimitives.dll
0x00007ffa4e760000 - 0x00007ffa4e76e000 	c:\Users\santi\.vscode\extensions\redhat.java-1.28.1-win32-x64\jre\17.0.10-win32-x86_64\bin\instrument.dll
0x00007ffa19a60000 - 0x00007ffa19a85000 	c:\Users\santi\.vscode\extensions\redhat.java-1.28.1-win32-x64\jre\17.0.10-win32-x86_64\bin\java.dll
0x00007ffa46b00000 - 0x00007ffa46b18000 	c:\Users\santi\.vscode\extensions\redhat.java-1.28.1-win32-x64\jre\17.0.10-win32-x86_64\bin\zip.dll
0x00007ffa56940000 - 0x00007ffa57085000 	C:\WINDOWS\System32\SHELL32.dll
0x00007ffa53ea0000 - 0x00007ffa5463c000 	C:\WINDOWS\SYSTEM32\windows.storage.dll
0x00007ffa57ba0000 - 0x00007ffa57ef4000 	C:\WINDOWS\System32\combase.dll
0x00007ffa55760000 - 0x00007ffa5578e000 	C:\WINDOWS\SYSTEM32\Wldp.dll
0x00007ffa57090000 - 0x00007ffa5715d000 	C:\WINDOWS\System32\OLEAUT32.dll
0x00007ffa57160000 - 0x00007ffa5720d000 	C:\WINDOWS\System32\SHCORE.dll
0x00007ffa57a60000 - 0x00007ffa57ab5000 	C:\WINDOWS\System32\shlwapi.dll
0x00007ffa55d40000 - 0x00007ffa55d65000 	C:\WINDOWS\SYSTEM32\profapi.dll
0x00007ffa37bd0000 - 0x00007ffa37be9000 	C:\Users\santi\.vscode\extensions\redhat.java-1.28.1-win32-x64\jre\17.0.10-win32-x86_64\bin\net.dll
0x00007ffa4f6d0000 - 0x00007ffa4f7da000 	C:\WINDOWS\SYSTEM32\WINHTTP.dll
0x00007ffa55540000 - 0x00007ffa555aa000 	C:\WINDOWS\system32\mswsock.dll
0x00007ffa37560000 - 0x00007ffa37576000 	C:\Users\santi\.vscode\extensions\redhat.java-1.28.1-win32-x64\jre\17.0.10-win32-x86_64\bin\nio.dll
0x00007ffa46a60000 - 0x00007ffa46a70000 	c:\Users\santi\.vscode\extensions\redhat.java-1.28.1-win32-x64\jre\17.0.10-win32-x86_64\bin\verify.dll

dbghelp: loaded successfully - version: 4.0.5 - missing functions: none
symbol engine: initialized successfully - sym options: 0x614 - pdb path: .;c:\Users\santi\.vscode\extensions\redhat.java-1.28.1-win32-x64\jre\17.0.10-win32-x86_64\bin;C:\WINDOWS\SYSTEM32;C:\WINDOWS\WinSxS\amd64_microsoft.windows.common-controls_6595b64144ccf1df_6.0.19041.3636_none_60b6a03d71f818d5;c:\Users\santi\.vscode\extensions\redhat.java-1.28.1-win32-x64\jre\17.0.10-win32-x86_64\bin\server

VM Arguments:
jvm_args: --add-modules=ALL-SYSTEM --add-opens=java.base/java.util=ALL-UNNAMED --add-opens=java.base/java.lang=ALL-UNNAMED --add-opens=java.base/sun.nio.fs=ALL-UNNAMED -Declipse.application=org.eclipse.jdt.ls.core.id1 -Dosgi.bundles.defaultStartLevel=4 -Declipse.product=org.eclipse.jdt.ls.core.product -Djava.import.generatesMetadataFilesAtProjectRoot=false -DDetectVMInstallationsJob.disabled=true -Dfile.encoding=utf8 -XX:+UseParallelGC -XX:GCTimeRatio=4 -XX:AdaptiveSizePolicyWeight=90 -Dsun.zip.disableMemoryMapping=true -Xmx1G -Xms100m -Xlog:disable -javaagent:c:\Users\santi\.vscode\extensions\redhat.java-1.28.1-win32-x64\lombok\lombok-1.18.31.jar 
java_command: c:\Users\santi\.vscode\extensions\redhat.java-1.28.1-win32-x64\server\plugins\org.eclipse.equinox.launcher_1.6.700.v20231214-2017.jar -configuration c:\Users\santi\AppData\Roaming\Code\User\globalStorage\redhat.java\1.28.1\config_ss_win -data c:\Users\santi\AppData\Roaming\Code\User\workspaceStorage\579b4992d83981974b0bdabad3642d48\redhat.java\ss_ws --stdio
java_class_path (initial): c:\Users\santi\.vscode\extensions\redhat.java-1.28.1-win32-x64\server\plugins\org.eclipse.equinox.launcher_1.6.700.v20231214-2017.jar
Launcher Type: SUN_STANDARD

[Global flags]
    uintx AdaptiveSizePolicyWeight                 = 90                                        {product} {command line}
     intx CICompilerCount                          = 4                                         {product} {ergonomic}
    uintx GCTimeRatio                              = 4                                         {product} {command line}
   size_t InitialHeapSize                          = 104857600                                 {product} {command line}
   size_t MaxHeapSize                              = 1073741824                                {product} {command line}
   size_t MaxNewSize                               = 357564416                                 {product} {ergonomic}
   size_t MinHeapDeltaBytes                        = 524288                                    {product} {ergonomic}
   size_t MinHeapSize                              = 104857600                                 {product} {command line}
   size_t NewSize                                  = 34603008                                  {product} {ergonomic}
    uintx NonNMethodCodeHeapSize                   = 5839372                                {pd product} {ergonomic}
    uintx NonProfiledCodeHeapSize                  = 122909434                              {pd product} {ergonomic}
   size_t OldSize                                  = 70254592                                  {product} {ergonomic}
    uintx ProfiledCodeHeapSize                     = 122909434                              {pd product} {ergonomic}
    uintx ReservedCodeCacheSize                    = 251658240                              {pd product} {ergonomic}
     bool SegmentedCodeCache                       = true                                      {product} {ergonomic}
   size_t SoftMaxHeapSize                          = 1073741824                             {manageable} {ergonomic}
     bool UseCompressedClassPointers               = true                           {product lp64_product} {ergonomic}
     bool UseCompressedOops                        = true                           {product lp64_product} {ergonomic}
     bool UseLargePagesIndividualAllocation        = false                                  {pd product} {ergonomic}
     bool UseParallelGC                            = true                                      {product} {command line}

Logging:
Log output configuration:
 #0: stdout all=off uptime,level,tags
 #1: stderr all=off uptime,level,tags

Environment Variables:
PATH=C:\app\santi\product\21c\dbhomeXE\bin;C:\Program Files\Common Files\Oracle\Java\javapath;C:\Program Files (x86)\Common Files\Oracle\Java\javapath;C:\Program Files\Microsoft\jdk-11.0.16.101-hotspot\bin;C:\Program Files\Eclipse Adoptium\jdk-17.0.8.7-hotspot\bin;C:\ProgramData\Oracle\Java\javapath;C:\WINDOWS\system32;C:\WINDOWS;C:\WINDOWS\System32\Wbem;C:\WINDOWS\System32\WindowsPowerShell\v1.0\;C:\WINDOWS\System32\OpenSSH\;C:\Program Files\NVIDIA Corporation\NVIDIA NvDLISR;C:\Program Files\Git\cmd;C:\Program Files\MATLAB\R2023b\bin;C:\Program Files\dotnet\;C:\Program Files\Azure Data Studio\bin;C:\Program Files\Docker\Docker\resources\bin;C:\Program Files\nodejs\;C:\Program Files (x86)\Microsoft SQL Server\160\DTS\Binn\;C:\Users\santi\AppData\Local\Programs\Python\Python39\Scripts\;C:\Users\santi\AppData\Local\Programs\Python\Python39\;C:\Users\santi\AppData\Local\Microsoft\WindowsApps;C:\Users\santi\AppData\Local\Programs\Microsoft VS Code\bin;C:\Users\santi\AppData\Local\GitHubDesktop\bin;C:\Program Files\Azure Data Studio\bin;C:\Users\santi\AppData\Roaming\npm
USERNAME=santi
OS=Windows_NT
PROCESSOR_IDENTIFIER=AMD64 Family 25 Model 33 Stepping 0, AuthenticAMD
TMP=C:\Users\santi\AppData\Local\Temp
TEMP=C:\Users\santi\AppData\Local\Temp



Periodic native trim disabled


---------------  S Y S T E M  ---------------

OS:
 Windows 10 , 64 bit Build 19041 (10.0.19041.3636)
OS uptime: 5 days 8:41 hours
Hyper-V role detected

CPU: total 12 (initial active 12) (12 cores per cpu, 2 threads per core) family 25 model 33 stepping 0 microcode 0x0, cx8, cmov, fxsr, ht, mmx, 3dnowpref, sse, sse2, sse3, ssse3, sse4a, sse4.1, sse4.2, popcnt, lzcnt, tsc, tscinvbit, avx, avx2, aes, erms, clmul, bmi1, bmi2, adx, sha, fma, vzeroupper, clflush, clflushopt, hv
Processor Information for all 12 processors :
  Max Mhz: 3701, Current Mhz: 3701, Mhz Limit: 3701

Memory: 4k page, system-wide physical 16274M (3552M free)
TotalPageFile size 18322M (AvailPageFile size 5M)
current process WorkingSet (physical memory assigned to process): 52M, peak: 52M
current process commit charge ("private bytes"): 201M, peak: 201M

vm_info: OpenJDK 64-Bit Server VM (17.0.10+7) for windows-amd64 JRE (17.0.10+7), built on Jan 16 2024 23:25:11 by "admin" with MS VC++ 16.10 / 16.11 (VS2019)

END.
