#
# There is insufficient memory for the Java Runtime Environment to continue.
# Native memory allocation (mmap) failed to map 65536 bytes for Failed to commit metaspace.
# Possible reasons:
#   The system is out of physical RAM or swap space
#   The process is running with CompressedOops enabled, and the Java Heap may be blocking the growth of the native heap
# Possible solutions:
#   Reduce memory load on the system
#   Increase physical memory or swap space
#   Check if swap backing store is full
#   Decrease Java heap size (-Xmx/-Xms)
#   Decrease number of Java threads
#   Decrease Java thread stack sizes (-Xss)
#   Set larger code cache with -XX:ReservedCodeCacheSize=
#   JVM is running with Unscaled Compressed Oops mode in which the Java heap is
#     placed in the first 4GB address space. The Java Heap base address is the
#     maximum limit for the native heap growth. Please use -XX:HeapBaseMinAddress
#     to set the Java Heap base and to place the Java Heap above 4GB virtual address.
# This output file may be truncated or incomplete.
#
#  Out of Memory Error (virtualSpaceNode.cpp:110), pid=22824, tid=2560
#
# JRE version: OpenJDK Runtime Environment Temurin-17.0.10+7 (17.0.10+7) (build 17.0.10+7)
# Java VM: OpenJDK 64-Bit Server VM Temurin-17.0.10+7 (17.0.10+7, mixed mode, tiered, compressed oops, compressed class ptrs, parallel gc, windows-amd64)
# No core dump will be written. Minidumps are not enabled by default on client versions of Windows
#

---------------  S U M M A R Y ------------

Command Line: --add-modules=ALL-SYSTEM --add-opens=java.base/java.util=ALL-UNNAMED --add-opens=java.base/java.lang=ALL-UNNAMED --add-opens=java.base/sun.nio.fs=ALL-UNNAMED -Declipse.application=org.eclipse.jdt.ls.core.id1 -Dosgi.bundles.defaultStartLevel=4 -Declipse.product=org.eclipse.jdt.ls.core.product -Djava.import.generatesMetadataFilesAtProjectRoot=false -DDetectVMInstallationsJob.disabled=true -Dfile.encoding=utf8 -XX:+UseParallelGC -XX:GCTimeRatio=4 -XX:AdaptiveSizePolicyWeight=90 -Dsun.zip.disableMemoryMapping=true -Xmx1G -Xms100m -Xlog:disable -javaagent:c:\Users\santi\.vscode\extensions\redhat.java-1.28.1-win32-x64\lombok\lombok-1.18.31.jar -XX:+HeapDumpOnOutOfMemoryError -XX:HeapDumpPath=c:\Users\santi\AppData\Roaming\Code\User\workspaceStorage\579b4992d83981974b0bdabad3642d48\redhat.java -Daether.dependencyCollector.impl=bf c:\Users\santi\.vscode\extensions\redhat.java-1.28.1-win32-x64\server\plugins\org.eclipse.equinox.launcher_1.6.700.v20231214-2017.jar -configuration c:\Users\santi\AppData\Roaming\Code\User\globalStorage\redhat.java\1.28.1\config_win -data c:\Users\santi\AppData\Roaming\Code\User\workspaceStorage\579b4992d83981974b0bdabad3642d48\redhat.java\jdt_ws --stdio

Host: AMD Ryzen 5 5600X 6-Core Processor             , 12 cores, 15G,  Windows 10 , 64 bit Build 19041 (10.0.19041.3636)
Time: Thu Mar  7 21:19:29 2024 Hora est. Pacífico, Sudamérica elapsed time: 0.325556 seconds (0d 0h 0m 0s)

---------------  T H R E A D  ---------------

Current thread (0x0000026092fb2710):  JavaThread "main" [_thread_in_vm, id=2560, stack(0x0000009278400000,0x0000009278500000)]

Stack: [0x0000009278400000,0x0000009278500000]
Native frames: (J=compiled Java code, j=interpreted, Vv=VM code, C=native code)
V  [jvm.dll+0x67d2c9]
V  [jvm.dll+0x834afa]
V  [jvm.dll+0x8365be]
V  [jvm.dll+0x836c23]
V  [jvm.dll+0x2477ff]
V  [jvm.dll+0x8307bb]
V  [jvm.dll+0x621d16]
V  [jvm.dll+0x621d7a]
V  [jvm.dll+0x6245aa]
V  [jvm.dll+0x6226b6]
V  [jvm.dll+0x23d160]
V  [jvm.dll+0x1ec25b]
V  [jvm.dll+0x1e1c01]
V  [jvm.dll+0x5427ce]
V  [jvm.dll+0x1f2647]
V  [jvm.dll+0x7adf9b]
V  [jvm.dll+0x7af36c]
V  [jvm.dll+0x7af6b8]
V  [jvm.dll+0x23face]
V  [jvm.dll+0x38260e]
C  0x000002609e99ae1b

The last pc belongs to new (printed below).
Java frames: (J=compiled Java code, j=interpreted, Vv=VM code)
j  sun.security.x509.X509CertInfo.parse(Lsun/security/util/DerValue;)V+88 java.base@17.0.10
j  sun.security.x509.X509CertInfo.<init>(Lsun/security/util/DerValue;)V+67 java.base@17.0.10
j  sun.security.x509.X509CertImpl.parse(Lsun/security/util/DerValue;)V+228 java.base@17.0.10
j  sun.security.x509.X509CertImpl.<init>([B)V+50 java.base@17.0.10
j  sun.security.provider.X509Factory.engineGenerateCertificate(Ljava/io/InputStream;)Ljava/security/cert/Certificate;+54 java.base@17.0.10
j  java.security.cert.CertificateFactory.generateCertificate(Ljava/io/InputStream;)Ljava/security/cert/Certificate;+5 java.base@17.0.10
j  sun.security.pkcs.PKCS7.parseSignedData(Lsun/security/util/DerValue;)V+264 java.base@17.0.10
j  sun.security.pkcs.PKCS7.parse(Lsun/security/util/DerInputStream;Z)V+40 java.base@17.0.10
j  sun.security.pkcs.PKCS7.parse(Lsun/security/util/DerInputStream;)V+11 java.base@17.0.10
j  sun.security.pkcs.PKCS7.<init>([B)V+50 java.base@17.0.10
j  sun.security.util.SignatureFileVerifier.<init>(Ljava/util/ArrayList;Lsun/security/util/ManifestDigester;Ljava/lang/String;[B)V+40 java.base@17.0.10
j  java.util.jar.JarVerifier.processEntry(Lsun/security/util/ManifestEntryVerifier;)V+322 java.base@17.0.10
j  java.util.jar.JarVerifier.update(I[BIILsun/security/util/ManifestEntryVerifier;)V+39 java.base@17.0.10
j  java.util.jar.JarFile.initializeVerifier()V+163 java.base@17.0.10
j  java.util.jar.JarFile.ensureInitialization()V+41 java.base@17.0.10
j  java.util.jar.JavaUtilJarAccessImpl.ensureInitialization(Ljava/util/jar/JarFile;)V+1 java.base@17.0.10
j  jdk.internal.loader.URLClassPath$JarLoader$2.getManifest()Ljava/util/jar/Manifest;+10 java.base@17.0.10
j  jdk.internal.loader.BuiltinClassLoader.defineClass(Ljava/lang/String;Ljdk/internal/loader/Resource;)Ljava/lang/Class;+29 java.base@17.0.10
j  jdk.internal.loader.BuiltinClassLoader.findClassOnClassPathOrNull(Ljava/lang/String;)Ljava/lang/Class;+37 java.base@17.0.10
j  jdk.internal.loader.BuiltinClassLoader.loadClassOrNull(Ljava/lang/String;Z)Ljava/lang/Class;+111 java.base@17.0.10
j  jdk.internal.loader.BuiltinClassLoader.loadClass(Ljava/lang/String;Z)Ljava/lang/Class;+3 java.base@17.0.10
j  jdk.internal.loader.ClassLoaders$AppClassLoader.loadClass(Ljava/lang/String;Z)Ljava/lang/Class;+36 java.base@17.0.10
j  java.lang.ClassLoader.loadClass(Ljava/lang/String;)Ljava/lang/Class;+3 java.base@17.0.10
v  ~StubRoutines::call_stub
j  java.lang.Class.forName0(Ljava/lang/String;ZLjava/lang/ClassLoader;Ljava/lang/Class;)Ljava/lang/Class;+0 java.base@17.0.10
j  java.lang.Class.forName(Ljava/lang/String;ZLjava/lang/ClassLoader;)Ljava/lang/Class;+43 java.base@17.0.10
j  sun.launcher.LauncherHelper.loadMainClass(ILjava/lang/String;)Ljava/lang/Class;+95 java.base@17.0.10
j  sun.launcher.LauncherHelper.checkAndLoadMain(ZILjava/lang/String;)Ljava/lang/Class;+42 java.base@17.0.10
v  ~StubRoutines::call_stub
new  187 new  [0x000002609e99ac80, 0x000002609e99aea0]  544 bytes
[MachCode]
  0x000002609e99ac80: 4883 ec08 | c5fa 1104 | 24eb 1f48 | 83ec 10c5 | fb11 0424 | eb14 4883 | ec10 4889 | 0424 48c7 
  0x000002609e99aca0: 4424 0800 | 0000 00eb | 0150 410f | b755 010f | cac1 ea10 | 488b 4de8 | 488b 4908 | 488b 4908 
  0x000002609e99acc0: 488b 4108 | 807c 1004 | 070f 85d6 | 0000 0066 | 8b54 d148 | 488b 4928 | 488b 4cd1 | 0851 80b9 
  0x000002609e99ace0: 3301 0000 | 040f 85b9 | 0000 008b | 5108 f7c2 | 0100 0000 | 0f85 aa00 | 0000 498b | 8708 0100 
  0x000002609e99ad00: 0048 8d1c | 1049 3b9f | 1801 0000 | 0f87 9200 | 0000 4989 | 9f08 0100 | 00e9 0000 | 0000 4883 
  0x000002609e99ad20: ea10 0f84 | 0f00 0000 | 33c9 c1ea | 0348 894c | d008 48ff | ca75 f648 | c700 0100 | 0000 5933 
  0x000002609e99ad40: f689 700c | 48c1 e903 | 8948 0849 | ba7a 35b5 | c4f9 7f00 | 0041 803a | 000f 8440 | 0000 0050 
  0x000002609e99ad60: 488b c848 | 83ec 20f7 | c40f 0000 | 000f 841a | 0000 0048 | 83ec 0849 | ba20 306b | c4f9 7f00 
  0x000002609e99ad80: 0041 ffd2 | 4883 c408 | e90d 0000 | 0049 ba20 | 306b c4f9 | 7f00 0041 | ffd2 4883 | c420 58e9 
  0x000002609e99ada0: cd00 0000 | 5948 8b55 | e848 8b52 | 0848 8b52 | 0845 0fb7 | 4501 410f | c841 c1e8 | 10e8 0500 
  0x000002609e99adc0: 0000 e9aa | 0000 0048 | 8d44 2408 | 4c89 6dc0 | 498b cfc5 | f877 4989 | afa8 0200 | 0049 8987 
  0x000002609e99ade0: 9802 0000 | 4883 ec20 | f7c4 0f00 | 0000 0f84 | 1a00 0000 | 4883 ec08 | 49ba c025 | 35c4 f97f 
  0x000002609e99ae00: 0000 41ff | d248 83c4 | 08e9 0d00 | 0000 49ba | c025 35c4 | f97f 0000 | 41ff d248 | 83c4 2049 
  0x000002609e99ae20: c787 9802 | 0000 0000 | 0000 49c7 | 87a8 0200 | 0000 0000 | 0049 c787 | a002 0000 | 0000 0000 
  0x000002609e99ae40: c5f8 7749 | 817f 0800 | 0000 000f | 8405 0000 | 00e9 aa60 | feff 498b | 87f0 0200 | 0049 c787 
  0x000002609e99ae60: f002 0000 | 0000 0000 | 4c8b 6dc0 | 4c8b 75c8 | c341 0fb6 | 5d03 4983 | c503 49ba | 90a1 b7c4 
  0x000002609e99ae80: f97f 0000 | 41ff 24da | 0000 0000 | 0000 0000 | 0000 0000 | 0000 0000 | 0000 0000 | 0000 0000 
[/MachCode]

---------------  P R O C E S S  ---------------

Threads class SMR info:
_java_thread_list=0x00000260af680de0, length=13, elements={
0x0000026092fb2710, 0x00000260a8d93750, 0x00000260a8d95310, 0x00000260a8d99250,
0x00000260a8d99fe0, 0x00000260a8d9b510, 0x00000260ade977a0, 0x00000260ade9f800,
0x00000260adea08b0, 0x00000260adea3d70, 0x00000260a8c7c3d0, 0x00000260ae074a00,
0x00000260af67f440
}

Java Threads: ( => current thread )
=>0x0000026092fb2710 JavaThread "main" [_thread_in_vm, id=2560, stack(0x0000009278400000,0x0000009278500000)]
  0x00000260a8d93750 JavaThread "Reference Handler" daemon [_thread_blocked, id=15416, stack(0x0000009278700000,0x0000009278800000)]
  0x00000260a8d95310 JavaThread "Finalizer" daemon [_thread_blocked, id=5264, stack(0x0000009278800000,0x0000009278900000)]
  0x00000260a8d99250 JavaThread "Signal Dispatcher" daemon [_thread_blocked, id=8704, stack(0x0000009278900000,0x0000009278a00000)]
  0x00000260a8d99fe0 JavaThread "Attach Listener" daemon [_thread_blocked, id=25668, stack(0x0000009278a00000,0x0000009278b00000)]
  0x00000260a8d9b510 JavaThread "Service Thread" daemon [_thread_blocked, id=22100, stack(0x0000009278b00000,0x0000009278c00000)]
  0x00000260ade977a0 JavaThread "Monitor Deflation Thread" daemon [_thread_blocked, id=12744, stack(0x0000009278c00000,0x0000009278d00000)]
  0x00000260ade9f800 JavaThread "C2 CompilerThread0" daemon [_thread_blocked, id=27292, stack(0x0000009278d00000,0x0000009278e00000)]
  0x00000260adea08b0 JavaThread "C1 CompilerThread0" daemon [_thread_in_vm, id=23872, stack(0x0000009278e00000,0x0000009278f00000)]
  0x00000260adea3d70 JavaThread "Sweeper thread" daemon [_thread_blocked, id=21292, stack(0x0000009278f00000,0x0000009279000000)]
  0x00000260a8c7c3d0 JavaThread "Common-Cleaner" daemon [_thread_blocked, id=14832, stack(0x0000009279000000,0x0000009279100000)]
  0x00000260ae074a00 JavaThread "C2 CompilerThread1" daemon [_thread_blocked, id=11600, stack(0x0000009279100000,0x0000009279200000)]
  0x00000260af67f440 JavaThread "Notification Thread" daemon [_thread_blocked, id=8264, stack(0x0000009279200000,0x0000009279300000)]

Other Threads:
  0x00000260ade74870 VMThread "VM Thread" [stack: 0x0000009278600000,0x0000009278700000] [id=3488]
  0x00000260af64a1d0 WatcherThread [stack: 0x0000009279300000,0x0000009279400000] [id=9964]
  0x0000026092fcc3f0 GCTaskThread "GC Thread#0" [stack: 0x0000009278500000,0x0000009278600000] [id=21268]

Threads with active compile tasks:
C1 CompilerThread0      338  473   !   3       lombok.patcher.ScriptManager$OurClassFileTransformer::transform (364 bytes)

VM state: not at safepoint (normal execution)

VM Mutex/Monitor currently owned by a thread:  ([mutex/lock_event])
[0x0000026092e0e3f0] Metaspace_lock - owner thread: 0x0000026092fb2710
[0x0000026092fae8a0] MethodData_lock - owner thread: 0x00000260adea08b0

Heap address: 0x00000000c0000000, size: 1024 MB, Compressed Oops mode: 32-bit

CDS archive(s) not mapped
Compressed class space mapped at: 0x0000000100000000-0x0000000140000000, reserved size: 1073741824
Narrow klass base: 0x0000000000000000, Narrow klass shift: 3, Narrow klass range: 0x140000000

GC Precious Log:
 CPUs: 12 total, 12 available
 Memory: 16274M
 Large Page Support: Disabled
 NUMA Support: Disabled
 Compressed Oops: Enabled (32-bit)
 Alignments: Space 512K, Generation 512K, Heap 2M
 Heap Min Capacity: 100M
 Heap Initial Capacity: 100M
 Heap Max Capacity: 1G
 Pre-touch: Disabled
 Parallel Workers: 10

Heap:
 PSYoungGen      total 29696K, used 9549K [0x00000000eab00000, 0x00000000ecc00000, 0x0000000100000000)
  eden space 25600K, 37% used [0x00000000eab00000,0x00000000eb4537b8,0x00000000ec400000)
  from space 4096K, 0% used [0x00000000ec800000,0x00000000ec800000,0x00000000ecc00000)
  to   space 4096K, 0% used [0x00000000ec400000,0x00000000ec400000,0x00000000ec800000)
 ParOldGen       total 68608K, used 0K [0x00000000c0000000, 0x00000000c4300000, 0x00000000eab00000)
  object space 68608K, 0% used [0x00000000c0000000,0x00000000c0000000,0x00000000c4300000)
 Metaspace       used 6996K, committed 7104K, reserved 1114112K
  class space    used 680K, committed 768K, reserved 1048576K

Card table byte_map: [0x00000260a6630000,0x00000260a6840000] _byte_map_base: 0x00000260a6030000

Marking Bits: (ParMarkBitMap*) 0x00007ff9c4b6d7d0
 Begin Bits: [0x00000260a69a0000, 0x00000260a79a0000)
 End Bits:   [0x00000260a79a0000, 0x00000260a89a0000)

Polling page: 0x0000026092de0000

Metaspace:

Usage:
  Non-class:      6.17 MB used.
      Class:    680.15 KB used.
       Both:      6.83 MB used.

Virtual space:
  Non-class space:       64.00 MB reserved,       6.19 MB ( 10%) committed,  1 nodes.
      Class space:        1.00 GB reserved,     768.00 KB ( <1%) committed,  1 nodes.
             Both:        1.06 GB reserved,       6.94 MB ( <1%) committed. 

Chunk freelists:
   Non-Class:  9.00 MB
       Class:  15.21 MB
        Both:  24.21 MB

MaxMetaspaceSize: unlimited
CompressedClassSpaceSize: 1.00 GB
Initial GC threshold: 21.00 MB
Current GC threshold: 21.00 MB
CDS: off
MetaspaceReclaimPolicy: balanced
 - commit_granule_bytes: 65536.
 - commit_granule_words: 8192.
 - virtual_space_node_default_size: 8388608.
 - enlarge_chunks_in_place: 1.
 - new_chunks_are_fully_committed: 0.
 - uncommit_free_chunks: 1.
 - use_allocation_guard: 0.
 - handle_deallocations: 1.


Internal statistics:

num_allocs_failed_limit: 0.
num_arena_births: 10.
num_arena_deaths: 0.
num_vsnodes_births: 2.
num_vsnodes_deaths: 0.
num_space_committed: 111.
num_space_uncommitted: 0.
num_chunks_returned_to_freelist: 0.
num_chunks_taken_from_freelist: 40.
num_chunk_merges: 0.
num_chunk_splits: 23.
num_chunks_enlarged: 21.
num_inconsistent_stats: 0.

CodeHeap 'non-profiled nmethods': size=120000Kb used=149Kb max_used=149Kb free=119851Kb
 bounds [0x000002609ef20000, 0x000002609f190000, 0x00000260a6450000]
CodeHeap 'profiled nmethods': size=120000Kb used=651Kb max_used=651Kb free=119348Kb
 bounds [0x0000026097450000, 0x00000260976c0000, 0x000002609e980000]
CodeHeap 'non-nmethods': size=5760Kb used=1104Kb max_used=1123Kb free=4656Kb
 bounds [0x000002609e980000, 0x000002609ebf0000, 0x000002609ef20000]
 total_blobs=857 nmethods=472 adapters=300
 compilation: enabled
              stopped_count=0, restarted_count=0
 full_count=0

Compilation events (20 events):
Event: 0.323 Thread 0x00000260adea08b0 nmethod 463 0x00000260974ee510 code [0x00000260974ee9a0, 0x00000260974f0758]
Event: 0.323 Thread 0x00000260adea08b0  464       3       java.lang.Integer::parseInt (7 bytes)
Event: 0.323 Thread 0x00000260adea08b0 nmethod 464 0x00000260974f1390 code [0x00000260974f1520, 0x00000260974f1648]
Event: 0.323 Thread 0x00000260adea08b0  465       3       sun.security.util.ObjectIdentifier::checkOidSize (86 bytes)
Event: 0.323 Thread 0x00000260ae074a00  471       4       java.util.ArrayList$Itr::hasNext (20 bytes)
Event: 0.323 Thread 0x00000260adea08b0 nmethod 465 0x00000260974f1710 code [0x00000260974f1a20, 0x00000260974f27a8]
Event: 0.323 Thread 0x00000260adea08b0  466       1       sun.instrument.TransformerManager::getSnapshotTransformerList (5 bytes)
Event: 0.323 Thread 0x00000260ae074a00 nmethod 471 0x000002609ef43f10 code [0x000002609ef44080, 0x000002609ef44118]
Event: 0.323 Thread 0x00000260adea08b0 nmethod 466 0x000002609ef44210 code [0x000002609ef443a0, 0x000002609ef44478]
Event: 0.323 Thread 0x00000260adea08b0  467       1       sun.instrument.TransformerManager$TransformerInfo::transformer (5 bytes)
Event: 0.324 Thread 0x00000260adea08b0 nmethod 467 0x000002609ef44510 code [0x000002609ef446a0, 0x000002609ef44778]
Event: 0.324 Thread 0x00000260adea08b0  468       1       lombok.patcher.ScriptManager::access$0 (5 bytes)
Event: 0.324 Thread 0x00000260adea08b0 nmethod 468 0x000002609ef44810 code [0x000002609ef449a0, 0x000002609ef44a58]
Event: 0.324 Thread 0x00000260adea08b0  469       1       lombok.patcher.ScriptManager::access$2 (5 bytes)
Event: 0.324 Thread 0x00000260adea08b0 nmethod 469 0x000002609ef44b10 code [0x000002609ef44ca0, 0x000002609ef44d58]
Event: 0.324 Thread 0x00000260ae074a00  472       4       java.util.Collections$UnmodifiableCollection$1::hasNext (10 bytes)
Event: 0.324 Thread 0x00000260adea08b0  470       1       lombok.patcher.ScriptManager::access$1 (5 bytes)
Event: 0.324 Thread 0x00000260adea08b0 nmethod 470 0x000002609ef44e10 code [0x000002609ef44fa0, 0x000002609ef45058]
Event: 0.324 Thread 0x00000260ae074a00 nmethod 472 0x000002609ef45110 code [0x000002609ef452a0, 0x000002609ef45358]
Event: 0.324 Thread 0x00000260adea08b0  473   !   3       lombok.patcher.ScriptManager$OurClassFileTransformer::transform (364 bytes)

GC Heap History (0 events):
No events

Dll operation events (8 events):
Event: 0.006 Loaded shared library c:\Users\santi\.vscode\extensions\redhat.java-1.28.1-win32-x64\jre\17.0.10-win32-x86_64\bin\java.dll
Event: 0.102 Loaded shared library c:\Users\santi\.vscode\extensions\redhat.java-1.28.1-win32-x64\jre\17.0.10-win32-x86_64\bin\zip.dll
Event: 0.104 Loaded shared library C:\Users\santi\.vscode\extensions\redhat.java-1.28.1-win32-x64\jre\17.0.10-win32-x86_64\bin\instrument.dll
Event: 0.112 Loaded shared library C:\Users\santi\.vscode\extensions\redhat.java-1.28.1-win32-x64\jre\17.0.10-win32-x86_64\bin\net.dll
Event: 0.113 Loaded shared library C:\Users\santi\.vscode\extensions\redhat.java-1.28.1-win32-x64\jre\17.0.10-win32-x86_64\bin\nio.dll
Event: 0.118 Loaded shared library C:\Users\santi\.vscode\extensions\redhat.java-1.28.1-win32-x64\jre\17.0.10-win32-x86_64\bin\zip.dll
Event: 0.128 Loaded shared library C:\Users\santi\.vscode\extensions\redhat.java-1.28.1-win32-x64\jre\17.0.10-win32-x86_64\bin\jimage.dll
Event: 0.175 Loaded shared library c:\Users\santi\.vscode\extensions\redhat.java-1.28.1-win32-x64\jre\17.0.10-win32-x86_64\bin\verify.dll

Deoptimization events (14 events):
Event: 0.170 Thread 0x0000026092fb2710 DEOPT PACKING pc=0x000002609749b0a2 sp=0x00000092784f9110
Event: 0.170 Thread 0x0000026092fb2710 DEOPT UNPACKING pc=0x000002609e9d6e43 sp=0x00000092784f8570 mode 0
Event: 0.285 Thread 0x0000026092fb2710 Uncommon trap: trap_request=0xffffff45 fr.pc=0x000002609ef2de3c relative=0x00000000000004dc
Event: 0.285 Thread 0x0000026092fb2710 Uncommon trap: reason=unstable_if action=reinterpret pc=0x000002609ef2de3c method=java.util.HashMap.putVal(ILjava/lang/Object;Ljava/lang/Object;ZZ)Ljava/lang/Object; @ 69 c2
Event: 0.285 Thread 0x0000026092fb2710 DEOPT PACKING pc=0x000002609ef2de3c sp=0x00000092784fd3b0
Event: 0.285 Thread 0x0000026092fb2710 DEOPT UNPACKING pc=0x000002609e9d66a3 sp=0x00000092784fd330 mode 2
Event: 0.298 Thread 0x0000026092fb2710 Uncommon trap: trap_request=0xffffff45 fr.pc=0x000002609ef2a8dc relative=0x000000000000005c
Event: 0.298 Thread 0x0000026092fb2710 Uncommon trap: reason=unstable_if action=reinterpret pc=0x000002609ef2a8dc method=java.lang.String.isLatin1()Z @ 10 c2
Event: 0.298 Thread 0x0000026092fb2710 DEOPT PACKING pc=0x000002609ef2a8dc sp=0x00000092784fe480
Event: 0.298 Thread 0x0000026092fb2710 DEOPT UNPACKING pc=0x000002609e9d66a3 sp=0x00000092784fe410 mode 2
Event: 0.298 Thread 0x0000026092fb2710 Uncommon trap: trap_request=0xffffff45 fr.pc=0x000002609ef2ecf4 relative=0x0000000000000074
Event: 0.298 Thread 0x0000026092fb2710 Uncommon trap: reason=unstable_if action=reinterpret pc=0x000002609ef2ecf4 method=java.lang.String.isLatin1()Z @ 10 c2
Event: 0.298 Thread 0x0000026092fb2710 DEOPT PACKING pc=0x000002609ef2ecf4 sp=0x00000092784fee90
Event: 0.298 Thread 0x0000026092fb2710 DEOPT UNPACKING pc=0x000002609e9d66a3 sp=0x00000092784fedd0 mode 2

Classes unloaded (0 events):
No events

Classes redefined (0 events):
No events

Internal exceptions (2 events):
Event: 0.087 Thread 0x0000026092fb2710 Exception <a 'java/lang/NoSuchMethodError'{0x00000000eacb5098}: 'void java.lang.invoke.DirectMethodHandle$Holder.invokeStatic(java.lang.Object, java.lang.Object, java.lang.Object)'> (0x00000000eacb5098) 
thrown [s\src\hotspot\share\interpreter\linkResolver.cpp, line 759]
Event: 0.197 Thread 0x0000026092fb2710 Exception <a 'java/lang/reflect/InvocationTargetException'{0x00000000eafe7160}> (0x00000000eafe7160) 
thrown [s\src\hotspot\share\runtime\reflection.cpp, line 1121]

VM Operations (4 events):
Event: 0.091 Executing VM operation: HandshakeAllThreads
Event: 0.091 Executing VM operation: HandshakeAllThreads done
Event: 0.140 Executing VM operation: HandshakeAllThreads
Event: 0.140 Executing VM operation: HandshakeAllThreads done

Events (20 events):
Event: 0.323 loading class java/security/cert/X509Extension
Event: 0.323 loading class java/security/cert/X509Extension done
Event: 0.323 loading class java/security/cert/X509Certificate done
Event: 0.323 loading class sun/security/util/Cache$EqualByteArray
Event: 0.323 loading class sun/security/util/Cache$EqualByteArray done
Event: 0.323 loading class sun/security/x509/X509CertImpl
Event: 0.323 loading class sun/security/x509/X509CertImpl done
Event: 0.324 loading class sun/security/x509/X509CertInfo
Event: 0.324 loading class sun/security/x509/CertAttrSet
Event: 0.324 loading class sun/security/x509/CertAttrSet done
Event: 0.324 loading class sun/security/x509/X509CertInfo done
Event: 0.324 loading class sun/security/x509/CertificateVersion
Event: 0.324 loading class sun/security/x509/CertificateVersion done
Event: 0.324 loading class sun/security/x509/CertificateSerialNumber
Event: 0.324 loading class sun/security/x509/CertificateSerialNumber done
Event: 0.324 loading class sun/security/x509/SerialNumber
Event: 0.324 loading class sun/security/x509/SerialNumber done
Event: 0.324 loading class sun/security/x509/CertificateAlgorithmId
Event: 0.324 loading class sun/security/x509/CertificateAlgorithmId done
Event: 0.324 loading class sun/security/x509/X500Name


Dynamic libraries:
0x00007ff69d1f0000 - 0x00007ff69d1fe000 	c:\Users\santi\.vscode\extensions\redhat.java-1.28.1-win32-x64\jre\17.0.10-win32-x86_64\bin\java.exe
0x00007ffa58750000 - 0x00007ffa58948000 	C:\WINDOWS\SYSTEM32\ntdll.dll
0x00007ffa583d0000 - 0x00007ffa5848d000 	C:\WINDOWS\System32\KERNEL32.DLL
0x00007ffa56120000 - 0x00007ffa56416000 	C:\WINDOWS\System32\KERNELBASE.dll
0x00007ffa56690000 - 0x00007ffa56790000 	C:\WINDOWS\System32\ucrtbase.dll
0x00007ffa4e7b0000 - 0x00007ffa4e7c7000 	c:\Users\santi\.vscode\extensions\redhat.java-1.28.1-win32-x64\jre\17.0.10-win32-x86_64\bin\jli.dll
0x00007ffa4e770000 - 0x00007ffa4e78b000 	c:\Users\santi\.vscode\extensions\redhat.java-1.28.1-win32-x64\jre\17.0.10-win32-x86_64\bin\VCRUNTIME140.dll
0x00007ffa567a0000 - 0x00007ffa5693e000 	C:\WINDOWS\System32\USER32.dll
0x00007ffa56660000 - 0x00007ffa56682000 	C:\WINDOWS\System32\win32u.dll
0x00007ffa57290000 - 0x00007ffa572bb000 	C:\WINDOWS\System32\GDI32.dll
0x00007ffa4a670000 - 0x00007ffa4a90a000 	C:\WINDOWS\WinSxS\amd64_microsoft.windows.common-controls_6595b64144ccf1df_6.0.19041.3636_none_60b6a03d71f818d5\COMCTL32.dll
0x00007ffa56420000 - 0x00007ffa56537000 	C:\WINDOWS\System32\gdi32full.dll
0x00007ffa57ac0000 - 0x00007ffa57b5e000 	C:\WINDOWS\System32\msvcrt.dll
0x00007ffa55e10000 - 0x00007ffa55ead000 	C:\WINDOWS\System32\msvcp_win.dll
0x00007ffa57b60000 - 0x00007ffa57b92000 	C:\WINDOWS\System32\IMM32.DLL
0x00007ffa510a0000 - 0x00007ffa510ac000 	c:\Users\santi\.vscode\extensions\redhat.java-1.28.1-win32-x64\jre\17.0.10-win32-x86_64\bin\vcruntime140_1.dll
0x00007ff9d5eb0000 - 0x00007ff9d5f3d000 	c:\Users\santi\.vscode\extensions\redhat.java-1.28.1-win32-x64\jre\17.0.10-win32-x86_64\bin\msvcp140.dll
0x00007ff9c3fd0000 - 0x00007ff9c4c32000 	c:\Users\santi\.vscode\extensions\redhat.java-1.28.1-win32-x64\jre\17.0.10-win32-x86_64\bin\server\jvm.dll
0x00007ffa577e0000 - 0x00007ffa57893000 	C:\WINDOWS\System32\ADVAPI32.dll
0x00007ffa579c0000 - 0x00007ffa57a5f000 	C:\WINDOWS\System32\sechost.dll
0x00007ffa57470000 - 0x00007ffa57596000 	C:\WINDOWS\System32\RPCRT4.dll
0x00007ffa55eb0000 - 0x00007ffa55ed7000 	C:\WINDOWS\System32\bcrypt.dll
0x00007ffa55320000 - 0x00007ffa5536b000 	C:\WINDOWS\SYSTEM32\POWRPROF.dll
0x00007ffa33520000 - 0x00007ffa33529000 	C:\WINDOWS\SYSTEM32\WSOCK32.dll
0x00007ffa44c70000 - 0x00007ffa44c97000 	C:\WINDOWS\SYSTEM32\WINMM.dll
0x00007ffa4c650000 - 0x00007ffa4c65a000 	C:\WINDOWS\SYSTEM32\VERSION.dll
0x00007ffa586a0000 - 0x00007ffa5870b000 	C:\WINDOWS\System32\WS2_32.dll
0x00007ffa551e0000 - 0x00007ffa551f2000 	C:\WINDOWS\SYSTEM32\UMPDC.dll
0x00007ffa53ca0000 - 0x00007ffa53cb2000 	C:\WINDOWS\SYSTEM32\kernel.appcore.dll
0x00007ffa4ec70000 - 0x00007ffa4ec7a000 	c:\Users\santi\.vscode\extensions\redhat.java-1.28.1-win32-x64\jre\17.0.10-win32-x86_64\bin\jimage.dll
0x00007ffa4ad50000 - 0x00007ffa4af34000 	C:\WINDOWS\SYSTEM32\DBGHELP.DLL
0x00007ffa47570000 - 0x00007ffa475a4000 	C:\WINDOWS\SYSTEM32\dbgcore.DLL
0x00007ffa55ee0000 - 0x00007ffa55f62000 	C:\WINDOWS\System32\bcryptPrimitives.dll
0x00007ffa4e760000 - 0x00007ffa4e76e000 	c:\Users\santi\.vscode\extensions\redhat.java-1.28.1-win32-x64\jre\17.0.10-win32-x86_64\bin\instrument.dll
0x00007ffa19a60000 - 0x00007ffa19a85000 	c:\Users\santi\.vscode\extensions\redhat.java-1.28.1-win32-x64\jre\17.0.10-win32-x86_64\bin\java.dll
0x00007ffa46b00000 - 0x00007ffa46b18000 	c:\Users\santi\.vscode\extensions\redhat.java-1.28.1-win32-x64\jre\17.0.10-win32-x86_64\bin\zip.dll
0x00007ffa56940000 - 0x00007ffa57085000 	C:\WINDOWS\System32\SHELL32.dll
0x00007ffa53ea0000 - 0x00007ffa5463c000 	C:\WINDOWS\SYSTEM32\windows.storage.dll
0x00007ffa57ba0000 - 0x00007ffa57ef4000 	C:\WINDOWS\System32\combase.dll
0x00007ffa55760000 - 0x00007ffa5578e000 	C:\WINDOWS\SYSTEM32\Wldp.dll
0x00007ffa57090000 - 0x00007ffa5715d000 	C:\WINDOWS\System32\OLEAUT32.dll
0x00007ffa57160000 - 0x00007ffa5720d000 	C:\WINDOWS\System32\SHCORE.dll
0x00007ffa57a60000 - 0x00007ffa57ab5000 	C:\WINDOWS\System32\shlwapi.dll
0x00007ffa55d40000 - 0x00007ffa55d65000 	C:\WINDOWS\SYSTEM32\profapi.dll
0x00007ffa37bd0000 - 0x00007ffa37be9000 	C:\Users\santi\.vscode\extensions\redhat.java-1.28.1-win32-x64\jre\17.0.10-win32-x86_64\bin\net.dll
0x00007ffa4f6d0000 - 0x00007ffa4f7da000 	C:\WINDOWS\SYSTEM32\WINHTTP.dll
0x00007ffa55540000 - 0x00007ffa555aa000 	C:\WINDOWS\system32\mswsock.dll
0x00007ffa37560000 - 0x00007ffa37576000 	C:\Users\santi\.vscode\extensions\redhat.java-1.28.1-win32-x64\jre\17.0.10-win32-x86_64\bin\nio.dll
0x00007ffa46a60000 - 0x00007ffa46a70000 	c:\Users\santi\.vscode\extensions\redhat.java-1.28.1-win32-x64\jre\17.0.10-win32-x86_64\bin\verify.dll

dbghelp: loaded successfully - version: 4.0.5 - missing functions: none
symbol engine: initialized successfully - sym options: 0x614 - pdb path: .;c:\Users\santi\.vscode\extensions\redhat.java-1.28.1-win32-x64\jre\17.0.10-win32-x86_64\bin;C:\WINDOWS\SYSTEM32;C:\WINDOWS\WinSxS\amd64_microsoft.windows.common-controls_6595b64144ccf1df_6.0.19041.3636_none_60b6a03d71f818d5;c:\Users\santi\.vscode\extensions\redhat.java-1.28.1-win32-x64\jre\17.0.10-win32-x86_64\bin\server

VM Arguments:
jvm_args: --add-modules=ALL-SYSTEM --add-opens=java.base/java.util=ALL-UNNAMED --add-opens=java.base/java.lang=ALL-UNNAMED --add-opens=java.base/sun.nio.fs=ALL-UNNAMED -Declipse.application=org.eclipse.jdt.ls.core.id1 -Dosgi.bundles.defaultStartLevel=4 -Declipse.product=org.eclipse.jdt.ls.core.product -Djava.import.generatesMetadataFilesAtProjectRoot=false -DDetectVMInstallationsJob.disabled=true -Dfile.encoding=utf8 -XX:+UseParallelGC -XX:GCTimeRatio=4 -XX:AdaptiveSizePolicyWeight=90 -Dsun.zip.disableMemoryMapping=true -Xmx1G -Xms100m -Xlog:disable -javaagent:c:\Users\santi\.vscode\extensions\redhat.java-1.28.1-win32-x64\lombok\lombok-1.18.31.jar -XX:+HeapDumpOnOutOfMemoryError -XX:HeapDumpPath=c:\Users\santi\AppData\Roaming\Code\User\workspaceStorage\579b4992d83981974b0bdabad3642d48\redhat.java -Daether.dependencyCollector.impl=bf 
java_command: c:\Users\santi\.vscode\extensions\redhat.java-1.28.1-win32-x64\server\plugins\org.eclipse.equinox.launcher_1.6.700.v20231214-2017.jar -configuration c:\Users\santi\AppData\Roaming\Code\User\globalStorage\redhat.java\1.28.1\config_win -data c:\Users\santi\AppData\Roaming\Code\User\workspaceStorage\579b4992d83981974b0bdabad3642d48\redhat.java\jdt_ws --stdio
java_class_path (initial): c:\Users\santi\.vscode\extensions\redhat.java-1.28.1-win32-x64\server\plugins\org.eclipse.equinox.launcher_1.6.700.v20231214-2017.jar
Launcher Type: SUN_STANDARD

[Global flags]
    uintx AdaptiveSizePolicyWeight                 = 90                                        {product} {command line}
     intx CICompilerCount                          = 4                                         {product} {ergonomic}
    uintx GCTimeRatio                              = 4                                         {product} {command line}
     bool HeapDumpOnOutOfMemoryError               = true                                   {manageable} {command line}
    ccstr HeapDumpPath                             = c:\Users\santi\AppData\Roaming\Code\User\workspaceStorage\579b4992d83981974b0bdabad3642d48\redhat.java         {manageable} {command line}
   size_t InitialHeapSize                          = 104857600                                 {product} {command line}
   size_t MaxHeapSize                              = 1073741824                                {product} {command line}
   size_t MaxNewSize                               = 357564416                                 {product} {ergonomic}
   size_t MinHeapDeltaBytes                        = 524288                                    {product} {ergonomic}
   size_t MinHeapSize                              = 104857600                                 {product} {command line}
   size_t NewSize                                  = 34603008                                  {product} {ergonomic}
    uintx NonNMethodCodeHeapSize                   = 5839372                                {pd product} {ergonomic}
    uintx NonProfiledCodeHeapSize                  = 122909434                              {pd product} {ergonomic}
   size_t OldSize                                  = 70254592                                  {product} {ergonomic}
    uintx ProfiledCodeHeapSize                     = 122909434                              {pd product} {ergonomic}
    uintx ReservedCodeCacheSize                    = 251658240                              {pd product} {ergonomic}
     bool SegmentedCodeCache                       = true                                      {product} {ergonomic}
   size_t SoftMaxHeapSize                          = 1073741824                             {manageable} {ergonomic}
     bool UseCompressedClassPointers               = true                           {product lp64_product} {ergonomic}
     bool UseCompressedOops                        = true                           {product lp64_product} {ergonomic}
     bool UseLargePagesIndividualAllocation        = false                                  {pd product} {ergonomic}
     bool UseParallelGC                            = true                                      {product} {command line}

Logging:
Log output configuration:
 #0: stdout all=off uptime,level,tags
 #1: stderr all=off uptime,level,tags

Environment Variables:
PATH=C:\app\santi\product\21c\dbhomeXE\bin;C:\Program Files\Common Files\Oracle\Java\javapath;C:\Program Files (x86)\Common Files\Oracle\Java\javapath;C:\Program Files\Microsoft\jdk-11.0.16.101-hotspot\bin;C:\Program Files\Eclipse Adoptium\jdk-17.0.8.7-hotspot\bin;C:\ProgramData\Oracle\Java\javapath;C:\WINDOWS\system32;C:\WINDOWS;C:\WINDOWS\System32\Wbem;C:\WINDOWS\System32\WindowsPowerShell\v1.0\;C:\WINDOWS\System32\OpenSSH\;C:\Program Files\NVIDIA Corporation\NVIDIA NvDLISR;C:\Program Files\Git\cmd;C:\Program Files\MATLAB\R2023b\bin;C:\Program Files\dotnet\;C:\Program Files\Azure Data Studio\bin;C:\Program Files\Docker\Docker\resources\bin;C:\Program Files\nodejs\;C:\Program Files (x86)\Microsoft SQL Server\160\DTS\Binn\;C:\Users\santi\AppData\Local\Programs\Python\Python39\Scripts\;C:\Users\santi\AppData\Local\Programs\Python\Python39\;C:\Users\santi\AppData\Local\Microsoft\WindowsApps;C:\Users\santi\AppData\Local\Programs\Microsoft VS Code\bin;C:\Users\santi\AppData\Local\GitHubDesktop\bin;C:\Program Files\Azure Data Studio\bin;C:\Users\santi\AppData\Roaming\npm
USERNAME=santi
OS=Windows_NT
PROCESSOR_IDENTIFIER=AMD64 Family 25 Model 33 Stepping 0, AuthenticAMD
TMP=C:\Users\santi\AppData\Local\Temp
TEMP=C:\Users\santi\AppData\Local\Temp



Periodic native trim disabled


---------------  S Y S T E M  ---------------

OS:
 Windows 10 , 64 bit Build 19041 (10.0.19041.3636)
OS uptime: 5 days 8:41 hours
Hyper-V role detected

CPU: total 12 (initial active 12) (12 cores per cpu, 2 threads per core) family 25 model 33 stepping 0 microcode 0x0, cx8, cmov, fxsr, ht, mmx, 3dnowpref, sse, sse2, sse3, ssse3, sse4a, sse4.1, sse4.2, popcnt, lzcnt, tsc, tscinvbit, avx, avx2, aes, erms, clmul, bmi1, bmi2, adx, sha, fma, vzeroupper, clflush, clflushopt, hv
Processor Information for all 12 processors :
  Max Mhz: 3701, Current Mhz: 3701, Mhz Limit: 3701

Memory: 4k page, system-wide physical 16274M (3548M free)
TotalPageFile size 18322M (AvailPageFile size 335M)
current process WorkingSet (physical memory assigned to process): 44M, peak: 44M
current process commit charge ("private bytes"): 195M, peak: 195M

vm_info: OpenJDK 64-Bit Server VM (17.0.10+7) for windows-amd64 JRE (17.0.10+7), built on Jan 16 2024 23:25:11 by "admin" with MS VC++ 16.10 / 16.11 (VS2019)

END.
