#
# There is insufficient memory for the Java Runtime Environment to continue.
# Native memory allocation (malloc) failed to allocate 2035104 bytes for Chunk::new
# Possible reasons:
#   The system is out of physical RAM or swap space
#   The process is running with CompressedOops enabled, and the Java Heap may be blocking the growth of the native heap
# Possible solutions:
#   Reduce memory load on the system
#   Increase physical memory or swap space
#   Check if swap backing store is full
#   Decrease Java heap size (-Xmx/-Xms)
#   Decrease number of Java threads
#   Decrease Java thread stack sizes (-Xss)
#   Set larger code cache with -XX:ReservedCodeCacheSize=
#   JVM is running with Unscaled Compressed Oops mode in which the Java heap is
#     placed in the first 4GB address space. The Java Heap base address is the
#     maximum limit for the native heap growth. Please use -XX:HeapBaseMinAddress
#     to set the Java Heap base and to place the Java Heap above 4GB virtual address.
# This output file may be truncated or incomplete.
#
#  Out of Memory Error (arena.cpp:191), pid=15160, tid=10444
#
# JRE version: OpenJDK Runtime Environment Temurin-17.0.10+7 (17.0.10+7) (build 17.0.10+7)
# Java VM: OpenJDK 64-Bit Server VM Temurin-17.0.10+7 (17.0.10+7, mixed mode, tiered, compressed oops, compressed class ptrs, parallel gc, windows-amd64)
# No core dump will be written. Minidumps are not enabled by default on client versions of Windows
#

---------------  S U M M A R Y ------------

Command Line: --add-modules=ALL-SYSTEM --add-opens=java.base/java.util=ALL-UNNAMED --add-opens=java.base/java.lang=ALL-UNNAMED --add-opens=java.base/sun.nio.fs=ALL-UNNAMED -Declipse.application=org.eclipse.jdt.ls.core.id1 -Dosgi.bundles.defaultStartLevel=4 -Declipse.product=org.eclipse.jdt.ls.core.product -Djava.import.generatesMetadataFilesAtProjectRoot=false -DDetectVMInstallationsJob.disabled=true -Dfile.encoding=utf8 -XX:+UseParallelGC -XX:GCTimeRatio=4 -XX:AdaptiveSizePolicyWeight=90 -Dsun.zip.disableMemoryMapping=true -Xmx1G -Xms100m -Xlog:disable -javaagent:c:\Users\santi\.vscode\extensions\redhat.java-1.28.1-win32-x64\lombok\lombok-1.18.31.jar -XX:+HeapDumpOnOutOfMemoryError -XX:HeapDumpPath=c:\Users\santi\AppData\Roaming\Code\User\workspaceStorage\579b4992d83981974b0bdabad3642d48\redhat.java -Daether.dependencyCollector.impl=bf c:\Users\santi\.vscode\extensions\redhat.java-1.28.1-win32-x64\server\plugins\org.eclipse.equinox.launcher_1.6.700.v20231214-2017.jar -configuration c:\Users\santi\AppData\Roaming\Code\User\globalStorage\redhat.java\1.28.1\config_win -data c:\Users\santi\AppData\Roaming\Code\User\workspaceStorage\579b4992d83981974b0bdabad3642d48\redhat.java\jdt_ws --stdio

Host: AMD Ryzen 5 5600X 6-Core Processor             , 12 cores, 15G,  Windows 10 , 64 bit Build 19041 (10.0.19041.3636)
Time: Sat Mar  2 12:32:58 2024 Hora est. Pacífico, Sudamérica elapsed time: 187.323309 seconds (0d 0h 3m 7s)

---------------  T H R E A D  ---------------

Current thread (0x0000012ed104b420):  JavaThread "C2 CompilerThread2" daemon [_thread_in_native, id=10444, stack(0x0000001a9d400000,0x0000001a9d500000)]


Current CompileTask:
C2: 187323 10931   !   4       com.google.gson.internal.bind.ReflectiveTypeAdapterFactory$1::write (184 bytes)

Stack: [0x0000001a9d400000,0x0000001a9d500000]
Native frames: (J=compiled Java code, j=interpreted, Vv=VM code, C=native code)
V  [jvm.dll+0x67d2c9]
V  [jvm.dll+0x834afa]
V  [jvm.dll+0x8365be]
V  [jvm.dll+0x836c23]
V  [jvm.dll+0x2477ff]
V  [jvm.dll+0xac514]
V  [jvm.dll+0xacb5c]
V  [jvm.dll+0x3667d7]
V  [jvm.dll+0x330bfa]
V  [jvm.dll+0x33009a]
V  [jvm.dll+0x219ef1]
V  [jvm.dll+0x219311]
V  [jvm.dll+0x1a502d]
V  [jvm.dll+0x2290de]
V  [jvm.dll+0x2272ac]
V  [jvm.dll+0x7e9bb7]
V  [jvm.dll+0x7e3fba]
V  [jvm.dll+0x67c1b5]
C  [ucrtbase.dll+0x21bb2]
C  [KERNEL32.DLL+0x17344]
C  [ntdll.dll+0x526b1]


---------------  P R O C E S S  ---------------

Threads class SMR info:
_java_thread_list=0x0000012ed2389710, length=41, elements={
0x0000012eb58c2ba0, 0x0000012ec97528e0, 0x0000012ec9755e70, 0x0000012ecea4a270,
0x0000012ecea4b0f0, 0x0000012ecea4c710, 0x0000012ecea4ee80, 0x0000012ecea566d0,
0x0000012ecea57870, 0x0000012ecea58270, 0x0000012eceb4d350, 0x0000012ecfff7bd0,
0x0000012ed061dea0, 0x0000012ed06cb590, 0x0000012ed095f980, 0x0000012ed133b820,
0x0000012ed0afc980, 0x0000012ed0cacb10, 0x0000012ed0cab1c0, 0x0000012ed0caa7a0,
0x0000012ed0caacb0, 0x0000012ed0caa290, 0x0000012ed0cab6d0, 0x0000012ed0cabbe0,
0x0000012ed35f5af0, 0x0000012ed35f41a0, 0x0000012ed35f4bc0, 0x0000012ed35f6510,
0x0000012ed35f1e30, 0x0000012ed35f1920, 0x0000012ed35f8370, 0x0000012ed35f50d0,
0x0000012ed35f6f30, 0x0000012ed35f2340, 0x0000012ed35f0f00, 0x0000012ed35f6a20,
0x0000012ed35f8880, 0x0000012ed35f2850, 0x0000012ecfff2090, 0x0000012ed104b420,
0x0000012ed35f3270
}

Java Threads: ( => current thread )
  0x0000012eb58c2ba0 JavaThread "main" [_thread_blocked, id=18812, stack(0x0000001a9d500000,0x0000001a9d600000)]
  0x0000012ec97528e0 JavaThread "Reference Handler" daemon [_thread_blocked, id=6848, stack(0x0000001a9d800000,0x0000001a9d900000)]
  0x0000012ec9755e70 JavaThread "Finalizer" daemon [_thread_blocked, id=22276, stack(0x0000001a9d900000,0x0000001a9da00000)]
  0x0000012ecea4a270 JavaThread "Signal Dispatcher" daemon [_thread_blocked, id=5912, stack(0x0000001a9da00000,0x0000001a9db00000)]
  0x0000012ecea4b0f0 JavaThread "Attach Listener" daemon [_thread_blocked, id=10604, stack(0x0000001a9db00000,0x0000001a9dc00000)]
  0x0000012ecea4c710 JavaThread "Service Thread" daemon [_thread_blocked, id=11856, stack(0x0000001a9dc00000,0x0000001a9dd00000)]
  0x0000012ecea4ee80 JavaThread "Monitor Deflation Thread" daemon [_thread_blocked, id=17516, stack(0x0000001a9dd00000,0x0000001a9de00000)]
  0x0000012ecea566d0 JavaThread "C2 CompilerThread0" daemon [_thread_in_native, id=20116, stack(0x0000001a9de00000,0x0000001a9df00000)]
  0x0000012ecea57870 JavaThread "C1 CompilerThread0" daemon [_thread_in_vm, id=22040, stack(0x0000001a9df00000,0x0000001a9e000000)]
  0x0000012ecea58270 JavaThread "Sweeper thread" daemon [_thread_blocked, id=2160, stack(0x0000001a9e000000,0x0000001a9e100000)]
  0x0000012eceb4d350 JavaThread "Common-Cleaner" daemon [_thread_blocked, id=13392, stack(0x0000001a9e100000,0x0000001a9e200000)]
  0x0000012ecfff7bd0 JavaThread "Notification Thread" daemon [_thread_blocked, id=22032, stack(0x0000001a9e300000,0x0000001a9e400000)]
  0x0000012ed061dea0 JavaThread "Active Thread: Equinox Container: b2a4ba4e-0841-49ef-b596-b1cd84b35820" [_thread_blocked, id=13560, stack(0x0000001a9ec00000,0x0000001a9ed00000)]
  0x0000012ed06cb590 JavaThread "Framework Event Dispatcher: Equinox Container: b2a4ba4e-0841-49ef-b596-b1cd84b35820" daemon [_thread_blocked, id=17524, stack(0x0000001a9ed00000,0x0000001a9ee00000)]
  0x0000012ed095f980 JavaThread "Start Level: Equinox Container: b2a4ba4e-0841-49ef-b596-b1cd84b35820" daemon [_thread_blocked, id=15316, stack(0x0000001a9ee00000,0x0000001a9ef00000)]
  0x0000012ed133b820 JavaThread "Bundle File Closer" daemon [_thread_blocked, id=22216, stack(0x0000001a9f000000,0x0000001a9f100000)]
  0x0000012ed0afc980 JavaThread "SCR Component Actor" daemon [_thread_blocked, id=11412, stack(0x0000001a9f100000,0x0000001a9f200000)]
  0x0000012ed0cacb10 JavaThread "Worker-JM" [_thread_blocked, id=21072, stack(0x0000001a9f500000,0x0000001a9f600000)]
  0x0000012ed0cab1c0 JavaThread "Worker-1" [_thread_blocked, id=20984, stack(0x0000001a9f700000,0x0000001a9f800000)]
  0x0000012ed0caa7a0 JavaThread "Java indexing" daemon [_thread_blocked, id=21420, stack(0x0000001a9f800000,0x0000001a9f900000)]
  0x0000012ed0caacb0 JavaThread "JNA Cleaner" daemon [_thread_blocked, id=12008, stack(0x0000001a9f900000,0x0000001a9fa00000)]
  0x0000012ed0caa290 JavaThread "pool-2-thread-1" [_thread_blocked, id=15032, stack(0x0000001a9fc00000,0x0000001a9fd00000)]
  0x0000012ed0cab6d0 JavaThread "WorkspaceEventsHandler" [_thread_blocked, id=22120, stack(0x0000001a9fd00000,0x0000001a9fe00000)]
  0x0000012ed0cabbe0 JavaThread "pool-1-thread-1" [_thread_blocked, id=6176, stack(0x0000001a9fe00000,0x0000001a9ff00000)]
  0x0000012ed35f5af0 JavaThread "pool-3-thread-1" [_thread_in_native, id=1076, stack(0x0000001aa0100000,0x0000001aa0200000)]
  0x0000012ed35f41a0 JavaThread "Worker-5" [_thread_blocked, id=5560, stack(0x0000001aa0500000,0x0000001aa0600000)]
  0x0000012ed35f4bc0 JavaThread "ForkJoinPool.commonPool-worker-1" daemon [_thread_blocked, id=21216, stack(0x0000001a9e200000,0x0000001a9e300000)]
  0x0000012ed35f6510 JavaThread "ForkJoinPool.commonPool-worker-2" daemon [_thread_blocked, id=11428, stack(0x0000001a9e500000,0x0000001a9e600000)]
  0x0000012ed35f1e30 JavaThread "ForkJoinPool.commonPool-worker-3" daemon [_thread_blocked, id=1892, stack(0x0000001a9f400000,0x0000001a9f500000)]
  0x0000012ed35f1920 JavaThread "ForkJoinPool.commonPool-worker-4" daemon [_thread_blocked, id=8928, stack(0x0000001aa0700000,0x0000001aa0800000)]
  0x0000012ed35f8370 JavaThread "ForkJoinPool.commonPool-worker-5" daemon [_thread_blocked, id=3128, stack(0x0000001aa0800000,0x0000001aa0900000)]
  0x0000012ed35f50d0 JavaThread "ForkJoinPool.commonPool-worker-6" daemon [_thread_blocked, id=18356, stack(0x0000001aa0900000,0x0000001aa0a00000)]
  0x0000012ed35f6f30 JavaThread "ForkJoinPool.commonPool-worker-7" daemon [_thread_blocked, id=22992, stack(0x0000001aa0a00000,0x0000001aa0b00000)]
  0x0000012ed35f2340 JavaThread "ForkJoinPool.commonPool-worker-8" daemon [_thread_blocked, id=5396, stack(0x0000001aa0b00000,0x0000001aa0c00000)]
  0x0000012ed35f0f00 JavaThread "ForkJoinPool.commonPool-worker-9" daemon [_thread_blocked, id=18132, stack(0x0000001aa0c00000,0x0000001aa0d00000)]
  0x0000012ed35f6a20 JavaThread "ForkJoinPool.commonPool-worker-10" daemon [_thread_blocked, id=21228, stack(0x0000001aa0d00000,0x0000001aa0e00000)]
  0x0000012ed35f8880 JavaThread "ForkJoinPool.commonPool-worker-11" daemon [_thread_blocked, id=1968, stack(0x0000001aa0e00000,0x0000001aa0f00000)]
  0x0000012ed35f2850 JavaThread "Worker-6" [_thread_blocked, id=11928, stack(0x0000001a9d200000,0x0000001a9d300000)]
  0x0000012ecfff2090 JavaThread "C2 CompilerThread1" daemon [_thread_in_native, id=13376, stack(0x0000001a9d300000,0x0000001a9d400000)]
=>0x0000012ed104b420 JavaThread "C2 CompilerThread2" daemon [_thread_in_native, id=10444, stack(0x0000001a9d400000,0x0000001a9d500000)]
  0x0000012ed35f3270 JavaThread "pool-1-thread-2" [_thread_in_Java, id=15536, stack(0x0000001a9f600000,0x0000001a9f700000)]

Other Threads:
  0x0000012eb597ec40 VMThread "VM Thread" [stack: 0x0000001a9d700000,0x0000001a9d800000] [id=2188]
  0x0000012ed0003870 WatcherThread [stack: 0x0000001a9e400000,0x0000001a9e500000] [id=11068]
  0x0000012eb58d6770 GCTaskThread "GC Thread#0" [stack: 0x0000001a9d600000,0x0000001a9d700000] [id=20520]
  0x0000012ed06ce1d0 GCTaskThread "GC Thread#1" [stack: 0x0000001a9e600000,0x0000001a9e700000] [id=9976]
  0x0000012ed06fbe10 GCTaskThread "GC Thread#2" [stack: 0x0000001a9e700000,0x0000001a9e800000] [id=19212]
  0x0000012ed06fc0d0 GCTaskThread "GC Thread#3" [stack: 0x0000001a9e800000,0x0000001a9e900000] [id=15392]
  0x0000012ed064b950 GCTaskThread "GC Thread#4" [stack: 0x0000001a9e900000,0x0000001a9ea00000] [id=9952]
  0x0000012ed06c78a0 GCTaskThread "GC Thread#5" [stack: 0x0000001a9ea00000,0x0000001a9eb00000] [id=22204]
  0x0000012ed06c8370 GCTaskThread "GC Thread#6" [stack: 0x0000001a9eb00000,0x0000001a9ec00000] [id=4948]
  0x0000012ed07dec30 GCTaskThread "GC Thread#7" [stack: 0x0000001a9ef00000,0x0000001a9f000000] [id=16652]
  0x0000012ed1241890 GCTaskThread "GC Thread#8" [stack: 0x0000001a9f200000,0x0000001a9f300000] [id=19144]
  0x0000012ed0afce60 GCTaskThread "GC Thread#9" [stack: 0x0000001a9f300000,0x0000001a9f400000] [id=10912]

Threads with active compile tasks:
C2 CompilerThread0   187338 10935       4       com.google.gson.internal.bind.TypeAdapterRuntimeTypeWrapper::write (80 bytes)
C1 CompilerThread0   187338 10994       3       java.lang.AbstractStringBuilder::append (45 bytes)
C2 CompilerThread1   187338 10943   !   4       com.google.gson.internal.bind.ReflectiveTypeAdapterFactory$Adapter::write (75 bytes)
C2 CompilerThread2   187338 10931   !   4       com.google.gson.internal.bind.ReflectiveTypeAdapterFactory$1::write (184 bytes)

VM state: not at safepoint (normal execution)

VM Mutex/Monitor currently owned by a thread: None

Heap address: 0x00000000c0000000, size: 1024 MB, Compressed Oops mode: 32-bit

CDS archive(s) not mapped
Compressed class space mapped at: 0x0000000100000000-0x0000000140000000, reserved size: 1073741824
Narrow klass base: 0x0000000000000000, Narrow klass shift: 3, Narrow klass range: 0x140000000

GC Precious Log:
 CPUs: 12 total, 12 available
 Memory: 16274M
 Large Page Support: Disabled
 NUMA Support: Disabled
 Compressed Oops: Enabled (32-bit)
 Alignments: Space 512K, Generation 512K, Heap 2M
 Heap Min Capacity: 100M
 Heap Initial Capacity: 100M
 Heap Max Capacity: 1G
 Pre-touch: Disabled
 Parallel Workers: 10

Heap:
 PSYoungGen      total 11776K, used 4868K [0x00000000eab00000, 0x00000000ebb00000, 0x0000000100000000)
  eden space 8192K, 15% used [0x00000000eab00000,0x00000000eac44918,0x00000000eb300000)
  from space 3584K, 99% used [0x00000000eb780000,0x00000000ebafc740,0x00000000ebb00000)
  to   space 4096K, 0% used [0x00000000eb300000,0x00000000eb300000,0x00000000eb700000)
 ParOldGen       total 284160K, used 277465K [0x00000000c0000000, 0x00000000d1580000, 0x00000000eab00000)
  object space 284160K, 97% used [0x00000000c0000000,0x00000000d0ef6590,0x00000000d1580000)
 Metaspace       used 77844K, committed 79040K, reserved 1179648K
  class space    used 8401K, committed 8896K, reserved 1048576K

Card table byte_map: [0x0000012eb5260000,0x0000012eb5470000] _byte_map_base: 0x0000012eb4c60000

Marking Bits: (ParMarkBitMap*) 0x00007ff9e01cd7d0
 Begin Bits: [0x0000012ec7560000, 0x0000012ec8560000)
 End Bits:   [0x0000012ec8560000, 0x0000012ec9560000)

Polling page: 0x0000012eb3830000

Metaspace:

Usage:
  Non-class:     67.82 MB used.
      Class:      8.20 MB used.
       Both:     76.02 MB used.

Virtual space:
  Non-class space:      128.00 MB reserved,      68.50 MB ( 54%) committed,  2 nodes.
      Class space:        1.00 GB reserved,       8.69 MB ( <1%) committed,  1 nodes.
             Both:        1.12 GB reserved,      77.19 MB (  7%) committed. 

Chunk freelists:
   Non-Class:  10.97 MB
       Class:  7.33 MB
        Both:  18.30 MB

MaxMetaspaceSize: unlimited
CompressedClassSpaceSize: 1.00 GB
Initial GC threshold: 21.00 MB
Current GC threshold: 121.56 MB
CDS: off
MetaspaceReclaimPolicy: balanced
 - commit_granule_bytes: 65536.
 - commit_granule_words: 8192.
 - virtual_space_node_default_size: 8388608.
 - enlarge_chunks_in_place: 1.
 - new_chunks_are_fully_committed: 0.
 - uncommit_free_chunks: 1.
 - use_allocation_guard: 0.
 - handle_deallocations: 1.


Internal statistics:

num_allocs_failed_limit: 6.
num_arena_births: 764.
num_arena_deaths: 14.
num_vsnodes_births: 3.
num_vsnodes_deaths: 0.
num_space_committed: 1235.
num_space_uncommitted: 0.
num_chunks_returned_to_freelist: 20.
num_chunks_taken_from_freelist: 3718.
num_chunk_merges: 11.
num_chunk_splits: 2391.
num_chunks_enlarged: 1520.
num_inconsistent_stats: 0.

CodeHeap 'non-profiled nmethods': size=120000Kb used=6934Kb max_used=7362Kb free=113065Kb
 bounds [0x0000012ec0030000, 0x0000012ec0770000, 0x0000012ec7560000]
CodeHeap 'profiled nmethods': size=120000Kb used=17871Kb max_used=18022Kb free=102129Kb
 bounds [0x0000012eb8560000, 0x0000012eb9700000, 0x0000012ebfa90000]
CodeHeap 'non-nmethods': size=5760Kb used=1406Kb max_used=1465Kb free=4353Kb
 bounds [0x0000012ebfa90000, 0x0000012ebfd00000, 0x0000012ec0030000]
 total_blobs=9373 nmethods=8615 adapters=670
 compilation: enabled
              stopped_count=0, restarted_count=0
 full_count=0

Compilation events (20 events):
Event: 187.240 Thread 0x0000012ecea57870 nmethod 10949 0x0000012ec0613d10 code [0x0000012ec0613ea0, 0x0000012ec0613f78]
Event: 187.278 Thread 0x0000012ecea57870 10950       3       com.google.gson.internal.bind.JsonTreeReader::nextName (6 bytes)
Event: 187.278 Thread 0x0000012ecea57870 nmethod 10950 0x0000012eb88f4810 code [0x0000012eb88f49a0, 0x0000012eb88f4ae8]
Event: 187.278 Thread 0x0000012ecea57870 10951       3       com.google.gson.internal.bind.JsonTreeReader::nextName (71 bytes)
Event: 187.278 Thread 0x0000012ecea57870 nmethod 10951 0x0000012eb88f3a10 code [0x0000012eb88f3c40, 0x0000012eb88f4568]
Event: 187.283 Thread 0x0000012ecea57870 10952       3       java.lang.invoke.MethodHandle::viewAsType (33 bytes)
Event: 187.284 Thread 0x0000012ecea57870 nmethod 10952 0x0000012eb88f3610 code [0x0000012eb88f37c0, 0x0000012eb88f3988]
Event: 187.284 Thread 0x0000012ecea57870 10953       3       org.eclipse.jdt.internal.compiler.lookup.LookupEnvironment::annotateType (151 bytes)
Event: 187.284 Thread 0x0000012ecea57870 nmethod 10953 0x0000012eb88f2310 code [0x0000012eb88f2580, 0x0000012eb88f3258]
Event: 187.287 Thread 0x0000012ecea57870 10954 %     3       org.eclipse.jdt.internal.compiler.parser.diagnose.DiagnoseParser::scopeTrialCheck @ 197 (779 bytes)
Event: 187.290 Thread 0x0000012ecea57870 nmethod 10954% 0x0000012eb9182390 code [0x0000012eb9182800, 0x0000012eb9184e78]
Event: 187.302 Thread 0x0000012ecea57870 10955       3       java.lang.invoke.BoundMethodHandle::bindSingle (7 bytes)
Event: 187.302 Thread 0x0000012ecea57870 nmethod 10955 0x0000012eb88f1f90 code [0x0000012eb88f2120, 0x0000012eb88f2228]
Event: 187.305 Thread 0x0000012ecea57870 10956       3       org.lombokweb.asm.ClassReader::accept (1412 bytes)
Event: 187.311 Thread 0x0000012ecea57870 nmethod 10956 0x0000012eb934fb90 code [0x0000012eb9350740, 0x0000012eb9357b48]
Event: 187.311 Thread 0x0000012ecea57870 10957 % !   3       org.eclipse.jdt.internal.compiler.parser.Scanner::getNextToken0 @ 1959 (2518 bytes)
Event: 187.316 Thread 0x0000012ecea57870 nmethod 10957% 0x0000012eb9171d10 code [0x0000012eb9172820, 0x0000012eb917a0c8]
Event: 187.316 Thread 0x0000012ecea57870 10961   !   3       org.eclipse.jdt.internal.compiler.parser.Scanner::jumpOverBody (1538 bytes)
Event: 187.319 Thread 0x0000012ecea57870 nmethod 10961 0x0000012eb8aaea10 code [0x0000012eb8aaf0a0, 0x0000012eb8ab3678]
Event: 187.319 Thread 0x0000012ecea57870 10967   !   3       org.eclipse.jdt.internal.compiler.parser.Scanner::getNextToken0 (2518 bytes)

GC Heap History (20 events):
Event: 157.792 GC heap before
{Heap before GC invocations=308 (full 13):
 PSYoungGen      total 11776K, used 9199K [0x00000000eab00000, 0x00000000eba80000, 0x0000000100000000)
  eden space 8192K, 99% used [0x00000000eab00000,0x00000000eb2fffd8,0x00000000eb300000)
  from space 3584K, 28% used [0x00000000eb500000,0x00000000eb5fc010,0x00000000eb880000)
  to   space 2048K, 0% used [0x00000000eb880000,0x00000000eb880000,0x00000000eba80000)
 ParOldGen       total 284160K, used 262684K [0x00000000c0000000, 0x00000000d1580000, 0x00000000eab00000)
  object space 284160K, 92% used [0x00000000c0000000,0x00000000d0087348,0x00000000d1580000)
 Metaspace       used 75585K, committed 76864K, reserved 1179648K
  class space    used 8128K, committed 8640K, reserved 1048576K
}
Event: 157.793 GC heap after
{Heap after GC invocations=308 (full 13):
 PSYoungGen      total 9216K, used 698K [0x00000000eab00000, 0x00000000eb980000, 0x0000000100000000)
  eden space 8192K, 0% used [0x00000000eab00000,0x00000000eab00000,0x00000000eb300000)
  from space 1024K, 68% used [0x00000000eb880000,0x00000000eb92e900,0x00000000eb980000)
  to   space 1024K, 0% used [0x00000000eb780000,0x00000000eb780000,0x00000000eb880000)
 ParOldGen       total 284160K, used 262957K [0x00000000c0000000, 0x00000000d1580000, 0x00000000eab00000)
  object space 284160K, 92% used [0x00000000c0000000,0x00000000d00cb548,0x00000000d1580000)
 Metaspace       used 75585K, committed 76864K, reserved 1179648K
  class space    used 8128K, committed 8640K, reserved 1048576K
}
Event: 182.729 GC heap before
{Heap before GC invocations=309 (full 13):
 PSYoungGen      total 9216K, used 8890K [0x00000000eab00000, 0x00000000eb980000, 0x0000000100000000)
  eden space 8192K, 100% used [0x00000000eab00000,0x00000000eb300000,0x00000000eb300000)
  from space 1024K, 68% used [0x00000000eb880000,0x00000000eb92e900,0x00000000eb980000)
  to   space 1024K, 0% used [0x00000000eb780000,0x00000000eb780000,0x00000000eb880000)
 ParOldGen       total 284160K, used 262957K [0x00000000c0000000, 0x00000000d1580000, 0x00000000eab00000)
  object space 284160K, 92% used [0x00000000c0000000,0x00000000d00cb548,0x00000000d1580000)
 Metaspace       used 75591K, committed 76864K, reserved 1179648K
  class space    used 8128K, committed 8640K, reserved 1048576K
}
Event: 182.731 GC heap after
{Heap after GC invocations=309 (full 13):
 PSYoungGen      total 9216K, used 1022K [0x00000000eab00000, 0x00000000ec200000, 0x0000000100000000)
  eden space 8192K, 0% used [0x00000000eab00000,0x00000000eab00000,0x00000000eb300000)
  from space 1024K, 99% used [0x00000000eb780000,0x00000000eb87f930,0x00000000eb880000)
  to   space 7680K, 0% used [0x00000000eba80000,0x00000000eba80000,0x00000000ec200000)
 ParOldGen       total 284160K, used 268277K [0x00000000c0000000, 0x00000000d1580000, 0x00000000eab00000)
  object space 284160K, 94% used [0x00000000c0000000,0x00000000d05fd548,0x00000000d1580000)
 Metaspace       used 75591K, committed 76864K, reserved 1179648K
  class space    used 8128K, committed 8640K, reserved 1048576K
}
Event: 182.758 GC heap before
{Heap before GC invocations=310 (full 13):
 PSYoungGen      total 9216K, used 9214K [0x00000000eab00000, 0x00000000ec200000, 0x0000000100000000)
  eden space 8192K, 100% used [0x00000000eab00000,0x00000000eb300000,0x00000000eb300000)
  from space 1024K, 99% used [0x00000000eb780000,0x00000000eb87f930,0x00000000eb880000)
  to   space 7680K, 0% used [0x00000000eba80000,0x00000000eba80000,0x00000000ec200000)
 ParOldGen       total 284160K, used 268277K [0x00000000c0000000, 0x00000000d1580000, 0x00000000eab00000)
  object space 284160K, 94% used [0x00000000c0000000,0x00000000d05fd548,0x00000000d1580000)
 Metaspace       used 75604K, committed 76864K, reserved 1179648K
  class space    used 8129K, committed 8640K, reserved 1048576K
}
Event: 182.759 GC heap after
{Heap after GC invocations=310 (full 13):
 PSYoungGen      total 10752K, used 2462K [0x00000000eab00000, 0x00000000ebd00000, 0x0000000100000000)
  eden space 8192K, 0% used [0x00000000eab00000,0x00000000eab00000,0x00000000eb300000)
  from space 2560K, 96% used [0x00000000eba80000,0x00000000ebce7b90,0x00000000ebd00000)
  to   space 4096K, 0% used [0x00000000eb500000,0x00000000eb500000,0x00000000eb900000)
 ParOldGen       total 284160K, used 268365K [0x00000000c0000000, 0x00000000d1580000, 0x00000000eab00000)
  object space 284160K, 94% used [0x00000000c0000000,0x00000000d0613548,0x00000000d1580000)
 Metaspace       used 75604K, committed 76864K, reserved 1179648K
  class space    used 8129K, committed 8640K, reserved 1048576K
}
Event: 183.047 GC heap before
{Heap before GC invocations=311 (full 13):
 PSYoungGen      total 10752K, used 10654K [0x00000000eab00000, 0x00000000ebd00000, 0x0000000100000000)
  eden space 8192K, 100% used [0x00000000eab00000,0x00000000eb300000,0x00000000eb300000)
  from space 2560K, 96% used [0x00000000eba80000,0x00000000ebce7b90,0x00000000ebd00000)
  to   space 4096K, 0% used [0x00000000eb500000,0x00000000eb500000,0x00000000eb900000)
 ParOldGen       total 284160K, used 268365K [0x00000000c0000000, 0x00000000d1580000, 0x00000000eab00000)
  object space 284160K, 94% used [0x00000000c0000000,0x00000000d0613548,0x00000000d1580000)
 Metaspace       used 75722K, committed 76992K, reserved 1179648K
  class space    used 8145K, committed 8640K, reserved 1048576K
}
Event: 183.049 GC heap after
{Heap after GC invocations=311 (full 13):
 PSYoungGen      total 12288K, used 4094K [0x00000000eab00000, 0x00000000ebe00000, 0x0000000100000000)
  eden space 8192K, 0% used [0x00000000eab00000,0x00000000eab00000,0x00000000eb300000)
  from space 4096K, 99% used [0x00000000eb500000,0x00000000eb8ffb80,0x00000000eb900000)
  to   space 5120K, 0% used [0x00000000eb900000,0x00000000eb900000,0x00000000ebe00000)
 ParOldGen       total 284160K, used 269317K [0x00000000c0000000, 0x00000000d1580000, 0x00000000eab00000)
  object space 284160K, 94% used [0x00000000c0000000,0x00000000d0701548,0x00000000d1580000)
 Metaspace       used 75722K, committed 76992K, reserved 1179648K
  class space    used 8145K, committed 8640K, reserved 1048576K
}
Event: 184.854 GC heap before
{Heap before GC invocations=312 (full 13):
 PSYoungGen      total 12288K, used 12286K [0x00000000eab00000, 0x00000000ebe00000, 0x0000000100000000)
  eden space 8192K, 100% used [0x00000000eab00000,0x00000000eb300000,0x00000000eb300000)
  from space 4096K, 99% used [0x00000000eb500000,0x00000000eb8ffb80,0x00000000eb900000)
  to   space 5120K, 0% used [0x00000000eb900000,0x00000000eb900000,0x00000000ebe00000)
 ParOldGen       total 284160K, used 269317K [0x00000000c0000000, 0x00000000d1580000, 0x00000000eab00000)
  object space 284160K, 94% used [0x00000000c0000000,0x00000000d0701548,0x00000000d1580000)
 Metaspace       used 75874K, committed 77056K, reserved 1179648K
  class space    used 8153K, committed 8640K, reserved 1048576K
}
Event: 184.855 GC heap after
{Heap after GC invocations=312 (full 13):
 PSYoungGen      total 8704K, used 490K [0x00000000eab00000, 0x00000000eb980000, 0x0000000100000000)
  eden space 8192K, 0% used [0x00000000eab00000,0x00000000eab00000,0x00000000eb300000)
  from space 512K, 95% used [0x00000000eb900000,0x00000000eb97a930,0x00000000eb980000)
  to   space 2560K, 0% used [0x00000000eb480000,0x00000000eb480000,0x00000000eb700000)
 ParOldGen       total 284160K, used 272975K [0x00000000c0000000, 0x00000000d1580000, 0x00000000eab00000)
  object space 284160K, 96% used [0x00000000c0000000,0x00000000d0a93ea8,0x00000000d1580000)
 Metaspace       used 75874K, committed 77056K, reserved 1179648K
  class space    used 8153K, committed 8640K, reserved 1048576K
}
Event: 186.451 GC heap before
{Heap before GC invocations=313 (full 13):
 PSYoungGen      total 8704K, used 8682K [0x00000000eab00000, 0x00000000eb980000, 0x0000000100000000)
  eden space 8192K, 100% used [0x00000000eab00000,0x00000000eb300000,0x00000000eb300000)
  from space 512K, 95% used [0x00000000eb900000,0x00000000eb97a930,0x00000000eb980000)
  to   space 2560K, 0% used [0x00000000eb480000,0x00000000eb480000,0x00000000eb700000)
 ParOldGen       total 284160K, used 272975K [0x00000000c0000000, 0x00000000d1580000, 0x00000000eab00000)
  object space 284160K, 96% used [0x00000000c0000000,0x00000000d0a93ea8,0x00000000d1580000)
 Metaspace       used 75908K, committed 77120K, reserved 1179648K
  class space    used 8153K, committed 8640K, reserved 1048576K
}
Event: 186.452 GC heap after
{Heap after GC invocations=313 (full 13):
 PSYoungGen      total 10752K, used 506K [0x00000000eab00000, 0x00000000eb980000, 0x0000000100000000)
  eden space 8192K, 0% used [0x00000000eab00000,0x00000000eab00000,0x00000000eb300000)
  from space 2560K, 19% used [0x00000000eb480000,0x00000000eb4fe920,0x00000000eb700000)
  to   space 1024K, 0% used [0x00000000eb880000,0x00000000eb880000,0x00000000eb980000)
 ParOldGen       total 284160K, used 272975K [0x00000000c0000000, 0x00000000d1580000, 0x00000000eab00000)
  object space 284160K, 96% used [0x00000000c0000000,0x00000000d0a93ea8,0x00000000d1580000)
 Metaspace       used 75908K, committed 77120K, reserved 1179648K
  class space    used 8153K, committed 8640K, reserved 1048576K
}
Event: 187.099 GC heap before
{Heap before GC invocations=314 (full 13):
 PSYoungGen      total 10752K, used 8698K [0x00000000eab00000, 0x00000000eb980000, 0x0000000100000000)
  eden space 8192K, 100% used [0x00000000eab00000,0x00000000eb300000,0x00000000eb300000)
  from space 2560K, 19% used [0x00000000eb480000,0x00000000eb4fe920,0x00000000eb700000)
  to   space 1024K, 0% used [0x00000000eb880000,0x00000000eb880000,0x00000000eb980000)
 ParOldGen       total 284160K, used 272975K [0x00000000c0000000, 0x00000000d1580000, 0x00000000eab00000)
  object space 284160K, 96% used [0x00000000c0000000,0x00000000d0a93ea8,0x00000000d1580000)
 Metaspace       used 76022K, committed 77312K, reserved 1179648K
  class space    used 8174K, committed 8704K, reserved 1048576K
}
Event: 187.100 GC heap after
{Heap after GC invocations=314 (full 13):
 PSYoungGen      total 8704K, used 378K [0x00000000eab00000, 0x00000000eb900000, 0x0000000100000000)
  eden space 8192K, 0% used [0x00000000eab00000,0x00000000eab00000,0x00000000eb300000)
  from space 512K, 73% used [0x00000000eb880000,0x00000000eb8de900,0x00000000eb900000)
  to   space 512K, 0% used [0x00000000eb800000,0x00000000eb800000,0x00000000eb880000)
 ParOldGen       total 284160K, used 272975K [0x00000000c0000000, 0x00000000d1580000, 0x00000000eab00000)
  object space 284160K, 96% used [0x00000000c0000000,0x00000000d0a93ea8,0x00000000d1580000)
 Metaspace       used 76022K, committed 77312K, reserved 1179648K
  class space    used 8174K, committed 8704K, reserved 1048576K
}
Event: 187.136 GC heap before
{Heap before GC invocations=315 (full 13):
 PSYoungGen      total 8704K, used 8570K [0x00000000eab00000, 0x00000000eb900000, 0x0000000100000000)
  eden space 8192K, 100% used [0x00000000eab00000,0x00000000eb300000,0x00000000eb300000)
  from space 512K, 73% used [0x00000000eb880000,0x00000000eb8de900,0x00000000eb900000)
  to   space 512K, 0% used [0x00000000eb800000,0x00000000eb800000,0x00000000eb880000)
 ParOldGen       total 284160K, used 272975K [0x00000000c0000000, 0x00000000d1580000, 0x00000000eab00000)
  object space 284160K, 96% used [0x00000000c0000000,0x00000000d0a93ea8,0x00000000d1580000)
 Metaspace       used 76465K, committed 77696K, reserved 1179648K
  class space    used 8239K, committed 8768K, reserved 1048576K
}
Event: 187.138 GC heap after
{Heap after GC invocations=315 (full 13):
 PSYoungGen      total 8704K, used 512K [0x00000000eab00000, 0x00000000ebd00000, 0x0000000100000000)
  eden space 8192K, 0% used [0x00000000eab00000,0x00000000eab00000,0x00000000eb300000)
  from space 512K, 100% used [0x00000000eb800000,0x00000000eb880000,0x00000000eb880000)
  to   space 4608K, 0% used [0x00000000eb880000,0x00000000eb880000,0x00000000ebd00000)
 ParOldGen       total 284160K, used 276637K [0x00000000c0000000, 0x00000000d1580000, 0x00000000eab00000)
  object space 284160K, 97% used [0x00000000c0000000,0x00000000d0e276f8,0x00000000d1580000)
 Metaspace       used 76465K, committed 77696K, reserved 1179648K
  class space    used 8239K, committed 8768K, reserved 1048576K
}
Event: 187.183 GC heap before
{Heap before GC invocations=316 (full 13):
 PSYoungGen      total 8704K, used 8704K [0x00000000eab00000, 0x00000000ebd00000, 0x0000000100000000)
  eden space 8192K, 100% used [0x00000000eab00000,0x00000000eb300000,0x00000000eb300000)
  from space 512K, 100% used [0x00000000eb800000,0x00000000eb880000,0x00000000eb880000)
  to   space 4608K, 0% used [0x00000000eb880000,0x00000000eb880000,0x00000000ebd00000)
 ParOldGen       total 284160K, used 276637K [0x00000000c0000000, 0x00000000d1580000, 0x00000000eab00000)
  object space 284160K, 97% used [0x00000000c0000000,0x00000000d0e276f8,0x00000000d1580000)
 Metaspace       used 76761K, committed 78016K, reserved 1179648K
  class space    used 8284K, committed 8768K, reserved 1048576K
}
Event: 187.184 GC heap after
{Heap after GC invocations=316 (full 13):
 PSYoungGen      total 10752K, used 2506K [0x00000000eab00000, 0x00000000ebb00000, 0x0000000100000000)
  eden space 8192K, 0% used [0x00000000eab00000,0x00000000eab00000,0x00000000eb300000)
  from space 2560K, 97% used [0x00000000eb880000,0x00000000ebaf2910,0x00000000ebb00000)
  to   space 3584K, 0% used [0x00000000eb400000,0x00000000eb400000,0x00000000eb780000)
 ParOldGen       total 284160K, used 276685K [0x00000000c0000000, 0x00000000d1580000, 0x00000000eab00000)
  object space 284160K, 97% used [0x00000000c0000000,0x00000000d0e336f8,0x00000000d1580000)
 Metaspace       used 76761K, committed 78016K, reserved 1179648K
  class space    used 8284K, committed 8768K, reserved 1048576K
}
Event: 187.235 GC heap before
{Heap before GC invocations=317 (full 13):
 PSYoungGen      total 10752K, used 10493K [0x00000000eab00000, 0x00000000ebb00000, 0x0000000100000000)
  eden space 8192K, 97% used [0x00000000eab00000,0x00000000eb2ccd10,0x00000000eb300000)
  from space 2560K, 97% used [0x00000000eb880000,0x00000000ebaf2910,0x00000000ebb00000)
  to   space 3584K, 0% used [0x00000000eb400000,0x00000000eb400000,0x00000000eb780000)
 ParOldGen       total 284160K, used 276685K [0x00000000c0000000, 0x00000000d1580000, 0x00000000eab00000)
  object space 284160K, 97% used [0x00000000c0000000,0x00000000d0e336f8,0x00000000d1580000)
 Metaspace       used 77286K, committed 78528K, reserved 1179648K
  class space    used 8344K, committed 8896K, reserved 1048576K
}
Event: 187.236 GC heap after
{Heap after GC invocations=317 (full 13):
 PSYoungGen      total 11776K, used 3572K [0x00000000eab00000, 0x00000000ebb00000, 0x0000000100000000)
  eden space 8192K, 0% used [0x00000000eab00000,0x00000000eab00000,0x00000000eb300000)
  from space 3584K, 99% used [0x00000000eb400000,0x00000000eb77d210,0x00000000eb780000)
  to   space 3584K, 0% used [0x00000000eb780000,0x00000000eb780000,0x00000000ebb00000)
 ParOldGen       total 284160K, used 276957K [0x00000000c0000000, 0x00000000d1580000, 0x00000000eab00000)
  object space 284160K, 97% used [0x00000000c0000000,0x00000000d0e776f8,0x00000000d1580000)
 Metaspace       used 77286K, committed 78528K, reserved 1179648K
  class space    used 8344K, committed 8896K, reserved 1048576K
}

Dll operation events (12 events):
Event: 0.005 Loaded shared library c:\Users\santi\.vscode\extensions\redhat.java-1.28.1-win32-x64\jre\17.0.10-win32-x86_64\bin\java.dll
Event: 0.078 Loaded shared library c:\Users\santi\.vscode\extensions\redhat.java-1.28.1-win32-x64\jre\17.0.10-win32-x86_64\bin\zip.dll
Event: 0.079 Loaded shared library C:\Users\santi\.vscode\extensions\redhat.java-1.28.1-win32-x64\jre\17.0.10-win32-x86_64\bin\instrument.dll
Event: 0.086 Loaded shared library C:\Users\santi\.vscode\extensions\redhat.java-1.28.1-win32-x64\jre\17.0.10-win32-x86_64\bin\net.dll
Event: 0.088 Loaded shared library C:\Users\santi\.vscode\extensions\redhat.java-1.28.1-win32-x64\jre\17.0.10-win32-x86_64\bin\nio.dll
Event: 0.091 Loaded shared library C:\Users\santi\.vscode\extensions\redhat.java-1.28.1-win32-x64\jre\17.0.10-win32-x86_64\bin\zip.dll
Event: 0.099 Loaded shared library C:\Users\santi\.vscode\extensions\redhat.java-1.28.1-win32-x64\jre\17.0.10-win32-x86_64\bin\jimage.dll
Event: 0.133 Loaded shared library c:\Users\santi\.vscode\extensions\redhat.java-1.28.1-win32-x64\jre\17.0.10-win32-x86_64\bin\verify.dll
Event: 0.728 Loaded shared library C:\Users\santi\AppData\Roaming\Code\User\globalStorage\redhat.java\1.28.1\config_win\org.eclipse.equinox.launcher\org.eclipse.equinox.launcher.win32.win32.x86_64_1.2.900.v20240129-1338\eclipse_11900.dll
Event: 2.003 Loaded shared library C:\Users\santi\AppData\Local\Temp\jna-109204053\jna4184208481134738578.dll
Event: 2.869 Loaded shared library C:\Users\santi\.vscode\extensions\redhat.java-1.28.1-win32-x64\jre\17.0.10-win32-x86_64\bin\sunmscapi.dll
Event: 3.051 Loaded shared library C:\Users\santi\.vscode\extensions\redhat.java-1.28.1-win32-x64\jre\17.0.10-win32-x86_64\bin\extnet.dll

Deoptimization events (20 events):
Event: 187.301 Thread 0x0000012ed0cabbe0 DEOPT PACKING pc=0x0000012ec073aef4 sp=0x0000001a9fefde10
Event: 187.301 Thread 0x0000012ed0cabbe0 DEOPT UNPACKING pc=0x0000012ebfae66a3 sp=0x0000001a9fefdd90 mode 2
Event: 187.302 Thread 0x0000012ed0cabbe0 Uncommon trap: trap_request=0xffffffc6 fr.pc=0x0000012ec06b40dc relative=0x00000000000015fc
Event: 187.302 Thread 0x0000012ed0cabbe0 Uncommon trap: reason=bimorphic_or_optimized_type_check action=maybe_recompile pc=0x0000012ec06b40dc method=org.eclipse.jdt.internal.core.NameLookup.getModuleDescription(Lorg/eclipse/jdt/internal/core/JavaProject;Lorg/eclipse/jdt/core/IPackageFragmentRoot
Event: 187.302 Thread 0x0000012ed0cabbe0 DEOPT PACKING pc=0x0000012ec06b40dc sp=0x0000001a9fefdeb0
Event: 187.302 Thread 0x0000012ed0cabbe0 DEOPT UNPACKING pc=0x0000012ebfae66a3 sp=0x0000001a9fefde68 mode 2
Event: 187.309 Thread 0x0000012ed35f3270 Uncommon trap: trap_request=0xffffff45 fr.pc=0x0000012ec06ee6fc relative=0x00000000000018bc
Event: 187.309 Thread 0x0000012ed35f3270 Uncommon trap: reason=unstable_if action=reinterpret pc=0x0000012ec06ee6fc method=org.eclipse.jdt.internal.compiler.parser.Scanner.getNextToken0()I @ 1980 c2
Event: 187.309 Thread 0x0000012ed35f3270 DEOPT PACKING pc=0x0000012ec06ee6fc sp=0x0000001a9f6fe630
Event: 187.309 Thread 0x0000012ed35f3270 DEOPT UNPACKING pc=0x0000012ebfae66a3 sp=0x0000001a9f6fe5c0 mode 2
Event: 187.311 Thread 0x0000012ed35f3270 DEOPT PACKING pc=0x0000012eb94b7790 sp=0x0000001a9f6fe4f0
Event: 187.311 Thread 0x0000012ed35f3270 DEOPT UNPACKING pc=0x0000012ebfae6e43 sp=0x0000001a9f6fd9d8 mode 0
Event: 187.312 Thread 0x0000012ed35f3270 Uncommon trap: trap_request=0xffffff45 fr.pc=0x0000012ec04197c4 relative=0x00000000000003a4
Event: 187.312 Thread 0x0000012ed35f3270 Uncommon trap: reason=unstable_if action=reinterpret pc=0x0000012ec04197c4 method=org.eclipse.jdt.internal.compiler.parser.Scanner.addTokenToLookBack(I)V @ 1 c2
Event: 187.312 Thread 0x0000012ed35f3270 DEOPT PACKING pc=0x0000012ec04197c4 sp=0x0000001a9f6fec50
Event: 187.312 Thread 0x0000012ed35f3270 DEOPT UNPACKING pc=0x0000012ebfae66a3 sp=0x0000001a9f6feb88 mode 2
Event: 187.313 Thread 0x0000012ed35f3270 Uncommon trap: trap_request=0xffffff45 fr.pc=0x0000012ec04cb480 relative=0x0000000000000080
Event: 187.313 Thread 0x0000012ed35f3270 Uncommon trap: reason=unstable_if action=reinterpret pc=0x0000012ec04cb480 method=org.eclipse.jdt.internal.compiler.parser.Scanner.addTokenToLookBack(I)V @ 1 c2
Event: 187.313 Thread 0x0000012ed35f3270 DEOPT PACKING pc=0x0000012ec04cb480 sp=0x0000001a9f6febe0
Event: 187.313 Thread 0x0000012ed35f3270 DEOPT UNPACKING pc=0x0000012ebfae66a3 sp=0x0000001a9f6feb80 mode 2

Classes unloaded (7 events):
Event: 1.273 Thread 0x0000012eb597ec40 Unloading class 0x0000000100248400 'java/lang/invoke/LambdaForm$MH+0x0000000100248400'
Event: 1.273 Thread 0x0000012eb597ec40 Unloading class 0x0000000100248000 'java/lang/invoke/LambdaForm$MH+0x0000000100248000'
Event: 1.273 Thread 0x0000012eb597ec40 Unloading class 0x0000000100247c00 'java/lang/invoke/LambdaForm$MH+0x0000000100247c00'
Event: 1.273 Thread 0x0000012eb597ec40 Unloading class 0x0000000100247800 'java/lang/invoke/LambdaForm$MH+0x0000000100247800'
Event: 1.273 Thread 0x0000012eb597ec40 Unloading class 0x0000000100247400 'java/lang/invoke/LambdaForm$BMH+0x0000000100247400'
Event: 1.273 Thread 0x0000012eb597ec40 Unloading class 0x0000000100247000 'java/lang/invoke/LambdaForm$DMH+0x0000000100247000'
Event: 1.273 Thread 0x0000012eb597ec40 Unloading class 0x0000000100244400 'java/lang/invoke/LambdaForm$DMH+0x0000000100244400'

Classes redefined (0 events):
No events

Internal exceptions (20 events):
Event: 109.623 Thread 0x0000012ed35f8880 Exception <a 'java/lang/NoSuchMethodError'{0x00000000eaca1e00}: 'java.lang.Object java.lang.invoke.DirectMethodHandle$Holder.newInvokeSpecial(java.lang.Object, java.lang.Object, java.lang.Object, java.lang.Object, int)'> (0x00000000eaca1e00) 
thrown [s\src\hotspot\share\interpreter\linkResolver.cpp, line 759]
Event: 109.623 Thread 0x0000012ed35f8880 Exception <a 'java/lang/NoSuchMethodError'{0x00000000eaca6138}: 'java.lang.Object java.lang.invoke.DirectMethodHandle$Holder.invokeSpecial(java.lang.Object, java.lang.Object, java.lang.Object, java.lang.Object, java.lang.Object, int)'> (0x00000000eaca6138) 
thrown [s\src\hotspot\share\interpreter\linkResolver.cpp, line 759]
Event: 109.623 Thread 0x0000012ed35f8880 Exception <a 'java/lang/NoSuchMethodError'{0x00000000eacaa060}: 'java.lang.Object java.lang.invoke.Invokers$Holder.linkToTargetMethod(java.lang.Object, java.lang.Object, java.lang.Object, int, java.lang.Object)'> (0x00000000eacaa060) 
thrown [s\src\hotspot\share\interpreter\linkResolver.cpp, line 759]
Event: 109.662 Thread 0x0000012ed35f8880 Exception <a 'java/lang/NoSuchMethodError'{0x00000000eacbf258}: 'void java.lang.invoke.DirectMethodHandle$Holder.invokeSpecial(java.lang.Object, java.lang.Object, int)'> (0x00000000eacbf258) 
thrown [s\src\hotspot\share\interpreter\linkResolver.cpp, line 759]
Event: 109.685 Thread 0x0000012ed35f8880 Exception <a 'java/lang/NoSuchMethodError'{0x00000000eaef60f0}: 'java.lang.Object java.lang.invoke.DirectMethodHandle$Holder.invokeSpecial(java.lang.Object, java.lang.Object, long, java.lang.Object, java.lang.Object, java.lang.Object, java.lang.Object, java.lang.Object, java.lang.Object, java.lang.Object, java.lang.Object, java.lang.Object)'> (0x00000000eaef60f0) 
thrown [s\src\hotspot\share\interpreter\linkResolver.cpp, line 759]
Event: 109.685 Thread 0x0000012ed35f8880 Exception <a 'java/lang/NoSuchMethodError'{0x00000000eaefa8e0}: 'java.lang.Object java.lang.invoke.DelegatingMethodHandle$Holder.reinvoke_L(java.lang.Object, long, java.lang.Object, java.lang.Object, java.lang.Object, java.lang.Object, java.lang.Object, java.lang.Object, java.lang.Object, java.lang.Object, java.lang.Object)'> (0x00000000eaefa8e0) 
thrown [s\src\hotspot\share\interpreter\linkResolver.cpp, line 759]
Event: 109.686 Thread 0x0000012ed35f8880 Exception <a 'java/lang/NoSuchMethodError'{0x00000000eaf28f58}: 'java.lang.Object java.lang.invoke.DirectMethodHandle$Holder.invokeSpecial(java.lang.Object, java.lang.Object, java.lang.Object, java.lang.Object, java.lang.Object, java.lang.Object, java.lang.Object, java.lang.Object, java.lang.Object, java.lang.Object, java.lang.Object)'> (0x00000000eaf28f58) 
thrown [s\src\hotspot\share\interpreter\linkResolver.cpp, line 759]
Event: 109.686 Thread 0x0000012ed35f8880 Exception <a 'java/lang/NoSuchMethodError'{0x00000000eaf2d710}: 'java.lang.Object java.lang.invoke.Invokers$Holder.linkToTargetMethod(java.lang.Object, java.lang.Object, java.lang.Object, java.lang.Object, java.lang.Object, java.lang.Object, java.lang.Object, java.lang.Object, java.lang.Object, java.lang.Object)'> (0x00000000eaf2d710) 
thrown [s\src\hotspot\share\interpreter\linkResolver.cpp, line 759]
Event: 110.963 Thread 0x0000012ed0cabbe0 Exception <a 'sun/nio/fs/WindowsException'{0x00000000eac08bd0}> (0x00000000eac08bd0) 
thrown [s\src\hotspot\share\prims\jni.cpp, line 516]
Event: 110.964 Thread 0x0000012ed0cabbe0 Exception <a 'sun/nio/fs/WindowsException'{0x00000000eac0e160}> (0x00000000eac0e160) 
thrown [s\src\hotspot\share\prims\jni.cpp, line 516]
Event: 111.047 Thread 0x0000012ed35f0f00 Implicit null exception at 0x0000012ec03b35a1 to 0x0000012ec03b37ac
Event: 111.064 Thread 0x0000012ed0caa7a0 Exception <a 'sun/nio/fs/WindowsException'{0x00000000eaf47220}> (0x00000000eaf47220) 
thrown [s\src\hotspot\share\prims\jni.cpp, line 516]
Event: 157.169 Thread 0x0000012ed0caa7a0 Implicit null exception at 0x0000012ec06abaa8 to 0x0000012ec06ade94
Event: 157.170 Thread 0x0000012ed0caa7a0 Exception <a 'sun/nio/fs/WindowsException'{0x00000000eac93380}> (0x00000000eac93380) 
thrown [s\src\hotspot\share\prims\jni.cpp, line 516]
Event: 157.226 Thread 0x0000012ed0caa7a0 Exception <a 'sun/nio/fs/WindowsException'{0x00000000eafaa3c0}> (0x00000000eafaa3c0) 
thrown [s\src\hotspot\share\prims\jni.cpp, line 516]
Event: 182.720 Thread 0x0000012ed0caa7a0 Exception <a 'sun/nio/fs/WindowsException'{0x00000000eac5a6a0}> (0x00000000eac5a6a0) 
thrown [s\src\hotspot\share\prims\jni.cpp, line 516]
Event: 182.774 Thread 0x0000012ed0caa7a0 Exception <a 'sun/nio/fs/WindowsException'{0x00000000eae76340}> (0x00000000eae76340) 
thrown [s\src\hotspot\share\prims\jni.cpp, line 516]
Event: 187.111 Thread 0x0000012ed0cabbe0 Exception <a 'java/lang/ArrayIndexOutOfBoundsException'{0x00000000eac7e4b0}: Index 59 out of bounds for length 59> (0x00000000eac7e4b0) 
thrown [s\src\hotspot\share\interpreter\interpreterRuntime.cpp, line 428]
Event: 187.111 Thread 0x0000012ed0cabbe0 Exception <a 'java/lang/ArrayIndexOutOfBoundsException'{0x00000000eac7eb18}: Index 59 out of bounds for length 59> (0x00000000eac7eb18) 
thrown [s\src\hotspot\share\interpreter\interpreterRuntime.cpp, line 428]
Event: 187.111 Thread 0x0000012ed0cabbe0 Exception <a 'java/lang/ArrayIndexOutOfBoundsException'{0x00000000eac7ee88}: Index 60 out of bounds for length 59> (0x00000000eac7ee88) 
thrown [s\src\hotspot\share\interpreter\interpreterRuntime.cpp, line 428]

VM Operations (20 events):
Event: 187.106 Executing VM operation: HandshakeAllThreads
Event: 187.106 Executing VM operation: HandshakeAllThreads done
Event: 187.107 Executing VM operation: HandshakeAllThreads
Event: 187.107 Executing VM operation: HandshakeAllThreads done
Event: 187.108 Executing VM operation: HandshakeAllThreads
Event: 187.108 Executing VM operation: HandshakeAllThreads done
Event: 187.136 Executing VM operation: ParallelGCFailedAllocation
Event: 187.138 Executing VM operation: ParallelGCFailedAllocation done
Event: 187.142 Executing VM operation: HandshakeAllThreads
Event: 187.142 Executing VM operation: HandshakeAllThreads done
Event: 187.167 Executing VM operation: HandshakeAllThreads
Event: 187.167 Executing VM operation: HandshakeAllThreads done
Event: 187.171 Executing VM operation: HandshakeAllThreads
Event: 187.171 Executing VM operation: HandshakeAllThreads done
Event: 187.171 Executing VM operation: HandshakeAllThreads
Event: 187.171 Executing VM operation: HandshakeAllThreads done
Event: 187.183 Executing VM operation: ParallelGCFailedAllocation
Event: 187.184 Executing VM operation: ParallelGCFailedAllocation done
Event: 187.235 Executing VM operation: ParallelGCFailedAllocation
Event: 187.236 Executing VM operation: ParallelGCFailedAllocation done

Events (20 events):
Event: 183.839 Thread 0x0000012ecfff2090 Thread exited: 0x0000012ecfff2090
Event: 187.133 Thread 0x0000012ecfff2090 Thread added: 0x0000012ecfff2090
Event: 187.144 Thread 0x0000012ed104b420 Thread added: 0x0000012ed104b420
Event: 187.181 loading class java/util/Spliterators$IntArraySpliterator
Event: 187.181 loading class java/util/Spliterators$IntArraySpliterator done
Event: 187.181 loading class java/util/stream/IntPipeline$1
Event: 187.181 loading class java/util/stream/IntPipeline$1 done
Event: 187.181 loading class java/util/stream/IntPipeline$1$1
Event: 187.181 loading class java/util/stream/IntPipeline$1$1 done
Event: 187.221 loading class java/util/stream/ReferencePipeline$4
Event: 187.221 loading class java/util/stream/ReferencePipeline$4 done
Event: 187.221 loading class java/util/stream/Nodes$IntFixedNodeBuilder
Event: 187.222 loading class java/util/stream/Node$Builder$OfInt
Event: 187.222 loading class java/util/stream/Node$Builder$OfInt done
Event: 187.222 loading class java/util/stream/Nodes$IntArrayNode
Event: 187.222 loading class java/util/stream/Nodes$IntArrayNode done
Event: 187.222 loading class java/util/stream/Nodes$IntFixedNodeBuilder done
Event: 187.222 loading class java/util/stream/ReferencePipeline$4$1
Event: 187.222 loading class java/util/stream/ReferencePipeline$4$1 done
Event: 187.305 Thread 0x0000012ed35f3270 Thread added: 0x0000012ed35f3270


Dynamic libraries:
0x00007ff69e430000 - 0x00007ff69e43e000 	c:\Users\santi\.vscode\extensions\redhat.java-1.28.1-win32-x64\jre\17.0.10-win32-x86_64\bin\java.exe
0x00007ffa56f50000 - 0x00007ffa57148000 	C:\WINDOWS\SYSTEM32\ntdll.dll
0x00007ffa56000000 - 0x00007ffa560bd000 	C:\WINDOWS\System32\KERNEL32.DLL
0x00007ffa54860000 - 0x00007ffa54b56000 	C:\WINDOWS\System32\KERNELBASE.dll
0x00007ffa54c90000 - 0x00007ffa54d90000 	C:\WINDOWS\System32\ucrtbase.dll
0x00007ffa37850000 - 0x00007ffa37867000 	c:\Users\santi\.vscode\extensions\redhat.java-1.28.1-win32-x64\jre\17.0.10-win32-x86_64\bin\jli.dll
0x00007ffa36840000 - 0x00007ffa3685b000 	c:\Users\santi\.vscode\extensions\redhat.java-1.28.1-win32-x64\jre\17.0.10-win32-x86_64\bin\VCRUNTIME140.dll
0x00007ffa54f90000 - 0x00007ffa5512e000 	C:\WINDOWS\System32\USER32.dll
0x00007ffa54c60000 - 0x00007ffa54c82000 	C:\WINDOWS\System32\win32u.dll
0x00007ffa56ee0000 - 0x00007ffa56f0b000 	C:\WINDOWS\System32\GDI32.dll
0x00007ffa54e70000 - 0x00007ffa54f87000 	C:\WINDOWS\System32\gdi32full.dll
0x00007ffa47e30000 - 0x00007ffa480ca000 	C:\WINDOWS\WinSxS\amd64_microsoft.windows.common-controls_6595b64144ccf1df_6.0.19041.3636_none_60b6a03d71f818d5\COMCTL32.dll
0x00007ffa54660000 - 0x00007ffa546fd000 	C:\WINDOWS\System32\msvcp_win.dll
0x00007ffa55570000 - 0x00007ffa5560e000 	C:\WINDOWS\System32\msvcrt.dll
0x00007ffa56aa0000 - 0x00007ffa56ad2000 	C:\WINDOWS\System32\IMM32.DLL
0x00007ffa4b3f0000 - 0x00007ffa4b3fc000 	c:\Users\santi\.vscode\extensions\redhat.java-1.28.1-win32-x64\jre\17.0.10-win32-x86_64\bin\vcruntime140_1.dll
0x00007ff9e0b00000 - 0x00007ff9e0b8d000 	c:\Users\santi\.vscode\extensions\redhat.java-1.28.1-win32-x64\jre\17.0.10-win32-x86_64\bin\msvcp140.dll
0x00007ff9df630000 - 0x00007ff9e0292000 	c:\Users\santi\.vscode\extensions\redhat.java-1.28.1-win32-x64\jre\17.0.10-win32-x86_64\bin\server\jvm.dll
0x00007ffa55d10000 - 0x00007ffa55dc3000 	C:\WINDOWS\System32\ADVAPI32.dll
0x00007ffa56e40000 - 0x00007ffa56edf000 	C:\WINDOWS\System32\sechost.dll
0x00007ffa55420000 - 0x00007ffa55546000 	C:\WINDOWS\System32\RPCRT4.dll
0x00007ffa54e40000 - 0x00007ffa54e67000 	C:\WINDOWS\System32\bcrypt.dll
0x00007ffa2d540000 - 0x00007ffa2d549000 	C:\WINDOWS\SYSTEM32\WSOCK32.dll
0x00007ffa48d50000 - 0x00007ffa48d77000 	C:\WINDOWS\SYSTEM32\WINMM.dll
0x00007ffa55c10000 - 0x00007ffa55c7b000 	C:\WINDOWS\System32\WS2_32.dll
0x00007ffa53b20000 - 0x00007ffa53b6b000 	C:\WINDOWS\SYSTEM32\POWRPROF.dll
0x00007ffa4ae90000 - 0x00007ffa4ae9a000 	C:\WINDOWS\SYSTEM32\VERSION.dll
0x00007ffa539e0000 - 0x00007ffa539f2000 	C:\WINDOWS\SYSTEM32\UMPDC.dll
0x00007ffa523c0000 - 0x00007ffa523d2000 	C:\WINDOWS\SYSTEM32\kernel.appcore.dll
0x00007ffa42440000 - 0x00007ffa4244a000 	c:\Users\santi\.vscode\extensions\redhat.java-1.28.1-win32-x64\jre\17.0.10-win32-x86_64\bin\jimage.dll
0x00007ffa48410000 - 0x00007ffa485f4000 	C:\WINDOWS\SYSTEM32\DBGHELP.DLL
0x00007ffa44d90000 - 0x00007ffa44dc4000 	C:\WINDOWS\SYSTEM32\dbgcore.DLL
0x00007ffa54bd0000 - 0x00007ffa54c52000 	C:\WINDOWS\System32\bcryptPrimitives.dll
0x00007ffa3a410000 - 0x00007ffa3a41e000 	c:\Users\santi\.vscode\extensions\redhat.java-1.28.1-win32-x64\jre\17.0.10-win32-x86_64\bin\instrument.dll
0x00007ffa1c710000 - 0x00007ffa1c735000 	c:\Users\santi\.vscode\extensions\redhat.java-1.28.1-win32-x64\jre\17.0.10-win32-x86_64\bin\java.dll
0x00007ffa34d10000 - 0x00007ffa34d28000 	c:\Users\santi\.vscode\extensions\redhat.java-1.28.1-win32-x64\jre\17.0.10-win32-x86_64\bin\zip.dll
0x00007ffa56190000 - 0x00007ffa568d5000 	C:\WINDOWS\System32\SHELL32.dll
0x00007ffa526a0000 - 0x00007ffa52e3c000 	C:\WINDOWS\SYSTEM32\windows.storage.dll
0x00007ffa56ae0000 - 0x00007ffa56e34000 	C:\WINDOWS\System32\combase.dll
0x00007ffa53f60000 - 0x00007ffa53f8e000 	C:\WINDOWS\SYSTEM32\Wldp.dll
0x00007ffa560c0000 - 0x00007ffa5618d000 	C:\WINDOWS\System32\OLEAUT32.dll
0x00007ffa55dd0000 - 0x00007ffa55e7d000 	C:\WINDOWS\System32\SHCORE.dll
0x00007ffa55fa0000 - 0x00007ffa55ff5000 	C:\WINDOWS\System32\shlwapi.dll
0x00007ffa54540000 - 0x00007ffa54565000 	C:\WINDOWS\SYSTEM32\profapi.dll
0x00007ffa1bfb0000 - 0x00007ffa1bfc9000 	C:\Users\santi\.vscode\extensions\redhat.java-1.28.1-win32-x64\jre\17.0.10-win32-x86_64\bin\net.dll
0x00007ffa4d5e0000 - 0x00007ffa4d6ea000 	C:\WINDOWS\SYSTEM32\WINHTTP.dll
0x00007ffa53d40000 - 0x00007ffa53daa000 	C:\WINDOWS\system32\mswsock.dll
0x00007ffa1b4b0000 - 0x00007ffa1b4c6000 	C:\Users\santi\.vscode\extensions\redhat.java-1.28.1-win32-x64\jre\17.0.10-win32-x86_64\bin\nio.dll
0x00007ffa38dd0000 - 0x00007ffa38de0000 	c:\Users\santi\.vscode\extensions\redhat.java-1.28.1-win32-x64\jre\17.0.10-win32-x86_64\bin\verify.dll
0x00007ffa16f80000 - 0x00007ffa16fbe000 	C:\Users\santi\AppData\Roaming\Code\User\globalStorage\redhat.java\1.28.1\config_win\org.eclipse.equinox.launcher\org.eclipse.equinox.launcher.win32.win32.x86_64_1.2.900.v20240129-1338\eclipse_11900.dll
0x00007ffa55a80000 - 0x00007ffa55bab000 	C:\WINDOWS\System32\ole32.dll
0x00007ffa53fa0000 - 0x00007ffa53fb8000 	C:\WINDOWS\SYSTEM32\CRYPTSP.dll
0x00007ffa53620000 - 0x00007ffa53654000 	C:\WINDOWS\system32\rsaenh.dll
0x00007ffa54500000 - 0x00007ffa5452e000 	C:\WINDOWS\SYSTEM32\USERENV.dll
0x00007ffa53ed0000 - 0x00007ffa53edc000 	C:\WINDOWS\SYSTEM32\CRYPTBASE.dll
0x00007ffa53a00000 - 0x00007ffa53a3b000 	C:\WINDOWS\SYSTEM32\IPHLPAPI.DLL
0x00007ffa55560000 - 0x00007ffa55568000 	C:\WINDOWS\System32\NSI.dll
0x00007ffa4e760000 - 0x00007ffa4e777000 	C:\WINDOWS\SYSTEM32\dhcpcsvc6.DLL
0x00007ffa4e740000 - 0x00007ffa4e75d000 	C:\WINDOWS\SYSTEM32\dhcpcsvc.DLL
0x00007ffa53a40000 - 0x00007ffa53b0b000 	C:\WINDOWS\SYSTEM32\DNSAPI.dll
0x00007ffa495a0000 - 0x00007ffa495e5000 	C:\Users\santi\AppData\Local\Temp\jna-109204053\jna4184208481134738578.dll
0x00007ffa55550000 - 0x00007ffa55558000 	C:\WINDOWS\System32\PSAPI.DLL
0x00007ffa4d8d0000 - 0x00007ffa4d8de000 	C:\Users\santi\.vscode\extensions\redhat.java-1.28.1-win32-x64\jre\17.0.10-win32-x86_64\bin\sunmscapi.dll
0x00007ffa54700000 - 0x00007ffa5485d000 	C:\WINDOWS\System32\CRYPT32.dll
0x00007ffa540b0000 - 0x00007ffa540d8000 	C:\WINDOWS\SYSTEM32\ncrypt.dll
0x00007ffa54070000 - 0x00007ffa540ab000 	C:\WINDOWS\SYSTEM32\NTASN1.dll
0x00007ffa4bdb0000 - 0x00007ffa4bdba000 	C:\Windows\System32\rasadhlp.dll
0x00007ffa4c400000 - 0x00007ffa4c480000 	C:\WINDOWS\System32\fwpuclnt.dll
0x00007ffa4d090000 - 0x00007ffa4d099000 	C:\Users\santi\.vscode\extensions\redhat.java-1.28.1-win32-x64\jre\17.0.10-win32-x86_64\bin\extnet.dll

dbghelp: loaded successfully - version: 4.0.5 - missing functions: none
symbol engine: initialized successfully - sym options: 0x614 - pdb path: .;c:\Users\santi\.vscode\extensions\redhat.java-1.28.1-win32-x64\jre\17.0.10-win32-x86_64\bin;C:\WINDOWS\SYSTEM32;C:\WINDOWS\WinSxS\amd64_microsoft.windows.common-controls_6595b64144ccf1df_6.0.19041.3636_none_60b6a03d71f818d5;c:\Users\santi\.vscode\extensions\redhat.java-1.28.1-win32-x64\jre\17.0.10-win32-x86_64\bin\server;C:\Users\santi\AppData\Roaming\Code\User\globalStorage\redhat.java\1.28.1\config_win\org.eclipse.equinox.launcher\org.eclipse.equinox.launcher.win32.win32.x86_64_1.2.900.v20240129-1338;C:\Users\santi\AppData\Local\Temp\jna-109204053

VM Arguments:
jvm_args: --add-modules=ALL-SYSTEM --add-opens=java.base/java.util=ALL-UNNAMED --add-opens=java.base/java.lang=ALL-UNNAMED --add-opens=java.base/sun.nio.fs=ALL-UNNAMED -Declipse.application=org.eclipse.jdt.ls.core.id1 -Dosgi.bundles.defaultStartLevel=4 -Declipse.product=org.eclipse.jdt.ls.core.product -Djava.import.generatesMetadataFilesAtProjectRoot=false -DDetectVMInstallationsJob.disabled=true -Dfile.encoding=utf8 -XX:+UseParallelGC -XX:GCTimeRatio=4 -XX:AdaptiveSizePolicyWeight=90 -Dsun.zip.disableMemoryMapping=true -Xmx1G -Xms100m -Xlog:disable -javaagent:c:\Users\santi\.vscode\extensions\redhat.java-1.28.1-win32-x64\lombok\lombok-1.18.31.jar -XX:+HeapDumpOnOutOfMemoryError -XX:HeapDumpPath=c:\Users\santi\AppData\Roaming\Code\User\workspaceStorage\579b4992d83981974b0bdabad3642d48\redhat.java -Daether.dependencyCollector.impl=bf 
java_command: c:\Users\santi\.vscode\extensions\redhat.java-1.28.1-win32-x64\server\plugins\org.eclipse.equinox.launcher_1.6.700.v20231214-2017.jar -configuration c:\Users\santi\AppData\Roaming\Code\User\globalStorage\redhat.java\1.28.1\config_win -data c:\Users\santi\AppData\Roaming\Code\User\workspaceStorage\579b4992d83981974b0bdabad3642d48\redhat.java\jdt_ws --stdio
java_class_path (initial): c:\Users\santi\.vscode\extensions\redhat.java-1.28.1-win32-x64\server\plugins\org.eclipse.equinox.launcher_1.6.700.v20231214-2017.jar
Launcher Type: SUN_STANDARD

[Global flags]
    uintx AdaptiveSizePolicyWeight                 = 90                                        {product} {command line}
     intx CICompilerCount                          = 4                                         {product} {ergonomic}
    uintx GCTimeRatio                              = 4                                         {product} {command line}
     bool HeapDumpOnOutOfMemoryError               = true                                   {manageable} {command line}
    ccstr HeapDumpPath                             = c:\Users\santi\AppData\Roaming\Code\User\workspaceStorage\579b4992d83981974b0bdabad3642d48\redhat.java         {manageable} {command line}
   size_t InitialHeapSize                          = 104857600                                 {product} {command line}
   size_t MaxHeapSize                              = 1073741824                                {product} {command line}
   size_t MaxNewSize                               = 357564416                                 {product} {ergonomic}
   size_t MinHeapDeltaBytes                        = 524288                                    {product} {ergonomic}
   size_t MinHeapSize                              = 104857600                                 {product} {command line}
   size_t NewSize                                  = 34603008                                  {product} {ergonomic}
    uintx NonNMethodCodeHeapSize                   = 5839372                                {pd product} {ergonomic}
    uintx NonProfiledCodeHeapSize                  = 122909434                              {pd product} {ergonomic}
   size_t OldSize                                  = 70254592                                  {product} {ergonomic}
    uintx ProfiledCodeHeapSize                     = 122909434                              {pd product} {ergonomic}
    uintx ReservedCodeCacheSize                    = 251658240                              {pd product} {ergonomic}
     bool SegmentedCodeCache                       = true                                      {product} {ergonomic}
   size_t SoftMaxHeapSize                          = 1073741824                             {manageable} {ergonomic}
     bool UseCompressedClassPointers               = true                           {product lp64_product} {ergonomic}
     bool UseCompressedOops                        = true                           {product lp64_product} {ergonomic}
     bool UseLargePagesIndividualAllocation        = false                                  {pd product} {ergonomic}
     bool UseParallelGC                            = true                                      {product} {command line}

Logging:
Log output configuration:
 #0: stdout all=off uptime,level,tags
 #1: stderr all=off uptime,level,tags

Environment Variables:
PATH=C:\app\santi\product\21c\dbhomeXE\bin;C:\Program Files\Common Files\Oracle\Java\javapath;C:\Program Files (x86)\Common Files\Oracle\Java\javapath;C:\Program Files\Microsoft\jdk-11.0.16.101-hotspot\bin;C:\Program Files\Eclipse Adoptium\jdk-17.0.8.7-hotspot\bin;C:\ProgramData\Oracle\Java\javapath;C:\WINDOWS\system32;C:\WINDOWS;C:\WINDOWS\System32\Wbem;C:\WINDOWS\System32\WindowsPowerShell\v1.0\;C:\WINDOWS\System32\OpenSSH\;C:\Program Files\NVIDIA Corporation\NVIDIA NvDLISR;C:\Program Files\Git\cmd;C:\Program Files\MATLAB\R2023b\bin;C:\Program Files\dotnet\;C:\Program Files\Azure Data Studio\bin;C:\Program Files\Docker\Docker\resources\bin;C:\Program Files\nodejs\;C:\Program Files (x86)\Microsoft SQL Server\160\DTS\Binn\;C:\Users\santi\AppData\Local\Programs\Python\Python39\Scripts\;C:\Users\santi\AppData\Local\Programs\Python\Python39\;C:\Users\santi\AppData\Local\Microsoft\WindowsApps;C:\Users\santi\AppData\Local\Programs\Microsoft VS Code\bin;C:\Users\santi\AppData\Local\GitHubDesktop\bin;C:\Program Files\Azure Data Studio\bin;C:\Users\santi\AppData\Roaming\npm
USERNAME=santi
OS=Windows_NT
PROCESSOR_IDENTIFIER=AMD64 Family 25 Model 33 Stepping 0, AuthenticAMD
TMP=C:\Users\santi\AppData\Local\Temp
TEMP=C:\Users\santi\AppData\Local\Temp



Periodic native trim disabled


---------------  S Y S T E M  ---------------

OS:
 Windows 10 , 64 bit Build 19041 (10.0.19041.3636)
OS uptime: 1 days 16:47 hours
Hyper-V role detected

CPU: total 12 (initial active 12) (12 cores per cpu, 2 threads per core) family 25 model 33 stepping 0 microcode 0x0, cx8, cmov, fxsr, ht, mmx, 3dnowpref, sse, sse2, sse3, ssse3, sse4a, sse4.1, sse4.2, popcnt, lzcnt, tsc, tscinvbit, avx, avx2, aes, erms, clmul, bmi1, bmi2, adx, sha, fma, vzeroupper, clflush, clflushopt, hv
Processor Information for all 12 processors :
  Max Mhz: 3701, Current Mhz: 3701, Mhz Limit: 3701

Memory: 4k page, system-wide physical 16274M (2491M free)
TotalPageFile size 18322M (AvailPageFile size 9M)
current process WorkingSet (physical memory assigned to process): 652M, peak: 661M
current process commit charge ("private bytes"): 575M, peak: 599M

vm_info: OpenJDK 64-Bit Server VM (17.0.10+7) for windows-amd64 JRE (17.0.10+7), built on Jan 16 2024 23:25:11 by "admin" with MS VC++ 16.10 / 16.11 (VS2019)

END.
