#
# There is insufficient memory for the Java Runtime Environment to continue.
# Native memory allocation (malloc) failed to allocate 231456 bytes for Chunk::new
# Possible reasons:
#   The system is out of physical RAM or swap space
#   The process is running with CompressedOops enabled, and the Java Heap may be blocking the growth of the native heap
# Possible solutions:
#   Reduce memory load on the system
#   Increase physical memory or swap space
#   Check if swap backing store is full
#   Decrease Java heap size (-Xmx/-Xms)
#   Decrease number of Java threads
#   Decrease Java thread stack sizes (-Xss)
#   Set larger code cache with -XX:ReservedCodeCacheSize=
#   JVM is running with Unscaled Compressed Oops mode in which the Java heap is
#     placed in the first 4GB address space. The Java Heap base address is the
#     maximum limit for the native heap growth. Please use -XX:HeapBaseMinAddress
#     to set the Java Heap base and to place the Java Heap above 4GB virtual address.
# This output file may be truncated or incomplete.
#
#  Out of Memory Error (arena.cpp:191), pid=23136, tid=11616
#
# JRE version: OpenJDK Runtime Environment Temurin-17.0.10+7 (17.0.10+7) (build 17.0.10+7)
# Java VM: OpenJDK 64-Bit Server VM Temurin-17.0.10+7 (17.0.10+7, mixed mode, tiered, compressed oops, compressed class ptrs, parallel gc, windows-amd64)
# No core dump will be written. Minidumps are not enabled by default on client versions of Windows
#

---------------  S U M M A R Y ------------

Command Line: --add-modules=ALL-SYSTEM --add-opens=java.base/java.util=ALL-UNNAMED --add-opens=java.base/java.lang=ALL-UNNAMED --add-opens=java.base/sun.nio.fs=ALL-UNNAMED -Declipse.application=org.eclipse.jdt.ls.core.id1 -Dosgi.bundles.defaultStartLevel=4 -Declipse.product=org.eclipse.jdt.ls.core.product -Djava.import.generatesMetadataFilesAtProjectRoot=false -DDetectVMInstallationsJob.disabled=true -Dfile.encoding=utf8 -XX:+UseParallelGC -XX:GCTimeRatio=4 -XX:AdaptiveSizePolicyWeight=90 -Dsun.zip.disableMemoryMapping=true -Xmx1G -Xms100m -Xlog:disable -javaagent:c:\Users\santi\.vscode\extensions\redhat.java-1.28.1-win32-x64\lombok\lombok-1.18.31.jar -XX:+HeapDumpOnOutOfMemoryError -XX:HeapDumpPath=c:\Users\santi\AppData\Roaming\Code\User\workspaceStorage\579b4992d83981974b0bdabad3642d48\redhat.java -Daether.dependencyCollector.impl=bf c:\Users\santi\.vscode\extensions\redhat.java-1.28.1-win32-x64\server\plugins\org.eclipse.equinox.launcher_1.6.700.v20231214-2017.jar -configuration c:\Users\santi\AppData\Roaming\Code\User\globalStorage\redhat.java\1.28.1\config_win -data c:\Users\santi\AppData\Roaming\Code\User\workspaceStorage\579b4992d83981974b0bdabad3642d48\redhat.java\jdt_ws --stdio

Host: AMD Ryzen 5 5600X 6-Core Processor             , 12 cores, 15G,  Windows 10 , 64 bit Build 19041 (10.0.19041.3636)
Time: Sat Mar  2 12:29:44 2024 Hora est. Pacífico, Sudamérica elapsed time: 0.297775 seconds (0d 0h 0m 0s)

---------------  T H R E A D  ---------------

Current thread (0x000001acb81a6260):  JavaThread "C2 CompilerThread0" daemon [_thread_in_native, id=11616, stack(0x00000070bcd00000,0x00000070bce00000)]


Current CompileTask:
C2:    297  531       4       lombok.patcher.PatchScript::classMatches (41 bytes)

Stack: [0x00000070bcd00000,0x00000070bce00000]
Native frames: (J=compiled Java code, j=interpreted, Vv=VM code, C=native code)
V  [jvm.dll+0x67d2c9]
V  [jvm.dll+0x834afa]
V  [jvm.dll+0x8365be]
V  [jvm.dll+0x836c23]
V  [jvm.dll+0x2477ff]
V  [jvm.dll+0xac514]
V  [jvm.dll+0xacb5c]
V  [jvm.dll+0x2aed1f]
V  [jvm.dll+0x584b67]
V  [jvm.dll+0x2228a2]
V  [jvm.dll+0x222c8f]
V  [jvm.dll+0x21bdb6]
V  [jvm.dll+0x219201]
V  [jvm.dll+0x1a502d]
V  [jvm.dll+0x2290de]
V  [jvm.dll+0x2272ac]
V  [jvm.dll+0x7e9bb7]
V  [jvm.dll+0x7e3fba]
V  [jvm.dll+0x67c1b5]
C  [ucrtbase.dll+0x21bb2]
C  [KERNEL32.DLL+0x17344]
C  [ntdll.dll+0x526b1]


---------------  P R O C E S S  ---------------

Threads class SMR info:
_java_thread_list=0x000001acb84daac0, length=13, elements={
0x000001ac9ef751e0, 0x000001acb2e090a0, 0x000001acb2e0e960, 0x000001acb8198270,
0x000001acb81990f0, 0x000001acb819b720, 0x000001acb819dd10, 0x000001acb81a6260,
0x000001acb81a7400, 0x000001acb81b05d0, 0x000001ac9efd95e0, 0x000001acb833b230,
0x000001acb848ca40
}

Java Threads: ( => current thread )
  0x000001ac9ef751e0 JavaThread "main" [_thread_in_Java, id=20152, stack(0x00000070bc400000,0x00000070bc500000)]
  0x000001acb2e090a0 JavaThread "Reference Handler" daemon [_thread_blocked, id=19728, stack(0x00000070bc700000,0x00000070bc800000)]
  0x000001acb2e0e960 JavaThread "Finalizer" daemon [_thread_blocked, id=10028, stack(0x00000070bc800000,0x00000070bc900000)]
  0x000001acb8198270 JavaThread "Signal Dispatcher" daemon [_thread_blocked, id=6064, stack(0x00000070bc900000,0x00000070bca00000)]
  0x000001acb81990f0 JavaThread "Attach Listener" daemon [_thread_blocked, id=22948, stack(0x00000070bca00000,0x00000070bcb00000)]
  0x000001acb819b720 JavaThread "Service Thread" daemon [_thread_blocked, id=4496, stack(0x00000070bcb00000,0x00000070bcc00000)]
  0x000001acb819dd10 JavaThread "Monitor Deflation Thread" daemon [_thread_blocked, id=18344, stack(0x00000070bcc00000,0x00000070bcd00000)]
=>0x000001acb81a6260 JavaThread "C2 CompilerThread0" daemon [_thread_in_native, id=11616, stack(0x00000070bcd00000,0x00000070bce00000)]
  0x000001acb81a7400 JavaThread "C1 CompilerThread0" daemon [_thread_in_vm, id=21236, stack(0x00000070bce00000,0x00000070bcf00000)]
  0x000001acb81b05d0 JavaThread "Sweeper thread" daemon [_thread_blocked, id=18880, stack(0x00000070bcf00000,0x00000070bd000000)]
  0x000001ac9efd95e0 JavaThread "Common-Cleaner" daemon [_thread_blocked, id=20968, stack(0x00000070bd000000,0x00000070bd100000)]
  0x000001acb833b230 JavaThread "C2 CompilerThread1" daemon [_thread_in_native, id=21028, stack(0x00000070bd100000,0x00000070bd200000)]
  0x000001acb848ca40 JavaThread "Notification Thread" daemon [_thread_blocked, id=16716, stack(0x00000070bd200000,0x00000070bd300000)]

Other Threads:
  0x000001ac9f025660 VMThread "VM Thread" [stack: 0x00000070bc600000,0x00000070bc700000] [id=4048]
  0x000001acb848cf20 WatcherThread [stack: 0x00000070bd300000,0x00000070bd400000] [id=15600]
  0x000001ac9ef8bf50 GCTaskThread "GC Thread#0" [stack: 0x00000070bc500000,0x00000070bc600000] [id=940]

Threads with active compile tasks:
C2 CompilerThread0      314  531       4       lombok.patcher.PatchScript::classMatches (41 bytes)
C1 CompilerThread0      314  564       3       java.lang.AbstractStringBuilder::append (55 bytes)
C2 CompilerThread1      314  554       4       java.math.BigInteger::implMulAdd (81 bytes)

VM state: not at safepoint (normal execution)

VM Mutex/Monitor currently owned by a thread:  ([mutex/lock_event])
[0x000001ac9ce2c900] CodeCache_lock - owner thread: 0x0000000000000000
[0x000001ac9ef71ae0] AdapterHandlerLibrary_lock - owner thread: 0x0000000000000000

Heap address: 0x00000000c0000000, size: 1024 MB, Compressed Oops mode: 32-bit

CDS archive(s) not mapped
Compressed class space mapped at: 0x0000000100000000-0x0000000140000000, reserved size: 1073741824
Narrow klass base: 0x0000000000000000, Narrow klass shift: 3, Narrow klass range: 0x140000000

GC Precious Log:
 CPUs: 12 total, 12 available
 Memory: 16274M
 Large Page Support: Disabled
 NUMA Support: Disabled
 Compressed Oops: Enabled (32-bit)
 Alignments: Space 512K, Generation 512K, Heap 2M
 Heap Min Capacity: 100M
 Heap Initial Capacity: 100M
 Heap Max Capacity: 1G
 Pre-touch: Disabled
 Parallel Workers: 10

Heap:
 PSYoungGen      total 29696K, used 13040K [0x00000000eab00000, 0x00000000ecc00000, 0x0000000100000000)
  eden space 25600K, 50% used [0x00000000eab00000,0x00000000eb7bc238,0x00000000ec400000)
  from space 4096K, 0% used [0x00000000ec800000,0x00000000ec800000,0x00000000ecc00000)
  to   space 4096K, 0% used [0x00000000ec400000,0x00000000ec400000,0x00000000ec800000)
 ParOldGen       total 68608K, used 0K [0x00000000c0000000, 0x00000000c4300000, 0x00000000eab00000)
  object space 68608K, 0% used [0x00000000c0000000,0x00000000c0000000,0x00000000c4300000)
 Metaspace       used 8830K, committed 8960K, reserved 1114112K
  class space    used 873K, committed 960K, reserved 1048576K

Card table byte_map: [0x000001ac9e910000,0x000001ac9eb20000] _byte_map_base: 0x000001ac9e310000

Marking Bits: (ParMarkBitMap*) 0x00007ff9e01cd7d0
 Begin Bits: [0x000001acb0c10000, 0x000001acb1c10000)
 End Bits:   [0x000001acb1c10000, 0x000001acb2c10000)

Polling page: 0x000001ac9d0d0000

Metaspace:

Usage:
  Non-class:      7.77 MB used.
      Class:    873.44 KB used.
       Both:      8.62 MB used.

Virtual space:
  Non-class space:       64.00 MB reserved,       7.81 MB ( 12%) committed,  1 nodes.
      Class space:        1.00 GB reserved,     960.00 KB ( <1%) committed,  1 nodes.
             Both:        1.06 GB reserved,       8.75 MB ( <1%) committed. 

Chunk freelists:
   Non-Class:  8.00 MB
       Class:  15.09 MB
        Both:  23.09 MB

MaxMetaspaceSize: unlimited
CompressedClassSpaceSize: 1.00 GB
Initial GC threshold: 21.00 MB
Current GC threshold: 21.00 MB
CDS: off
MetaspaceReclaimPolicy: balanced
 - commit_granule_bytes: 65536.
 - commit_granule_words: 8192.
 - virtual_space_node_default_size: 8388608.
 - enlarge_chunks_in_place: 1.
 - new_chunks_are_fully_committed: 0.
 - uncommit_free_chunks: 1.
 - use_allocation_guard: 0.
 - handle_deallocations: 1.


Internal statistics:

num_allocs_failed_limit: 0.
num_arena_births: 10.
num_arena_deaths: 0.
num_vsnodes_births: 2.
num_vsnodes_deaths: 0.
num_space_committed: 140.
num_space_uncommitted: 0.
num_chunks_returned_to_freelist: 0.
num_chunks_taken_from_freelist: 41.
num_chunk_merges: 0.
num_chunk_splits: 23.
num_chunks_enlarged: 22.
num_inconsistent_stats: 0.

CodeHeap 'non-profiled nmethods': size=120000Kb used=197Kb max_used=197Kb free=119802Kb
 bounds [0x000001aca96e0000, 0x000001aca9950000, 0x000001acb0c10000]
CodeHeap 'profiled nmethods': size=120000Kb used=798Kb max_used=798Kb free=119201Kb
 bounds [0x000001aca1c10000, 0x000001aca1e80000, 0x000001aca9140000]
CodeHeap 'non-nmethods': size=5760Kb used=1131Kb max_used=1149Kb free=4628Kb
 bounds [0x000001aca9140000, 0x000001aca93b0000, 0x000001aca96e0000]
 total_blobs=983 nmethods=563 adapters=335
 compilation: enabled
              stopped_count=0, restarted_count=0
 full_count=0

Compilation events (20 events):
Event: 0.284 Thread 0x000001acb81a6260  524       4       java.util.Collections$UnmodifiableCollection$1::next (10 bytes)
Event: 0.284 Thread 0x000001acb81a7400 nmethod 529 0x000001aca1ccb310 code [0x000001aca1ccb4c0, 0x000001aca1ccb728]
Event: 0.285 Thread 0x000001acb833b230 nmethod 522 0x000001aca970d790 code [0x000001aca970d940, 0x000001aca970dd18]
Event: 0.286 Thread 0x000001acb833b230  530       4       lombok.patcher.scripts.MethodLevelPatchScript::patch (21 bytes)
Event: 0.287 Thread 0x000001acb81a6260 nmethod 524 0x000001aca970e210 code [0x000001aca970e3a0, 0x000001aca970e638]
Event: 0.287 Thread 0x000001acb81a6260  531       4       lombok.patcher.PatchScript::classMatches (41 bytes)
Event: 0.290 Thread 0x000001acb81a7400  533       3       java.lang.Byte::<init> (10 bytes)
Event: 0.290 Thread 0x000001acb81a7400 nmethod 533 0x000001aca1ccb890 code [0x000001aca1ccba40, 0x000001aca1ccbc18]
Event: 0.291 Thread 0x000001acb81a7400  534       3       java.lang.reflect.Modifier::isPublic (12 bytes)
Event: 0.291 Thread 0x000001acb81a7400 nmethod 534 0x000001aca1ccbd10 code [0x000001aca1ccbea0, 0x000001aca1ccbff8]
Event: 0.291 Thread 0x000001acb81a7400  535  s    3       java.io.ByteArrayOutputStream::write (32 bytes)
Event: 0.291 Thread 0x000001acb81a7400 nmethod 535 0x000001aca1ccc090 code [0x000001aca1ccc240, 0x000001aca1ccc488]
Event: 0.292 Thread 0x000001acb81a7400  537       3       java.util.TreeMap::parentOf (13 bytes)
Event: 0.292 Thread 0x000001acb81a7400 nmethod 537 0x000001aca1ccc590 code [0x000001aca1ccc720, 0x000001aca1ccc898]
Event: 0.293 Thread 0x000001acb81a7400  538       3       java.lang.reflect.Modifier::isProtected (12 bytes)
Event: 0.293 Thread 0x000001acb81a7400 nmethod 538 0x000001aca1ccc990 code [0x000001aca1cccb20, 0x000001aca1cccc78]
Event: 0.293 Thread 0x000001acb81a7400  539       3       java.lang.Enum::equals (11 bytes)
Event: 0.293 Thread 0x000001acb81a7400 nmethod 539 0x000001aca1cccd10 code [0x000001aca1cccea0, 0x000001aca1ccd018]
Event: 0.294 Thread 0x000001acb81a7400  540       3       java.lang.invoke.MemberName::initResolved (53 bytes)
Event: 0.294 Thread 0x000001acb81a7400 nmethod 540 0x000001aca1ccd090 code [0x000001aca1ccd220, 0x000001aca1ccd398]

GC Heap History (0 events):
No events

Dll operation events (8 events):
Event: 0.006 Loaded shared library c:\Users\santi\.vscode\extensions\redhat.java-1.28.1-win32-x64\jre\17.0.10-win32-x86_64\bin\java.dll
Event: 0.097 Loaded shared library c:\Users\santi\.vscode\extensions\redhat.java-1.28.1-win32-x64\jre\17.0.10-win32-x86_64\bin\zip.dll
Event: 0.100 Loaded shared library C:\Users\santi\.vscode\extensions\redhat.java-1.28.1-win32-x64\jre\17.0.10-win32-x86_64\bin\instrument.dll
Event: 0.110 Loaded shared library C:\Users\santi\.vscode\extensions\redhat.java-1.28.1-win32-x64\jre\17.0.10-win32-x86_64\bin\net.dll
Event: 0.111 Loaded shared library C:\Users\santi\.vscode\extensions\redhat.java-1.28.1-win32-x64\jre\17.0.10-win32-x86_64\bin\nio.dll
Event: 0.115 Loaded shared library C:\Users\santi\.vscode\extensions\redhat.java-1.28.1-win32-x64\jre\17.0.10-win32-x86_64\bin\zip.dll
Event: 0.124 Loaded shared library C:\Users\santi\.vscode\extensions\redhat.java-1.28.1-win32-x64\jre\17.0.10-win32-x86_64\bin\jimage.dll
Event: 0.164 Loaded shared library c:\Users\santi\.vscode\extensions\redhat.java-1.28.1-win32-x64\jre\17.0.10-win32-x86_64\bin\verify.dll

Deoptimization events (20 events):
Event: 0.263 Thread 0x000001ac9ef751e0 Uncommon trap: trap_request=0xffffffde fr.pc=0x000001aca97076a4 relative=0x0000000000000104
Event: 0.263 Thread 0x000001ac9ef751e0 Uncommon trap: reason=class_check action=maybe_recompile pc=0x000001aca97076a4 method=jdk.internal.misc.Unsafe.allocateUninitializedArray(Ljava/lang/Class;I)Ljava/lang/Object; @ 51 c2
Event: 0.263 Thread 0x000001ac9ef751e0 DEOPT PACKING pc=0x000001aca97076a4 sp=0x00000070bc4fb590
Event: 0.263 Thread 0x000001ac9ef751e0 DEOPT UNPACKING pc=0x000001aca91966a3 sp=0x00000070bc4fb518 mode 2
Event: 0.263 Thread 0x000001ac9ef751e0 Uncommon trap: trap_request=0xffffffde fr.pc=0x000001aca97076a4 relative=0x0000000000000104
Event: 0.263 Thread 0x000001ac9ef751e0 Uncommon trap: reason=class_check action=maybe_recompile pc=0x000001aca97076a4 method=jdk.internal.misc.Unsafe.allocateUninitializedArray(Ljava/lang/Class;I)Ljava/lang/Object; @ 51 c2
Event: 0.263 Thread 0x000001ac9ef751e0 DEOPT PACKING pc=0x000001aca97076a4 sp=0x00000070bc4fb590
Event: 0.263 Thread 0x000001ac9ef751e0 DEOPT UNPACKING pc=0x000001aca91966a3 sp=0x00000070bc4fb518 mode 2
Event: 0.263 Thread 0x000001ac9ef751e0 Uncommon trap: trap_request=0xffffffde fr.pc=0x000001aca97076a4 relative=0x0000000000000104
Event: 0.263 Thread 0x000001ac9ef751e0 Uncommon trap: reason=class_check action=maybe_recompile pc=0x000001aca97076a4 method=jdk.internal.misc.Unsafe.allocateUninitializedArray(Ljava/lang/Class;I)Ljava/lang/Object; @ 51 c2
Event: 0.263 Thread 0x000001ac9ef751e0 DEOPT PACKING pc=0x000001aca97076a4 sp=0x00000070bc4fb5d0
Event: 0.263 Thread 0x000001ac9ef751e0 DEOPT UNPACKING pc=0x000001aca91966a3 sp=0x00000070bc4fb558 mode 2
Event: 0.273 Thread 0x000001ac9ef751e0 Uncommon trap: trap_request=0xffffff45 fr.pc=0x000001aca96f6c40 relative=0x00000000000000c0
Event: 0.273 Thread 0x000001ac9ef751e0 Uncommon trap: reason=unstable_if action=reinterpret pc=0x000001aca96f6c40 method=java.net.URI.match(CJJ)Z @ 45 c2
Event: 0.273 Thread 0x000001ac9ef751e0 DEOPT PACKING pc=0x000001aca96f6c40 sp=0x00000070bc4fcbe0
Event: 0.273 Thread 0x000001ac9ef751e0 DEOPT UNPACKING pc=0x000001aca91966a3 sp=0x00000070bc4fcb68 mode 2
Event: 0.277 Thread 0x000001ac9ef751e0 Uncommon trap: trap_request=0xffffff45 fr.pc=0x000001aca970966c relative=0x000000000000060c
Event: 0.277 Thread 0x000001ac9ef751e0 Uncommon trap: reason=unstable_if action=reinterpret pc=0x000001aca970966c method=java.lang.String.replace(Ljava/lang/CharSequence;Ljava/lang/CharSequence;)Ljava/lang/String; @ 48 c2
Event: 0.277 Thread 0x000001ac9ef751e0 DEOPT PACKING pc=0x000001aca970966c sp=0x00000070bc4fcb50
Event: 0.277 Thread 0x000001ac9ef751e0 DEOPT UNPACKING pc=0x000001aca91966a3 sp=0x00000070bc4fcad0 mode 2

Classes unloaded (0 events):
No events

Classes redefined (0 events):
No events

Internal exceptions (2 events):
Event: 0.081 Thread 0x000001ac9ef751e0 Exception <a 'java/lang/NoSuchMethodError'{0x00000000eacb5098}: 'void java.lang.invoke.DirectMethodHandle$Holder.invokeStatic(java.lang.Object, java.lang.Object, java.lang.Object)'> (0x00000000eacb5098) 
thrown [s\src\hotspot\share\interpreter\linkResolver.cpp, line 759]
Event: 0.184 Thread 0x000001ac9ef751e0 Exception <a 'java/lang/reflect/InvocationTargetException'{0x00000000eafe60f8}> (0x00000000eafe60f8) 
thrown [s\src\hotspot\share\runtime\reflection.cpp, line 1121]

VM Operations (4 events):
Event: 0.084 Executing VM operation: HandshakeAllThreads
Event: 0.084 Executing VM operation: HandshakeAllThreads done
Event: 0.135 Executing VM operation: HandshakeAllThreads
Event: 0.135 Executing VM operation: HandshakeAllThreads done

Events (20 events):
Event: 0.294 loading class java/lang/constant/ConstantDescs
Event: 0.295 loading class java/lang/constant/ConstantDescs done
Event: 0.295 loading class java/lang/constant/ClassDesc
Event: 0.295 loading class java/lang/constant/ClassDesc done
Event: 0.295 loading class java/lang/constant/ConstantUtils
Event: 0.295 loading class java/lang/constant/ConstantUtils done
Event: 0.295 loading class java/lang/constant/ReferenceClassDescImpl
Event: 0.295 loading class java/lang/constant/ReferenceClassDescImpl done
Event: 0.295 loading class java/lang/constant/DirectMethodHandleDesc$Kind
Event: 0.295 loading class java/lang/constant/DirectMethodHandleDesc$Kind done
Event: 0.296 loading class java/lang/constant/MethodTypeDesc
Event: 0.296 loading class java/lang/constant/MethodTypeDesc done
Event: 0.296 loading class java/lang/constant/MethodTypeDescImpl
Event: 0.296 loading class java/lang/constant/MethodTypeDescImpl done
Event: 0.296 loading class java/lang/constant/MethodHandleDesc
Event: 0.296 loading class java/lang/constant/MethodHandleDesc done
Event: 0.296 loading class java/lang/constant/MethodHandleDesc$1
Event: 0.296 loading class java/lang/constant/MethodHandleDesc$1 done
Event: 0.296 loading class java/lang/constant/DirectMethodHandleDescImpl
Event: 0.296 loading class java/lang/constant/DirectMethodHandleDesc


Dynamic libraries:
0x00007ff69e430000 - 0x00007ff69e43e000 	c:\Users\santi\.vscode\extensions\redhat.java-1.28.1-win32-x64\jre\17.0.10-win32-x86_64\bin\java.exe
0x00007ffa56f50000 - 0x00007ffa57148000 	C:\WINDOWS\SYSTEM32\ntdll.dll
0x00007ffa56000000 - 0x00007ffa560bd000 	C:\WINDOWS\System32\KERNEL32.DLL
0x00007ffa54860000 - 0x00007ffa54b56000 	C:\WINDOWS\System32\KERNELBASE.dll
0x00007ffa54c90000 - 0x00007ffa54d90000 	C:\WINDOWS\System32\ucrtbase.dll
0x00007ffa36840000 - 0x00007ffa36857000 	c:\Users\santi\.vscode\extensions\redhat.java-1.28.1-win32-x64\jre\17.0.10-win32-x86_64\bin\jli.dll
0x00007ffa37850000 - 0x00007ffa3786b000 	c:\Users\santi\.vscode\extensions\redhat.java-1.28.1-win32-x64\jre\17.0.10-win32-x86_64\bin\VCRUNTIME140.dll
0x00007ffa54f90000 - 0x00007ffa5512e000 	C:\WINDOWS\System32\USER32.dll
0x00007ffa54c60000 - 0x00007ffa54c82000 	C:\WINDOWS\System32\win32u.dll
0x00007ffa47e30000 - 0x00007ffa480ca000 	C:\WINDOWS\WinSxS\amd64_microsoft.windows.common-controls_6595b64144ccf1df_6.0.19041.3636_none_60b6a03d71f818d5\COMCTL32.dll
0x00007ffa56ee0000 - 0x00007ffa56f0b000 	C:\WINDOWS\System32\GDI32.dll
0x00007ffa55570000 - 0x00007ffa5560e000 	C:\WINDOWS\System32\msvcrt.dll
0x00007ffa54e70000 - 0x00007ffa54f87000 	C:\WINDOWS\System32\gdi32full.dll
0x00007ffa54660000 - 0x00007ffa546fd000 	C:\WINDOWS\System32\msvcp_win.dll
0x00007ffa56aa0000 - 0x00007ffa56ad2000 	C:\WINDOWS\System32\IMM32.DLL
0x00007ffa4b3f0000 - 0x00007ffa4b3fc000 	c:\Users\santi\.vscode\extensions\redhat.java-1.28.1-win32-x64\jre\17.0.10-win32-x86_64\bin\vcruntime140_1.dll
0x00007ff9e0b00000 - 0x00007ff9e0b8d000 	c:\Users\santi\.vscode\extensions\redhat.java-1.28.1-win32-x64\jre\17.0.10-win32-x86_64\bin\msvcp140.dll
0x00007ff9df630000 - 0x00007ff9e0292000 	c:\Users\santi\.vscode\extensions\redhat.java-1.28.1-win32-x64\jre\17.0.10-win32-x86_64\bin\server\jvm.dll
0x00007ffa55d10000 - 0x00007ffa55dc3000 	C:\WINDOWS\System32\ADVAPI32.dll
0x00007ffa56e40000 - 0x00007ffa56edf000 	C:\WINDOWS\System32\sechost.dll
0x00007ffa55420000 - 0x00007ffa55546000 	C:\WINDOWS\System32\RPCRT4.dll
0x00007ffa54e40000 - 0x00007ffa54e67000 	C:\WINDOWS\System32\bcrypt.dll
0x00007ffa2d540000 - 0x00007ffa2d549000 	C:\WINDOWS\SYSTEM32\WSOCK32.dll
0x00007ffa48d50000 - 0x00007ffa48d77000 	C:\WINDOWS\SYSTEM32\WINMM.dll
0x00007ffa53b20000 - 0x00007ffa53b6b000 	C:\WINDOWS\SYSTEM32\POWRPROF.dll
0x00007ffa4ae90000 - 0x00007ffa4ae9a000 	C:\WINDOWS\SYSTEM32\VERSION.dll
0x00007ffa55c10000 - 0x00007ffa55c7b000 	C:\WINDOWS\System32\WS2_32.dll
0x00007ffa539e0000 - 0x00007ffa539f2000 	C:\WINDOWS\SYSTEM32\UMPDC.dll
0x00007ffa523c0000 - 0x00007ffa523d2000 	C:\WINDOWS\SYSTEM32\kernel.appcore.dll
0x00007ffa42440000 - 0x00007ffa4244a000 	c:\Users\santi\.vscode\extensions\redhat.java-1.28.1-win32-x64\jre\17.0.10-win32-x86_64\bin\jimage.dll
0x00007ffa48410000 - 0x00007ffa485f4000 	C:\WINDOWS\SYSTEM32\DBGHELP.DLL
0x00007ffa44d90000 - 0x00007ffa44dc4000 	C:\WINDOWS\SYSTEM32\dbgcore.DLL
0x00007ffa54bd0000 - 0x00007ffa54c52000 	C:\WINDOWS\System32\bcryptPrimitives.dll
0x00007ffa3a410000 - 0x00007ffa3a41e000 	c:\Users\santi\.vscode\extensions\redhat.java-1.28.1-win32-x64\jre\17.0.10-win32-x86_64\bin\instrument.dll
0x00007ffa1c710000 - 0x00007ffa1c735000 	c:\Users\santi\.vscode\extensions\redhat.java-1.28.1-win32-x64\jre\17.0.10-win32-x86_64\bin\java.dll
0x00007ffa34d10000 - 0x00007ffa34d28000 	c:\Users\santi\.vscode\extensions\redhat.java-1.28.1-win32-x64\jre\17.0.10-win32-x86_64\bin\zip.dll
0x00007ffa56190000 - 0x00007ffa568d5000 	C:\WINDOWS\System32\SHELL32.dll
0x00007ffa526a0000 - 0x00007ffa52e3c000 	C:\WINDOWS\SYSTEM32\windows.storage.dll
0x00007ffa56ae0000 - 0x00007ffa56e34000 	C:\WINDOWS\System32\combase.dll
0x00007ffa53f60000 - 0x00007ffa53f8e000 	C:\WINDOWS\SYSTEM32\Wldp.dll
0x00007ffa560c0000 - 0x00007ffa5618d000 	C:\WINDOWS\System32\OLEAUT32.dll
0x00007ffa55dd0000 - 0x00007ffa55e7d000 	C:\WINDOWS\System32\SHCORE.dll
0x00007ffa55fa0000 - 0x00007ffa55ff5000 	C:\WINDOWS\System32\shlwapi.dll
0x00007ffa54540000 - 0x00007ffa54565000 	C:\WINDOWS\SYSTEM32\profapi.dll
0x00007ffa1bfb0000 - 0x00007ffa1bfc9000 	C:\Users\santi\.vscode\extensions\redhat.java-1.28.1-win32-x64\jre\17.0.10-win32-x86_64\bin\net.dll
0x00007ffa4d5e0000 - 0x00007ffa4d6ea000 	C:\WINDOWS\SYSTEM32\WINHTTP.dll
0x00007ffa53d40000 - 0x00007ffa53daa000 	C:\WINDOWS\system32\mswsock.dll
0x00007ffa1b4b0000 - 0x00007ffa1b4c6000 	C:\Users\santi\.vscode\extensions\redhat.java-1.28.1-win32-x64\jre\17.0.10-win32-x86_64\bin\nio.dll
0x00007ffa38dd0000 - 0x00007ffa38de0000 	c:\Users\santi\.vscode\extensions\redhat.java-1.28.1-win32-x64\jre\17.0.10-win32-x86_64\bin\verify.dll

dbghelp: loaded successfully - version: 4.0.5 - missing functions: none
symbol engine: initialized successfully - sym options: 0x614 - pdb path: .;c:\Users\santi\.vscode\extensions\redhat.java-1.28.1-win32-x64\jre\17.0.10-win32-x86_64\bin;C:\WINDOWS\SYSTEM32;C:\WINDOWS\WinSxS\amd64_microsoft.windows.common-controls_6595b64144ccf1df_6.0.19041.3636_none_60b6a03d71f818d5;c:\Users\santi\.vscode\extensions\redhat.java-1.28.1-win32-x64\jre\17.0.10-win32-x86_64\bin\server

VM Arguments:
jvm_args: --add-modules=ALL-SYSTEM --add-opens=java.base/java.util=ALL-UNNAMED --add-opens=java.base/java.lang=ALL-UNNAMED --add-opens=java.base/sun.nio.fs=ALL-UNNAMED -Declipse.application=org.eclipse.jdt.ls.core.id1 -Dosgi.bundles.defaultStartLevel=4 -Declipse.product=org.eclipse.jdt.ls.core.product -Djava.import.generatesMetadataFilesAtProjectRoot=false -DDetectVMInstallationsJob.disabled=true -Dfile.encoding=utf8 -XX:+UseParallelGC -XX:GCTimeRatio=4 -XX:AdaptiveSizePolicyWeight=90 -Dsun.zip.disableMemoryMapping=true -Xmx1G -Xms100m -Xlog:disable -javaagent:c:\Users\santi\.vscode\extensions\redhat.java-1.28.1-win32-x64\lombok\lombok-1.18.31.jar -XX:+HeapDumpOnOutOfMemoryError -XX:HeapDumpPath=c:\Users\santi\AppData\Roaming\Code\User\workspaceStorage\579b4992d83981974b0bdabad3642d48\redhat.java -Daether.dependencyCollector.impl=bf 
java_command: c:\Users\santi\.vscode\extensions\redhat.java-1.28.1-win32-x64\server\plugins\org.eclipse.equinox.launcher_1.6.700.v20231214-2017.jar -configuration c:\Users\santi\AppData\Roaming\Code\User\globalStorage\redhat.java\1.28.1\config_win -data c:\Users\santi\AppData\Roaming\Code\User\workspaceStorage\579b4992d83981974b0bdabad3642d48\redhat.java\jdt_ws --stdio
java_class_path (initial): c:\Users\santi\.vscode\extensions\redhat.java-1.28.1-win32-x64\server\plugins\org.eclipse.equinox.launcher_1.6.700.v20231214-2017.jar
Launcher Type: SUN_STANDARD

[Global flags]
    uintx AdaptiveSizePolicyWeight                 = 90                                        {product} {command line}
     intx CICompilerCount                          = 4                                         {product} {ergonomic}
    uintx GCTimeRatio                              = 4                                         {product} {command line}
     bool HeapDumpOnOutOfMemoryError               = true                                   {manageable} {command line}
    ccstr HeapDumpPath                             = c:\Users\santi\AppData\Roaming\Code\User\workspaceStorage\579b4992d83981974b0bdabad3642d48\redhat.java         {manageable} {command line}
   size_t InitialHeapSize                          = 104857600                                 {product} {command line}
   size_t MaxHeapSize                              = 1073741824                                {product} {command line}
   size_t MaxNewSize                               = 357564416                                 {product} {ergonomic}
   size_t MinHeapDeltaBytes                        = 524288                                    {product} {ergonomic}
   size_t MinHeapSize                              = 104857600                                 {product} {command line}
   size_t NewSize                                  = 34603008                                  {product} {ergonomic}
    uintx NonNMethodCodeHeapSize                   = 5839372                                {pd product} {ergonomic}
    uintx NonProfiledCodeHeapSize                  = 122909434                              {pd product} {ergonomic}
   size_t OldSize                                  = 70254592                                  {product} {ergonomic}
    uintx ProfiledCodeHeapSize                     = 122909434                              {pd product} {ergonomic}
    uintx ReservedCodeCacheSize                    = 251658240                              {pd product} {ergonomic}
     bool SegmentedCodeCache                       = true                                      {product} {ergonomic}
   size_t SoftMaxHeapSize                          = 1073741824                             {manageable} {ergonomic}
     bool UseCompressedClassPointers               = true                           {product lp64_product} {ergonomic}
     bool UseCompressedOops                        = true                           {product lp64_product} {ergonomic}
     bool UseLargePagesIndividualAllocation        = false                                  {pd product} {ergonomic}
     bool UseParallelGC                            = true                                      {product} {command line}

Logging:
Log output configuration:
 #0: stdout all=off uptime,level,tags
 #1: stderr all=off uptime,level,tags

Environment Variables:
PATH=C:\app\santi\product\21c\dbhomeXE\bin;C:\Program Files\Common Files\Oracle\Java\javapath;C:\Program Files (x86)\Common Files\Oracle\Java\javapath;C:\Program Files\Microsoft\jdk-11.0.16.101-hotspot\bin;C:\Program Files\Eclipse Adoptium\jdk-17.0.8.7-hotspot\bin;C:\ProgramData\Oracle\Java\javapath;C:\WINDOWS\system32;C:\WINDOWS;C:\WINDOWS\System32\Wbem;C:\WINDOWS\System32\WindowsPowerShell\v1.0\;C:\WINDOWS\System32\OpenSSH\;C:\Program Files\NVIDIA Corporation\NVIDIA NvDLISR;C:\Program Files\Git\cmd;C:\Program Files\MATLAB\R2023b\bin;C:\Program Files\dotnet\;C:\Program Files\Azure Data Studio\bin;C:\Program Files\Docker\Docker\resources\bin;C:\Program Files\nodejs\;C:\Program Files (x86)\Microsoft SQL Server\160\DTS\Binn\;C:\Users\santi\AppData\Local\Programs\Python\Python39\Scripts\;C:\Users\santi\AppData\Local\Programs\Python\Python39\;C:\Users\santi\AppData\Local\Microsoft\WindowsApps;C:\Users\santi\AppData\Local\Programs\Microsoft VS Code\bin;C:\Users\santi\AppData\Local\GitHubDesktop\bin;C:\Program Files\Azure Data Studio\bin;C:\Users\santi\AppData\Roaming\npm
USERNAME=santi
OS=Windows_NT
PROCESSOR_IDENTIFIER=AMD64 Family 25 Model 33 Stepping 0, AuthenticAMD
TMP=C:\Users\santi\AppData\Local\Temp
TEMP=C:\Users\santi\AppData\Local\Temp



Periodic native trim disabled


---------------  S Y S T E M  ---------------

OS:
 Windows 10 , 64 bit Build 19041 (10.0.19041.3636)
OS uptime: 1 days 16:44 hours
Hyper-V role detected

CPU: total 12 (initial active 12) (12 cores per cpu, 2 threads per core) family 25 model 33 stepping 0 microcode 0x0, cx8, cmov, fxsr, ht, mmx, 3dnowpref, sse, sse2, sse3, ssse3, sse4a, sse4.1, sse4.2, popcnt, lzcnt, tsc, tscinvbit, avx, avx2, aes, erms, clmul, bmi1, bmi2, adx, sha, fma, vzeroupper, clflush, clflushopt, hv
Processor Information for all 12 processors :
  Max Mhz: 3701, Current Mhz: 3701, Mhz Limit: 3701

Memory: 4k page, system-wide physical 16274M (2845M free)
TotalPageFile size 18322M (AvailPageFile size 6M)
current process WorkingSet (physical memory assigned to process): 55M, peak: 55M
current process commit charge ("private bytes"): 201M, peak: 201M

vm_info: OpenJDK 64-Bit Server VM (17.0.10+7) for windows-amd64 JRE (17.0.10+7), built on Jan 16 2024 23:25:11 by "admin" with MS VC++ 16.10 / 16.11 (VS2019)

END.
