#
# There is insufficient memory for the Java Runtime Environment to continue.
# Native memory allocation (malloc) failed to allocate 699936 bytes for Chunk::new
# Possible reasons:
#   The system is out of physical RAM or swap space
#   The process is running with CompressedOops enabled, and the Java Heap may be blocking the growth of the native heap
# Possible solutions:
#   Reduce memory load on the system
#   Increase physical memory or swap space
#   Check if swap backing store is full
#   Decrease Java heap size (-Xmx/-Xms)
#   Decrease number of Java threads
#   Decrease Java thread stack sizes (-Xss)
#   Set larger code cache with -XX:ReservedCodeCacheSize=
#   JVM is running with Unscaled Compressed Oops mode in which the Java heap is
#     placed in the first 4GB address space. The Java Heap base address is the
#     maximum limit for the native heap growth. Please use -XX:HeapBaseMinAddress
#     to set the Java Heap base and to place the Java Heap above 4GB virtual address.
# This output file may be truncated or incomplete.
#
#  Out of Memory Error (arena.cpp:191), pid=14832, tid=26084
#
# JRE version: OpenJDK Runtime Environment Temurin-17.0.10+7 (17.0.10+7) (build 17.0.10+7)
# Java VM: OpenJDK 64-Bit Server VM Temurin-17.0.10+7 (17.0.10+7, mixed mode, tiered, compressed oops, compressed class ptrs, parallel gc, windows-amd64)
# No core dump will be written. Minidumps are not enabled by default on client versions of Windows
#

---------------  S U M M A R Y ------------

Command Line: --add-modules=ALL-SYSTEM --add-opens=java.base/java.util=ALL-UNNAMED --add-opens=java.base/java.lang=ALL-UNNAMED --add-opens=java.base/sun.nio.fs=ALL-UNNAMED -Declipse.application=org.eclipse.jdt.ls.core.id1 -Dosgi.bundles.defaultStartLevel=4 -Declipse.product=org.eclipse.jdt.ls.core.product -Djava.import.generatesMetadataFilesAtProjectRoot=false -DDetectVMInstallationsJob.disabled=true -Dfile.encoding=utf8 -XX:+UseParallelGC -XX:GCTimeRatio=4 -XX:AdaptiveSizePolicyWeight=90 -Dsun.zip.disableMemoryMapping=true -Xmx1G -Xms100m -Xlog:disable -javaagent:c:\Users\santi\.vscode\extensions\redhat.java-1.28.1-win32-x64\lombok\lombok-1.18.31.jar c:\Users\santi\.vscode\extensions\redhat.java-1.28.1-win32-x64\server\plugins\org.eclipse.equinox.launcher_1.6.700.v20231214-2017.jar -configuration c:\Users\santi\AppData\Roaming\Code\User\globalStorage\redhat.java\1.28.1\config_ss_win -data c:\Users\santi\AppData\Roaming\Code\User\workspaceStorage\579b4992d83981974b0bdabad3642d48\redhat.java\ss_ws --stdio

Host: AMD Ryzen 5 5600X 6-Core Processor             , 12 cores, 15G,  Windows 10 , 64 bit Build 19041 (10.0.19041.3636)
Time: Thu Mar  7 21:17:04 2024 Hora est. Pacífico, Sudamérica elapsed time: 4.042752 seconds (0d 0h 0m 4s)

---------------  T H R E A D  ---------------

Current thread (0x000001ac363b9820):  JavaThread "C2 CompilerThread2" daemon [_thread_in_native, id=26084, stack(0x00000094a3b00000,0x00000094a3c00000)]


Current CompileTask:
C2:   4042 4120       4       org.eclipse.osgi.internal.loader.BundleLoader::searchHooks (192 bytes)

Stack: [0x00000094a3b00000,0x00000094a3c00000]
Native frames: (J=compiled Java code, j=interpreted, Vv=VM code, C=native code)
V  [jvm.dll+0x67d2c9]
V  [jvm.dll+0x834afa]
V  [jvm.dll+0x8365be]
V  [jvm.dll+0x836c23]
V  [jvm.dll+0x2477ff]
V  [jvm.dll+0xac514]
V  [jvm.dll+0xacb5c]
V  [jvm.dll+0x2aed1f]
V  [jvm.dll+0x584b67]
V  [jvm.dll+0x2228a2]
V  [jvm.dll+0x222c8f]
V  [jvm.dll+0x21bdb6]
V  [jvm.dll+0x219201]
V  [jvm.dll+0x1a502d]
V  [jvm.dll+0x2290de]
V  [jvm.dll+0x2272ac]
V  [jvm.dll+0x7e9bb7]
V  [jvm.dll+0x7e3fba]
V  [jvm.dll+0x67c1b5]
C  [ucrtbase.dll+0x21bb2]
C  [KERNEL32.DLL+0x17344]
C  [ntdll.dll+0x526b1]


---------------  P R O C E S S  ---------------

Threads class SMR info:
_java_thread_list=0x000001ac36380a30, length=30, elements={
0x000001ac1a8d07d0, 0x000001ac337f7510, 0x000001ac337f9cd0, 0x000001ac2e7604f0,
0x000001ac2e761280, 0x000001ac2e7627b0, 0x000001ac2e7669a0, 0x000001ac338247b0,
0x000001ac3382e5b0, 0x000001ac3382eec0, 0x000001ac33929210, 0x000001ac33b6cfd0,
0x000001ac357ce720, 0x000001ac3580d8a0, 0x000001ac358c8a50, 0x000001ac35bb28b0,
0x000001ac3594b070, 0x000001ac35bd92d0, 0x000001ac35bd9cf0, 0x000001ac35bda200,
0x000001ac339c9310, 0x000001ac363b9820, 0x000001ac35bd7e90, 0x000001ac35bda710,
0x000001ac35bd88b0, 0x000001ac35bdac20, 0x000001ac35bdb640, 0x000001ac35bd8dc0,
0x000001ac35bd97e0, 0x000001ac3665b9c0
}

Java Threads: ( => current thread )
  0x000001ac1a8d07d0 JavaThread "main" [_thread_blocked, id=10340, stack(0x00000094a1a00000,0x00000094a1b00000)]
  0x000001ac337f7510 JavaThread "Reference Handler" daemon [_thread_blocked, id=21872, stack(0x00000094a1d00000,0x00000094a1e00000)]
  0x000001ac337f9cd0 JavaThread "Finalizer" daemon [_thread_blocked, id=10016, stack(0x00000094a1e00000,0x00000094a1f00000)]
  0x000001ac2e7604f0 JavaThread "Signal Dispatcher" daemon [_thread_blocked, id=19948, stack(0x00000094a1f00000,0x00000094a2000000)]
  0x000001ac2e761280 JavaThread "Attach Listener" daemon [_thread_blocked, id=5128, stack(0x00000094a2000000,0x00000094a2100000)]
  0x000001ac2e7627b0 JavaThread "Service Thread" daemon [_thread_blocked, id=8508, stack(0x00000094a2100000,0x00000094a2200000)]
  0x000001ac2e7669a0 JavaThread "Monitor Deflation Thread" daemon [_thread_blocked, id=1644, stack(0x00000094a2200000,0x00000094a2300000)]
  0x000001ac338247b0 JavaThread "C2 CompilerThread0" daemon [_thread_in_native, id=10460, stack(0x00000094a2300000,0x00000094a2400000)]
  0x000001ac3382e5b0 JavaThread "C1 CompilerThread0" daemon [_thread_blocked, id=4668, stack(0x00000094a2400000,0x00000094a2500000)]
  0x000001ac3382eec0 JavaThread "Sweeper thread" daemon [_thread_blocked, id=2424, stack(0x00000094a2500000,0x00000094a2600000)]
  0x000001ac33929210 JavaThread "Common-Cleaner" daemon [_thread_blocked, id=24140, stack(0x00000094a2600000,0x00000094a2700000)]
  0x000001ac33b6cfd0 JavaThread "Notification Thread" daemon [_thread_blocked, id=21084, stack(0x00000094a2800000,0x00000094a2900000)]
  0x000001ac357ce720 JavaThread "Active Thread: Equinox Container: 86f29ce9-2aa0-45a1-9440-288da7c7018b" [_thread_blocked, id=25780, stack(0x00000094a3100000,0x00000094a3200000)]
  0x000001ac3580d8a0 JavaThread "Framework Event Dispatcher: Equinox Container: 86f29ce9-2aa0-45a1-9440-288da7c7018b" daemon [_thread_blocked, id=25252, stack(0x00000094a3200000,0x00000094a3300000)]
  0x000001ac358c8a50 JavaThread "Start Level: Equinox Container: 86f29ce9-2aa0-45a1-9440-288da7c7018b" daemon [_thread_blocked, id=9412, stack(0x00000094a3300000,0x00000094a3400000)]
  0x000001ac35bb28b0 JavaThread "SCR Component Actor" daemon [_thread_blocked, id=3172, stack(0x00000094a3400000,0x00000094a3500000)]
  0x000001ac3594b070 JavaThread "SCR Component Registry" daemon [_thread_blocked, id=22584, stack(0x00000094a2a00000,0x00000094a2b00000)]
  0x000001ac35bd92d0 JavaThread "Worker-JM" [_thread_blocked, id=9676, stack(0x00000094a3600000,0x00000094a3700000)]
  0x000001ac35bd9cf0 JavaThread "Worker-0" [_thread_blocked, id=13652, stack(0x00000094a3900000,0x00000094a3a00000)]
  0x000001ac35bda200 JavaThread "Worker-1" [_thread_blocked, id=14052, stack(0x00000094a3a00000,0x00000094a3b00000)]
  0x000001ac339c9310 JavaThread "C2 CompilerThread1" daemon [_thread_in_native, id=14688, stack(0x00000094a2700000,0x00000094a2800000)]
=>0x000001ac363b9820 JavaThread "C2 CompilerThread2" daemon [_thread_in_native, id=26084, stack(0x00000094a3b00000,0x00000094a3c00000)]
  0x000001ac35bd7e90 JavaThread "JNA Cleaner" daemon [_thread_blocked, id=20288, stack(0x00000094a3c00000,0x00000094a3d00000)]
  0x000001ac35bda710 JavaThread "pool-2-thread-1" [_thread_blocked, id=1332, stack(0x00000094a3f00000,0x00000094a4000000)]
  0x000001ac35bd88b0 JavaThread "WorkspaceEventsHandler" [_thread_blocked, id=26936, stack(0x00000094a4000000,0x00000094a4100000)]
  0x000001ac35bdac20 JavaThread "pool-1-thread-1" [_thread_in_Java, id=27180, stack(0x00000094a4100000,0x00000094a4200000)]
  0x000001ac35bdb640 JavaThread "ForkJoinPool.commonPool-worker-1" daemon [_thread_blocked, id=24272, stack(0x00000094a4200000,0x00000094a4300000)]
  0x000001ac35bd8dc0 JavaThread "ForkJoinPool.commonPool-worker-2" daemon [_thread_blocked, id=4944, stack(0x00000094a4300000,0x00000094a4400000)]
  0x000001ac35bd97e0 JavaThread "ForkJoinPool.commonPool-worker-3" daemon [_thread_blocked, id=17208, stack(0x00000094a4400000,0x00000094a4500000)]
  0x000001ac3665b9c0 JavaThread "ForkJoinPool.commonPool-worker-4" daemon [_thread_blocked, id=8204, stack(0x00000094a4500000,0x00000094a4600000)]

Other Threads:
  0x000001ac337f4870 VMThread "VM Thread" [stack: 0x00000094a1c00000,0x00000094a1d00000] [id=24532]
  0x000001ac33b43b30 WatcherThread [stack: 0x00000094a2900000,0x00000094a2a00000] [id=3100]
  0x000001ac1a8e7950 GCTaskThread "GC Thread#0" [stack: 0x00000094a1b00000,0x00000094a1c00000] [id=26948]
  0x000001ac356d8040 GCTaskThread "GC Thread#1" [stack: 0x00000094a2b00000,0x00000094a2c00000] [id=12096]
  0x000001ac355690a0 GCTaskThread "GC Thread#2" [stack: 0x00000094a2c00000,0x00000094a2d00000] [id=3212]
  0x000001ac35569360 GCTaskThread "GC Thread#3" [stack: 0x00000094a2d00000,0x00000094a2e00000] [id=11600]
  0x000001ac35569620 GCTaskThread "GC Thread#4" [stack: 0x00000094a2e00000,0x00000094a2f00000] [id=10376]
  0x000001ac355698e0 GCTaskThread "GC Thread#5" [stack: 0x00000094a2f00000,0x00000094a3000000] [id=9112]
  0x000001ac35569ba0 GCTaskThread "GC Thread#6" [stack: 0x00000094a3000000,0x00000094a3100000] [id=2528]
  0x000001ac357c3c20 GCTaskThread "GC Thread#7" [stack: 0x00000094a3500000,0x00000094a3600000] [id=13544]
  0x000001ac35b45150 GCTaskThread "GC Thread#8" [stack: 0x00000094a3700000,0x00000094a3800000] [id=15716]
  0x000001ac35acbb90 GCTaskThread "GC Thread#9" [stack: 0x00000094a3800000,0x00000094a3900000] [id=20196]

Threads with active compile tasks:
C2 CompilerThread0     4062 3996   !   4       org.eclipse.osgi.internal.loader.classpath.ClasspathManager::findLocalClass (210 bytes)
C2 CompilerThread1     4062 4174       4       java.lang.String::<init> (10 bytes)
C2 CompilerThread2     4062 4120       4       org.eclipse.osgi.internal.loader.BundleLoader::searchHooks (192 bytes)

VM state: not at safepoint (normal execution)

VM Mutex/Monitor currently owned by a thread:  ([mutex/lock_event])
[0x000001ac1a8cb340] CodeCache_lock - owner thread: 0x0000000000000000

OutOfMemory and StackOverflow Exception counts:
OutOfMemoryError java_heap_errors=1
LinkageErrors=58

Heap address: 0x00000000c0000000, size: 1024 MB, Compressed Oops mode: 32-bit

CDS archive(s) not mapped
Compressed class space mapped at: 0x0000000100000000-0x0000000140000000, reserved size: 1073741824
Narrow klass base: 0x0000000000000000, Narrow klass shift: 3, Narrow klass range: 0x140000000

GC Precious Log:
 CPUs: 12 total, 12 available
 Memory: 16274M
 Large Page Support: Disabled
 NUMA Support: Disabled
 Compressed Oops: Enabled (32-bit)
 Alignments: Space 512K, Generation 512K, Heap 2M
 Heap Min Capacity: 100M
 Heap Initial Capacity: 100M
 Heap Max Capacity: 1G
 Pre-touch: Disabled
 Parallel Workers: 10

Heap:
 PSYoungGen      total 23040K, used 8779K [0x00000000eab00000, 0x00000000ec380000, 0x0000000100000000)
  eden space 20992K, 39% used [0x00000000eab00000,0x00000000eb32b920,0x00000000ebf80000)
  from space 2048K, 20% used [0x00000000ec000000,0x00000000ec068000,0x00000000ec200000)
  to   space 1024K, 0% used [0x00000000ec280000,0x00000000ec280000,0x00000000ec380000)
 ParOldGen       total 68608K, used 27187K [0x00000000c0000000, 0x00000000c4300000, 0x00000000eab00000)
  object space 68608K, 39% used [0x00000000c0000000,0x00000000c1a8cf08,0x00000000c4300000)
 Metaspace       used 42674K, committed 43392K, reserved 1114112K
  class space    used 4369K, committed 4672K, reserved 1048576K

Card table byte_map: [0x000001ac1a270000,0x000001ac1a480000] _byte_map_base: 0x000001ac19c70000

Marking Bits: (ParMarkBitMap*) 0x00007ff9c4b6d7d0
 Begin Bits: [0x000001ac2c570000, 0x000001ac2d570000)
 End Bits:   [0x000001ac2d570000, 0x000001ac2e570000)

Polling page: 0x000001ac18890000

Metaspace:

Usage:
  Non-class:     37.41 MB used.
      Class:      4.27 MB used.
       Both:     41.68 MB used.

Virtual space:
  Non-class space:       64.00 MB reserved,      37.81 MB ( 59%) committed,  1 nodes.
      Class space:        1.00 GB reserved,       4.56 MB ( <1%) committed,  1 nodes.
             Both:        1.06 GB reserved,      42.38 MB (  4%) committed. 

Chunk freelists:
   Non-Class:  9.95 MB
       Class:  11.31 MB
        Both:  21.27 MB

MaxMetaspaceSize: unlimited
CompressedClassSpaceSize: 1.00 GB
Initial GC threshold: 21.00 MB
Current GC threshold: 58.38 MB
CDS: off
MetaspaceReclaimPolicy: balanced
 - commit_granule_bytes: 65536.
 - commit_granule_words: 8192.
 - virtual_space_node_default_size: 8388608.
 - enlarge_chunks_in_place: 1.
 - new_chunks_are_fully_committed: 0.
 - uncommit_free_chunks: 1.
 - use_allocation_guard: 0.
 - handle_deallocations: 1.


Internal statistics:

num_allocs_failed_limit: 6.
num_arena_births: 384.
num_arena_deaths: 14.
num_vsnodes_births: 2.
num_vsnodes_deaths: 0.
num_space_committed: 678.
num_space_uncommitted: 0.
num_chunks_returned_to_freelist: 20.
num_chunks_taken_from_freelist: 1771.
num_chunk_merges: 8.
num_chunk_splits: 1157.
num_chunks_enlarged: 789.
num_inconsistent_stats: 0.

CodeHeap 'non-profiled nmethods': size=120000Kb used=2166Kb max_used=2166Kb free=117833Kb
 bounds [0x000001ac25040000, 0x000001ac252b0000, 0x000001ac2c570000]
CodeHeap 'profiled nmethods': size=120000Kb used=8796Kb max_used=8796Kb free=111203Kb
 bounds [0x000001ac1d570000, 0x000001ac1de10000, 0x000001ac24aa0000]
CodeHeap 'non-nmethods': size=5760Kb used=1296Kb max_used=1323Kb free=4463Kb
 bounds [0x000001ac24aa0000, 0x000001ac24d10000, 0x000001ac25040000]
 total_blobs=4809 nmethods=4182 adapters=541
 compilation: enabled
              stopped_count=0, restarted_count=0
 full_count=0

Compilation events (20 events):
Event: 4.035 Thread 0x000001ac339c9310 4132       4       java.util.Hashtable$Enumerator::hasMoreElements (53 bytes)
Event: 4.035 Thread 0x000001ac3382e5b0 4136       3       org.eclipse.jdt.internal.compiler.impl.CompilerOptions::updateSeverity (158 bytes)
Event: 4.035 Thread 0x000001ac3382e5b0 nmethod 4136 0x000001ac1dddd410 code [0x000001ac1dddd6c0, 0x000001ac1dddddf8]
Event: 4.035 Thread 0x000001ac3382e5b0 4137       3       org.eclipse.jdt.internal.compiler.impl.IrritantSet::set (23 bytes)
Event: 4.035 Thread 0x000001ac3382e5b0 nmethod 4137 0x000001ac1ddde190 code [0x000001ac1ddde320, 0x000001ac1ddde478]
Event: 4.035 Thread 0x000001ac3382e5b0 4138       3       org.eclipse.jdt.internal.compiler.impl.IrritantSet::isSet (23 bytes)
Event: 4.035 Thread 0x000001ac3382e5b0 nmethod 4138 0x000001ac1ddde590 code [0x000001ac1ddde740, 0x000001ac1ddde8f8]
Event: 4.035 Thread 0x000001ac3382e5b0 4139       1       org.eclipse.jdt.internal.core.CompilationUnit::getElementName (5 bytes)
Event: 4.035 Thread 0x000001ac3382e5b0 nmethod 4139 0x000001ac25256f90 code [0x000001ac25257120, 0x000001ac252571f8]
Event: 4.036 Thread 0x000001ac3382e5b0 4140       3       org.eclipse.jdt.internal.core.util.Util::indexOfJavaLikeExtension (112 bytes)
Event: 4.036 Thread 0x000001ac339c9310 nmethod 4132 0x000001ac25257290 code [0x000001ac25257400, 0x000001ac25257598]
Event: 4.036 Thread 0x000001ac339c9310 4133       4       java.util.Hashtable$Enumerator::nextElement (111 bytes)
Event: 4.037 Thread 0x000001ac3382e5b0 nmethod 4140 0x000001ac1dddea10 code [0x000001ac1dddecc0, 0x000001ac1dddfc08]
Event: 4.037 Thread 0x000001ac3382e5b0 4143   !   3       org.eclipse.jdt.internal.compiler.parser.Scanner::getNextToken0 (2518 bytes)
Event: 4.037 Thread 0x000001ac339c9310 nmethod 4133 0x000001ac25257690 code [0x000001ac25257800, 0x000001ac252578f8]
Event: 4.037 Thread 0x000001ac339c9310 4146       4       java.lang.String::getChars (54 bytes)
Event: 4.039 Thread 0x000001ac339c9310 nmethod 4146 0x000001ac25257a10 code [0x000001ac25257ba0, 0x000001ac25257ef8]
Event: 4.039 Thread 0x000001ac339c9310 4147       4       java.lang.StringLatin1::getChars (12 bytes)
Event: 4.040 Thread 0x000001ac339c9310 nmethod 4147 0x000001ac25258190 code [0x000001ac25258300, 0x000001ac25258478]
Event: 4.040 Thread 0x000001ac339c9310 4134       4       java.util.Hashtable$Enumerator::hasNext (5 bytes)

GC Heap History (20 events):
Event: 3.052 GC heap before
{Heap before GC invocations=10 (full 1):
 PSYoungGen      total 28672K, used 8074K [0x00000000eab00000, 0x00000000ecc80000, 0x0000000100000000)
  eden space 23552K, 13% used [0x00000000eab00000,0x00000000eae1e7d8,0x00000000ec200000)
  from space 5120K, 95% used [0x00000000ec780000,0x00000000ecc44168,0x00000000ecc80000)
  to   space 5120K, 0% used [0x00000000ec280000,0x00000000ec280000,0x00000000ec780000)
 ParOldGen       total 68608K, used 7983K [0x00000000c0000000, 0x00000000c4300000, 0x00000000eab00000)
  object space 68608K, 11% used [0x00000000c0000000,0x00000000c07cbc18,0x00000000c4300000)
 Metaspace       used 35173K, committed 35840K, reserved 1114112K
  class space    used 3555K, committed 3840K, reserved 1048576K
}
Event: 3.054 GC heap after
{Heap after GC invocations=10 (full 1):
 PSYoungGen      total 28160K, used 4575K [0x00000000eab00000, 0x00000000ecc00000, 0x0000000100000000)
  eden space 23552K, 0% used [0x00000000eab00000,0x00000000eab00000,0x00000000ec200000)
  from space 4608K, 99% used [0x00000000ec280000,0x00000000ec6f7c00,0x00000000ec700000)
  to   space 5120K, 0% used [0x00000000ec700000,0x00000000ec700000,0x00000000ecc00000)
 ParOldGen       total 68608K, used 8727K [0x00000000c0000000, 0x00000000c4300000, 0x00000000eab00000)
  object space 68608K, 12% used [0x00000000c0000000,0x00000000c0885fb8,0x00000000c4300000)
 Metaspace       used 35173K, committed 35840K, reserved 1114112K
  class space    used 3555K, committed 3840K, reserved 1048576K
}
Event: 3.054 GC heap before
{Heap before GC invocations=11 (full 2):
 PSYoungGen      total 28160K, used 4575K [0x00000000eab00000, 0x00000000ecc00000, 0x0000000100000000)
  eden space 23552K, 0% used [0x00000000eab00000,0x00000000eab00000,0x00000000ec200000)
  from space 4608K, 99% used [0x00000000ec280000,0x00000000ec6f7c00,0x00000000ec700000)
  to   space 5120K, 0% used [0x00000000ec700000,0x00000000ec700000,0x00000000ecc00000)
 ParOldGen       total 68608K, used 8727K [0x00000000c0000000, 0x00000000c4300000, 0x00000000eab00000)
  object space 68608K, 12% used [0x00000000c0000000,0x00000000c0885fb8,0x00000000c4300000)
 Metaspace       used 35173K, committed 35840K, reserved 1114112K
  class space    used 3555K, committed 3840K, reserved 1048576K
}
Event: 3.068 GC heap after
{Heap after GC invocations=11 (full 2):
 PSYoungGen      total 28160K, used 0K [0x00000000eab00000, 0x00000000ecc00000, 0x0000000100000000)
  eden space 23552K, 0% used [0x00000000eab00000,0x00000000eab00000,0x00000000ec200000)
  from space 4608K, 0% used [0x00000000ec280000,0x00000000ec280000,0x00000000ec700000)
  to   space 5120K, 0% used [0x00000000ec700000,0x00000000ec700000,0x00000000ecc00000)
 ParOldGen       total 68608K, used 12867K [0x00000000c0000000, 0x00000000c4300000, 0x00000000eab00000)
  object space 68608K, 18% used [0x00000000c0000000,0x00000000c0c90eb0,0x00000000c4300000)
 Metaspace       used 35173K, committed 35840K, reserved 1114112K
  class space    used 3555K, committed 3840K, reserved 1048576K
}
Event: 3.200 GC heap before
{Heap before GC invocations=12 (full 2):
 PSYoungGen      total 28160K, used 23552K [0x00000000eab00000, 0x00000000ecc00000, 0x0000000100000000)
  eden space 23552K, 100% used [0x00000000eab00000,0x00000000ec200000,0x00000000ec200000)
  from space 4608K, 0% used [0x00000000ec280000,0x00000000ec280000,0x00000000ec700000)
  to   space 5120K, 0% used [0x00000000ec700000,0x00000000ec700000,0x00000000ecc00000)
 ParOldGen       total 68608K, used 12867K [0x00000000c0000000, 0x00000000c4300000, 0x00000000eab00000)
  object space 68608K, 18% used [0x00000000c0000000,0x00000000c0c90eb0,0x00000000c4300000)
 Metaspace       used 36684K, committed 37440K, reserved 1114112K
  class space    used 3732K, committed 4096K, reserved 1048576K
}
Event: 3.201 GC heap after
{Heap after GC invocations=12 (full 2):
 PSYoungGen      total 25600K, used 2240K [0x00000000eab00000, 0x00000000ec980000, 0x0000000100000000)
  eden space 23040K, 0% used [0x00000000eab00000,0x00000000eab00000,0x00000000ec180000)
  from space 2560K, 87% used [0x00000000ec700000,0x00000000ec930040,0x00000000ec980000)
  to   space 3584K, 0% used [0x00000000ec280000,0x00000000ec280000,0x00000000ec600000)
 ParOldGen       total 68608K, used 12875K [0x00000000c0000000, 0x00000000c4300000, 0x00000000eab00000)
  object space 68608K, 18% used [0x00000000c0000000,0x00000000c0c92eb0,0x00000000c4300000)
 Metaspace       used 36684K, committed 37440K, reserved 1114112K
  class space    used 3732K, committed 4096K, reserved 1048576K
}
Event: 3.272 GC heap before
{Heap before GC invocations=13 (full 2):
 PSYoungGen      total 25600K, used 25280K [0x00000000eab00000, 0x00000000ec980000, 0x0000000100000000)
  eden space 23040K, 100% used [0x00000000eab00000,0x00000000ec180000,0x00000000ec180000)
  from space 2560K, 87% used [0x00000000ec700000,0x00000000ec930040,0x00000000ec980000)
  to   space 3584K, 0% used [0x00000000ec280000,0x00000000ec280000,0x00000000ec600000)
 ParOldGen       total 68608K, used 12875K [0x00000000c0000000, 0x00000000c4300000, 0x00000000eab00000)
  object space 68608K, 18% used [0x00000000c0000000,0x00000000c0c92eb0,0x00000000c4300000)
 Metaspace       used 36894K, committed 37632K, reserved 1114112K
  class space    used 3752K, committed 4096K, reserved 1048576K
}
Event: 3.274 GC heap after
{Heap after GC invocations=13 (full 2):
 PSYoungGen      total 25088K, used 2368K [0x00000000eab00000, 0x00000000ec780000, 0x0000000100000000)
  eden space 22528K, 0% used [0x00000000eab00000,0x00000000eab00000,0x00000000ec100000)
  from space 2560K, 92% used [0x00000000ec280000,0x00000000ec4d0010,0x00000000ec500000)
  to   space 2560K, 0% used [0x00000000ec500000,0x00000000ec500000,0x00000000ec780000)
 ParOldGen       total 68608K, used 15001K [0x00000000c0000000, 0x00000000c4300000, 0x00000000eab00000)
  object space 68608K, 21% used [0x00000000c0000000,0x00000000c0ea6528,0x00000000c4300000)
 Metaspace       used 36894K, committed 37632K, reserved 1114112K
  class space    used 3752K, committed 4096K, reserved 1048576K
}
Event: 3.311 GC heap before
{Heap before GC invocations=14 (full 2):
 PSYoungGen      total 25088K, used 24896K [0x00000000eab00000, 0x00000000ec780000, 0x0000000100000000)
  eden space 22528K, 100% used [0x00000000eab00000,0x00000000ec100000,0x00000000ec100000)
  from space 2560K, 92% used [0x00000000ec280000,0x00000000ec4d0010,0x00000000ec500000)
  to   space 2560K, 0% used [0x00000000ec500000,0x00000000ec500000,0x00000000ec780000)
 ParOldGen       total 68608K, used 15001K [0x00000000c0000000, 0x00000000c4300000, 0x00000000eab00000)
  object space 68608K, 21% used [0x00000000c0000000,0x00000000c0ea6528,0x00000000c4300000)
 Metaspace       used 36963K, committed 37696K, reserved 1114112K
  class space    used 3764K, committed 4096K, reserved 1048576K
}
Event: 3.312 GC heap after
{Heap after GC invocations=14 (full 2):
 PSYoungGen      total 24576K, used 2400K [0x00000000eab00000, 0x00000000ec780000, 0x0000000100000000)
  eden space 22016K, 0% used [0x00000000eab00000,0x00000000eab00000,0x00000000ec080000)
  from space 2560K, 93% used [0x00000000ec500000,0x00000000ec758010,0x00000000ec780000)
  to   space 2560K, 0% used [0x00000000ec280000,0x00000000ec280000,0x00000000ec500000)
 ParOldGen       total 68608K, used 17169K [0x00000000c0000000, 0x00000000c4300000, 0x00000000eab00000)
  object space 68608K, 25% used [0x00000000c0000000,0x00000000c10c4528,0x00000000c4300000)
 Metaspace       used 36963K, committed 37696K, reserved 1114112K
  class space    used 3764K, committed 4096K, reserved 1048576K
}
Event: 3.336 GC heap before
{Heap before GC invocations=15 (full 2):
 PSYoungGen      total 24576K, used 24416K [0x00000000eab00000, 0x00000000ec780000, 0x0000000100000000)
  eden space 22016K, 100% used [0x00000000eab00000,0x00000000ec080000,0x00000000ec080000)
  from space 2560K, 93% used [0x00000000ec500000,0x00000000ec758010,0x00000000ec780000)
  to   space 2560K, 0% used [0x00000000ec280000,0x00000000ec280000,0x00000000ec500000)
 ParOldGen       total 68608K, used 17169K [0x00000000c0000000, 0x00000000c4300000, 0x00000000eab00000)
  object space 68608K, 25% used [0x00000000c0000000,0x00000000c10c4528,0x00000000c4300000)
 Metaspace       used 36963K, committed 37696K, reserved 1114112K
  class space    used 3764K, committed 4096K, reserved 1048576K
}
Event: 3.337 GC heap after
{Heap after GC invocations=15 (full 2):
 PSYoungGen      total 24576K, used 2528K [0x00000000eab00000, 0x00000000ec580000, 0x0000000100000000)
  eden space 22016K, 0% used [0x00000000eab00000,0x00000000eab00000,0x00000000ec080000)
  from space 2560K, 98% used [0x00000000ec280000,0x00000000ec4f8000,0x00000000ec500000)
  to   space 512K, 0% used [0x00000000ec500000,0x00000000ec500000,0x00000000ec580000)
 ParOldGen       total 68608K, used 19477K [0x00000000c0000000, 0x00000000c4300000, 0x00000000eab00000)
  object space 68608K, 28% used [0x00000000c0000000,0x00000000c1305438,0x00000000c4300000)
 Metaspace       used 36963K, committed 37696K, reserved 1114112K
  class space    used 3764K, committed 4096K, reserved 1048576K
}
Event: 3.357 GC heap before
{Heap before GC invocations=16 (full 2):
 PSYoungGen      total 24576K, used 24544K [0x00000000eab00000, 0x00000000ec580000, 0x0000000100000000)
  eden space 22016K, 100% used [0x00000000eab00000,0x00000000ec080000,0x00000000ec080000)
  from space 2560K, 98% used [0x00000000ec280000,0x00000000ec4f8000,0x00000000ec500000)
  to   space 512K, 0% used [0x00000000ec500000,0x00000000ec500000,0x00000000ec580000)
 ParOldGen       total 68608K, used 19477K [0x00000000c0000000, 0x00000000c4300000, 0x00000000eab00000)
  object space 68608K, 28% used [0x00000000c0000000,0x00000000c1305438,0x00000000c4300000)
 Metaspace       used 36963K, committed 37696K, reserved 1114112K
  class space    used 3764K, committed 4096K, reserved 1048576K
}
Event: 3.359 GC heap after
{Heap after GC invocations=16 (full 2):
 PSYoungGen      total 21504K, used 512K [0x00000000eab00000, 0x00000000ecb80000, 0x0000000100000000)
  eden space 20992K, 0% used [0x00000000eab00000,0x00000000eab00000,0x00000000ebf80000)
  from space 512K, 100% used [0x00000000ec500000,0x00000000ec580000,0x00000000ec580000)
  to   space 5632K, 0% used [0x00000000ebf80000,0x00000000ebf80000,0x00000000ec500000)
 ParOldGen       total 68608K, used 23771K [0x00000000c0000000, 0x00000000c4300000, 0x00000000eab00000)
  object space 68608K, 34% used [0x00000000c0000000,0x00000000c1736cc8,0x00000000c4300000)
 Metaspace       used 36963K, committed 37696K, reserved 1114112K
  class space    used 3764K, committed 4096K, reserved 1048576K
}
Event: 3.487 GC heap before
{Heap before GC invocations=17 (full 2):
 PSYoungGen      total 21504K, used 21504K [0x00000000eab00000, 0x00000000ecb80000, 0x0000000100000000)
  eden space 20992K, 100% used [0x00000000eab00000,0x00000000ebf80000,0x00000000ebf80000)
  from space 512K, 100% used [0x00000000ec500000,0x00000000ec580000,0x00000000ec580000)
  to   space 5632K, 0% used [0x00000000ebf80000,0x00000000ebf80000,0x00000000ec500000)
 ParOldGen       total 68608K, used 23771K [0x00000000c0000000, 0x00000000c4300000, 0x00000000eab00000)
  object space 68608K, 34% used [0x00000000c0000000,0x00000000c1736cc8,0x00000000c4300000)
 Metaspace       used 38564K, committed 39296K, reserved 1114112K
  class space    used 3958K, committed 4288K, reserved 1048576K
}
Event: 3.488 GC heap after
{Heap after GC invocations=17 (full 2):
 PSYoungGen      total 23552K, used 2144K [0x00000000eab00000, 0x00000000ec680000, 0x0000000100000000)
  eden space 20992K, 0% used [0x00000000eab00000,0x00000000eab00000,0x00000000ebf80000)
  from space 2560K, 83% used [0x00000000ebf80000,0x00000000ec198000,0x00000000ec200000)
  to   space 3584K, 0% used [0x00000000ec300000,0x00000000ec300000,0x00000000ec680000)
 ParOldGen       total 68608K, used 24331K [0x00000000c0000000, 0x00000000c4300000, 0x00000000eab00000)
  object space 68608K, 35% used [0x00000000c0000000,0x00000000c17c2cc8,0x00000000c4300000)
 Metaspace       used 38564K, committed 39296K, reserved 1114112K
  class space    used 3958K, committed 4288K, reserved 1048576K
}
Event: 3.734 GC heap before
{Heap before GC invocations=18 (full 2):
 PSYoungGen      total 23552K, used 23136K [0x00000000eab00000, 0x00000000ec680000, 0x0000000100000000)
  eden space 20992K, 100% used [0x00000000eab00000,0x00000000ebf80000,0x00000000ebf80000)
  from space 2560K, 83% used [0x00000000ebf80000,0x00000000ec198000,0x00000000ec200000)
  to   space 3584K, 0% used [0x00000000ec300000,0x00000000ec300000,0x00000000ec680000)
 ParOldGen       total 68608K, used 24331K [0x00000000c0000000, 0x00000000c4300000, 0x00000000eab00000)
  object space 68608K, 35% used [0x00000000c0000000,0x00000000c17c2cc8,0x00000000c4300000)
 Metaspace       used 40115K, committed 40896K, reserved 1114112K
  class space    used 4127K, committed 4480K, reserved 1048576K
}
Event: 3.735 GC heap after
{Heap after GC invocations=18 (full 2):
 PSYoungGen      total 22016K, used 1021K [0x00000000eab00000, 0x00000000ec400000, 0x0000000100000000)
  eden space 20992K, 0% used [0x00000000eab00000,0x00000000eab00000,0x00000000ebf80000)
  from space 1024K, 99% used [0x00000000ec300000,0x00000000ec3ff4c8,0x00000000ec400000)
  to   space 2048K, 0% used [0x00000000ec000000,0x00000000ec000000,0x00000000ec200000)
 ParOldGen       total 68608K, used 26341K [0x00000000c0000000, 0x00000000c4300000, 0x00000000eab00000)
  object space 68608K, 38% used [0x00000000c0000000,0x00000000c19b9780,0x00000000c4300000)
 Metaspace       used 40115K, committed 40896K, reserved 1114112K
  class space    used 4127K, committed 4480K, reserved 1048576K
}
Event: 3.936 GC heap before
{Heap before GC invocations=19 (full 2):
 PSYoungGen      total 22016K, used 22013K [0x00000000eab00000, 0x00000000ec400000, 0x0000000100000000)
  eden space 20992K, 100% used [0x00000000eab00000,0x00000000ebf80000,0x00000000ebf80000)
  from space 1024K, 99% used [0x00000000ec300000,0x00000000ec3ff4c8,0x00000000ec400000)
  to   space 2048K, 0% used [0x00000000ec000000,0x00000000ec000000,0x00000000ec200000)
 ParOldGen       total 68608K, used 26341K [0x00000000c0000000, 0x00000000c4300000, 0x00000000eab00000)
  object space 68608K, 38% used [0x00000000c0000000,0x00000000c19b9780,0x00000000c4300000)
 Metaspace       used 41799K, committed 42560K, reserved 1114112K
  class space    used 4282K, committed 4608K, reserved 1048576K
}
Event: 3.937 GC heap after
{Heap after GC invocations=19 (full 2):
 PSYoungGen      total 23040K, used 416K [0x00000000eab00000, 0x00000000ec380000, 0x0000000100000000)
  eden space 20992K, 0% used [0x00000000eab00000,0x00000000eab00000,0x00000000ebf80000)
  from space 2048K, 20% used [0x00000000ec000000,0x00000000ec068000,0x00000000ec200000)
  to   space 1024K, 0% used [0x00000000ec280000,0x00000000ec280000,0x00000000ec380000)
 ParOldGen       total 68608K, used 27187K [0x00000000c0000000, 0x00000000c4300000, 0x00000000eab00000)
  object space 68608K, 39% used [0x00000000c0000000,0x00000000c1a8cf08,0x00000000c4300000)
 Metaspace       used 41799K, committed 42560K, reserved 1114112K
  class space    used 4282K, committed 4608K, reserved 1048576K
}

Dll operation events (10 events):
Event: 0.028 Loaded shared library c:\Users\santi\.vscode\extensions\redhat.java-1.28.1-win32-x64\jre\17.0.10-win32-x86_64\bin\java.dll
Event: 0.214 Loaded shared library c:\Users\santi\.vscode\extensions\redhat.java-1.28.1-win32-x64\jre\17.0.10-win32-x86_64\bin\zip.dll
Event: 0.218 Loaded shared library C:\Users\santi\.vscode\extensions\redhat.java-1.28.1-win32-x64\jre\17.0.10-win32-x86_64\bin\instrument.dll
Event: 0.229 Loaded shared library C:\Users\santi\.vscode\extensions\redhat.java-1.28.1-win32-x64\jre\17.0.10-win32-x86_64\bin\net.dll
Event: 0.232 Loaded shared library C:\Users\santi\.vscode\extensions\redhat.java-1.28.1-win32-x64\jre\17.0.10-win32-x86_64\bin\nio.dll
Event: 0.239 Loaded shared library C:\Users\santi\.vscode\extensions\redhat.java-1.28.1-win32-x64\jre\17.0.10-win32-x86_64\bin\zip.dll
Event: 0.254 Loaded shared library C:\Users\santi\.vscode\extensions\redhat.java-1.28.1-win32-x64\jre\17.0.10-win32-x86_64\bin\jimage.dll
Event: 0.305 Loaded shared library c:\Users\santi\.vscode\extensions\redhat.java-1.28.1-win32-x64\jre\17.0.10-win32-x86_64\bin\verify.dll
Event: 1.132 Loaded shared library C:\Users\santi\AppData\Roaming\Code\User\globalStorage\redhat.java\1.28.1\config_ss_win\org.eclipse.equinox.launcher\org.eclipse.equinox.launcher.win32.win32.x86_64_1.2.900.v20240129-1338\eclipse_11900.dll
Event: 2.792 Loaded shared library C:\Users\santi\AppData\Local\Temp\jna-109204053\jna14193343747440067877.dll

Deoptimization events (20 events):
Event: 3.662 Thread 0x000001ac35bd97e0 DEOPT PACKING pc=0x000001ac1dd542c5 sp=0x00000094a44f94e0
Event: 3.662 Thread 0x000001ac35bd97e0 DEOPT UNPACKING pc=0x000001ac24af6e43 sp=0x00000094a44f8990 mode 0
Event: 3.842 Thread 0x000001ac35bd97e0 Uncommon trap: trap_request=0xffffff45 fr.pc=0x000001ac252471d8 relative=0x0000000000000d58
Event: 3.842 Thread 0x000001ac35bd97e0 Uncommon trap: reason=unstable_if action=reinterpret pc=0x000001ac252471d8 method=java.util.TreeMap.put(Ljava/lang/Object;Ljava/lang/Object;Z)Ljava/lang/Object; @ 27 c2
Event: 3.842 Thread 0x000001ac35bd97e0 DEOPT PACKING pc=0x000001ac252471d8 sp=0x00000094a44fd770
Event: 3.842 Thread 0x000001ac35bd97e0 DEOPT UNPACKING pc=0x000001ac24af66a3 sp=0x00000094a44fd710 mode 2
Event: 3.857 Thread 0x000001ac35bdac20 DEOPT PACKING pc=0x000001ac1d75ce13 sp=0x00000094a41fba70
Event: 3.857 Thread 0x000001ac35bdac20 DEOPT UNPACKING pc=0x000001ac24af6e43 sp=0x00000094a41fafa8 mode 0
Event: 3.882 Thread 0x000001ac35bd8dc0 Uncommon trap: trap_request=0xffffff45 fr.pc=0x000001ac25224340 relative=0x0000000000000e20
Event: 3.882 Thread 0x000001ac35bd8dc0 Uncommon trap: reason=unstable_if action=reinterpret pc=0x000001ac25224340 method=java.util.concurrent.ConcurrentHashMap.addCount(JI)V @ 171 c2
Event: 3.882 Thread 0x000001ac35bd8dc0 DEOPT PACKING pc=0x000001ac25224340 sp=0x00000094a43fd570
Event: 3.882 Thread 0x000001ac35bd8dc0 DEOPT UNPACKING pc=0x000001ac24af66a3 sp=0x00000094a43fd430 mode 2
Event: 3.929 Thread 0x000001ac35bdb640 Uncommon trap: trap_request=0xffffff45 fr.pc=0x000001ac250ffeb8 relative=0x0000000000000178
Event: 3.929 Thread 0x000001ac35bdb640 Uncommon trap: reason=unstable_if action=reinterpret pc=0x000001ac250ffeb8 method=java.util.concurrent.ConcurrentHashMap.addCount(JI)V @ 34 c2
Event: 3.929 Thread 0x000001ac35bdb640 DEOPT PACKING pc=0x000001ac250ffeb8 sp=0x00000094a42fd690
Event: 3.929 Thread 0x000001ac35bdb640 DEOPT UNPACKING pc=0x000001ac24af66a3 sp=0x00000094a42fd5d0 mode 2
Event: 4.037 Thread 0x000001ac35bdac20 Uncommon trap: trap_request=0xffffffc6 fr.pc=0x000001ac2513cf80 relative=0x0000000000000680
Event: 4.037 Thread 0x000001ac35bdac20 Uncommon trap: reason=bimorphic_or_optimized_type_check action=maybe_recompile pc=0x000001ac2513cf80 method=java.util.HashMap.putVal(ILjava/lang/Object;Ljava/lang/Object;ZZ)Ljava/lang/Object; @ 203 c2
Event: 4.037 Thread 0x000001ac35bdac20 DEOPT PACKING pc=0x000001ac2513cf80 sp=0x00000094a41fdc90
Event: 4.037 Thread 0x000001ac35bdac20 DEOPT UNPACKING pc=0x000001ac24af66a3 sp=0x00000094a41fdc00 mode 2

Classes unloaded (7 events):
Event: 1.700 Thread 0x000001ac337f4870 Unloading class 0x000000010021a400 'java/lang/invoke/LambdaForm$MH+0x000000010021a400'
Event: 1.700 Thread 0x000001ac337f4870 Unloading class 0x000000010021a000 'java/lang/invoke/LambdaForm$MH+0x000000010021a000'
Event: 1.700 Thread 0x000001ac337f4870 Unloading class 0x0000000100219c00 'java/lang/invoke/LambdaForm$MH+0x0000000100219c00'
Event: 1.700 Thread 0x000001ac337f4870 Unloading class 0x0000000100219800 'java/lang/invoke/LambdaForm$MH+0x0000000100219800'
Event: 1.700 Thread 0x000001ac337f4870 Unloading class 0x0000000100219400 'java/lang/invoke/LambdaForm$BMH+0x0000000100219400'
Event: 1.700 Thread 0x000001ac337f4870 Unloading class 0x0000000100219000 'java/lang/invoke/LambdaForm$DMH+0x0000000100219000'
Event: 1.700 Thread 0x000001ac337f4870 Unloading class 0x0000000100214400 'java/lang/invoke/LambdaForm$DMH+0x0000000100214400'

Classes redefined (0 events):
No events

Internal exceptions (20 events):
Event: 2.957 Thread 0x000001ac1a8d07d0 Exception <a 'java/lang/NoSuchMethodError'{0x00000000ebcdbdf0}: 'void java.lang.invoke.DirectMethodHandle$Holder.invokeSpecial(java.lang.Object, java.lang.Object, java.lang.Object, java.lang.Object, java.lang.Object, java.lang.Object)'> (0x00000000ebcdbdf0) 
thrown [s\src\hotspot\share\interpreter\linkResolver.cpp, line 759]
Event: 2.958 Thread 0x000001ac1a8d07d0 Exception <a 'java/lang/IncompatibleClassChangeError'{0x00000000ebce58e0}: Found class java.lang.Object, but interface was expected> (0x00000000ebce58e0) 
thrown [s\src\hotspot\share\interpreter\linkResolver.cpp, line 826]
Event: 3.032 Thread 0x000001ac35bdac20 Exception <a 'java/io/FileNotFoundException'{0x00000000eabd19a0}> (0x00000000eabd19a0) 
thrown [s\src\hotspot\share\prims\jni.cpp, line 516]
Event: 3.046 Thread 0x000001ac35bdac20 Exception <a 'sun/nio/fs/WindowsException'{0x00000000ead8e648}> (0x00000000ead8e648) 
thrown [s\src\hotspot\share\prims\jni.cpp, line 516]
Event: 3.050 Thread 0x000001ac35bda200 Exception <a 'java/io/FileNotFoundException'{0x00000000eadcf538}> (0x00000000eadcf538) 
thrown [s\src\hotspot\share\prims\jni.cpp, line 516]
Event: 3.050 Thread 0x000001ac35bda200 Exception <a 'java/io/FileNotFoundException'{0x00000000eadd0570}> (0x00000000eadd0570) 
thrown [s\src\hotspot\share\prims\jni.cpp, line 516]
Event: 3.050 Thread 0x000001ac35bda200 Exception <a 'java/io/FileNotFoundException'{0x00000000eadd1318}> (0x00000000eadd1318) 
thrown [s\src\hotspot\share\prims\jni.cpp, line 516]
Event: 3.092 Thread 0x000001ac35bdac20 Exception <a 'java/lang/NoSuchMethodError'{0x00000000eaea4240}: 'int java.lang.invoke.DirectMethodHandle$Holder.invokeVirtual(java.lang.Object, java.lang.Object)'> (0x00000000eaea4240) 
thrown [s\src\hotspot\share\interpreter\linkResolver.cpp, line 759]
Event: 3.096 Thread 0x000001ac35bd9cf0 Exception <a 'java/lang/NoSuchMethodError'{0x00000000eaf1a5c8}: 'java.lang.Object java.lang.invoke.Invokers$Holder.invoke_MT(java.lang.Object, java.lang.Object, java.lang.Object)'> (0x00000000eaf1a5c8) 
thrown [s\src\hotspot\share\interpreter\linkResolver.cpp, line 759]
Event: 3.214 Thread 0x000001ac35bd9cf0 Exception <a 'java/io/FileNotFoundException'{0x00000000eae31cd8}> (0x00000000eae31cd8) 
thrown [s\src\hotspot\share\prims\jni.cpp, line 516]
Event: 3.215 Thread 0x000001ac35bd9cf0 Exception <a 'java/io/FileNotFoundException'{0x00000000eae33248}> (0x00000000eae33248) 
thrown [s\src\hotspot\share\prims\jni.cpp, line 516]
Event: 3.216 Thread 0x000001ac35bd9cf0 Exception <a 'java/lang/NoSuchMethodError'{0x00000000eae44b50}: 'void java.lang.invoke.DirectMethodHandle$Holder.invokeStaticInit(java.lang.Object, java.lang.Object, java.lang.Object)'> (0x00000000eae44b50) 
thrown [s\src\hotspot\share\interpreter\linkResolver.cpp, line 759]
Event: 3.403 Thread 0x000001ac35bdb640 Exception <a 'java/lang/NoSuchMethodError'{0x00000000eb33c1f0}: 'java.lang.Object java.lang.invoke.DirectMethodHandle$Holder.invokeInterface(java.lang.Object, java.lang.Object, java.lang.Object)'> (0x00000000eb33c1f0) 
thrown [s\src\hotspot\share\interpreter\linkResolver.cpp, line 759]
Event: 3.403 Thread 0x000001ac35bd97e0 Exception <a 'java/lang/NoSuchMethodError'{0x00000000eb2bb338}: 'java.lang.Object java.lang.invoke.DirectMethodHandle$Holder.invokeInterface(java.lang.Object, java.lang.Object, java.lang.Object)'> (0x00000000eb2bb338) 
thrown [s\src\hotspot\share\interpreter\linkResolver.cpp, line 759]
Event: 3.403 Thread 0x000001ac35bdac20 Exception <a 'java/lang/NoSuchMethodError'{0x00000000eb2eebb0}: 'java.lang.Object java.lang.invoke.DirectMethodHandle$Holder.invokeInterface(java.lang.Object, java.lang.Object, java.lang.Object)'> (0x00000000eb2eebb0) 
thrown [s\src\hotspot\share\interpreter\linkResolver.cpp, line 759]
Event: 3.403 Thread 0x000001ac35bd8dc0 Exception <a 'java/lang/NoSuchMethodError'{0x00000000eb275b38}: 'java.lang.Object java.lang.invoke.DirectMethodHandle$Holder.invokeInterface(java.lang.Object, java.lang.Object, java.lang.Object)'> (0x00000000eb275b38) 
thrown [s\src\hotspot\share\interpreter\linkResolver.cpp, line 759]
Event: 3.564 Thread 0x000001ac35bd8dc0 Exception <a 'java/lang/LinkageError'{0x00000000eb17f500}: loader lombok.launch.ShadowClassLoader @ff19406 attempted duplicate class definition for lombok.launch.PatchFixesHider$Transform. (lombok.launch.PatchFixesHider$Transform is in unnamed module of loader lombok.launch.ShadowClassLoader @ff19406, parent loader org.eclipse.osgi.internal.loader.EquinoxClassLoader @48c7da1e)> (0x00000000eb17f500) 
thrown [s\src\hotspot\share\classfile\systemDictionary.cpp, line 1724]
Event: 3.564 Thread 0x000001ac35bdb640 Exception <a 'java/lang/LinkageError'{0x00000000eb117178}: loader lombok.launch.ShadowClassLoader @ff19406 attempted duplicate class definition for lombok.launch.PatchFixesHider$Transform. (lombok.launch.PatchFixesHider$Transform is in unnamed module of loader lombok.launch.ShadowClassLoader @ff19406, parent loader org.eclipse.osgi.internal.loader.EquinoxClassLoader @48c7da1e)> (0x00000000eb117178) 
thrown [s\src\hotspot\share\classfile\systemDictionary.cpp, line 1724]
Event: 3.564 Thread 0x000001ac35bdac20 Exception <a 'java/lang/LinkageError'{0x00000000eb211930}: loader lombok.launch.ShadowClassLoader @ff19406 attempted duplicate class definition for lombok.launch.PatchFixesHider$Transform. (lombok.launch.PatchFixesHider$Transform is in unnamed module of loader lombok.launch.ShadowClassLoader @ff19406, parent loader org.eclipse.osgi.internal.loader.EquinoxClassLoader @48c7da1e)> (0x00000000eb211930) 
thrown [s\src\hotspot\share\classfile\systemDictionary.cpp, line 1724]
Event: 3.842 Thread 0x000001ac35bd97e0 Implicit null exception at 0x000001ac252464cf to 0x000001ac252471c0

VM Operations (20 events):
Event: 3.272 Executing VM operation: ParallelGCFailedAllocation
Event: 3.274 Executing VM operation: ParallelGCFailedAllocation done
Event: 3.311 Executing VM operation: ParallelGCFailedAllocation
Event: 3.312 Executing VM operation: ParallelGCFailedAllocation done
Event: 3.336 Executing VM operation: ParallelGCFailedAllocation
Event: 3.337 Executing VM operation: ParallelGCFailedAllocation done
Event: 3.357 Executing VM operation: ParallelGCFailedAllocation
Event: 3.359 Executing VM operation: ParallelGCFailedAllocation done
Event: 3.424 Executing VM operation: HandshakeAllThreads
Event: 3.424 Executing VM operation: HandshakeAllThreads done
Event: 3.487 Executing VM operation: ParallelGCFailedAllocation
Event: 3.488 Executing VM operation: ParallelGCFailedAllocation done
Event: 3.535 Executing VM operation: HandshakeAllThreads
Event: 3.535 Executing VM operation: HandshakeAllThreads done
Event: 3.734 Executing VM operation: ParallelGCFailedAllocation
Event: 3.735 Executing VM operation: ParallelGCFailedAllocation done
Event: 3.923 Executing VM operation: HandshakeAllThreads
Event: 3.923 Executing VM operation: HandshakeAllThreads done
Event: 3.936 Executing VM operation: ParallelGCFailedAllocation
Event: 3.937 Executing VM operation: ParallelGCFailedAllocation done

Events (20 events):
Event: 3.417 loading class sun/nio/cs/ThreadLocalCoders
Event: 3.417 loading class sun/nio/cs/ThreadLocalCoders done
Event: 3.417 loading class sun/nio/cs/ThreadLocalCoders$1
Event: 3.417 loading class sun/nio/cs/ThreadLocalCoders$Cache
Event: 3.417 loading class sun/nio/cs/ThreadLocalCoders$Cache done
Event: 3.417 loading class sun/nio/cs/ThreadLocalCoders$1 done
Event: 3.417 loading class sun/nio/cs/ThreadLocalCoders$2
Event: 3.417 loading class sun/nio/cs/ThreadLocalCoders$2 done
Event: 3.458 loading class java/lang/ExceptionInInitializerError
Event: 3.459 loading class java/lang/ExceptionInInitializerError done
Event: 3.697 loading class java/util/Vector$1
Event: 3.697 loading class java/util/Vector$1 done
Event: 3.842 loading class java/util/Collections$UnmodifiableSortedSet
Event: 3.842 loading class java/util/Collections$UnmodifiableSortedSet done
Event: 3.873 loading class java/util/regex/Pattern$Caret
Event: 3.873 loading class java/util/regex/Pattern$Caret done
Event: 3.928 loading class java/util/Hashtable$ValueCollection
Event: 3.928 loading class java/util/Hashtable$ValueCollection done
Event: 4.038 loading class java/util/WeakHashMap$KeyIterator
Event: 4.038 loading class java/util/WeakHashMap$KeyIterator done


Dynamic libraries:
0x00007ff69d1f0000 - 0x00007ff69d1fe000 	c:\Users\santi\.vscode\extensions\redhat.java-1.28.1-win32-x64\jre\17.0.10-win32-x86_64\bin\java.exe
0x00007ffa58750000 - 0x00007ffa58948000 	C:\WINDOWS\SYSTEM32\ntdll.dll
0x00007ffa583d0000 - 0x00007ffa5848d000 	C:\WINDOWS\System32\KERNEL32.DLL
0x00007ffa56120000 - 0x00007ffa56416000 	C:\WINDOWS\System32\KERNELBASE.dll
0x00007ffa56690000 - 0x00007ffa56790000 	C:\WINDOWS\System32\ucrtbase.dll
0x00007ffa4e7b0000 - 0x00007ffa4e7c7000 	c:\Users\santi\.vscode\extensions\redhat.java-1.28.1-win32-x64\jre\17.0.10-win32-x86_64\bin\jli.dll
0x00007ffa567a0000 - 0x00007ffa5693e000 	C:\WINDOWS\System32\USER32.dll
0x00007ffa47480000 - 0x00007ffa4749b000 	c:\Users\santi\.vscode\extensions\redhat.java-1.28.1-win32-x64\jre\17.0.10-win32-x86_64\bin\VCRUNTIME140.dll
0x00007ffa56660000 - 0x00007ffa56682000 	C:\WINDOWS\System32\win32u.dll
0x00007ffa57290000 - 0x00007ffa572bb000 	C:\WINDOWS\System32\GDI32.dll
0x00007ffa4a670000 - 0x00007ffa4a90a000 	C:\WINDOWS\WinSxS\amd64_microsoft.windows.common-controls_6595b64144ccf1df_6.0.19041.3636_none_60b6a03d71f818d5\COMCTL32.dll
0x00007ffa56420000 - 0x00007ffa56537000 	C:\WINDOWS\System32\gdi32full.dll
0x00007ffa57ac0000 - 0x00007ffa57b5e000 	C:\WINDOWS\System32\msvcrt.dll
0x00007ffa55e10000 - 0x00007ffa55ead000 	C:\WINDOWS\System32\msvcp_win.dll
0x00007ffa57b60000 - 0x00007ffa57b92000 	C:\WINDOWS\System32\IMM32.DLL
0x00007ffa4ec70000 - 0x00007ffa4ec7c000 	c:\Users\santi\.vscode\extensions\redhat.java-1.28.1-win32-x64\jre\17.0.10-win32-x86_64\bin\vcruntime140_1.dll
0x00007ff9d77e0000 - 0x00007ff9d786d000 	c:\Users\santi\.vscode\extensions\redhat.java-1.28.1-win32-x64\jre\17.0.10-win32-x86_64\bin\msvcp140.dll
0x00007ff9c3fd0000 - 0x00007ff9c4c32000 	c:\Users\santi\.vscode\extensions\redhat.java-1.28.1-win32-x64\jre\17.0.10-win32-x86_64\bin\server\jvm.dll
0x00007ffa577e0000 - 0x00007ffa57893000 	C:\WINDOWS\System32\ADVAPI32.dll
0x00007ffa579c0000 - 0x00007ffa57a5f000 	C:\WINDOWS\System32\sechost.dll
0x00007ffa57470000 - 0x00007ffa57596000 	C:\WINDOWS\System32\RPCRT4.dll
0x00007ffa55eb0000 - 0x00007ffa55ed7000 	C:\WINDOWS\System32\bcrypt.dll
0x00007ffa55320000 - 0x00007ffa5536b000 	C:\WINDOWS\SYSTEM32\POWRPROF.dll
0x00007ffa33520000 - 0x00007ffa33529000 	C:\WINDOWS\SYSTEM32\WSOCK32.dll
0x00007ffa44c70000 - 0x00007ffa44c97000 	C:\WINDOWS\SYSTEM32\WINMM.dll
0x00007ffa586a0000 - 0x00007ffa5870b000 	C:\WINDOWS\System32\WS2_32.dll
0x00007ffa4c650000 - 0x00007ffa4c65a000 	C:\WINDOWS\SYSTEM32\VERSION.dll
0x00007ffa551e0000 - 0x00007ffa551f2000 	C:\WINDOWS\SYSTEM32\UMPDC.dll
0x00007ffa53ca0000 - 0x00007ffa53cb2000 	C:\WINDOWS\SYSTEM32\kernel.appcore.dll
0x00007ffa4e760000 - 0x00007ffa4e76a000 	c:\Users\santi\.vscode\extensions\redhat.java-1.28.1-win32-x64\jre\17.0.10-win32-x86_64\bin\jimage.dll
0x00007ffa4ad50000 - 0x00007ffa4af34000 	C:\WINDOWS\SYSTEM32\DBGHELP.DLL
0x00007ffa47570000 - 0x00007ffa475a4000 	C:\WINDOWS\SYSTEM32\dbgcore.DLL
0x00007ffa55ee0000 - 0x00007ffa55f62000 	C:\WINDOWS\System32\bcryptPrimitives.dll
0x00007ffa46b10000 - 0x00007ffa46b1e000 	c:\Users\santi\.vscode\extensions\redhat.java-1.28.1-win32-x64\jre\17.0.10-win32-x86_64\bin\instrument.dll
0x00007ffa19a60000 - 0x00007ffa19a85000 	c:\Users\santi\.vscode\extensions\redhat.java-1.28.1-win32-x64\jre\17.0.10-win32-x86_64\bin\java.dll
0x00007ffa37560000 - 0x00007ffa37578000 	c:\Users\santi\.vscode\extensions\redhat.java-1.28.1-win32-x64\jre\17.0.10-win32-x86_64\bin\zip.dll
0x00007ffa56940000 - 0x00007ffa57085000 	C:\WINDOWS\System32\SHELL32.dll
0x00007ffa53ea0000 - 0x00007ffa5463c000 	C:\WINDOWS\SYSTEM32\windows.storage.dll
0x00007ffa57ba0000 - 0x00007ffa57ef4000 	C:\WINDOWS\System32\combase.dll
0x00007ffa55760000 - 0x00007ffa5578e000 	C:\WINDOWS\SYSTEM32\Wldp.dll
0x00007ffa57090000 - 0x00007ffa5715d000 	C:\WINDOWS\System32\OLEAUT32.dll
0x00007ffa57160000 - 0x00007ffa5720d000 	C:\WINDOWS\System32\SHCORE.dll
0x00007ffa57a60000 - 0x00007ffa57ab5000 	C:\WINDOWS\System32\shlwapi.dll
0x00007ffa55d40000 - 0x00007ffa55d65000 	C:\WINDOWS\SYSTEM32\profapi.dll
0x00007ffa1d8c0000 - 0x00007ffa1d8d9000 	C:\Users\santi\.vscode\extensions\redhat.java-1.28.1-win32-x64\jre\17.0.10-win32-x86_64\bin\net.dll
0x00007ffa4f6d0000 - 0x00007ffa4f7da000 	C:\WINDOWS\SYSTEM32\WINHTTP.dll
0x00007ffa55540000 - 0x00007ffa555aa000 	C:\WINDOWS\system32\mswsock.dll
0x00007ffa1a9e0000 - 0x00007ffa1a9f6000 	C:\Users\santi\.vscode\extensions\redhat.java-1.28.1-win32-x64\jre\17.0.10-win32-x86_64\bin\nio.dll
0x00007ffa46a60000 - 0x00007ffa46a70000 	c:\Users\santi\.vscode\extensions\redhat.java-1.28.1-win32-x64\jre\17.0.10-win32-x86_64\bin\verify.dll
0x00007ffa19a20000 - 0x00007ffa19a5e000 	C:\Users\santi\AppData\Roaming\Code\User\globalStorage\redhat.java\1.28.1\config_ss_win\org.eclipse.equinox.launcher\org.eclipse.equinox.launcher.win32.win32.x86_64_1.2.900.v20240129-1338\eclipse_11900.dll
0x00007ffa58490000 - 0x00007ffa585bb000 	C:\WINDOWS\System32\ole32.dll
0x00007ffa557a0000 - 0x00007ffa557b8000 	C:\WINDOWS\SYSTEM32\CRYPTSP.dll
0x00007ffa54e20000 - 0x00007ffa54e54000 	C:\WINDOWS\system32\rsaenh.dll
0x00007ffa55cc0000 - 0x00007ffa55cee000 	C:\WINDOWS\SYSTEM32\USERENV.dll
0x00007ffa556d0000 - 0x00007ffa556dc000 	C:\WINDOWS\SYSTEM32\CRYPTBASE.dll
0x00007ffa55200000 - 0x00007ffa5523b000 	C:\WINDOWS\SYSTEM32\IPHLPAPI.DLL
0x00007ffa57740000 - 0x00007ffa57748000 	C:\WINDOWS\System32\NSI.dll
0x00007ffa4ffe0000 - 0x00007ffa4fff7000 	C:\WINDOWS\SYSTEM32\dhcpcsvc6.DLL
0x00007ffa4ffc0000 - 0x00007ffa4ffdd000 	C:\WINDOWS\SYSTEM32\dhcpcsvc.DLL
0x00007ffa55240000 - 0x00007ffa5530b000 	C:\WINDOWS\SYSTEM32\DNSAPI.dll
0x00007ff9d7790000 - 0x00007ff9d77d5000 	C:\Users\santi\AppData\Local\Temp\jna-109204053\jna14193343747440067877.dll
0x00007ffa575a0000 - 0x00007ffa575a8000 	C:\WINDOWS\System32\PSAPI.DLL

dbghelp: loaded successfully - version: 4.0.5 - missing functions: none
symbol engine: initialized successfully - sym options: 0x614 - pdb path: .;c:\Users\santi\.vscode\extensions\redhat.java-1.28.1-win32-x64\jre\17.0.10-win32-x86_64\bin;C:\WINDOWS\SYSTEM32;C:\WINDOWS\WinSxS\amd64_microsoft.windows.common-controls_6595b64144ccf1df_6.0.19041.3636_none_60b6a03d71f818d5;c:\Users\santi\.vscode\extensions\redhat.java-1.28.1-win32-x64\jre\17.0.10-win32-x86_64\bin\server;C:\Users\santi\AppData\Roaming\Code\User\globalStorage\redhat.java\1.28.1\config_ss_win\org.eclipse.equinox.launcher\org.eclipse.equinox.launcher.win32.win32.x86_64_1.2.900.v20240129-1338;C:\Users\santi\AppData\Local\Temp\jna-109204053

VM Arguments:
jvm_args: --add-modules=ALL-SYSTEM --add-opens=java.base/java.util=ALL-UNNAMED --add-opens=java.base/java.lang=ALL-UNNAMED --add-opens=java.base/sun.nio.fs=ALL-UNNAMED -Declipse.application=org.eclipse.jdt.ls.core.id1 -Dosgi.bundles.defaultStartLevel=4 -Declipse.product=org.eclipse.jdt.ls.core.product -Djava.import.generatesMetadataFilesAtProjectRoot=false -DDetectVMInstallationsJob.disabled=true -Dfile.encoding=utf8 -XX:+UseParallelGC -XX:GCTimeRatio=4 -XX:AdaptiveSizePolicyWeight=90 -Dsun.zip.disableMemoryMapping=true -Xmx1G -Xms100m -Xlog:disable -javaagent:c:\Users\santi\.vscode\extensions\redhat.java-1.28.1-win32-x64\lombok\lombok-1.18.31.jar 
java_command: c:\Users\santi\.vscode\extensions\redhat.java-1.28.1-win32-x64\server\plugins\org.eclipse.equinox.launcher_1.6.700.v20231214-2017.jar -configuration c:\Users\santi\AppData\Roaming\Code\User\globalStorage\redhat.java\1.28.1\config_ss_win -data c:\Users\santi\AppData\Roaming\Code\User\workspaceStorage\579b4992d83981974b0bdabad3642d48\redhat.java\ss_ws --stdio
java_class_path (initial): c:\Users\santi\.vscode\extensions\redhat.java-1.28.1-win32-x64\server\plugins\org.eclipse.equinox.launcher_1.6.700.v20231214-2017.jar
Launcher Type: SUN_STANDARD

[Global flags]
    uintx AdaptiveSizePolicyWeight                 = 90                                        {product} {command line}
     intx CICompilerCount                          = 4                                         {product} {ergonomic}
    uintx GCTimeRatio                              = 4                                         {product} {command line}
   size_t InitialHeapSize                          = 104857600                                 {product} {command line}
   size_t MaxHeapSize                              = 1073741824                                {product} {command line}
   size_t MaxNewSize                               = 357564416                                 {product} {ergonomic}
   size_t MinHeapDeltaBytes                        = 524288                                    {product} {ergonomic}
   size_t MinHeapSize                              = 104857600                                 {product} {command line}
   size_t NewSize                                  = 34603008                                  {product} {ergonomic}
    uintx NonNMethodCodeHeapSize                   = 5839372                                {pd product} {ergonomic}
    uintx NonProfiledCodeHeapSize                  = 122909434                              {pd product} {ergonomic}
   size_t OldSize                                  = 70254592                                  {product} {ergonomic}
    uintx ProfiledCodeHeapSize                     = 122909434                              {pd product} {ergonomic}
    uintx ReservedCodeCacheSize                    = 251658240                              {pd product} {ergonomic}
     bool SegmentedCodeCache                       = true                                      {product} {ergonomic}
   size_t SoftMaxHeapSize                          = 1073741824                             {manageable} {ergonomic}
     bool UseCompressedClassPointers               = true                           {product lp64_product} {ergonomic}
     bool UseCompressedOops                        = true                           {product lp64_product} {ergonomic}
     bool UseLargePagesIndividualAllocation        = false                                  {pd product} {ergonomic}
     bool UseParallelGC                            = true                                      {product} {command line}

Logging:
Log output configuration:
 #0: stdout all=off uptime,level,tags
 #1: stderr all=off uptime,level,tags

Environment Variables:
PATH=C:\app\santi\product\21c\dbhomeXE\bin;C:\Program Files\Common Files\Oracle\Java\javapath;C:\Program Files (x86)\Common Files\Oracle\Java\javapath;C:\Program Files\Microsoft\jdk-11.0.16.101-hotspot\bin;C:\Program Files\Eclipse Adoptium\jdk-17.0.8.7-hotspot\bin;C:\ProgramData\Oracle\Java\javapath;C:\WINDOWS\system32;C:\WINDOWS;C:\WINDOWS\System32\Wbem;C:\WINDOWS\System32\WindowsPowerShell\v1.0\;C:\WINDOWS\System32\OpenSSH\;C:\Program Files\NVIDIA Corporation\NVIDIA NvDLISR;C:\Program Files\Git\cmd;C:\Program Files\MATLAB\R2023b\bin;C:\Program Files\dotnet\;C:\Program Files\Azure Data Studio\bin;C:\Program Files\Docker\Docker\resources\bin;C:\Program Files\nodejs\;C:\Program Files (x86)\Microsoft SQL Server\160\DTS\Binn\;C:\Users\santi\AppData\Local\Programs\Python\Python39\Scripts\;C:\Users\santi\AppData\Local\Programs\Python\Python39\;C:\Users\santi\AppData\Local\Microsoft\WindowsApps;C:\Users\santi\AppData\Local\Programs\Microsoft VS Code\bin;C:\Users\santi\AppData\Local\GitHubDesktop\bin;C:\Program Files\Azure Data Studio\bin;C:\Users\santi\AppData\Roaming\npm
USERNAME=santi
OS=Windows_NT
PROCESSOR_IDENTIFIER=AMD64 Family 25 Model 33 Stepping 0, AuthenticAMD
TMP=C:\Users\santi\AppData\Local\Temp
TEMP=C:\Users\santi\AppData\Local\Temp



Periodic native trim disabled


---------------  S Y S T E M  ---------------

OS:
 Windows 10 , 64 bit Build 19041 (10.0.19041.3636)
OS uptime: 5 days 8:39 hours
Hyper-V role detected

CPU: total 12 (initial active 12) (12 cores per cpu, 2 threads per core) family 25 model 33 stepping 0 microcode 0x0, cx8, cmov, fxsr, ht, mmx, 3dnowpref, sse, sse2, sse3, ssse3, sse4a, sse4.1, sse4.2, popcnt, lzcnt, tsc, tscinvbit, avx, avx2, aes, erms, clmul, bmi1, bmi2, adx, sha, fma, vzeroupper, clflush, clflushopt, hv
Processor Information for all 12 processors :
  Max Mhz: 3701, Current Mhz: 3701, Mhz Limit: 3701

Memory: 4k page, system-wide physical 16274M (3909M free)
TotalPageFile size 18322M (AvailPageFile size 6M)
current process WorkingSet (physical memory assigned to process): 198M, peak: 198M
current process commit charge ("private bytes"): 287M, peak: 287M

vm_info: OpenJDK 64-Bit Server VM (17.0.10+7) for windows-amd64 JRE (17.0.10+7), built on Jan 16 2024 23:25:11 by "admin" with MS VC++ 16.10 / 16.11 (VS2019)

END.
