#
# There is insufficient memory for the Java Runtime Environment to continue.
# Native memory allocation (malloc) failed to allocate 1570256 bytes for Chunk::new
# Possible reasons:
#   The system is out of physical RAM or swap space
#   The process is running with CompressedOops enabled, and the Java Heap may be blocking the growth of the native heap
# Possible solutions:
#   Reduce memory load on the system
#   Increase physical memory or swap space
#   Check if swap backing store is full
#   Decrease Java heap size (-Xmx/-Xms)
#   Decrease number of Java threads
#   Decrease Java thread stack sizes (-Xss)
#   Set larger code cache with -XX:ReservedCodeCacheSize=
#   JVM is running with Unscaled Compressed Oops mode in which the Java heap is
#     placed in the first 4GB address space. The Java Heap base address is the
#     maximum limit for the native heap growth. Please use -XX:HeapBaseMinAddress
#     to set the Java Heap base and to place the Java Heap above 4GB virtual address.
# This output file may be truncated or incomplete.
#
#  Out of Memory Error (arena.cpp:191), pid=15316, tid=12584
#
# JRE version: OpenJDK Runtime Environment Temurin-17.0.10+7 (17.0.10+7) (build 17.0.10+7)
# Java VM: OpenJDK 64-Bit Server VM Temurin-17.0.10+7 (17.0.10+7, mixed mode, tiered, compressed oops, compressed class ptrs, parallel gc, windows-amd64)
# No core dump will be written. Minidumps are not enabled by default on client versions of Windows
#

---------------  S U M M A R Y ------------

Command Line: --add-modules=ALL-SYSTEM --add-opens=java.base/java.util=ALL-UNNAMED --add-opens=java.base/java.lang=ALL-UNNAMED --add-opens=java.base/sun.nio.fs=ALL-UNNAMED -Declipse.application=org.eclipse.jdt.ls.core.id1 -Dosgi.bundles.defaultStartLevel=4 -Declipse.product=org.eclipse.jdt.ls.core.product -Djava.import.generatesMetadataFilesAtProjectRoot=false -DDetectVMInstallationsJob.disabled=true -Dfile.encoding=utf8 -XX:+UseParallelGC -XX:GCTimeRatio=4 -XX:AdaptiveSizePolicyWeight=90 -Dsun.zip.disableMemoryMapping=true -Xmx1G -Xms100m -Xlog:disable -javaagent:c:\Users\santi\.vscode\extensions\redhat.java-1.28.1-win32-x64\lombok\lombok-1.18.31.jar -XX:+HeapDumpOnOutOfMemoryError -XX:HeapDumpPath=c:\Users\santi\AppData\Roaming\Code\User\workspaceStorage\579b4992d83981974b0bdabad3642d48\redhat.java -Daether.dependencyCollector.impl=bf c:\Users\santi\.vscode\extensions\redhat.java-1.28.1-win32-x64\server\plugins\org.eclipse.equinox.launcher_1.6.700.v20231214-2017.jar -configuration c:\Users\santi\AppData\Roaming\Code\User\globalStorage\redhat.java\1.28.1\config_win -data c:\Users\santi\AppData\Roaming\Code\User\workspaceStorage\579b4992d83981974b0bdabad3642d48\redhat.java\jdt_ws --stdio

Host: AMD Ryzen 5 5600X 6-Core Processor             , 12 cores, 15G,  Windows 10 , 64 bit Build 19041 (10.0.19041.3636)
Time: Sat Mar  2 12:29:50 2024 Hora est. Pacífico, Sudamérica elapsed time: 2.003958 seconds (0d 0h 0m 2s)

---------------  T H R E A D  ---------------

Current thread (0x0000026d14ac73f0):  JavaThread "C2 CompilerThread2" daemon [_thread_in_native, id=12584, stack(0x000000ed1f700000,0x000000ed1f800000)]


Current CompileTask:
C2:   2004 3362       4       org.lombokweb.asm.ClassReader::readMethod (1066 bytes)

Stack: [0x000000ed1f700000,0x000000ed1f800000]
Native frames: (J=compiled Java code, j=interpreted, Vv=VM code, C=native code)
V  [jvm.dll+0x67d2c9]
V  [jvm.dll+0x834afa]
V  [jvm.dll+0x8365be]
V  [jvm.dll+0x836c23]
V  [jvm.dll+0x2477ff]
V  [jvm.dll+0xac514]
V  [jvm.dll+0xacb5c]
V  [jvm.dll+0x366782]
V  [jvm.dll+0x330bfa]
V  [jvm.dll+0x33009a]
V  [jvm.dll+0x219ef1]
V  [jvm.dll+0x219311]
V  [jvm.dll+0x1a502d]
V  [jvm.dll+0x2290de]
V  [jvm.dll+0x2272ac]
V  [jvm.dll+0x7e9bb7]
V  [jvm.dll+0x7e3fba]
V  [jvm.dll+0x67c1b5]
C  [ucrtbase.dll+0x21bb2]
C  [KERNEL32.DLL+0x17344]
C  [ntdll.dll+0x526b1]


---------------  P R O C E S S  ---------------

Threads class SMR info:
_java_thread_list=0x0000026d157d2170, length=24, elements={
0x0000026d7a166cc0, 0x0000026d7eff42b0, 0x0000026d7eff5a10, 0x0000026d7effb840,
0x0000026d7effc6c0, 0x0000026d7effd540, 0x0000026d7effe710, 0x0000026d132d1b50,
0x0000026d132d2460, 0x0000026d132db540, 0x0000026d7eedbc50, 0x0000026d134b24b0,
0x0000026d1361e000, 0x0000026d14ac73f0, 0x0000026d15419dd0, 0x0000026d1523a0e0,
0x0000026d1560a2f0, 0x0000026d152db330, 0x0000026d156dc970, 0x0000026d15b78d90,
0x0000026d152d0190, 0x0000026d152cf770, 0x0000026d152d10c0, 0x0000026d152cfc80
}

Java Threads: ( => current thread )
  0x0000026d7a166cc0 JavaThread "main" [_thread_blocked, id=8992, stack(0x000000ed1e700000,0x000000ed1e800000)]
  0x0000026d7eff42b0 JavaThread "Reference Handler" daemon [_thread_blocked, id=16780, stack(0x000000ed1ea00000,0x000000ed1eb00000)]
  0x0000026d7eff5a10 JavaThread "Finalizer" daemon [_thread_blocked, id=7880, stack(0x000000ed1eb00000,0x000000ed1ec00000)]
  0x0000026d7effb840 JavaThread "Signal Dispatcher" daemon [_thread_blocked, id=20408, stack(0x000000ed1ec00000,0x000000ed1ed00000)]
  0x0000026d7effc6c0 JavaThread "Attach Listener" daemon [_thread_blocked, id=20712, stack(0x000000ed1ed00000,0x000000ed1ee00000)]
  0x0000026d7effd540 JavaThread "Service Thread" daemon [_thread_blocked, id=3784, stack(0x000000ed1ee00000,0x000000ed1ef00000)]
  0x0000026d7effe710 JavaThread "Monitor Deflation Thread" daemon [_thread_blocked, id=10540, stack(0x000000ed1ef00000,0x000000ed1f000000)]
  0x0000026d132d1b50 JavaThread "C2 CompilerThread0" daemon [_thread_blocked, id=4976, stack(0x000000ed1f000000,0x000000ed1f100000)]
  0x0000026d132d2460 JavaThread "C1 CompilerThread0" daemon [_thread_blocked, id=284, stack(0x000000ed1f100000,0x000000ed1f200000)]
  0x0000026d132db540 JavaThread "Sweeper thread" daemon [_thread_blocked, id=11776, stack(0x000000ed1f200000,0x000000ed1f300000)]
  0x0000026d7eedbc50 JavaThread "Common-Cleaner" daemon [_thread_blocked, id=9224, stack(0x000000ed1f300000,0x000000ed1f400000)]
  0x0000026d134b24b0 JavaThread "C2 CompilerThread1" daemon [_thread_blocked, id=13352, stack(0x000000ed1f400000,0x000000ed1f500000)]
  0x0000026d1361e000 JavaThread "Notification Thread" daemon [_thread_blocked, id=20792, stack(0x000000ed1f500000,0x000000ed1f600000)]
=>0x0000026d14ac73f0 JavaThread "C2 CompilerThread2" daemon [_thread_in_native, id=12584, stack(0x000000ed1f700000,0x000000ed1f800000)]
  0x0000026d15419dd0 JavaThread "Active Thread: Equinox Container: 66a97412-bc42-435d-adac-1560892b875f" [_thread_blocked, id=21664, stack(0x000000ed1fe00000,0x000000ed1ff00000)]
  0x0000026d1523a0e0 JavaThread "Framework Event Dispatcher: Equinox Container: 66a97412-bc42-435d-adac-1560892b875f" daemon [_thread_blocked, id=5148, stack(0x000000ed1ff00000,0x000000ed20000000)]
  0x0000026d1560a2f0 JavaThread "Start Level: Equinox Container: 66a97412-bc42-435d-adac-1560892b875f" daemon [_thread_in_vm, id=18408, stack(0x000000ed20000000,0x000000ed20100000)]
  0x0000026d152db330 JavaThread "Bundle File Closer" daemon [_thread_blocked, id=14008, stack(0x000000ed20200000,0x000000ed20300000)]
  0x0000026d156dc970 JavaThread "SCR Component Actor" daemon [_thread_blocked, id=8508, stack(0x000000ed20300000,0x000000ed20400000)]
  0x0000026d15b78d90 JavaThread "SCR Component Registry" daemon [_thread_blocked, id=15964, stack(0x000000ed20600000,0x000000ed20700000)]
  0x0000026d152d0190 JavaThread "Worker-JM" [_thread_blocked, id=14536, stack(0x000000ed20700000,0x000000ed20800000)]
  0x0000026d152cf770 JavaThread "Worker-0" [_thread_blocked, id=2356, stack(0x000000ed20800000,0x000000ed20900000)]
  0x0000026d152d10c0 JavaThread "Worker-1" [_thread_blocked, id=13536, stack(0x000000ed20900000,0x000000ed20a00000)]
  0x0000026d152cfc80 JavaThread "Worker-2" [_thread_blocked, id=6436, stack(0x000000ed20a00000,0x000000ed20b00000)]

Other Threads:
  0x0000026d7a21ea90 VMThread "VM Thread" [stack: 0x000000ed1e900000,0x000000ed1ea00000] [id=18712]
  0x0000026d1361e4e0 WatcherThread [stack: 0x000000ed1f600000,0x000000ed1f700000] [id=20748]
  0x0000026d7a17c710 GCTaskThread "GC Thread#0" [stack: 0x000000ed1e800000,0x000000ed1e900000] [id=10008]
  0x0000026d14f9aba0 GCTaskThread "GC Thread#1" [stack: 0x000000ed1f800000,0x000000ed1f900000] [id=19780]
  0x0000026d14f9b070 GCTaskThread "GC Thread#2" [stack: 0x000000ed1f900000,0x000000ed1fa00000] [id=13776]
  0x0000026d14f9b330 GCTaskThread "GC Thread#3" [stack: 0x000000ed1fa00000,0x000000ed1fb00000] [id=22724]
  0x0000026d14f9b5f0 GCTaskThread "GC Thread#4" [stack: 0x000000ed1fb00000,0x000000ed1fc00000] [id=18220]
  0x0000026d14f9b8b0 GCTaskThread "GC Thread#5" [stack: 0x000000ed1fc00000,0x000000ed1fd00000] [id=7380]
  0x0000026d14ef8060 GCTaskThread "GC Thread#6" [stack: 0x000000ed1fd00000,0x000000ed1fe00000] [id=9088]
  0x0000026d15531d40 GCTaskThread "GC Thread#7" [stack: 0x000000ed20100000,0x000000ed20200000] [id=10076]
  0x0000026d15478960 GCTaskThread "GC Thread#8" [stack: 0x000000ed20400000,0x000000ed20500000] [id=8616]
  0x0000026d1544fee0 GCTaskThread "GC Thread#9" [stack: 0x000000ed20500000,0x000000ed20600000] [id=5996]

Threads with active compile tasks:
C2 CompilerThread2     2018 3362       4       org.lombokweb.asm.ClassReader::readMethod (1066 bytes)

VM state: not at safepoint (normal execution)

VM Mutex/Monitor currently owned by a thread: None

Heap address: 0x00000000c0000000, size: 1024 MB, Compressed Oops mode: 32-bit

CDS archive(s) not mapped
Compressed class space mapped at: 0x0000000100000000-0x0000000140000000, reserved size: 1073741824
Narrow klass base: 0x0000000000000000, Narrow klass shift: 3, Narrow klass range: 0x140000000

GC Precious Log:
 CPUs: 12 total, 12 available
 Memory: 16274M
 Large Page Support: Disabled
 NUMA Support: Disabled
 Compressed Oops: Enabled (32-bit)
 Alignments: Space 512K, Generation 512K, Heap 2M
 Heap Min Capacity: 100M
 Heap Initial Capacity: 100M
 Heap Max Capacity: 1G
 Pre-touch: Disabled
 Parallel Workers: 10

Heap:
 PSYoungGen      total 27136K, used 4229K [0x00000000eab00000, 0x00000000ec900000, 0x0000000100000000)
  eden space 23552K, 4% used [0x00000000eab00000,0x00000000eabf3328,0x00000000ec200000)
  from space 3584K, 90% used [0x00000000ec400000,0x00000000ec72e240,0x00000000ec780000)
  to   space 1536K, 0% used [0x00000000ec780000,0x00000000ec780000,0x00000000ec900000)
 ParOldGen       total 68608K, used 13997K [0x00000000c0000000, 0x00000000c4300000, 0x00000000eab00000)
  object space 68608K, 20% used [0x00000000c0000000,0x00000000c0dab7b8,0x00000000c4300000)
 Metaspace       used 32374K, committed 33024K, reserved 1114112K
  class space    used 3159K, committed 3456K, reserved 1048576K

Card table byte_map: [0x0000026d79b00000,0x0000026d79d10000] _byte_map_base: 0x0000026d79500000

Marking Bits: (ParMarkBitMap*) 0x00007ff9e01cd7d0
 Begin Bits: [0x0000026d7ce00000, 0x0000026d7de00000)
 End Bits:   [0x0000026d7de00000, 0x0000026d7ee00000)

Polling page: 0x0000026d77f30000

Metaspace:

Usage:
  Non-class:     28.53 MB used.
      Class:      3.09 MB used.
       Both:     31.62 MB used.

Virtual space:
  Non-class space:       64.00 MB reserved,      28.88 MB ( 45%) committed,  1 nodes.
      Class space:        1.00 GB reserved,       3.38 MB ( <1%) committed,  1 nodes.
             Both:        1.06 GB reserved,      32.25 MB (  3%) committed. 

Chunk freelists:
   Non-Class:  2.20 MB
       Class:  12.58 MB
        Both:  14.78 MB

MaxMetaspaceSize: unlimited
CompressedClassSpaceSize: 1.00 GB
Initial GC threshold: 21.00 MB
Current GC threshold: 35.00 MB
CDS: off
MetaspaceReclaimPolicy: balanced
 - commit_granule_bytes: 65536.
 - commit_granule_words: 8192.
 - virtual_space_node_default_size: 8388608.
 - enlarge_chunks_in_place: 1.
 - new_chunks_are_fully_committed: 0.
 - uncommit_free_chunks: 1.
 - use_allocation_guard: 0.
 - handle_deallocations: 1.


Internal statistics:

num_allocs_failed_limit: 3.
num_arena_births: 332.
num_arena_deaths: 14.
num_vsnodes_births: 2.
num_vsnodes_deaths: 0.
num_space_committed: 516.
num_space_uncommitted: 0.
num_chunks_returned_to_freelist: 17.
num_chunks_taken_from_freelist: 1271.
num_chunk_merges: 9.
num_chunk_splits: 847.
num_chunks_enlarged: 599.
num_inconsistent_stats: 0.

CodeHeap 'non-profiled nmethods': size=120000Kb used=1540Kb max_used=1540Kb free=118459Kb
 bounds [0x0000026d07ad0000, 0x0000026d07d40000, 0x0000026d0f000000]
CodeHeap 'profiled nmethods': size=120000Kb used=7307Kb max_used=7307Kb free=112692Kb
 bounds [0x0000026d00000000, 0x0000026d00730000, 0x0000026d07530000]
CodeHeap 'non-nmethods': size=5760Kb used=1253Kb max_used=1287Kb free=4506Kb
 bounds [0x0000026d07530000, 0x0000026d077a0000, 0x0000026d07ad0000]
 total_blobs=4059 nmethods=3493 adapters=480
 compilation: enabled
              stopped_count=0, restarted_count=0
 full_count=0

Compilation events (20 events):
Event: 1.978 Thread 0x0000026d132d2460 3431       3       org.eclipse.core.internal.preferences.DefaultPreferences::getLoadLevel (52 bytes)
Event: 1.978 Thread 0x0000026d132d2460 nmethod 3431 0x0000026d006fd110 code [0x0000026d006fd300, 0x0000026d006fd978]
Event: 1.978 Thread 0x0000026d132d2460 3432       3       org.eclipse.core.internal.preferences.EclipsePreferences::absolutePath (79 bytes)
Event: 1.978 Thread 0x0000026d134b24b0 nmethod 3401 0x0000026d07c45f90 code [0x0000026d07c46140, 0x0000026d07c467b8]
Event: 1.981 Thread 0x0000026d132d2460 nmethod 3432 0x0000026d006fdb90 code [0x0000026d006fe180, 0x0000026d00701a58]
Event: 1.981 Thread 0x0000026d132d2460 3433       3       org.eclipse.core.internal.preferences.PreferencesService::getRootNode (4 bytes)
Event: 1.981 Thread 0x0000026d132d1b50 nmethod 3410% 0x0000026d07c46c90 code [0x0000026d07c46ea0, 0x0000026d07c47ff8]
Event: 1.981 Thread 0x0000026d132d2460 nmethod 3433 0x0000026d00702e10 code [0x0000026d00702fa0, 0x0000026d007030b8]
Event: 1.981 Thread 0x0000026d132d2460 3434       3       org.eclipse.core.internal.preferences.RootPreferences::node (7 bytes)
Event: 1.982 Thread 0x0000026d132d2460 nmethod 3434 0x0000026d00703190 code [0x0000026d00703320, 0x0000026d00703468]
Event: 1.982 Thread 0x0000026d132d2460 3435       3       org.eclipse.core.internal.preferences.RootPreferences::getNode (161 bytes)
Event: 1.982 Thread 0x0000026d132d1b50 3437       4       java.lang.AbstractStringBuilder::append (77 bytes)
Event: 1.983 Thread 0x0000026d132d2460 nmethod 3435 0x0000026d00703510 code [0x0000026d007038a0, 0x0000026d00704f48]
Event: 1.983 Thread 0x0000026d132d2460 3436  s    3       org.eclipse.core.internal.preferences.RootPreferences::getChild (72 bytes)
Event: 1.983 Thread 0x0000026d132d2460 nmethod 3436 0x0000026d00705710 code [0x0000026d00705940, 0x0000026d00706338]
Event: 1.984 Thread 0x0000026d134b24b0 3438 %     4       java.util.Properties$LineReader::readLine @ 224 (584 bytes)
Event: 1.985 Thread 0x0000026d132d1b50 nmethod 3437 0x0000026d07c48b90 code [0x0000026d07c48d40, 0x0000026d07c491f8]
Event: 1.985 Thread 0x0000026d132d1b50 3439       4       java.util.Properties::loadConvert (540 bytes)
Event: 1.986 Thread 0x0000026d132d2460 3440       3       java.lang.AbstractStringBuilder::appendChars (130 bytes)
Event: 1.987 Thread 0x0000026d132d2460 nmethod 3440 0x0000026d00706510 code [0x0000026d00706700, 0x0000026d00706ca8]

GC Heap History (18 events):
Event: 0.473 GC heap before
{Heap before GC invocations=1 (full 0):
 PSYoungGen      total 29696K, used 25600K [0x00000000eab00000, 0x00000000ecc00000, 0x0000000100000000)
  eden space 25600K, 100% used [0x00000000eab00000,0x00000000ec400000,0x00000000ec400000)
  from space 4096K, 0% used [0x00000000ec800000,0x00000000ec800000,0x00000000ecc00000)
  to   space 4096K, 0% used [0x00000000ec400000,0x00000000ec400000,0x00000000ec800000)
 ParOldGen       total 68608K, used 0K [0x00000000c0000000, 0x00000000c4300000, 0x00000000eab00000)
  object space 68608K, 0% used [0x00000000c0000000,0x00000000c0000000,0x00000000c4300000)
 Metaspace       used 11004K, committed 11200K, reserved 1114112K
  class space    used 1098K, committed 1216K, reserved 1048576K
}
Event: 0.477 GC heap after
{Heap after GC invocations=1 (full 0):
 PSYoungGen      total 29696K, used 3165K [0x00000000eab00000, 0x00000000ecc00000, 0x0000000100000000)
  eden space 25600K, 0% used [0x00000000eab00000,0x00000000eab00000,0x00000000ec400000)
  from space 4096K, 77% used [0x00000000ec400000,0x00000000ec7175a8,0x00000000ec800000)
  to   space 4096K, 0% used [0x00000000ec800000,0x00000000ec800000,0x00000000ecc00000)
 ParOldGen       total 68608K, used 16K [0x00000000c0000000, 0x00000000c4300000, 0x00000000eab00000)
  object space 68608K, 0% used [0x00000000c0000000,0x00000000c0004000,0x00000000c4300000)
 Metaspace       used 11004K, committed 11200K, reserved 1114112K
  class space    used 1098K, committed 1216K, reserved 1048576K
}
Event: 0.843 GC heap before
{Heap before GC invocations=2 (full 0):
 PSYoungGen      total 29696K, used 28765K [0x00000000eab00000, 0x00000000ecc00000, 0x0000000100000000)
  eden space 25600K, 100% used [0x00000000eab00000,0x00000000ec400000,0x00000000ec400000)
  from space 4096K, 77% used [0x00000000ec400000,0x00000000ec7175a8,0x00000000ec800000)
  to   space 4096K, 0% used [0x00000000ec800000,0x00000000ec800000,0x00000000ecc00000)
 ParOldGen       total 68608K, used 16K [0x00000000c0000000, 0x00000000c4300000, 0x00000000eab00000)
  object space 68608K, 0% used [0x00000000c0000000,0x00000000c0004000,0x00000000c4300000)
 Metaspace       used 14664K, committed 14912K, reserved 1114112K
  class space    used 1472K, committed 1600K, reserved 1048576K
}
Event: 0.846 GC heap after
{Heap after GC invocations=2 (full 0):
 PSYoungGen      total 29696K, used 4090K [0x00000000eab00000, 0x00000000ecc00000, 0x0000000100000000)
  eden space 25600K, 0% used [0x00000000eab00000,0x00000000eab00000,0x00000000ec400000)
  from space 4096K, 99% used [0x00000000ec800000,0x00000000ecbfe890,0x00000000ecc00000)
  to   space 4096K, 0% used [0x00000000ec400000,0x00000000ec400000,0x00000000ec800000)
 ParOldGen       total 68608K, used 1470K [0x00000000c0000000, 0x00000000c4300000, 0x00000000eab00000)
  object space 68608K, 2% used [0x00000000c0000000,0x00000000c016f840,0x00000000c4300000)
 Metaspace       used 14664K, committed 14912K, reserved 1114112K
  class space    used 1472K, committed 1600K, reserved 1048576K
}
Event: 1.084 GC heap before
{Heap before GC invocations=3 (full 0):
 PSYoungGen      total 29696K, used 29690K [0x00000000eab00000, 0x00000000ecc00000, 0x0000000100000000)
  eden space 25600K, 100% used [0x00000000eab00000,0x00000000ec400000,0x00000000ec400000)
  from space 4096K, 99% used [0x00000000ec800000,0x00000000ecbfe890,0x00000000ecc00000)
  to   space 4096K, 0% used [0x00000000ec400000,0x00000000ec400000,0x00000000ec800000)
 ParOldGen       total 68608K, used 1470K [0x00000000c0000000, 0x00000000c4300000, 0x00000000eab00000)
  object space 68608K, 2% used [0x00000000c0000000,0x00000000c016f840,0x00000000c4300000)
 Metaspace       used 16403K, committed 16704K, reserved 1114112K
  class space    used 1659K, committed 1792K, reserved 1048576K
}
Event: 1.089 GC heap after
{Heap after GC invocations=3 (full 0):
 PSYoungGen      total 29696K, used 4091K [0x00000000eab00000, 0x00000000ecc00000, 0x0000000100000000)
  eden space 25600K, 0% used [0x00000000eab00000,0x00000000eab00000,0x00000000ec400000)
  from space 4096K, 99% used [0x00000000ec400000,0x00000000ec7fef70,0x00000000ec800000)
  to   space 4096K, 0% used [0x00000000ec800000,0x00000000ec800000,0x00000000ecc00000)
 ParOldGen       total 68608K, used 5197K [0x00000000c0000000, 0x00000000c4300000, 0x00000000eab00000)
  object space 68608K, 7% used [0x00000000c0000000,0x00000000c05136c8,0x00000000c4300000)
 Metaspace       used 16403K, committed 16704K, reserved 1114112K
  class space    used 1659K, committed 1792K, reserved 1048576K
}
Event: 1.390 GC heap before
{Heap before GC invocations=4 (full 0):
 PSYoungGen      total 29696K, used 29691K [0x00000000eab00000, 0x00000000ecc00000, 0x0000000100000000)
  eden space 25600K, 100% used [0x00000000eab00000,0x00000000ec400000,0x00000000ec400000)
  from space 4096K, 99% used [0x00000000ec400000,0x00000000ec7fef70,0x00000000ec800000)
  to   space 4096K, 0% used [0x00000000ec800000,0x00000000ec800000,0x00000000ecc00000)
 ParOldGen       total 68608K, used 5197K [0x00000000c0000000, 0x00000000c4300000, 0x00000000eab00000)
  object space 68608K, 7% used [0x00000000c0000000,0x00000000c05136c8,0x00000000c4300000)
 Metaspace       used 20965K, committed 21376K, reserved 1114112K
  class space    used 2126K, committed 2304K, reserved 1048576K
}
Event: 1.392 GC heap after
{Heap after GC invocations=4 (full 0):
 PSYoungGen      total 29696K, used 4064K [0x00000000eab00000, 0x00000000ecc00000, 0x0000000100000000)
  eden space 25600K, 0% used [0x00000000eab00000,0x00000000eab00000,0x00000000ec400000)
  from space 4096K, 99% used [0x00000000ec800000,0x00000000ecbf8098,0x00000000ecc00000)
  to   space 4096K, 0% used [0x00000000ec400000,0x00000000ec400000,0x00000000ec800000)
 ParOldGen       total 68608K, used 6775K [0x00000000c0000000, 0x00000000c4300000, 0x00000000eab00000)
  object space 68608K, 9% used [0x00000000c0000000,0x00000000c069dd70,0x00000000c4300000)
 Metaspace       used 20965K, committed 21376K, reserved 1114112K
  class space    used 2126K, committed 2304K, reserved 1048576K
}
Event: 1.405 GC heap before
{Heap before GC invocations=5 (full 0):
 PSYoungGen      total 29696K, used 5409K [0x00000000eab00000, 0x00000000ecc00000, 0x0000000100000000)
  eden space 25600K, 5% used [0x00000000eab00000,0x00000000eac504b8,0x00000000ec400000)
  from space 4096K, 99% used [0x00000000ec800000,0x00000000ecbf8098,0x00000000ecc00000)
  to   space 4096K, 0% used [0x00000000ec400000,0x00000000ec400000,0x00000000ec800000)
 ParOldGen       total 68608K, used 6775K [0x00000000c0000000, 0x00000000c4300000, 0x00000000eab00000)
  object space 68608K, 9% used [0x00000000c0000000,0x00000000c069dd70,0x00000000c4300000)
 Metaspace       used 21057K, committed 21504K, reserved 1114112K
  class space    used 2135K, committed 2368K, reserved 1048576K
}
Event: 1.407 GC heap after
{Heap after GC invocations=5 (full 0):
 PSYoungGen      total 29696K, used 4075K [0x00000000eab00000, 0x00000000ece00000, 0x0000000100000000)
  eden space 25600K, 0% used [0x00000000eab00000,0x00000000eab00000,0x00000000ec400000)
  from space 4096K, 99% used [0x00000000ec400000,0x00000000ec7fae58,0x00000000ec800000)
  to   space 5120K, 0% used [0x00000000ec900000,0x00000000ec900000,0x00000000ece00000)
 ParOldGen       total 68608K, used 6998K [0x00000000c0000000, 0x00000000c4300000, 0x00000000eab00000)
  object space 68608K, 10% used [0x00000000c0000000,0x00000000c06d5a58,0x00000000c4300000)
 Metaspace       used 21057K, committed 21504K, reserved 1114112K
  class space    used 2135K, committed 2368K, reserved 1048576K
}
Event: 1.407 GC heap before
{Heap before GC invocations=6 (full 1):
 PSYoungGen      total 29696K, used 4075K [0x00000000eab00000, 0x00000000ece00000, 0x0000000100000000)
  eden space 25600K, 0% used [0x00000000eab00000,0x00000000eab00000,0x00000000ec400000)
  from space 4096K, 99% used [0x00000000ec400000,0x00000000ec7fae58,0x00000000ec800000)
  to   space 5120K, 0% used [0x00000000ec900000,0x00000000ec900000,0x00000000ece00000)
 ParOldGen       total 68608K, used 6998K [0x00000000c0000000, 0x00000000c4300000, 0x00000000eab00000)
  object space 68608K, 10% used [0x00000000c0000000,0x00000000c06d5a58,0x00000000c4300000)
 Metaspace       used 21057K, committed 21504K, reserved 1114112K
  class space    used 2135K, committed 2368K, reserved 1048576K
}
Event: 1.422 GC heap after
{Heap after GC invocations=6 (full 1):
 PSYoungGen      total 29696K, used 0K [0x00000000eab00000, 0x00000000ece00000, 0x0000000100000000)
  eden space 25600K, 0% used [0x00000000eab00000,0x00000000eab00000,0x00000000ec400000)
  from space 4096K, 0% used [0x00000000ec400000,0x00000000ec400000,0x00000000ec800000)
  to   space 5120K, 0% used [0x00000000ec900000,0x00000000ec900000,0x00000000ece00000)
 ParOldGen       total 68608K, used 10735K [0x00000000c0000000, 0x00000000c4300000, 0x00000000eab00000)
  object space 68608K, 15% used [0x00000000c0000000,0x00000000c0a7be00,0x00000000c4300000)
 Metaspace       used 21043K, committed 21504K, reserved 1114112K
  class space    used 2132K, committed 2368K, reserved 1048576K
}
Event: 1.650 GC heap before
{Heap before GC invocations=7 (full 1):
 PSYoungGen      total 29696K, used 25600K [0x00000000eab00000, 0x00000000ece00000, 0x0000000100000000)
  eden space 25600K, 100% used [0x00000000eab00000,0x00000000ec400000,0x00000000ec400000)
  from space 4096K, 0% used [0x00000000ec400000,0x00000000ec400000,0x00000000ec800000)
  to   space 5120K, 0% used [0x00000000ec900000,0x00000000ec900000,0x00000000ece00000)
 ParOldGen       total 68608K, used 10735K [0x00000000c0000000, 0x00000000c4300000, 0x00000000eab00000)
  object space 68608K, 15% used [0x00000000c0000000,0x00000000c0a7be00,0x00000000c4300000)
 Metaspace       used 24345K, committed 24896K, reserved 1114112K
  class space    used 2479K, committed 2688K, reserved 1048576K
}
Event: 1.651 GC heap after
{Heap after GC invocations=7 (full 1):
 PSYoungGen      total 26112K, used 907K [0x00000000eab00000, 0x00000000eca00000, 0x0000000100000000)
  eden space 25088K, 0% used [0x00000000eab00000,0x00000000eab00000,0x00000000ec380000)
  from space 1024K, 88% used [0x00000000ec900000,0x00000000ec9e2d48,0x00000000eca00000)
  to   space 2560K, 0% used [0x00000000ec500000,0x00000000ec500000,0x00000000ec780000)
 ParOldGen       total 68608K, used 10743K [0x00000000c0000000, 0x00000000c4300000, 0x00000000eab00000)
  object space 68608K, 15% used [0x00000000c0000000,0x00000000c0a7de00,0x00000000c4300000)
 Metaspace       used 24345K, committed 24896K, reserved 1114112K
  class space    used 2479K, committed 2688K, reserved 1048576K
}
Event: 1.800 GC heap before
{Heap before GC invocations=8 (full 1):
 PSYoungGen      total 26112K, used 25995K [0x00000000eab00000, 0x00000000eca00000, 0x0000000100000000)
  eden space 25088K, 100% used [0x00000000eab00000,0x00000000ec380000,0x00000000ec380000)
  from space 1024K, 88% used [0x00000000ec900000,0x00000000ec9e2d48,0x00000000eca00000)
  to   space 2560K, 0% used [0x00000000ec500000,0x00000000ec500000,0x00000000ec780000)
 ParOldGen       total 68608K, used 10743K [0x00000000c0000000, 0x00000000c4300000, 0x00000000eab00000)
  object space 68608K, 15% used [0x00000000c0000000,0x00000000c0a7de00,0x00000000c4300000)
 Metaspace       used 27306K, committed 27968K, reserved 1114112K
  class space    used 2795K, committed 3072K, reserved 1048576K
}
Event: 1.801 GC heap after
{Heap after GC invocations=8 (full 1):
 PSYoungGen      total 27136K, used 2552K [0x00000000eab00000, 0x00000000ecd00000, 0x0000000100000000)
  eden space 24576K, 0% used [0x00000000eab00000,0x00000000eab00000,0x00000000ec300000)
  from space 2560K, 99% used [0x00000000ec500000,0x00000000ec77e2c0,0x00000000ec780000)
  to   space 5120K, 0% used [0x00000000ec800000,0x00000000ec800000,0x00000000ecd00000)
 ParOldGen       total 68608K, used 12455K [0x00000000c0000000, 0x00000000c4300000, 0x00000000eab00000)
  object space 68608K, 18% used [0x00000000c0000000,0x00000000c0c29c38,0x00000000c4300000)
 Metaspace       used 27306K, committed 27968K, reserved 1114112K
  class space    used 2795K, committed 3072K, reserved 1048576K
}
Event: 1.906 GC heap before
{Heap before GC invocations=9 (full 1):
 PSYoungGen      total 27136K, used 27128K [0x00000000eab00000, 0x00000000ecd00000, 0x0000000100000000)
  eden space 24576K, 100% used [0x00000000eab00000,0x00000000ec300000,0x00000000ec300000)
  from space 2560K, 99% used [0x00000000ec500000,0x00000000ec77e2c0,0x00000000ec780000)
  to   space 5120K, 0% used [0x00000000ec800000,0x00000000ec800000,0x00000000ecd00000)
 ParOldGen       total 68608K, used 12455K [0x00000000c0000000, 0x00000000c4300000, 0x00000000eab00000)
  object space 68608K, 18% used [0x00000000c0000000,0x00000000c0c29c38,0x00000000c4300000)
 Metaspace       used 30163K, committed 30848K, reserved 1114112K
  class space    used 2980K, committed 3264K, reserved 1048576K
}
Event: 1.907 GC heap after
{Heap after GC invocations=9 (full 1):
 PSYoungGen      total 27136K, used 2610K [0x00000000eab00000, 0x00000000ecb00000, 0x0000000100000000)
  eden space 24064K, 0% used [0x00000000eab00000,0x00000000eab00000,0x00000000ec280000)
  from space 3072K, 84% used [0x00000000ec800000,0x00000000eca8c828,0x00000000ecb00000)
  to   space 3584K, 0% used [0x00000000ec400000,0x00000000ec400000,0x00000000ec780000)
 ParOldGen       total 68608K, used 12463K [0x00000000c0000000, 0x00000000c4300000, 0x00000000eab00000)
  object space 68608K, 18% used [0x00000000c0000000,0x00000000c0c2bc38,0x00000000c4300000)
 Metaspace       used 30163K, committed 30848K, reserved 1114112K
  class space    used 2980K, committed 3264K, reserved 1048576K
}

Dll operation events (9 events):
Event: 0.004 Loaded shared library c:\Users\santi\.vscode\extensions\redhat.java-1.28.1-win32-x64\jre\17.0.10-win32-x86_64\bin\java.dll
Event: 0.085 Loaded shared library c:\Users\santi\.vscode\extensions\redhat.java-1.28.1-win32-x64\jre\17.0.10-win32-x86_64\bin\zip.dll
Event: 0.087 Loaded shared library C:\Users\santi\.vscode\extensions\redhat.java-1.28.1-win32-x64\jre\17.0.10-win32-x86_64\bin\instrument.dll
Event: 0.097 Loaded shared library C:\Users\santi\.vscode\extensions\redhat.java-1.28.1-win32-x64\jre\17.0.10-win32-x86_64\bin\net.dll
Event: 0.099 Loaded shared library C:\Users\santi\.vscode\extensions\redhat.java-1.28.1-win32-x64\jre\17.0.10-win32-x86_64\bin\nio.dll
Event: 0.104 Loaded shared library C:\Users\santi\.vscode\extensions\redhat.java-1.28.1-win32-x64\jre\17.0.10-win32-x86_64\bin\zip.dll
Event: 0.117 Loaded shared library C:\Users\santi\.vscode\extensions\redhat.java-1.28.1-win32-x64\jre\17.0.10-win32-x86_64\bin\jimage.dll
Event: 0.159 Loaded shared library c:\Users\santi\.vscode\extensions\redhat.java-1.28.1-win32-x64\jre\17.0.10-win32-x86_64\bin\verify.dll
Event: 0.795 Loaded shared library C:\Users\santi\AppData\Roaming\Code\User\globalStorage\redhat.java\1.28.1\config_win\org.eclipse.equinox.launcher\org.eclipse.equinox.launcher.win32.win32.x86_64_1.2.900.v20240129-1338\eclipse_11900.dll

Deoptimization events (20 events):
Event: 1.706 Thread 0x0000026d1560a2f0 Uncommon trap: trap_request=0xffffff45 fr.pc=0x0000026d07af0d38 relative=0x0000000000000038
Event: 1.706 Thread 0x0000026d1560a2f0 Uncommon trap: reason=unstable_if action=reinterpret pc=0x0000026d07af0d38 method=java.lang.StringLatin1.canEncode(I)Z @ 4 c2
Event: 1.706 Thread 0x0000026d1560a2f0 DEOPT PACKING pc=0x0000026d07af0d38 sp=0x000000ed200ede90
Event: 1.706 Thread 0x0000026d1560a2f0 DEOPT UNPACKING pc=0x0000026d075866a3 sp=0x000000ed200ede20 mode 2
Event: 1.745 Thread 0x0000026d1560a2f0 Uncommon trap: trap_request=0xffffffc6 fr.pc=0x0000026d07bb9b5c relative=0x0000000000000d3c
Event: 1.745 Thread 0x0000026d1560a2f0 Uncommon trap: reason=bimorphic_or_optimized_type_check action=maybe_recompile pc=0x0000026d07bb9b5c method=java.util.Properties$LineReader.readLine()I @ 479 c2
Event: 1.745 Thread 0x0000026d1560a2f0 DEOPT PACKING pc=0x0000026d07bb9b5c sp=0x000000ed200ef960
Event: 1.745 Thread 0x0000026d1560a2f0 DEOPT UNPACKING pc=0x0000026d075866a3 sp=0x000000ed200ef8f0 mode 2
Event: 1.914 Thread 0x0000026d1560a2f0 Uncommon trap: trap_request=0xffffff45 fr.pc=0x0000026d07c346fc relative=0x00000000000002dc
Event: 1.914 Thread 0x0000026d1560a2f0 Uncommon trap: reason=unstable_if action=reinterpret pc=0x0000026d07c346fc method=org.lombokweb.asm.Label.resolve([BI)Z @ 80 c2
Event: 1.914 Thread 0x0000026d1560a2f0 DEOPT PACKING pc=0x0000026d07c346fc sp=0x000000ed200eeda0
Event: 1.914 Thread 0x0000026d1560a2f0 DEOPT UNPACKING pc=0x0000026d075866a3 sp=0x000000ed200eeca0 mode 2
Event: 1.987 Thread 0x0000026d1560a2f0 Uncommon trap: trap_request=0xffffffc6 fr.pc=0x0000026d07b6c374 relative=0x0000000000000934
Event: 1.987 Thread 0x0000026d1560a2f0 Uncommon trap: reason=bimorphic_or_optimized_type_check action=maybe_recompile pc=0x0000026d07b6c374 method=java.util.HashMap.putVal(ILjava/lang/Object;Ljava/lang/Object;ZZ)Ljava/lang/Object; @ 56 c2
Event: 1.987 Thread 0x0000026d1560a2f0 DEOPT PACKING pc=0x0000026d07b6c374 sp=0x000000ed200f99a0
Event: 1.987 Thread 0x0000026d1560a2f0 DEOPT UNPACKING pc=0x0000026d075866a3 sp=0x000000ed200f98f8 mode 2
Event: 1.993 Thread 0x0000026d1560a2f0 Uncommon trap: trap_request=0xffffffc6 fr.pc=0x0000026d07b6c3fc relative=0x00000000000009bc
Event: 1.993 Thread 0x0000026d1560a2f0 Uncommon trap: reason=bimorphic_or_optimized_type_check action=maybe_recompile pc=0x0000026d07b6c3fc method=java.util.HashMap.putVal(ILjava/lang/Object;Ljava/lang/Object;ZZ)Ljava/lang/Object; @ 253 c2
Event: 1.993 Thread 0x0000026d1560a2f0 DEOPT PACKING pc=0x0000026d07b6c3fc sp=0x000000ed200f98f0
Event: 1.993 Thread 0x0000026d1560a2f0 DEOPT UNPACKING pc=0x0000026d075866a3 sp=0x000000ed200f9870 mode 2

Classes unloaded (7 events):
Event: 1.409 Thread 0x0000026d7a21ea90 Unloading class 0x0000000100250400 'java/lang/invoke/LambdaForm$MH+0x0000000100250400'
Event: 1.409 Thread 0x0000026d7a21ea90 Unloading class 0x0000000100250000 'java/lang/invoke/LambdaForm$MH+0x0000000100250000'
Event: 1.409 Thread 0x0000026d7a21ea90 Unloading class 0x000000010024bc00 'java/lang/invoke/LambdaForm$MH+0x000000010024bc00'
Event: 1.409 Thread 0x0000026d7a21ea90 Unloading class 0x000000010024b800 'java/lang/invoke/LambdaForm$MH+0x000000010024b800'
Event: 1.409 Thread 0x0000026d7a21ea90 Unloading class 0x000000010024b400 'java/lang/invoke/LambdaForm$BMH+0x000000010024b400'
Event: 1.409 Thread 0x0000026d7a21ea90 Unloading class 0x000000010024b000 'java/lang/invoke/LambdaForm$DMH+0x000000010024b000'
Event: 1.409 Thread 0x0000026d7a21ea90 Unloading class 0x0000000100248400 'java/lang/invoke/LambdaForm$DMH+0x0000000100248400'

Classes redefined (0 events):
No events

Internal exceptions (20 events):
Event: 1.444 Thread 0x0000026d1560a2f0 Exception <a 'java/io/FileNotFoundException'{0x00000000eacdf5a8}> (0x00000000eacdf5a8) 
thrown [s\src\hotspot\share\prims\jni.cpp, line 516]
Event: 1.464 Thread 0x0000026d1560a2f0 Exception <a 'java/lang/NoSuchMethodError'{0x00000000eafe5f00}: 'java.lang.Object java.lang.invoke.DirectMethodHandle$Holder.newInvokeSpecial(java.lang.Object, java.lang.Object, java.lang.Object, java.lang.Object, java.lang.Object)'> (0x00000000eafe5f00) 
thrown [s\src\hotspot\share\interpreter\linkResolver.cpp, line 759]
Event: 1.508 Thread 0x0000026d1560a2f0 Exception <a 'java/lang/NoSuchMethodError'{0x00000000eb3ebcd0}: 'java.lang.Object java.lang.invoke.DirectMethodHandle$Holder.invokeSpecial(java.lang.Object, java.lang.Object, java.lang.Object, long, java.lang.Object)'> (0x00000000eb3ebcd0) 
thrown [s\src\hotspot\share\interpreter\linkResolver.cpp, line 759]
Event: 1.509 Thread 0x0000026d1560a2f0 Exception <a 'java/lang/NoSuchMethodError'{0x00000000eb3f3e88}: 'java.lang.Object java.lang.invoke.DirectMethodHandle$Holder.newInvokeSpecial(java.lang.Object, java.lang.Object, java.lang.Object, long)'> (0x00000000eb3f3e88) 
thrown [s\src\hotspot\share\interpreter\linkResolver.cpp, line 759]
Event: 1.509 Thread 0x0000026d1560a2f0 Exception <a 'java/lang/NoSuchMethodError'{0x00000000eb3f8428}: 'java.lang.Object java.lang.invoke.DirectMethodHandle$Holder.invokeSpecial(java.lang.Object, java.lang.Object, java.lang.Object, java.lang.Object, long)'> (0x00000000eb3f8428) 
thrown [s\src\hotspot\share\interpreter\linkResolver.cpp, line 759]
Event: 1.509 Thread 0x0000026d1560a2f0 Exception <a 'java/lang/NoSuchMethodError'{0x00000000eb3fc2a0}: 'java.lang.Object java.lang.invoke.Invokers$Holder.linkToTargetMethod(java.lang.Object, java.lang.Object, long, java.lang.Object)'> (0x00000000eb3fc2a0) 
thrown [s\src\hotspot\share\interpreter\linkResolver.cpp, line 759]
Event: 1.514 Thread 0x0000026d1560a2f0 Exception <a 'java/lang/NoSuchMethodError'{0x00000000eb491c70}: 'int java.lang.invoke.DirectMethodHandle$Holder.invokeStaticInit(java.lang.Object, java.lang.Object, java.lang.Object)'> (0x00000000eb491c70) 
thrown [s\src\hotspot\share\interpreter\linkResolver.cpp, line 759]
Event: 1.516 Thread 0x0000026d1560a2f0 Exception <a 'java/lang/IncompatibleClassChangeError'{0x00000000eb50dd50}: Found class java.lang.Object, but interface was expected> (0x00000000eb50dd50) 
thrown [s\src\hotspot\share\interpreter\linkResolver.cpp, line 826]
Event: 1.521 Thread 0x0000026d1560a2f0 Exception <a 'java/lang/NoSuchMethodError'{0x00000000eb52d938}: 'java.lang.Object java.lang.invoke.DirectMethodHandle$Holder.invokeSpecial(java.lang.Object, java.lang.Object, java.lang.Object, int, java.lang.Object, java.lang.Object)'> (0x00000000eb52d938) 
thrown [s\src\hotspot\share\interpreter\linkResolver.cpp, line 759]
Event: 1.521 Thread 0x0000026d1560a2f0 Exception <a 'java/lang/NoSuchMethodError'{0x00000000eb536030}: 'java.lang.Object java.lang.invoke.DirectMethodHandle$Holder.newInvokeSpecial(java.lang.Object, java.lang.Object, java.lang.Object, int, java.lang.Object)'> (0x00000000eb536030) 
thrown [s\src\hotspot\share\interpreter\linkResolver.cpp, line 759]
Event: 1.521 Thread 0x0000026d1560a2f0 Exception <a 'java/lang/NoSuchMethodError'{0x00000000eb53a488}: 'java.lang.Object java.lang.invoke.DirectMethodHandle$Holder.invokeSpecial(java.lang.Object, java.lang.Object, java.lang.Object, java.lang.Object, int, java.lang.Object)'> (0x00000000eb53a488) 
thrown [s\src\hotspot\share\interpreter\linkResolver.cpp, line 759]
Event: 1.521 Thread 0x0000026d152cf770 Exception <a 'java/lang/NoSuchMethodError'{0x00000000eb4313c8}: 'java.lang.Object java.lang.invoke.DirectMethodHandle$Holder.invokeSpecial(java.lang.Object, java.lang.Object, int, java.lang.Object, java.lang.Object)'> (0x00000000eb4313c8) 
thrown [s\src\hotspot\share\interpreter\linkResolver.cpp, line 759]
Event: 1.641 Thread 0x0000026d1560a2f0 Exception <a 'java/lang/NoSuchMethodError'{0x00000000ec2a1550}: 'java.lang.Object java.lang.invoke.Invokers$Holder.linkToTargetMethod(java.lang.Object, long, java.lang.Object, java.lang.Object)'> (0x00000000ec2a1550) 
thrown [s\src\hotspot\share\interpreter\linkResolver.cpp, line 759]
Event: 1.681 Thread 0x0000026d1560a2f0 Exception <a 'java/io/FileNotFoundException'{0x00000000eb0ff6f0}> (0x00000000eb0ff6f0) 
thrown [s\src\hotspot\share\prims\jni.cpp, line 516]
Event: 1.682 Thread 0x0000026d1560a2f0 Exception <a 'java/lang/NoSuchMethodError'{0x00000000eb108a48}: 'java.lang.Object java.lang.invoke.DirectMethodHandle$Holder.newInvokeSpecial(java.lang.Object, int, java.lang.Object, java.lang.Object)'> (0x00000000eb108a48) 
thrown [s\src\hotspot\share\interpreter\linkResolver.cpp, line 759]
Event: 1.736 Thread 0x0000026d1560a2f0 Exception <a 'java/lang/NoSuchMethodError'{0x00000000eb8932f8}: 'void java.lang.invoke.DirectMethodHandle$Holder.invokeSpecial(java.lang.Object, java.lang.Object, java.lang.Object, int)'> (0x00000000eb8932f8) 
thrown [s\src\hotspot\share\interpreter\linkResolver.cpp, line 759]
Event: 1.827 Thread 0x0000026d1560a2f0 Exception <a 'java/io/FileNotFoundException'{0x00000000eb4da8f0}> (0x00000000eb4da8f0) 
thrown [s\src\hotspot\share\prims\jni.cpp, line 516]
Event: 1.827 Thread 0x0000026d1560a2f0 Exception <a 'java/io/FileNotFoundException'{0x00000000eb4db748}> (0x00000000eb4db748) 
thrown [s\src\hotspot\share\prims\jni.cpp, line 516]
Event: 1.827 Thread 0x0000026d1560a2f0 Exception <a 'java/io/FileNotFoundException'{0x00000000eb4dc5a8}> (0x00000000eb4dc5a8) 
thrown [s\src\hotspot\share\prims\jni.cpp, line 516]
Event: 1.980 Thread 0x0000026d1560a2f0 Exception <a 'java/io/FileNotFoundException'{0x00000000ec0aa3a0}> (0x00000000ec0aa3a0) 
thrown [s\src\hotspot\share\prims\jni.cpp, line 516]

VM Operations (20 events):
Event: 1.451 Executing VM operation: HandshakeAllThreads
Event: 1.451 Executing VM operation: HandshakeAllThreads done
Event: 1.529 Executing VM operation: HandshakeAllThreads
Event: 1.529 Executing VM operation: HandshakeAllThreads done
Event: 1.553 Executing VM operation: HandshakeAllThreads
Event: 1.553 Executing VM operation: HandshakeAllThreads done
Event: 1.573 Executing VM operation: HandshakeAllThreads
Event: 1.573 Executing VM operation: HandshakeAllThreads done
Event: 1.577 Executing VM operation: HandshakeAllThreads
Event: 1.577 Executing VM operation: HandshakeAllThreads done
Event: 1.650 Executing VM operation: ParallelGCFailedAllocation
Event: 1.651 Executing VM operation: ParallelGCFailedAllocation done
Event: 1.800 Executing VM operation: ParallelGCFailedAllocation
Event: 1.801 Executing VM operation: ParallelGCFailedAllocation done
Event: 1.818 Executing VM operation: HandshakeAllThreads
Event: 1.818 Executing VM operation: HandshakeAllThreads done
Event: 1.906 Executing VM operation: ParallelGCFailedAllocation
Event: 1.907 Executing VM operation: ParallelGCFailedAllocation done
Event: 1.981 Executing VM operation: HandshakeAllThreads
Event: 1.981 Executing VM operation: HandshakeAllThreads done

Events (20 events):
Event: 2.001 loading class com/sun/org/apache/xerces/internal/dom/ParentNode done
Event: 2.001 loading class com/sun/org/apache/xerces/internal/dom/CoreDocumentImpl done
Event: 2.001 loading class com/sun/org/apache/xerces/internal/dom/DocumentImpl done
Event: 2.001 loading class com/sun/org/apache/xerces/internal/dom/DeferredDocumentImpl done
Event: 2.002 loading class com/sun/org/apache/xerces/internal/dom/DocumentTypeImpl
Event: 2.002 loading class org/w3c/dom/DocumentType
Event: 2.002 loading class org/w3c/dom/DocumentType done
Event: 2.002 loading class com/sun/org/apache/xerces/internal/dom/DocumentTypeImpl done
Event: 2.002 loading class com/sun/org/apache/xerces/internal/dom/ElementImpl
Event: 2.002 loading class org/w3c/dom/Element
Event: 2.002 loading class org/w3c/dom/Element done
Event: 2.002 loading class org/w3c/dom/ElementTraversal
Event: 2.002 loading class org/w3c/dom/ElementTraversal done
Event: 2.002 loading class org/w3c/dom/TypeInfo
Event: 2.002 loading class org/w3c/dom/TypeInfo done
Event: 2.002 loading class com/sun/org/apache/xerces/internal/dom/ElementImpl done
Event: 2.002 loading class com/sun/org/apache/xerces/internal/dom/NodeListCache
Event: 2.002 loading class com/sun/org/apache/xerces/internal/dom/NodeListCache done
Event: 2.002 loading class com/sun/org/apache/xerces/internal/dom/DeferredDocumentImpl$RefCount
Event: 2.002 loading class com/sun/org/apache/xerces/internal/dom/DeferredDocumentImpl$RefCount done


Dynamic libraries:
0x00007ff69e430000 - 0x00007ff69e43e000 	c:\Users\santi\.vscode\extensions\redhat.java-1.28.1-win32-x64\jre\17.0.10-win32-x86_64\bin\java.exe
0x00007ffa56f50000 - 0x00007ffa57148000 	C:\WINDOWS\SYSTEM32\ntdll.dll
0x00007ffa56000000 - 0x00007ffa560bd000 	C:\WINDOWS\System32\KERNEL32.DLL
0x00007ffa54860000 - 0x00007ffa54b56000 	C:\WINDOWS\System32\KERNELBASE.dll
0x00007ffa54c90000 - 0x00007ffa54d90000 	C:\WINDOWS\System32\ucrtbase.dll
0x00007ffa37850000 - 0x00007ffa37867000 	c:\Users\santi\.vscode\extensions\redhat.java-1.28.1-win32-x64\jre\17.0.10-win32-x86_64\bin\jli.dll
0x00007ffa36840000 - 0x00007ffa3685b000 	c:\Users\santi\.vscode\extensions\redhat.java-1.28.1-win32-x64\jre\17.0.10-win32-x86_64\bin\VCRUNTIME140.dll
0x00007ffa54f90000 - 0x00007ffa5512e000 	C:\WINDOWS\System32\USER32.dll
0x00007ffa54c60000 - 0x00007ffa54c82000 	C:\WINDOWS\System32\win32u.dll
0x00007ffa56ee0000 - 0x00007ffa56f0b000 	C:\WINDOWS\System32\GDI32.dll
0x00007ffa47e30000 - 0x00007ffa480ca000 	C:\WINDOWS\WinSxS\amd64_microsoft.windows.common-controls_6595b64144ccf1df_6.0.19041.3636_none_60b6a03d71f818d5\COMCTL32.dll
0x00007ffa54e70000 - 0x00007ffa54f87000 	C:\WINDOWS\System32\gdi32full.dll
0x00007ffa55570000 - 0x00007ffa5560e000 	C:\WINDOWS\System32\msvcrt.dll
0x00007ffa54660000 - 0x00007ffa546fd000 	C:\WINDOWS\System32\msvcp_win.dll
0x00007ffa56aa0000 - 0x00007ffa56ad2000 	C:\WINDOWS\System32\IMM32.DLL
0x00007ffa4b3f0000 - 0x00007ffa4b3fc000 	c:\Users\santi\.vscode\extensions\redhat.java-1.28.1-win32-x64\jre\17.0.10-win32-x86_64\bin\vcruntime140_1.dll
0x00007ff9e0b00000 - 0x00007ff9e0b8d000 	c:\Users\santi\.vscode\extensions\redhat.java-1.28.1-win32-x64\jre\17.0.10-win32-x86_64\bin\msvcp140.dll
0x00007ff9df630000 - 0x00007ff9e0292000 	c:\Users\santi\.vscode\extensions\redhat.java-1.28.1-win32-x64\jre\17.0.10-win32-x86_64\bin\server\jvm.dll
0x00007ffa55d10000 - 0x00007ffa55dc3000 	C:\WINDOWS\System32\ADVAPI32.dll
0x00007ffa56e40000 - 0x00007ffa56edf000 	C:\WINDOWS\System32\sechost.dll
0x00007ffa55420000 - 0x00007ffa55546000 	C:\WINDOWS\System32\RPCRT4.dll
0x00007ffa54e40000 - 0x00007ffa54e67000 	C:\WINDOWS\System32\bcrypt.dll
0x00007ffa53b20000 - 0x00007ffa53b6b000 	C:\WINDOWS\SYSTEM32\POWRPROF.dll
0x00007ffa2d540000 - 0x00007ffa2d549000 	C:\WINDOWS\SYSTEM32\WSOCK32.dll
0x00007ffa4ae90000 - 0x00007ffa4ae9a000 	C:\WINDOWS\SYSTEM32\VERSION.dll
0x00007ffa48d50000 - 0x00007ffa48d77000 	C:\WINDOWS\SYSTEM32\WINMM.dll
0x00007ffa55c10000 - 0x00007ffa55c7b000 	C:\WINDOWS\System32\WS2_32.dll
0x00007ffa539e0000 - 0x00007ffa539f2000 	C:\WINDOWS\SYSTEM32\UMPDC.dll
0x00007ffa523c0000 - 0x00007ffa523d2000 	C:\WINDOWS\SYSTEM32\kernel.appcore.dll
0x00007ffa42440000 - 0x00007ffa4244a000 	c:\Users\santi\.vscode\extensions\redhat.java-1.28.1-win32-x64\jre\17.0.10-win32-x86_64\bin\jimage.dll
0x00007ffa48410000 - 0x00007ffa485f4000 	C:\WINDOWS\SYSTEM32\DBGHELP.DLL
0x00007ffa44d90000 - 0x00007ffa44dc4000 	C:\WINDOWS\SYSTEM32\dbgcore.DLL
0x00007ffa54bd0000 - 0x00007ffa54c52000 	C:\WINDOWS\System32\bcryptPrimitives.dll
0x00007ffa3a410000 - 0x00007ffa3a41e000 	c:\Users\santi\.vscode\extensions\redhat.java-1.28.1-win32-x64\jre\17.0.10-win32-x86_64\bin\instrument.dll
0x00007ffa1c710000 - 0x00007ffa1c735000 	c:\Users\santi\.vscode\extensions\redhat.java-1.28.1-win32-x64\jre\17.0.10-win32-x86_64\bin\java.dll
0x00007ffa34d10000 - 0x00007ffa34d28000 	c:\Users\santi\.vscode\extensions\redhat.java-1.28.1-win32-x64\jre\17.0.10-win32-x86_64\bin\zip.dll
0x00007ffa56190000 - 0x00007ffa568d5000 	C:\WINDOWS\System32\SHELL32.dll
0x00007ffa526a0000 - 0x00007ffa52e3c000 	C:\WINDOWS\SYSTEM32\windows.storage.dll
0x00007ffa56ae0000 - 0x00007ffa56e34000 	C:\WINDOWS\System32\combase.dll
0x00007ffa53f60000 - 0x00007ffa53f8e000 	C:\WINDOWS\SYSTEM32\Wldp.dll
0x00007ffa560c0000 - 0x00007ffa5618d000 	C:\WINDOWS\System32\OLEAUT32.dll
0x00007ffa55dd0000 - 0x00007ffa55e7d000 	C:\WINDOWS\System32\SHCORE.dll
0x00007ffa55fa0000 - 0x00007ffa55ff5000 	C:\WINDOWS\System32\shlwapi.dll
0x00007ffa54540000 - 0x00007ffa54565000 	C:\WINDOWS\SYSTEM32\profapi.dll
0x00007ffa1bfb0000 - 0x00007ffa1bfc9000 	C:\Users\santi\.vscode\extensions\redhat.java-1.28.1-win32-x64\jre\17.0.10-win32-x86_64\bin\net.dll
0x00007ffa4d5e0000 - 0x00007ffa4d6ea000 	C:\WINDOWS\SYSTEM32\WINHTTP.dll
0x00007ffa53d40000 - 0x00007ffa53daa000 	C:\WINDOWS\system32\mswsock.dll
0x00007ffa1b4b0000 - 0x00007ffa1b4c6000 	C:\Users\santi\.vscode\extensions\redhat.java-1.28.1-win32-x64\jre\17.0.10-win32-x86_64\bin\nio.dll
0x00007ffa38dd0000 - 0x00007ffa38de0000 	c:\Users\santi\.vscode\extensions\redhat.java-1.28.1-win32-x64\jre\17.0.10-win32-x86_64\bin\verify.dll
0x00007ffa16f80000 - 0x00007ffa16fbe000 	C:\Users\santi\AppData\Roaming\Code\User\globalStorage\redhat.java\1.28.1\config_win\org.eclipse.equinox.launcher\org.eclipse.equinox.launcher.win32.win32.x86_64_1.2.900.v20240129-1338\eclipse_11900.dll
0x00007ffa55a80000 - 0x00007ffa55bab000 	C:\WINDOWS\System32\ole32.dll

dbghelp: loaded successfully - version: 4.0.5 - missing functions: none
symbol engine: initialized successfully - sym options: 0x614 - pdb path: .;c:\Users\santi\.vscode\extensions\redhat.java-1.28.1-win32-x64\jre\17.0.10-win32-x86_64\bin;C:\WINDOWS\SYSTEM32;C:\WINDOWS\WinSxS\amd64_microsoft.windows.common-controls_6595b64144ccf1df_6.0.19041.3636_none_60b6a03d71f818d5;c:\Users\santi\.vscode\extensions\redhat.java-1.28.1-win32-x64\jre\17.0.10-win32-x86_64\bin\server;C:\Users\santi\AppData\Roaming\Code\User\globalStorage\redhat.java\1.28.1\config_win\org.eclipse.equinox.launcher\org.eclipse.equinox.launcher.win32.win32.x86_64_1.2.900.v20240129-1338

VM Arguments:
jvm_args: --add-modules=ALL-SYSTEM --add-opens=java.base/java.util=ALL-UNNAMED --add-opens=java.base/java.lang=ALL-UNNAMED --add-opens=java.base/sun.nio.fs=ALL-UNNAMED -Declipse.application=org.eclipse.jdt.ls.core.id1 -Dosgi.bundles.defaultStartLevel=4 -Declipse.product=org.eclipse.jdt.ls.core.product -Djava.import.generatesMetadataFilesAtProjectRoot=false -DDetectVMInstallationsJob.disabled=true -Dfile.encoding=utf8 -XX:+UseParallelGC -XX:GCTimeRatio=4 -XX:AdaptiveSizePolicyWeight=90 -Dsun.zip.disableMemoryMapping=true -Xmx1G -Xms100m -Xlog:disable -javaagent:c:\Users\santi\.vscode\extensions\redhat.java-1.28.1-win32-x64\lombok\lombok-1.18.31.jar -XX:+HeapDumpOnOutOfMemoryError -XX:HeapDumpPath=c:\Users\santi\AppData\Roaming\Code\User\workspaceStorage\579b4992d83981974b0bdabad3642d48\redhat.java -Daether.dependencyCollector.impl=bf 
java_command: c:\Users\santi\.vscode\extensions\redhat.java-1.28.1-win32-x64\server\plugins\org.eclipse.equinox.launcher_1.6.700.v20231214-2017.jar -configuration c:\Users\santi\AppData\Roaming\Code\User\globalStorage\redhat.java\1.28.1\config_win -data c:\Users\santi\AppData\Roaming\Code\User\workspaceStorage\579b4992d83981974b0bdabad3642d48\redhat.java\jdt_ws --stdio
java_class_path (initial): c:\Users\santi\.vscode\extensions\redhat.java-1.28.1-win32-x64\server\plugins\org.eclipse.equinox.launcher_1.6.700.v20231214-2017.jar
Launcher Type: SUN_STANDARD

[Global flags]
    uintx AdaptiveSizePolicyWeight                 = 90                                        {product} {command line}
     intx CICompilerCount                          = 4                                         {product} {ergonomic}
    uintx GCTimeRatio                              = 4                                         {product} {command line}
     bool HeapDumpOnOutOfMemoryError               = true                                   {manageable} {command line}
    ccstr HeapDumpPath                             = c:\Users\santi\AppData\Roaming\Code\User\workspaceStorage\579b4992d83981974b0bdabad3642d48\redhat.java         {manageable} {command line}
   size_t InitialHeapSize                          = 104857600                                 {product} {command line}
   size_t MaxHeapSize                              = 1073741824                                {product} {command line}
   size_t MaxNewSize                               = 357564416                                 {product} {ergonomic}
   size_t MinHeapDeltaBytes                        = 524288                                    {product} {ergonomic}
   size_t MinHeapSize                              = 104857600                                 {product} {command line}
   size_t NewSize                                  = 34603008                                  {product} {ergonomic}
    uintx NonNMethodCodeHeapSize                   = 5839372                                {pd product} {ergonomic}
    uintx NonProfiledCodeHeapSize                  = 122909434                              {pd product} {ergonomic}
   size_t OldSize                                  = 70254592                                  {product} {ergonomic}
    uintx ProfiledCodeHeapSize                     = 122909434                              {pd product} {ergonomic}
    uintx ReservedCodeCacheSize                    = 251658240                              {pd product} {ergonomic}
     bool SegmentedCodeCache                       = true                                      {product} {ergonomic}
   size_t SoftMaxHeapSize                          = 1073741824                             {manageable} {ergonomic}
     bool UseCompressedClassPointers               = true                           {product lp64_product} {ergonomic}
     bool UseCompressedOops                        = true                           {product lp64_product} {ergonomic}
     bool UseLargePagesIndividualAllocation        = false                                  {pd product} {ergonomic}
     bool UseParallelGC                            = true                                      {product} {command line}

Logging:
Log output configuration:
 #0: stdout all=off uptime,level,tags
 #1: stderr all=off uptime,level,tags

Environment Variables:
PATH=C:\app\santi\product\21c\dbhomeXE\bin;C:\Program Files\Common Files\Oracle\Java\javapath;C:\Program Files (x86)\Common Files\Oracle\Java\javapath;C:\Program Files\Microsoft\jdk-11.0.16.101-hotspot\bin;C:\Program Files\Eclipse Adoptium\jdk-17.0.8.7-hotspot\bin;C:\ProgramData\Oracle\Java\javapath;C:\WINDOWS\system32;C:\WINDOWS;C:\WINDOWS\System32\Wbem;C:\WINDOWS\System32\WindowsPowerShell\v1.0\;C:\WINDOWS\System32\OpenSSH\;C:\Program Files\NVIDIA Corporation\NVIDIA NvDLISR;C:\Program Files\Git\cmd;C:\Program Files\MATLAB\R2023b\bin;C:\Program Files\dotnet\;C:\Program Files\Azure Data Studio\bin;C:\Program Files\Docker\Docker\resources\bin;C:\Program Files\nodejs\;C:\Program Files (x86)\Microsoft SQL Server\160\DTS\Binn\;C:\Users\santi\AppData\Local\Programs\Python\Python39\Scripts\;C:\Users\santi\AppData\Local\Programs\Python\Python39\;C:\Users\santi\AppData\Local\Microsoft\WindowsApps;C:\Users\santi\AppData\Local\Programs\Microsoft VS Code\bin;C:\Users\santi\AppData\Local\GitHubDesktop\bin;C:\Program Files\Azure Data Studio\bin;C:\Users\santi\AppData\Roaming\npm
USERNAME=santi
OS=Windows_NT
PROCESSOR_IDENTIFIER=AMD64 Family 25 Model 33 Stepping 0, AuthenticAMD
TMP=C:\Users\santi\AppData\Local\Temp
TEMP=C:\Users\santi\AppData\Local\Temp



Periodic native trim disabled


---------------  S Y S T E M  ---------------

OS:
 Windows 10 , 64 bit Build 19041 (10.0.19041.3636)
OS uptime: 1 days 16:44 hours
Hyper-V role detected

CPU: total 12 (initial active 12) (12 cores per cpu, 2 threads per core) family 25 model 33 stepping 0 microcode 0x0, cx8, cmov, fxsr, ht, mmx, 3dnowpref, sse, sse2, sse3, ssse3, sse4a, sse4.1, sse4.2, popcnt, lzcnt, tsc, tscinvbit, avx, avx2, aes, erms, clmul, bmi1, bmi2, adx, sha, fma, vzeroupper, clflush, clflushopt, hv
Processor Information for all 12 processors :
  Max Mhz: 3701, Current Mhz: 3701, Mhz Limit: 3701

Memory: 4k page, system-wide physical 16274M (2870M free)
TotalPageFile size 18322M (AvailPageFile size 22M)
current process WorkingSet (physical memory assigned to process): 150M, peak: 151M
current process commit charge ("private bytes"): 257M, peak: 260M

vm_info: OpenJDK 64-Bit Server VM (17.0.10+7) for windows-amd64 JRE (17.0.10+7), built on Jan 16 2024 23:25:11 by "admin" with MS VC++ 16.10 / 16.11 (VS2019)

END.
