#
# There is insufficient memory for the Java Runtime Environment to continue.
# Native memory allocation (mmap) failed to map 268435456 bytes for G1 virtual space
# Possible reasons:
#   The system is out of physical RAM or swap space
#   The process is running with CompressedOops enabled, and the Java Heap may be blocking the growth of the native heap
# Possible solutions:
#   Reduce memory load on the system
#   Increase physical memory or swap space
#   Check if swap backing store is full
#   Decrease Java heap size (-Xmx/-Xms)
#   Decrease number of Java threads
#   Decrease Java thread stack sizes (-Xss)
#   Set larger code cache with -XX:ReservedCodeCacheSize=
#   JVM is running with Zero Based Compressed Oops mode in which the Java heap is
#     placed in the first 32GB address space. The Java Heap base address is the
#     maximum limit for the native heap growth. Please use -XX:HeapBaseMinAddress
#     to set the Java Heap base and to place the Java Heap above 32GB virtual address.
# This output file may be truncated or incomplete.
#
#  Out of Memory Error (os_windows.cpp:3552), pid=20368, tid=23500
#
# JRE version:  (17.0.9+11) (build )
# Java VM: Java HotSpot(TM) 64-Bit Server VM (17.0.9+11-LTS-201, mixed mode, sharing, tiered, compressed oops, compressed class ptrs, g1 gc, windows-amd64)
# No core dump will be written. Minidumps are not enabled by default on client versions of Windows
#

---------------  S U M M A R Y ------------

Command Line: -Dfile.encoding=utf8 c:\\Users\\santi\\.vscode\\extensions\\vscjava.vscode-gradle-3.13.5\\lib\\gradle-language-server.jar

Host: AMD Ryzen 5 5600X 6-Core Processor             , 12 cores, 15G,  Windows 10 , 64 bit Build 19041 (10.0.19041.3636)
Time: Sat Mar  2 12:29:48 2024 Hora est. Pacífico, Sudamérica elapsed time: 0.010025 seconds (0d 0h 0m 0s)

---------------  T H R E A D  ---------------

Current thread (0x000001f685c174c0):  JavaThread "Unknown thread" [_thread_in_vm, id=23500, stack(0x0000001765700000,0x0000001765800000)]

Stack: [0x0000001765700000,0x0000001765800000]
Native frames: (J=compiled Java code, j=interpreted, Vv=VM code, C=native code)
V  [jvm.dll+0x678a4a]
V  [jvm.dll+0x7d9cfd]
V  [jvm.dll+0x7db60e]
V  [jvm.dll+0x7dbc73]
V  [jvm.dll+0x245e1f]
V  [jvm.dll+0x6758f9]
V  [jvm.dll+0x66a2a2]
V  [jvm.dll+0x303686]
V  [jvm.dll+0x30ac06]
V  [jvm.dll+0x35a48e]
V  [jvm.dll+0x35a6bf]
V  [jvm.dll+0x2da678]
V  [jvm.dll+0x2db5e4]
V  [jvm.dll+0x7ab6b1]
V  [jvm.dll+0x368041]
V  [jvm.dll+0x78a749]
V  [jvm.dll+0x3ebd4f]
V  [jvm.dll+0x3ed7d1]
C  [jli.dll+0x5297]
C  [ucrtbase.dll+0x21bb2]
C  [KERNEL32.DLL+0x17344]
C  [ntdll.dll+0x526b1]


---------------  P R O C E S S  ---------------

Threads class SMR info:
_java_thread_list=0x00007ff9d1be89d8, length=0, elements={
}

Java Threads: ( => current thread )

Other Threads:
  0x000001f685c82e40 GCTaskThread "GC Thread#0" [stack: 0x0000001765800000,0x0000001765900000] [id=19772]
  0x000001f685c93af0 ConcurrentGCThread "G1 Main Marker" [stack: 0x0000001765900000,0x0000001765a00000] [id=22504]
  0x000001f685c94410 ConcurrentGCThread "G1 Conc#0" [stack: 0x0000001765a00000,0x0000001765b00000] [id=10688]

[error occurred during error reporting (printing all threads), id 0xc0000005, EXCEPTION_ACCESS_VIOLATION (0xc0000005) at pc=0x00007ff9d141b2d7]

VM state: not at safepoint (not fully initialized)

VM Mutex/Monitor currently owned by a thread:  ([mutex/lock_event])
[0x000001f685c125b0] Heap_lock - owner thread: 0x000001f685c174c0

Heap address: 0x0000000701a00000, size: 4070 MB, Compressed Oops mode: Zero based, Oop shift amount: 3

CDS archive(s) mapped at: [0x0000000000000000-0x0000000000000000-0x0000000000000000), size 0, SharedBaseAddress: 0x0000000800000000, ArchiveRelocationMode: 1.
Narrow klass base: 0x0000000000000000, Narrow klass shift: 0, Narrow klass range: 0x0

GC Precious Log:
<Empty>

Heap:
 garbage-first heap   total 0K, used 0K [0x0000000701a00000, 0x0000000800000000)
  region size 2048K, 0 young (0K), 0 survivors (0K)

[error occurred during error reporting (printing heap information), id 0xc0000005, EXCEPTION_ACCESS_VIOLATION (0xc0000005) at pc=0x00007ff9d1802229]

GC Heap History (0 events):
No events

Deoptimization events (0 events):
No events

Classes unloaded (0 events):
No events

Classes redefined (0 events):
No events

Internal exceptions (0 events):
No events

VM Operations (0 events):
No events

Events (1 events):
Event: 0.006 Loaded shared library C:\Program Files\Java\jdk-17\bin\java.dll


Dynamic libraries:
0x00007ff7c92e0000 - 0x00007ff7c92f0000 	C:\Program Files\Java\jdk-17\bin\java.exe
0x00007ffa56f50000 - 0x00007ffa57148000 	C:\WINDOWS\SYSTEM32\ntdll.dll
0x00007ffa56000000 - 0x00007ffa560bd000 	C:\WINDOWS\System32\KERNEL32.DLL
0x00007ffa54860000 - 0x00007ffa54b56000 	C:\WINDOWS\System32\KERNELBASE.dll
0x00007ffa54c90000 - 0x00007ffa54d90000 	C:\WINDOWS\System32\ucrtbase.dll
0x00007ffa17020000 - 0x00007ffa1703b000 	C:\Program Files\Java\jdk-17\bin\VCRUNTIME140.dll
0x00007ff9e38c0000 - 0x00007ff9e38d9000 	C:\Program Files\Java\jdk-17\bin\jli.dll
0x00007ffa55d10000 - 0x00007ffa55dc3000 	C:\WINDOWS\System32\ADVAPI32.dll
0x00007ffa55570000 - 0x00007ffa5560e000 	C:\WINDOWS\System32\msvcrt.dll
0x00007ffa56e40000 - 0x00007ffa56edf000 	C:\WINDOWS\System32\sechost.dll
0x00007ffa55420000 - 0x00007ffa55546000 	C:\WINDOWS\System32\RPCRT4.dll
0x00007ffa54e40000 - 0x00007ffa54e67000 	C:\WINDOWS\System32\bcrypt.dll
0x00007ffa54f90000 - 0x00007ffa5512e000 	C:\WINDOWS\System32\USER32.dll
0x00007ffa54c60000 - 0x00007ffa54c82000 	C:\WINDOWS\System32\win32u.dll
0x00007ffa56ee0000 - 0x00007ffa56f0b000 	C:\WINDOWS\System32\GDI32.dll
0x00007ffa47e30000 - 0x00007ffa480ca000 	C:\WINDOWS\WinSxS\amd64_microsoft.windows.common-controls_6595b64144ccf1df_6.0.19041.3636_none_60b6a03d71f818d5\COMCTL32.dll
0x00007ffa54e70000 - 0x00007ffa54f87000 	C:\WINDOWS\System32\gdi32full.dll
0x00007ffa54660000 - 0x00007ffa546fd000 	C:\WINDOWS\System32\msvcp_win.dll
0x00007ffa4ae90000 - 0x00007ffa4ae9a000 	C:\WINDOWS\SYSTEM32\VERSION.dll
0x00007ffa56aa0000 - 0x00007ffa56ad2000 	C:\WINDOWS\System32\IMM32.DLL
0x00007ffa37e30000 - 0x00007ffa37e3c000 	C:\Program Files\Java\jdk-17\bin\vcruntime140_1.dll
0x00007ff9e09a0000 - 0x00007ff9e0a2e000 	C:\Program Files\Java\jdk-17\bin\msvcp140.dll
0x00007ff9d1130000 - 0x00007ff9d1d11000 	C:\Program Files\Java\jdk-17\bin\server\jvm.dll
0x00007ffa55550000 - 0x00007ffa55558000 	C:\WINDOWS\System32\PSAPI.DLL
0x00007ffa2d540000 - 0x00007ffa2d549000 	C:\WINDOWS\SYSTEM32\WSOCK32.dll
0x00007ffa48d50000 - 0x00007ffa48d77000 	C:\WINDOWS\SYSTEM32\WINMM.dll
0x00007ffa55c10000 - 0x00007ffa55c7b000 	C:\WINDOWS\System32\WS2_32.dll
0x00007ffa523c0000 - 0x00007ffa523d2000 	C:\WINDOWS\SYSTEM32\kernel.appcore.dll
0x00007ffa35b00000 - 0x00007ffa35b0a000 	C:\Program Files\Java\jdk-17\bin\jimage.dll
0x00007ffa48410000 - 0x00007ffa485f4000 	C:\WINDOWS\SYSTEM32\DBGHELP.DLL
0x00007ffa44d90000 - 0x00007ffa44dc4000 	C:\WINDOWS\SYSTEM32\dbgcore.DLL
0x00007ffa54bd0000 - 0x00007ffa54c52000 	C:\WINDOWS\System32\bcryptPrimitives.dll
0x00007ff9e0970000 - 0x00007ff9e0995000 	C:\Program Files\Java\jdk-17\bin\java.dll

dbghelp: loaded successfully - version: 4.0.5 - missing functions: none
symbol engine: initialized successfully - sym options: 0x614 - pdb path: .;C:\Program Files\Java\jdk-17\bin;C:\WINDOWS\SYSTEM32;C:\WINDOWS\WinSxS\amd64_microsoft.windows.common-controls_6595b64144ccf1df_6.0.19041.3636_none_60b6a03d71f818d5;C:\Program Files\Java\jdk-17\bin\server

VM Arguments:
jvm_args: -Dfile.encoding=utf8 
java_command: c:\\Users\\santi\\.vscode\\extensions\\vscjava.vscode-gradle-3.13.5\\lib\\gradle-language-server.jar
java_class_path (initial): c:\\Users\\santi\\.vscode\\extensions\\vscjava.vscode-gradle-3.13.5\\lib\\gradle-language-server.jar
Launcher Type: SUN_STANDARD

[Global flags]
     intx CICompilerCount                          = 4                                         {product} {ergonomic}
     uint ConcGCThreads                            = 3                                         {product} {ergonomic}
     uint G1ConcRefinementThreads                  = 10                                        {product} {ergonomic}
   size_t G1HeapRegionSize                         = 2097152                                   {product} {ergonomic}
    uintx GCDrainStackTargetSize                   = 64                                        {product} {ergonomic}
   size_t InitialHeapSize                          = 268435456                                 {product} {ergonomic}
   size_t MarkStackSize                            = 4194304                                   {product} {ergonomic}
   size_t MaxHeapSize                              = 4267704320                                {product} {ergonomic}
   size_t MinHeapDeltaBytes                        = 2097152                                   {product} {ergonomic}
   size_t MinHeapSize                              = 8388608                                   {product} {ergonomic}
    uintx NonNMethodCodeHeapSize                   = 5839372                                {pd product} {ergonomic}
    uintx NonProfiledCodeHeapSize                  = 122909434                              {pd product} {ergonomic}
    uintx ProfiledCodeHeapSize                     = 122909434                              {pd product} {ergonomic}
    uintx ReservedCodeCacheSize                    = 251658240                              {pd product} {ergonomic}
     bool SegmentedCodeCache                       = true                                      {product} {ergonomic}
   size_t SoftMaxHeapSize                          = 4267704320                             {manageable} {ergonomic}
     bool UseCompressedClassPointers               = true                           {product lp64_product} {ergonomic}
     bool UseCompressedOops                        = true                           {product lp64_product} {ergonomic}
     bool UseG1GC                                  = true                                      {product} {ergonomic}
     bool UseLargePagesIndividualAllocation        = false                                  {pd product} {ergonomic}

Logging:
Log output configuration:
 #0: stdout all=warning uptime,level,tags
 #1: stderr all=off uptime,level,tags

Environment Variables:
PATH=C:\app\santi\product\21c\dbhomeXE\bin;C:\Program Files\Common Files\Oracle\Java\javapath;C:\Program Files (x86)\Common Files\Oracle\Java\javapath;C:\Program Files\Microsoft\jdk-11.0.16.101-hotspot\bin;C:\Program Files\Eclipse Adoptium\jdk-17.0.8.7-hotspot\bin;C:\ProgramData\Oracle\Java\javapath;C:\WINDOWS\system32;C:\WINDOWS;C:\WINDOWS\System32\Wbem;C:\WINDOWS\System32\WindowsPowerShell\v1.0\;C:\WINDOWS\System32\OpenSSH\;C:\Program Files\NVIDIA Corporation\NVIDIA NvDLISR;C:\Program Files\Git\cmd;C:\Program Files\MATLAB\R2023b\bin;C:\Program Files\dotnet\;C:\Program Files\Azure Data Studio\bin;C:\Program Files\Docker\Docker\resources\bin;C:\Program Files\nodejs\;C:\Program Files (x86)\Microsoft SQL Server\160\DTS\Binn\;C:\Users\santi\AppData\Local\Programs\Python\Python39\Scripts\;C:\Users\santi\AppData\Local\Programs\Python\Python39\;C:\Users\santi\AppData\Local\Microsoft\WindowsApps;C:\Users\santi\AppData\Local\Programs\Microsoft VS Code\bin;C:\Users\santi\AppData\Local\GitHubDesktop\bin;C:\Program Files\Azure Data Studio\bin;C:\Users\santi\AppData\Roaming\npm
USERNAME=santi
OS=Windows_NT
PROCESSOR_IDENTIFIER=AMD64 Family 25 Model 33 Stepping 0, AuthenticAMD



---------------  S Y S T E M  ---------------

OS:
 Windows 10 , 64 bit Build 19041 (10.0.19041.3636)
OS uptime: 1 days 16:44 hours
Hyper-V role detected

CPU: total 12 (initial active 12) (12 cores per cpu, 2 threads per core) family 25 model 33 stepping 0 microcode 0x0, cx8, cmov, fxsr, ht, mmx, 3dnowpref, sse, sse2, sse3, ssse3, sse4a, sse4.1, sse4.2, popcnt, lzcnt, tsc, tscinvbit, avx, avx2, aes, erms, clmul, bmi1, bmi2, adx, sha, fma, vzeroupper, clflush, clflushopt, hv

Memory: 4k page, system-wide physical 16274M (3050M free)
TotalPageFile size 18322M (AvailPageFile size 87M)
current process WorkingSet (physical memory assigned to process): 11M, peak: 11M
current process commit charge ("private bytes"): 64M, peak: 320M

vm_info: Java HotSpot(TM) 64-Bit Server VM (17.0.9+11-LTS-201) for windows-amd64 JRE (17.0.9+11-LTS-201), built on Oct 10 2023 23:16:06 by "mach5one" with MS VC++ 17.1 (VS2022)

END.
