#
# There is insufficient memory for the Java Runtime Environment to continue.
# Native memory allocation (malloc) failed to allocate 1299856 bytes for Chunk::new
# Possible reasons:
#   The system is out of physical RAM or swap space
#   The process is running with CompressedOops enabled, and the Java Heap may be blocking the growth of the native heap
# Possible solutions:
#   Reduce memory load on the system
#   Increase physical memory or swap space
#   Check if swap backing store is full
#   Decrease Java heap size (-Xmx/-Xms)
#   Decrease number of Java threads
#   Decrease Java thread stack sizes (-Xss)
#   Set larger code cache with -XX:ReservedCodeCacheSize=
#   JVM is running with Unscaled Compressed Oops mode in which the Java heap is
#     placed in the first 4GB address space. The Java Heap base address is the
#     maximum limit for the native heap growth. Please use -XX:HeapBaseMinAddress
#     to set the Java Heap base and to place the Java Heap above 4GB virtual address.
# This output file may be truncated or incomplete.
#
#  Out of Memory Error (arena.cpp:191), pid=19112, tid=20528
#
# JRE version: OpenJDK Runtime Environment Temurin-17.0.10+7 (17.0.10+7) (build 17.0.10+7)
# Java VM: OpenJDK 64-Bit Server VM Temurin-17.0.10+7 (17.0.10+7, mixed mode, tiered, compressed oops, compressed class ptrs, parallel gc, windows-amd64)
# No core dump will be written. Minidumps are not enabled by default on client versions of Windows
#

---------------  S U M M A R Y ------------

Command Line: --add-modules=ALL-SYSTEM --add-opens=java.base/java.util=ALL-UNNAMED --add-opens=java.base/java.lang=ALL-UNNAMED --add-opens=java.base/sun.nio.fs=ALL-UNNAMED -Declipse.application=org.eclipse.jdt.ls.core.id1 -Dosgi.bundles.defaultStartLevel=4 -Declipse.product=org.eclipse.jdt.ls.core.product -Djava.import.generatesMetadataFilesAtProjectRoot=false -DDetectVMInstallationsJob.disabled=true -Dfile.encoding=utf8 -XX:+UseParallelGC -XX:GCTimeRatio=4 -XX:AdaptiveSizePolicyWeight=90 -Dsun.zip.disableMemoryMapping=true -Xmx1G -Xms100m -Xlog:disable -javaagent:c:\Users\santi\.vscode\extensions\redhat.java-1.28.1-win32-x64\lombok\lombok-1.18.31.jar c:\Users\santi\.vscode\extensions\redhat.java-1.28.1-win32-x64\server\plugins\org.eclipse.equinox.launcher_1.6.700.v20231214-2017.jar -configuration c:\Users\santi\AppData\Roaming\Code\User\globalStorage\redhat.java\1.28.1\config_ss_win -data c:\Users\santi\AppData\Roaming\Code\User\workspaceStorage\579b4992d83981974b0bdabad3642d48\redhat.java\ss_ws --stdio

Host: AMD Ryzen 5 5600X 6-Core Processor             , 12 cores, 15G,  Windows 10 , 64 bit Build 19041 (10.0.19041.3636)
Time: Sat Mar  2 12:36:57 2024 Hora est. Pacífico, Sudamérica elapsed time: 3.649876 seconds (0d 0h 0m 3s)

---------------  T H R E A D  ---------------

Current thread (0x000001de65438cb0):  JavaThread "C2 CompilerThread1" daemon [_thread_in_native, id=20528, stack(0x0000009275300000,0x0000009275400000)]


Current CompileTask:
C2:   3649 5043       4       org.eclipse.jdt.internal.compiler.parser.Parser::consumeRule (7964 bytes)

Stack: [0x0000009275300000,0x0000009275400000]
Native frames: (J=compiled Java code, j=interpreted, Vv=VM code, C=native code)
V  [jvm.dll+0x67d2c9]
V  [jvm.dll+0x834afa]
V  [jvm.dll+0x8365be]
V  [jvm.dll+0x836c23]
V  [jvm.dll+0x2477ff]
V  [jvm.dll+0xac514]
V  [jvm.dll+0xacb5c]
V  [jvm.dll+0x366782]
V  [jvm.dll+0x330bfa]
V  [jvm.dll+0x33009a]
V  [jvm.dll+0x219ef1]
V  [jvm.dll+0x219311]
V  [jvm.dll+0x1a502d]
V  [jvm.dll+0x2290de]
V  [jvm.dll+0x2272ac]
V  [jvm.dll+0x7e9bb7]
V  [jvm.dll+0x7e3fba]
V  [jvm.dll+0x67c1b5]
C  [ucrtbase.dll+0x21bb2]
C  [KERNEL32.DLL+0x17344]
C  [ntdll.dll+0x526b1]


---------------  P R O C E S S  ---------------

Threads class SMR info:
_java_thread_list=0x000001de6729d910, length=32, elements={
0x000001de497bec10, 0x000001de5d659370, 0x000001de5d65db40, 0x000001de62928550,
0x000001de629292e0, 0x000001de6292c720, 0x000001de6292f7b0, 0x000001de629347f0,
0x000001de629358a0, 0x000001de6293e980, 0x000001de49824290, 0x000001de63eefa80,
0x000001de645d2da0, 0x000001de647f3450, 0x000001de64862430, 0x000001de64a82020,
0x000001de64bbfda0, 0x000001de64b49090, 0x000001de64b49fc0, 0x000001de64b4a9e0,
0x000001de65438cb0, 0x000001de64b4a4d0, 0x000001de64b49ab0, 0x000001de6683f3b0,
0x000001de6683f8c0, 0x000001de65dbb4d0, 0x000001de6683b6f0, 0x000001de6683df70,
0x000001de66838e70, 0x000001de66839380, 0x000001de6683fdd0, 0x000001de668402e0
}

Java Threads: ( => current thread )
  0x000001de497bec10 JavaThread "main" [_thread_blocked, id=17180, stack(0x0000009274600000,0x0000009274700000)]
  0x000001de5d659370 JavaThread "Reference Handler" daemon [_thread_blocked, id=4472, stack(0x0000009274900000,0x0000009274a00000)]
  0x000001de5d65db40 JavaThread "Finalizer" daemon [_thread_blocked, id=18884, stack(0x0000009274a00000,0x0000009274b00000)]
  0x000001de62928550 JavaThread "Signal Dispatcher" daemon [_thread_blocked, id=7348, stack(0x0000009274b00000,0x0000009274c00000)]
  0x000001de629292e0 JavaThread "Attach Listener" daemon [_thread_blocked, id=5308, stack(0x0000009274c00000,0x0000009274d00000)]
  0x000001de6292c720 JavaThread "Service Thread" daemon [_thread_blocked, id=5128, stack(0x0000009274d00000,0x0000009274e00000)]
  0x000001de6292f7b0 JavaThread "Monitor Deflation Thread" daemon [_thread_blocked, id=7752, stack(0x0000009274e00000,0x0000009274f00000)]
  0x000001de629347f0 JavaThread "C2 CompilerThread0" daemon [_thread_in_native, id=12080, stack(0x0000009274f00000,0x0000009275000000)]
  0x000001de629358a0 JavaThread "C1 CompilerThread0" daemon [_thread_in_native, id=14056, stack(0x0000009275000000,0x0000009275100000)]
  0x000001de6293e980 JavaThread "Sweeper thread" daemon [_thread_blocked, id=14196, stack(0x0000009275100000,0x0000009275200000)]
  0x000001de49824290 JavaThread "Common-Cleaner" daemon [_thread_blocked, id=12828, stack(0x0000009275200000,0x0000009275300000)]
  0x000001de63eefa80 JavaThread "Notification Thread" daemon [_thread_blocked, id=6652, stack(0x0000009275400000,0x0000009275500000)]
  0x000001de645d2da0 JavaThread "Active Thread: Equinox Container: afb8c5e9-b860-4185-a357-c796152a8ca1" [_thread_blocked, id=24000, stack(0x0000009275d00000,0x0000009275e00000)]
  0x000001de647f3450 JavaThread "Framework Event Dispatcher: Equinox Container: afb8c5e9-b860-4185-a357-c796152a8ca1" daemon [_thread_blocked, id=15056, stack(0x0000009275e00000,0x0000009275f00000)]
  0x000001de64862430 JavaThread "Start Level: Equinox Container: afb8c5e9-b860-4185-a357-c796152a8ca1" daemon [_thread_blocked, id=4004, stack(0x0000009275f00000,0x0000009276000000)]
  0x000001de64a82020 JavaThread "SCR Component Actor" daemon [_thread_blocked, id=22680, stack(0x0000009276000000,0x0000009276100000)]
  0x000001de64bbfda0 JavaThread "SCR Component Registry" daemon [_thread_blocked, id=11476, stack(0x0000009276200000,0x0000009276300000)]
  0x000001de64b49090 JavaThread "Worker-JM" [_thread_blocked, id=11840, stack(0x0000009276300000,0x0000009276400000)]
  0x000001de64b49fc0 JavaThread "Worker-0" [_thread_blocked, id=18784, stack(0x0000009276600000,0x0000009276700000)]
  0x000001de64b4a9e0 JavaThread "Worker-1" [_thread_blocked, id=16368, stack(0x0000009276700000,0x0000009276800000)]
=>0x000001de65438cb0 JavaThread "C2 CompilerThread1" daemon [_thread_in_native, id=20528, stack(0x0000009275300000,0x0000009275400000)]
  0x000001de64b4a4d0 JavaThread "JNA Cleaner" daemon [_thread_blocked, id=2172, stack(0x0000009275600000,0x0000009275700000)]
  0x000001de64b49ab0 JavaThread "pool-2-thread-1" [_thread_blocked, id=5124, stack(0x0000009276a00000,0x0000009276b00000)]
  0x000001de6683f3b0 JavaThread "WorkspaceEventsHandler" [_thread_blocked, id=13692, stack(0x0000009276b00000,0x0000009276c00000)]
  0x000001de6683f8c0 JavaThread "pool-1-thread-1" [_thread_blocked, id=18132, stack(0x0000009276c00000,0x0000009276d00000)]
  0x000001de65dbb4d0 JavaThread "C2 CompilerThread2" daemon [_thread_in_native, id=22408, stack(0x0000009276d00000,0x0000009276e00000)]
  0x000001de6683b6f0 JavaThread "Worker-2" [_thread_blocked, id=13080, stack(0x0000009276e00000,0x0000009276f00000)]
  0x000001de6683df70 JavaThread "ForkJoinPool.commonPool-worker-1" daemon [_thread_blocked, id=22988, stack(0x0000009276f00000,0x0000009277000000)]
  0x000001de66838e70 JavaThread "ForkJoinPool.commonPool-worker-2" daemon [_thread_blocked, id=22948, stack(0x0000009277000000,0x0000009277100000)]
  0x000001de66839380 JavaThread "ForkJoinPool.commonPool-worker-3" daemon [_thread_blocked, id=6064, stack(0x0000009277100000,0x0000009277200000)]
  0x000001de6683fdd0 JavaThread "ForkJoinPool.commonPool-worker-4" daemon [_thread_blocked, id=9796, stack(0x0000009277200000,0x0000009277300000)]
  0x000001de668402e0 JavaThread "pool-1-thread-2" [_thread_in_native, id=6496, stack(0x0000009277300000,0x0000009277400000)]

Other Threads:
  0x000001de628f31c0 VMThread "VM Thread" [stack: 0x0000009274800000,0x0000009274900000] [id=10832]
  0x000001de63eeff60 WatcherThread [stack: 0x0000009275500000,0x0000009275600000] [id=13404]
  0x000001de497d6110 GCTaskThread "GC Thread#0" [stack: 0x0000009274700000,0x0000009274800000] [id=3836]
  0x000001de644abb20 GCTaskThread "GC Thread#1" [stack: 0x0000009275700000,0x0000009275800000] [id=12352]
  0x000001de644abde0 GCTaskThread "GC Thread#2" [stack: 0x0000009275800000,0x0000009275900000] [id=22812]
  0x000001de644ac0a0 GCTaskThread "GC Thread#3" [stack: 0x0000009275900000,0x0000009275a00000] [id=3088]
  0x000001de645b29b0 GCTaskThread "GC Thread#4" [stack: 0x0000009275a00000,0x0000009275b00000] [id=14608]
  0x000001de645b2c70 GCTaskThread "GC Thread#5" [stack: 0x0000009275b00000,0x0000009275c00000] [id=1464]
  0x000001de645b2f30 GCTaskThread "GC Thread#6" [stack: 0x0000009275c00000,0x0000009275d00000] [id=16028]
  0x000001de648b8860 GCTaskThread "GC Thread#7" [stack: 0x0000009276100000,0x0000009276200000] [id=17932]
  0x000001de64bfa160 GCTaskThread "GC Thread#8" [stack: 0x0000009276400000,0x0000009276500000] [id=16052]
  0x000001de64bfa420 GCTaskThread "GC Thread#9" [stack: 0x0000009276500000,0x0000009276600000] [id=19480]

Threads with active compile tasks:
C2 CompilerThread0     3661 4624 %     4       org.lombokweb.asm.ClassReader::readCode @ 2186 (5117 bytes)
C1 CompilerThread0     3661 5281       2       java.util.regex.Pattern::escape (1327 bytes)
C2 CompilerThread1     3661 5043       4       org.eclipse.jdt.internal.compiler.parser.Parser::consumeRule (7964 bytes)
C2 CompilerThread2     3661 4641       4       lombok.patcher.MethodTarget::matches (29 bytes)

VM state: not at safepoint (normal execution)

VM Mutex/Monitor currently owned by a thread: None

Heap address: 0x00000000c0000000, size: 1024 MB, Compressed Oops mode: 32-bit

CDS archive(s) not mapped
Compressed class space mapped at: 0x0000000100000000-0x0000000140000000, reserved size: 1073741824
Narrow klass base: 0x0000000000000000, Narrow klass shift: 3, Narrow klass range: 0x140000000

GC Precious Log:
 CPUs: 12 total, 12 available
 Memory: 16274M
 Large Page Support: Disabled
 NUMA Support: Disabled
 Compressed Oops: Enabled (32-bit)
 Alignments: Space 512K, Generation 512K, Heap 2M
 Heap Min Capacity: 100M
 Heap Initial Capacity: 100M
 Heap Max Capacity: 1G
 Pre-touch: Disabled
 Parallel Workers: 10

Heap:
 PSYoungGen      total 23040K, used 5832K [0x00000000eab00000, 0x00000000ec480000, 0x0000000100000000)
  eden space 20992K, 18% used [0x00000000eab00000,0x00000000eaeb4f48,0x00000000ebf80000)
  from space 2048K, 99% used [0x00000000ec080000,0x00000000ec27d3a8,0x00000000ec280000)
  to   space 1024K, 0% used [0x00000000ec380000,0x00000000ec380000,0x00000000ec480000)
 ParOldGen       total 68608K, used 34426K [0x00000000c0000000, 0x00000000c4300000, 0x00000000eab00000)
  object space 68608K, 50% used [0x00000000c0000000,0x00000000c219eaa0,0x00000000c4300000)
 Metaspace       used 48384K, committed 49152K, reserved 1114112K
  class space    used 4956K, committed 5312K, reserved 1048576K

Card table byte_map: [0x000001de49160000,0x000001de49370000] _byte_map_base: 0x000001de48b60000

Marking Bits: (ParMarkBitMap*) 0x00007ff9e01cd7d0
 Begin Bits: [0x000001de5b460000, 0x000001de5c460000)
 End Bits:   [0x000001de5c460000, 0x000001de5d460000)

Polling page: 0x000001de475d0000

Metaspace:

Usage:
  Non-class:     42.41 MB used.
      Class:      4.84 MB used.
       Both:     47.25 MB used.

Virtual space:
  Non-class space:       64.00 MB reserved,      42.81 MB ( 67%) committed,  1 nodes.
      Class space:        1.00 GB reserved,       5.19 MB ( <1%) committed,  1 nodes.
             Both:        1.06 GB reserved,      48.00 MB (  4%) committed. 

Chunk freelists:
   Non-Class:  5.23 MB
       Class:  10.78 MB
        Both:  16.01 MB

MaxMetaspaceSize: unlimited
CompressedClassSpaceSize: 1.00 GB
Initial GC threshold: 21.00 MB
Current GC threshold: 58.38 MB
CDS: off
MetaspaceReclaimPolicy: balanced
 - commit_granule_bytes: 65536.
 - commit_granule_words: 8192.
 - virtual_space_node_default_size: 8388608.
 - enlarge_chunks_in_place: 1.
 - new_chunks_are_fully_committed: 0.
 - uncommit_free_chunks: 1.
 - use_allocation_guard: 0.
 - handle_deallocations: 1.


Internal statistics:

num_allocs_failed_limit: 6.
num_arena_births: 400.
num_arena_deaths: 14.
num_vsnodes_births: 2.
num_vsnodes_deaths: 0.
num_space_committed: 768.
num_space_uncommitted: 0.
num_chunks_returned_to_freelist: 20.
num_chunks_taken_from_freelist: 2048.
num_chunk_merges: 8.
num_chunk_splits: 1322.
num_chunks_enlarged: 879.
num_inconsistent_stats: 0.

CodeHeap 'non-profiled nmethods': size=120000Kb used=2324Kb max_used=2886Kb free=117675Kb
 bounds [0x000001de53f30000, 0x000001de54210000, 0x000001de5b460000]
CodeHeap 'profiled nmethods': size=120000Kb used=9143Kb max_used=10737Kb free=110856Kb
 bounds [0x000001de4c460000, 0x000001de4cf00000, 0x000001de53990000]
CodeHeap 'non-nmethods': size=5760Kb used=1320Kb max_used=1369Kb free=4439Kb
 bounds [0x000001de53990000, 0x000001de53c00000, 0x000001de53f30000]
 total_blobs=5098 nmethods=4439 adapters=571
 compilation: enabled
              stopped_count=0, restarted_count=0
 full_count=0

Compilation events (20 events):
Event: 3.645 Thread 0x000001de629358a0 nmethod 5242 0x000001de4ca36290 code [0x000001de4ca36420, 0x000001de4ca36538]
Event: 3.645 Thread 0x000001de629358a0 5234       1       org.eclipse.jdt.internal.compiler.impl.JavaFeature::getRestrictedKeywords (5 bytes)
Event: 3.645 Thread 0x000001de629358a0 nmethod 5234 0x000001de53f89790 code [0x000001de53f89920, 0x000001de53f899f8]
Event: 3.645 Thread 0x000001de629358a0 5230       2       org.eclipse.jdt.internal.core.JavaModelManager::getOption (113 bytes)
Event: 3.646 Thread 0x000001de629358a0 nmethod 5230 0x000001de4cbea410 code [0x000001de4cbea700, 0x000001de4cbeaf08]
Event: 3.646 Thread 0x000001de629358a0 5244       3       org.eclipse.jdt.internal.compiler.lookup.LookupEnvironment::getCachedType0 (112 bytes)
Event: 3.646 Thread 0x000001de629358a0 nmethod 5244 0x000001de4ce1cb10 code [0x000001de4ce1cda0, 0x000001de4ce1dc38]
Event: 3.646 Thread 0x000001de629358a0 5239       2       org.eclipse.jdt.internal.compiler.lookup.BinaryModuleBinding::getExports (23 bytes)
Event: 3.647 Thread 0x000001de629358a0 nmethod 5239 0x000001de4c94a310 code [0x000001de4c94a4c0, 0x000001de4c94a638]
Event: 3.647 Thread 0x000001de629358a0 5248       3       org.eclipse.jdt.internal.compiler.lookup.LookupEnvironment::getTypeFromCompoundName (160 bytes)
Event: 3.647 Thread 0x000001de629358a0 nmethod 5248 0x000001de4c984010 code [0x000001de4c984260, 0x000001de4c984c08]
Event: 3.647 Thread 0x000001de629358a0 5251       3       org.eclipse.jdt.internal.compiler.lookup.LookupEnvironment::getTypeFromConstantPoolName (104 bytes)
Event: 3.647 Thread 0x000001de629358a0 nmethod 5251 0x000001de4c981a90 code [0x000001de4c981c80, 0x000001de4c982198]
Event: 3.647 Thread 0x000001de629358a0 5250       3       org.eclipse.jdt.internal.compiler.lookup.BinaryTypeBinding::kind (31 bytes)
Event: 3.647 Thread 0x000001de629358a0 nmethod 5250 0x000001de4c985490 code [0x000001de4c985660, 0x000001de4c985bc8]
Event: 3.647 Thread 0x000001de629358a0 5254       3       org.eclipse.jdt.internal.compiler.lookup.BinaryTypeBinding::getNullDefaultFrom (74 bytes)
Event: 3.648 Thread 0x000001de629358a0 nmethod 5254 0x000001de4caa4e90 code [0x000001de4caa5060, 0x000001de4caa5448]
Event: 3.648 Thread 0x000001de629358a0 5255       3       org.eclipse.jdt.internal.compiler.lookup.LookupEnvironment::convertUnresolvedBinaryToRawType (291 bytes)
Event: 3.648 Thread 0x000001de629358a0 nmethod 5255 0x000001de4ce4a910 code [0x000001de4ce4ac40, 0x000001de4ce4c358]
Event: 3.648 Thread 0x000001de629358a0 5258 %     3       org.eclipse.jdt.internal.compiler.lookup.BinaryTypeBinding::createMethod @ 222 (1717 bytes)

GC Heap History (20 events):
Event: 2.355 GC heap before
{Heap before GC invocations=15 (full 2):
 PSYoungGen      total 24576K, used 24448K [0x00000000eab00000, 0x00000000ec780000, 0x0000000100000000)
  eden space 22016K, 100% used [0x00000000eab00000,0x00000000ec080000,0x00000000ec080000)
  from space 2560K, 95% used [0x00000000ec500000,0x00000000ec760010,0x00000000ec780000)
  to   space 2560K, 0% used [0x00000000ec280000,0x00000000ec280000,0x00000000ec500000)
 ParOldGen       total 68608K, used 17179K [0x00000000c0000000, 0x00000000c4300000, 0x00000000eab00000)
  object space 68608K, 25% used [0x00000000c0000000,0x00000000c10c6e70,0x00000000c4300000)
 Metaspace       used 36956K, committed 37696K, reserved 1114112K
  class space    used 3764K, committed 4096K, reserved 1048576K
}
Event: 2.356 GC heap after
{Heap after GC invocations=15 (full 2):
 PSYoungGen      total 24576K, used 2560K [0x00000000eab00000, 0x00000000ec680000, 0x0000000100000000)
  eden space 22016K, 0% used [0x00000000eab00000,0x00000000eab00000,0x00000000ec080000)
  from space 2560K, 100% used [0x00000000ec280000,0x00000000ec500000,0x00000000ec500000)
  to   space 1536K, 0% used [0x00000000ec500000,0x00000000ec500000,0x00000000ec680000)
 ParOldGen       total 68608K, used 19490K [0x00000000c0000000, 0x00000000c4300000, 0x00000000eab00000)
  object space 68608K, 28% used [0x00000000c0000000,0x00000000c1308a28,0x00000000c4300000)
 Metaspace       used 36956K, committed 37696K, reserved 1114112K
  class space    used 3764K, committed 4096K, reserved 1048576K
}
Event: 2.375 GC heap before
{Heap before GC invocations=16 (full 2):
 PSYoungGen      total 24576K, used 24576K [0x00000000eab00000, 0x00000000ec680000, 0x0000000100000000)
  eden space 22016K, 100% used [0x00000000eab00000,0x00000000ec080000,0x00000000ec080000)
  from space 2560K, 100% used [0x00000000ec280000,0x00000000ec500000,0x00000000ec500000)
  to   space 1536K, 0% used [0x00000000ec500000,0x00000000ec500000,0x00000000ec680000)
 ParOldGen       total 68608K, used 19490K [0x00000000c0000000, 0x00000000c4300000, 0x00000000eab00000)
  object space 68608K, 28% used [0x00000000c0000000,0x00000000c1308a28,0x00000000c4300000)
 Metaspace       used 36956K, committed 37696K, reserved 1114112K
  class space    used 3764K, committed 4096K, reserved 1048576K
}
Event: 2.377 GC heap after
{Heap after GC invocations=16 (full 2):
 PSYoungGen      total 22528K, used 1504K [0x00000000eab00000, 0x00000000ecb80000, 0x0000000100000000)
  eden space 20992K, 0% used [0x00000000eab00000,0x00000000eab00000,0x00000000ebf80000)
  from space 1536K, 97% used [0x00000000ec500000,0x00000000ec678010,0x00000000ec680000)
  to   space 5632K, 0% used [0x00000000ebf80000,0x00000000ebf80000,0x00000000ec500000)
 ParOldGen       total 68608K, used 22800K [0x00000000c0000000, 0x00000000c4300000, 0x00000000eab00000)
  object space 68608K, 33% used [0x00000000c0000000,0x00000000c16442a8,0x00000000c4300000)
 Metaspace       used 36956K, committed 37696K, reserved 1114112K
  class space    used 3764K, committed 4096K, reserved 1048576K
}
Event: 2.471 GC heap before
{Heap before GC invocations=17 (full 2):
 PSYoungGen      total 22528K, used 22496K [0x00000000eab00000, 0x00000000ecb80000, 0x0000000100000000)
  eden space 20992K, 100% used [0x00000000eab00000,0x00000000ebf80000,0x00000000ebf80000)
  from space 1536K, 97% used [0x00000000ec500000,0x00000000ec678010,0x00000000ec680000)
  to   space 5632K, 0% used [0x00000000ebf80000,0x00000000ebf80000,0x00000000ec500000)
 ParOldGen       total 68608K, used 22800K [0x00000000c0000000, 0x00000000c4300000, 0x00000000eab00000)
  object space 68608K, 33% used [0x00000000c0000000,0x00000000c16442a8,0x00000000c4300000)
 Metaspace       used 38682K, committed 39424K, reserved 1114112K
  class space    used 3950K, committed 4288K, reserved 1048576K
}
Event: 2.473 GC heap after
{Heap after GC invocations=17 (full 2):
 PSYoungGen      total 23040K, used 2045K [0x00000000eab00000, 0x00000000ec580000, 0x0000000100000000)
  eden space 20992K, 0% used [0x00000000eab00000,0x00000000eab00000,0x00000000ebf80000)
  from space 2048K, 99% used [0x00000000ebf80000,0x00000000ec17f448,0x00000000ec180000)
  to   space 3072K, 0% used [0x00000000ec280000,0x00000000ec280000,0x00000000ec580000)
 ParOldGen       total 68608K, used 24344K [0x00000000c0000000, 0x00000000c4300000, 0x00000000eab00000)
  object space 68608K, 35% used [0x00000000c0000000,0x00000000c17c62b8,0x00000000c4300000)
 Metaspace       used 38682K, committed 39424K, reserved 1114112K
  class space    used 3950K, committed 4288K, reserved 1048576K
}
Event: 2.662 GC heap before
{Heap before GC invocations=18 (full 2):
 PSYoungGen      total 23040K, used 23037K [0x00000000eab00000, 0x00000000ec580000, 0x0000000100000000)
  eden space 20992K, 100% used [0x00000000eab00000,0x00000000ebf80000,0x00000000ebf80000)
  from space 2048K, 99% used [0x00000000ebf80000,0x00000000ec17f448,0x00000000ec180000)
  to   space 3072K, 0% used [0x00000000ec280000,0x00000000ec280000,0x00000000ec580000)
 ParOldGen       total 68608K, used 24344K [0x00000000c0000000, 0x00000000c4300000, 0x00000000eab00000)
  object space 68608K, 35% used [0x00000000c0000000,0x00000000c17c62b8,0x00000000c4300000)
 Metaspace       used 40016K, committed 40768K, reserved 1114112K
  class space    used 4138K, committed 4480K, reserved 1048576K
}
Event: 2.664 GC heap after
{Heap after GC invocations=18 (full 2):
 PSYoungGen      total 22528K, used 1517K [0x00000000eab00000, 0x00000000ec400000, 0x0000000100000000)
  eden space 20992K, 0% used [0x00000000eab00000,0x00000000eab00000,0x00000000ebf80000)
  from space 1536K, 98% used [0x00000000ec280000,0x00000000ec3fb530,0x00000000ec400000)
  to   space 2048K, 0% used [0x00000000ec000000,0x00000000ec000000,0x00000000ec200000)
 ParOldGen       total 68608K, used 26262K [0x00000000c0000000, 0x00000000c4300000, 0x00000000eab00000)
  object space 68608K, 38% used [0x00000000c0000000,0x00000000c19a59c0,0x00000000c4300000)
 Metaspace       used 40016K, committed 40768K, reserved 1114112K
  class space    used 4138K, committed 4480K, reserved 1048576K
}
Event: 2.872 GC heap before
{Heap before GC invocations=19 (full 2):
 PSYoungGen      total 22528K, used 22509K [0x00000000eab00000, 0x00000000ec400000, 0x0000000100000000)
  eden space 20992K, 100% used [0x00000000eab00000,0x00000000ebf80000,0x00000000ebf80000)
  from space 1536K, 98% used [0x00000000ec280000,0x00000000ec3fb530,0x00000000ec400000)
  to   space 2048K, 0% used [0x00000000ec000000,0x00000000ec000000,0x00000000ec200000)
 ParOldGen       total 68608K, used 26262K [0x00000000c0000000, 0x00000000c4300000, 0x00000000eab00000)
  object space 68608K, 38% used [0x00000000c0000000,0x00000000c19a59c0,0x00000000c4300000)
 Metaspace       used 41776K, committed 42496K, reserved 1114112K
  class space    used 4286K, committed 4608K, reserved 1048576K
}
Event: 2.874 GC heap after
{Heap after GC invocations=19 (full 2):
 PSYoungGen      total 23040K, used 480K [0x00000000eab00000, 0x00000000ec300000, 0x0000000100000000)
  eden space 20992K, 0% used [0x00000000eab00000,0x00000000eab00000,0x00000000ebf80000)
  from space 2048K, 23% used [0x00000000ec000000,0x00000000ec078000,0x00000000ec200000)
  to   space 1024K, 0% used [0x00000000ec200000,0x00000000ec200000,0x00000000ec300000)
 ParOldGen       total 68608K, used 27606K [0x00000000c0000000, 0x00000000c4300000, 0x00000000eab00000)
  object space 68608K, 40% used [0x00000000c0000000,0x00000000c1af5bd0,0x00000000c4300000)
 Metaspace       used 41776K, committed 42496K, reserved 1114112K
  class space    used 4286K, committed 4608K, reserved 1048576K
}
Event: 3.123 GC heap before
{Heap before GC invocations=20 (full 2):
 PSYoungGen      total 23040K, used 21472K [0x00000000eab00000, 0x00000000ec300000, 0x0000000100000000)
  eden space 20992K, 100% used [0x00000000eab00000,0x00000000ebf80000,0x00000000ebf80000)
  from space 2048K, 23% used [0x00000000ec000000,0x00000000ec078000,0x00000000ec200000)
  to   space 1024K, 0% used [0x00000000ec200000,0x00000000ec200000,0x00000000ec300000)
 ParOldGen       total 68608K, used 27606K [0x00000000c0000000, 0x00000000c4300000, 0x00000000eab00000)
  object space 68608K, 40% used [0x00000000c0000000,0x00000000c1af5bd0,0x00000000c4300000)
 Metaspace       used 44359K, committed 45056K, reserved 1114112K
  class space    used 4610K, committed 4928K, reserved 1048576K
}
Event: 3.124 GC heap after
{Heap after GC invocations=20 (full 2):
 PSYoungGen      total 22016K, used 1015K [0x00000000eab00000, 0x00000000ec480000, 0x0000000100000000)
  eden space 20992K, 0% used [0x00000000eab00000,0x00000000eab00000,0x00000000ebf80000)
  from space 1024K, 99% used [0x00000000ec200000,0x00000000ec2fdfa0,0x00000000ec300000)
  to   space 2560K, 0% used [0x00000000ebf80000,0x00000000ebf80000,0x00000000ec200000)
 ParOldGen       total 68608K, used 28655K [0x00000000c0000000, 0x00000000c4300000, 0x00000000eab00000)
  object space 68608K, 41% used [0x00000000c0000000,0x00000000c1bfbce8,0x00000000c4300000)
 Metaspace       used 44359K, committed 45056K, reserved 1114112K
  class space    used 4610K, committed 4928K, reserved 1048576K
}
Event: 3.306 GC heap before
{Heap before GC invocations=21 (full 2):
 PSYoungGen      total 22016K, used 22007K [0x00000000eab00000, 0x00000000ec480000, 0x0000000100000000)
  eden space 20992K, 100% used [0x00000000eab00000,0x00000000ebf80000,0x00000000ebf80000)
  from space 1024K, 99% used [0x00000000ec200000,0x00000000ec2fdfa0,0x00000000ec300000)
  to   space 2560K, 0% used [0x00000000ebf80000,0x00000000ebf80000,0x00000000ec200000)
 ParOldGen       total 68608K, used 28655K [0x00000000c0000000, 0x00000000c4300000, 0x00000000eab00000)
  object space 68608K, 41% used [0x00000000c0000000,0x00000000c1bfbce8,0x00000000c4300000)
 Metaspace       used 45579K, committed 46272K, reserved 1114112K
  class space    used 4712K, committed 5056K, reserved 1048576K
}
Event: 3.307 GC heap after
{Heap after GC invocations=21 (full 2):
 PSYoungGen      total 23552K, used 2410K [0x00000000eab00000, 0x00000000ec480000, 0x0000000100000000)
  eden space 20992K, 0% used [0x00000000eab00000,0x00000000eab00000,0x00000000ebf80000)
  from space 2560K, 94% used [0x00000000ebf80000,0x00000000ec1da8e0,0x00000000ec200000)
  to   space 2560K, 0% used [0x00000000ec200000,0x00000000ec200000,0x00000000ec480000)
 ParOldGen       total 68608K, used 29717K [0x00000000c0000000, 0x00000000c4300000, 0x00000000eab00000)
  object space 68608K, 43% used [0x00000000c0000000,0x00000000c1d05538,0x00000000c4300000)
 Metaspace       used 45579K, committed 46272K, reserved 1114112K
  class space    used 4712K, committed 5056K, reserved 1048576K
}
Event: 3.340 GC heap before
{Heap before GC invocations=22 (full 2):
 PSYoungGen      total 23552K, used 23402K [0x00000000eab00000, 0x00000000ec480000, 0x0000000100000000)
  eden space 20992K, 100% used [0x00000000eab00000,0x00000000ebf80000,0x00000000ebf80000)
  from space 2560K, 94% used [0x00000000ebf80000,0x00000000ec1da8e0,0x00000000ec200000)
  to   space 2560K, 0% used [0x00000000ec200000,0x00000000ec200000,0x00000000ec480000)
 ParOldGen       total 68608K, used 29717K [0x00000000c0000000, 0x00000000c4300000, 0x00000000eab00000)
  object space 68608K, 43% used [0x00000000c0000000,0x00000000c1d05538,0x00000000c4300000)
 Metaspace       used 45606K, committed 46400K, reserved 1114112K
  class space    used 4712K, committed 5056K, reserved 1048576K
}
Event: 3.341 GC heap after
{Heap after GC invocations=22 (full 2):
 PSYoungGen      total 22016K, used 919K [0x00000000eab00000, 0x00000000ec300000, 0x0000000100000000)
  eden space 20992K, 0% used [0x00000000eab00000,0x00000000eab00000,0x00000000ebf80000)
  from space 1024K, 89% used [0x00000000ec200000,0x00000000ec2e5e30,0x00000000ec300000)
  to   space 1536K, 0% used [0x00000000ec000000,0x00000000ec000000,0x00000000ec180000)
 ParOldGen       total 68608K, used 30713K [0x00000000c0000000, 0x00000000c4300000, 0x00000000eab00000)
  object space 68608K, 44% used [0x00000000c0000000,0x00000000c1dfe6e0,0x00000000c4300000)
 Metaspace       used 45606K, committed 46400K, reserved 1114112K
  class space    used 4712K, committed 5056K, reserved 1048576K
}
Event: 3.482 GC heap before
{Heap before GC invocations=23 (full 2):
 PSYoungGen      total 22016K, used 21851K [0x00000000eab00000, 0x00000000ec300000, 0x0000000100000000)
  eden space 20992K, 99% used [0x00000000eab00000,0x00000000ebf70de0,0x00000000ebf80000)
  from space 1024K, 89% used [0x00000000ec200000,0x00000000ec2e5e30,0x00000000ec300000)
  to   space 1536K, 0% used [0x00000000ec000000,0x00000000ec000000,0x00000000ec180000)
 ParOldGen       total 68608K, used 30713K [0x00000000c0000000, 0x00000000c4300000, 0x00000000eab00000)
  object space 68608K, 44% used [0x00000000c0000000,0x00000000c1dfe6e0,0x00000000c4300000)
 Metaspace       used 47921K, committed 48640K, reserved 1114112K
  class space    used 4938K, committed 5312K, reserved 1048576K
}
Event: 3.483 GC heap after
{Heap after GC invocations=23 (full 2):
 PSYoungGen      total 22528K, used 1510K [0x00000000eab00000, 0x00000000ec780000, 0x0000000100000000)
  eden space 20992K, 0% used [0x00000000eab00000,0x00000000eab00000,0x00000000ebf80000)
  from space 1536K, 98% used [0x00000000ec000000,0x00000000ec1799b0,0x00000000ec180000)
  to   space 4096K, 0% used [0x00000000ec380000,0x00000000ec380000,0x00000000ec780000)
 ParOldGen       total 68608K, used 32435K [0x00000000c0000000, 0x00000000c4300000, 0x00000000eab00000)
  object space 68608K, 47% used [0x00000000c0000000,0x00000000c1facd38,0x00000000c4300000)
 Metaspace       used 47921K, committed 48640K, reserved 1114112K
  class space    used 4938K, committed 5312K, reserved 1048576K
}
Event: 3.525 GC heap before
{Heap before GC invocations=24 (full 2):
 PSYoungGen      total 22528K, used 22502K [0x00000000eab00000, 0x00000000ec780000, 0x0000000100000000)
  eden space 20992K, 100% used [0x00000000eab00000,0x00000000ebf80000,0x00000000ebf80000)
  from space 1536K, 98% used [0x00000000ec000000,0x00000000ec1799b0,0x00000000ec180000)
  to   space 4096K, 0% used [0x00000000ec380000,0x00000000ec380000,0x00000000ec780000)
 ParOldGen       total 68608K, used 32435K [0x00000000c0000000, 0x00000000c4300000, 0x00000000eab00000)
  object space 68608K, 47% used [0x00000000c0000000,0x00000000c1facd38,0x00000000c4300000)
 Metaspace       used 48105K, committed 48896K, reserved 1114112K
  class space    used 4948K, committed 5312K, reserved 1048576K
}
Event: 3.526 GC heap after
{Heap after GC invocations=24 (full 2):
 PSYoungGen      total 22016K, used 947K [0x00000000eab00000, 0x00000000ec480000, 0x0000000100000000)
  eden space 20992K, 0% used [0x00000000eab00000,0x00000000eab00000,0x00000000ebf80000)
  from space 1024K, 92% used [0x00000000ec380000,0x00000000ec46ce08,0x00000000ec480000)
  to   space 2048K, 0% used [0x00000000ec080000,0x00000000ec080000,0x00000000ec280000)
 ParOldGen       total 68608K, used 33456K [0x00000000c0000000, 0x00000000c4300000, 0x00000000eab00000)
  object space 68608K, 48% used [0x00000000c0000000,0x00000000c20ac3a0,0x00000000c4300000)
 Metaspace       used 48105K, committed 48896K, reserved 1114112K
  class space    used 4948K, committed 5312K, reserved 1048576K
}

Dll operation events (10 events):
Event: 0.005 Loaded shared library c:\Users\santi\.vscode\extensions\redhat.java-1.28.1-win32-x64\jre\17.0.10-win32-x86_64\bin\java.dll
Event: 0.089 Loaded shared library c:\Users\santi\.vscode\extensions\redhat.java-1.28.1-win32-x64\jre\17.0.10-win32-x86_64\bin\zip.dll
Event: 0.091 Loaded shared library C:\Users\santi\.vscode\extensions\redhat.java-1.28.1-win32-x64\jre\17.0.10-win32-x86_64\bin\instrument.dll
Event: 0.099 Loaded shared library C:\Users\santi\.vscode\extensions\redhat.java-1.28.1-win32-x64\jre\17.0.10-win32-x86_64\bin\net.dll
Event: 0.100 Loaded shared library C:\Users\santi\.vscode\extensions\redhat.java-1.28.1-win32-x64\jre\17.0.10-win32-x86_64\bin\nio.dll
Event: 0.105 Loaded shared library C:\Users\santi\.vscode\extensions\redhat.java-1.28.1-win32-x64\jre\17.0.10-win32-x86_64\bin\zip.dll
Event: 0.114 Loaded shared library C:\Users\santi\.vscode\extensions\redhat.java-1.28.1-win32-x64\jre\17.0.10-win32-x86_64\bin\jimage.dll
Event: 0.156 Loaded shared library c:\Users\santi\.vscode\extensions\redhat.java-1.28.1-win32-x64\jre\17.0.10-win32-x86_64\bin\verify.dll
Event: 0.671 Loaded shared library C:\Users\santi\AppData\Roaming\Code\User\globalStorage\redhat.java\1.28.1\config_ss_win\org.eclipse.equinox.launcher\org.eclipse.equinox.launcher.win32.win32.x86_64_1.2.900.v20240129-1338\eclipse_11900.dll
Event: 1.961 Loaded shared library C:\Users\santi\AppData\Local\Temp\jna-109204053\jna12192517437040116547.dll

Deoptimization events (20 events):
Event: 3.618 Thread 0x000001de668402e0 Uncommon trap: trap_request=0xffffff45 fr.pc=0x000001de541b7e2c relative=0x000000000000016c
Event: 3.618 Thread 0x000001de668402e0 Uncommon trap: reason=unstable_if action=reinterpret pc=0x000001de541b7e2c method=org.eclipse.jface.text.DefaultLineTracker.nextDelimiterInfo(Ljava/lang/String;I)Lorg/eclipse/jface/text/AbstractLineTracker$DelimiterInfo; @ 118 c2
Event: 3.618 Thread 0x000001de668402e0 DEOPT PACKING pc=0x000001de541b7e2c sp=0x00000092773fe6e0
Event: 3.618 Thread 0x000001de668402e0 DEOPT UNPACKING pc=0x000001de539e66a3 sp=0x00000092773fe658 mode 2
Event: 3.631 Thread 0x000001de668402e0 Uncommon trap: trap_request=0xffffff45 fr.pc=0x000001de53f50b34 relative=0x00000000000003f4
Event: 3.631 Thread 0x000001de668402e0 Uncommon trap: reason=unstable_if action=reinterpret pc=0x000001de53f50b34 method=java.lang.StringLatin1.canEncode(I)Z @ 4 c2
Event: 3.631 Thread 0x000001de668402e0 DEOPT PACKING pc=0x000001de53f50b34 sp=0x00000092773feba0
Event: 3.631 Thread 0x000001de668402e0 DEOPT UNPACKING pc=0x000001de539e66a3 sp=0x00000092773feac8 mode 2
Event: 3.631 Thread 0x000001de668402e0 Uncommon trap: trap_request=0xffffff45 fr.pc=0x000001de541b87ec relative=0x000000000000014c
Event: 3.631 Thread 0x000001de668402e0 Uncommon trap: reason=unstable_if action=reinterpret pc=0x000001de541b87ec method=java.lang.AbstractStringBuilder.appendChars(Ljava/lang/String;II)V @ 11 c2
Event: 3.631 Thread 0x000001de668402e0 DEOPT PACKING pc=0x000001de541b87ec sp=0x00000092773fe7e0
Event: 3.631 Thread 0x000001de668402e0 DEOPT UNPACKING pc=0x000001de539e66a3 sp=0x00000092773fe770 mode 2
Event: 3.631 Thread 0x000001de668402e0 Uncommon trap: trap_request=0xffffff45 fr.pc=0x000001de54128e38 relative=0x0000000000000218
Event: 3.631 Thread 0x000001de668402e0 Uncommon trap: reason=unstable_if action=reinterpret pc=0x000001de54128e38 method=java.net.URI.match(CJJ)Z @ 32 c2
Event: 3.631 Thread 0x000001de668402e0 DEOPT PACKING pc=0x000001de54128e38 sp=0x00000092773fe970
Event: 3.631 Thread 0x000001de668402e0 DEOPT UNPACKING pc=0x000001de539e66a3 sp=0x00000092773fe868 mode 2
Event: 3.634 Thread 0x000001de668402e0 DEOPT PACKING pc=0x000001de4ce8c667 sp=0x00000092773fdcd0
Event: 3.634 Thread 0x000001de668402e0 DEOPT UNPACKING pc=0x000001de539e6e43 sp=0x00000092773fd260 mode 0
Event: 3.638 Thread 0x000001de668402e0 DEOPT PACKING pc=0x000001de4ce8c667 sp=0x00000092773fdde0
Event: 3.638 Thread 0x000001de668402e0 DEOPT UNPACKING pc=0x000001de539e6e43 sp=0x00000092773fd370 mode 0

Classes unloaded (7 events):
Event: 1.009 Thread 0x000001de628f31c0 Unloading class 0x000000010021a400 'java/lang/invoke/LambdaForm$MH+0x000000010021a400'
Event: 1.009 Thread 0x000001de628f31c0 Unloading class 0x000000010021a000 'java/lang/invoke/LambdaForm$MH+0x000000010021a000'
Event: 1.009 Thread 0x000001de628f31c0 Unloading class 0x0000000100219c00 'java/lang/invoke/LambdaForm$MH+0x0000000100219c00'
Event: 1.009 Thread 0x000001de628f31c0 Unloading class 0x0000000100219800 'java/lang/invoke/LambdaForm$MH+0x0000000100219800'
Event: 1.009 Thread 0x000001de628f31c0 Unloading class 0x0000000100219400 'java/lang/invoke/LambdaForm$BMH+0x0000000100219400'
Event: 1.009 Thread 0x000001de628f31c0 Unloading class 0x0000000100219000 'java/lang/invoke/LambdaForm$DMH+0x0000000100219000'
Event: 1.009 Thread 0x000001de628f31c0 Unloading class 0x0000000100214400 'java/lang/invoke/LambdaForm$DMH+0x0000000100214400'

Classes redefined (0 events):
No events

Internal exceptions (20 events):
Event: 2.414 Thread 0x000001de66839380 Exception <a 'java/lang/NoSuchMethodError'{0x00000000eb291090}: 'java.lang.Object java.lang.invoke.DirectMethodHandle$Holder.invokeInterface(java.lang.Object, java.lang.Object, java.lang.Object)'> (0x00000000eb291090) 
thrown [s\src\hotspot\share\interpreter\linkResolver.cpp, line 759]
Event: 2.414 Thread 0x000001de6683fdd0 Exception <a 'java/lang/NoSuchMethodError'{0x00000000eb2fa280}: 'java.lang.Object java.lang.invoke.DirectMethodHandle$Holder.invokeInterface(java.lang.Object, java.lang.Object, java.lang.Object)'> (0x00000000eb2fa280) 
thrown [s\src\hotspot\share\interpreter\linkResolver.cpp, line 759]
Event: 2.414 Thread 0x000001de6683f8c0 Exception <a 'java/lang/NoSuchMethodError'{0x00000000eb345190}: 'java.lang.Object java.lang.invoke.DirectMethodHandle$Holder.invokeInterface(java.lang.Object, java.lang.Object, java.lang.Object)'> (0x00000000eb345190) 
thrown [s\src\hotspot\share\interpreter\linkResolver.cpp, line 759]
Event: 2.506 Thread 0x000001de6683f8c0 Exception <a 'java/io/FileNotFoundException'{0x00000000eada6970}> (0x00000000eada6970) 
thrown [s\src\hotspot\share\prims\jni.cpp, line 516]
Event: 2.728 Thread 0x000001de6683f8c0 Implicit null exception at 0x000001de5413a74b to 0x000001de5413b360
Event: 2.728 Thread 0x000001de6683f8c0 Implicit null exception at 0x000001de5413c150 to 0x000001de5413ce4c
Event: 2.877 Thread 0x000001de6683f8c0 Exception <a 'java/lang/ClassNotFoundException'{0x00000000eab506d8}: sun/util/logging/resources/spi/loggingProvider> (0x00000000eab506d8) 
thrown [s\src\hotspot\share\classfile\systemDictionary.cpp, line 256]
Event: 2.928 Thread 0x000001de66839380 Exception <a 'java/lang/ArrayIndexOutOfBoundsException'{0x00000000eb29ac30}: Index 255 out of bounds for length 255> (0x00000000eb29ac30) 
thrown [s\src\hotspot\share\interpreter\interpreterRuntime.cpp, line 428]
Event: 2.928 Thread 0x000001de66839380 Exception <a 'java/lang/ArrayIndexOutOfBoundsException'{0x00000000eb29aff0}: Index 255 out of bounds for length 255> (0x00000000eb29aff0) 
thrown [s\src\hotspot\share\interpreter\interpreterRuntime.cpp, line 428]
Event: 2.928 Thread 0x000001de66839380 Exception <a 'java/lang/ArrayIndexOutOfBoundsException'{0x00000000eb29b360}: Index 256 out of bounds for length 255> (0x00000000eb29b360) 
thrown [s\src\hotspot\share\interpreter\interpreterRuntime.cpp, line 428]
Event: 2.939 Thread 0x000001de66839380 Exception <a 'java/lang/NoSuchMethodError'{0x00000000eb3bb9e8}: 'int java.lang.invoke.DirectMethodHandle$Holder.invokeStatic(java.lang.Object, java.lang.Object, java.lang.Object, int)'> (0x00000000eb3bb9e8) 
thrown [s\src\hotspot\share\interpreter\linkResolver.cpp, line 759]
Event: 2.944 Thread 0x000001de66839380 Exception <a 'java/lang/NoSuchMethodError'{0x00000000eb44f1f0}: 'int java.lang.invoke.DirectMethodHandle$Holder.invokeVirtual(java.lang.Object, java.lang.Object, java.lang.Object)'> (0x00000000eb44f1f0) 
thrown [s\src\hotspot\share\interpreter\linkResolver.cpp, line 759]
Event: 2.967 Thread 0x000001de66839380 Exception <a 'java/io/FileNotFoundException'{0x00000000eb6f50d8}> (0x00000000eb6f50d8) 
thrown [s\src\hotspot\share\prims\jni.cpp, line 516]
Event: 2.967 Thread 0x000001de66839380 Exception <a 'java/io/FileNotFoundException'{0x00000000eb6f6110}> (0x00000000eb6f6110) 
thrown [s\src\hotspot\share\prims\jni.cpp, line 516]
Event: 3.150 Thread 0x000001de66839380 Exception <a 'java/lang/ArrayIndexOutOfBoundsException'{0x00000000eae82d78}: Index 255 out of bounds for length 255> (0x00000000eae82d78) 
thrown [s\src\hotspot\share\interpreter\interpreterRuntime.cpp, line 428]
Event: 3.150 Thread 0x000001de66839380 Exception <a 'java/lang/ArrayIndexOutOfBoundsException'{0x00000000eae83138}: Index 255 out of bounds for length 255> (0x00000000eae83138) 
thrown [s\src\hotspot\share\interpreter\interpreterRuntime.cpp, line 428]
Event: 3.150 Thread 0x000001de66839380 Exception <a 'java/lang/ArrayIndexOutOfBoundsException'{0x00000000eae834a8}: Index 256 out of bounds for length 255> (0x00000000eae834a8) 
thrown [s\src\hotspot\share\interpreter\interpreterRuntime.cpp, line 428]
Event: 3.469 Thread 0x000001de668402e0 Exception <a 'java/lang/NoSuchMethodError'{0x00000000ebbc8e80}: 'int java.lang.invoke.DirectMethodHandle$Holder.invokeInterface(java.lang.Object, java.lang.Object)'> (0x00000000ebbc8e80) 
thrown [s\src\hotspot\share\interpreter\linkResolver.cpp, line 759]
Event: 3.469 Thread 0x000001de668402e0 Exception <a 'java/lang/IncompatibleClassChangeError'{0x00000000ebbcc410}: Found class java.lang.Object, but interface was expected> (0x00000000ebbcc410) 
thrown [s\src\hotspot\share\interpreter\linkResolver.cpp, line 826]
Event: 3.508 Thread 0x000001de668402e0 Exception <a 'java/lang/NoSuchMethodError'{0x00000000ebddefe8}: 'int java.lang.invoke.DirectMethodHandle$Holder.invokeSpecialIFC(java.lang.Object, java.lang.Object, java.lang.Object)'> (0x00000000ebddefe8) 
thrown [s\src\hotspot\share\interpreter\linkResolver.cpp, line 759]

VM Operations (20 events):
Event: 3.306 Executing VM operation: ParallelGCFailedAllocation
Event: 3.307 Executing VM operation: ParallelGCFailedAllocation done
Event: 3.340 Executing VM operation: ParallelGCFailedAllocation
Event: 3.341 Executing VM operation: ParallelGCFailedAllocation done
Event: 3.474 Executing VM operation: HandshakeAllThreads
Event: 3.475 Executing VM operation: HandshakeAllThreads done
Event: 3.476 Executing VM operation: HandshakeAllThreads
Event: 3.476 Executing VM operation: HandshakeAllThreads done
Event: 3.482 Executing VM operation: ParallelGCFailedAllocation
Event: 3.483 Executing VM operation: ParallelGCFailedAllocation done
Event: 3.525 Executing VM operation: ParallelGCFailedAllocation
Event: 3.526 Executing VM operation: ParallelGCFailedAllocation done
Event: 3.534 Executing VM operation: HandshakeAllThreads
Event: 3.534 Executing VM operation: HandshakeAllThreads done
Event: 3.544 Executing VM operation: HandshakeAllThreads
Event: 3.544 Executing VM operation: HandshakeAllThreads done
Event: 3.560 Executing VM operation: HandshakeAllThreads
Event: 3.560 Executing VM operation: HandshakeAllThreads done
Event: 3.592 Executing VM operation: ICBufferFull
Event: 3.592 Executing VM operation: ICBufferFull done

Events (20 events):
Event: 3.565 Thread 0x000001de6293e980 flushing nmethod 0x000001de4ce0e310
Event: 3.565 Thread 0x000001de6293e980 flushing nmethod 0x000001de4ce1cb10
Event: 3.565 Thread 0x000001de6293e980 flushing nmethod 0x000001de4ce1cf10
Event: 3.565 Thread 0x000001de6293e980 flushing nmethod 0x000001de4ce1db10
Event: 3.565 Thread 0x000001de6293e980 flushing nmethod 0x000001de4ce24e90
Event: 3.565 Thread 0x000001de6293e980 flushing nmethod 0x000001de4ce25310
Event: 3.565 Thread 0x000001de6293e980 flushing nmethod 0x000001de4ce31110
Event: 3.565 Thread 0x000001de6293e980 flushing nmethod 0x000001de4ce4a910
Event: 3.565 Thread 0x000001de6293e980 flushing nmethod 0x000001de4ce4fa10
Event: 3.565 Thread 0x000001de6293e980 flushing nmethod 0x000001de4ce50090
Event: 3.565 Thread 0x000001de6293e980 flushing nmethod 0x000001de4ce55d90
Event: 3.565 Thread 0x000001de6293e980 flushing nmethod 0x000001de4ce8f090
Event: 3.565 Thread 0x000001de6293e980 flushing nmethod 0x000001de4ce9b190
Event: 3.565 Thread 0x000001de6293e980 flushing nmethod 0x000001de4ce9c190
Event: 3.630 loading class java/util/AbstractList$SubList
Event: 3.630 loading class java/util/AbstractList$SubList done
Event: 3.630 loading class java/util/AbstractList$SubList$1
Event: 3.630 loading class java/util/AbstractList$SubList$1 done
Event: 3.630 loading class java/util/AbstractList$ListItr
Event: 3.630 loading class java/util/AbstractList$ListItr done


Dynamic libraries:
0x00007ff69e430000 - 0x00007ff69e43e000 	c:\Users\santi\.vscode\extensions\redhat.java-1.28.1-win32-x64\jre\17.0.10-win32-x86_64\bin\java.exe
0x00007ffa56f50000 - 0x00007ffa57148000 	C:\WINDOWS\SYSTEM32\ntdll.dll
0x00007ffa56000000 - 0x00007ffa560bd000 	C:\WINDOWS\System32\KERNEL32.DLL
0x00007ffa54860000 - 0x00007ffa54b56000 	C:\WINDOWS\System32\KERNELBASE.dll
0x00007ffa54c90000 - 0x00007ffa54d90000 	C:\WINDOWS\System32\ucrtbase.dll
0x00007ffa37850000 - 0x00007ffa37867000 	c:\Users\santi\.vscode\extensions\redhat.java-1.28.1-win32-x64\jre\17.0.10-win32-x86_64\bin\jli.dll
0x00007ffa36840000 - 0x00007ffa3685b000 	c:\Users\santi\.vscode\extensions\redhat.java-1.28.1-win32-x64\jre\17.0.10-win32-x86_64\bin\VCRUNTIME140.dll
0x00007ffa54f90000 - 0x00007ffa5512e000 	C:\WINDOWS\System32\USER32.dll
0x00007ffa54c60000 - 0x00007ffa54c82000 	C:\WINDOWS\System32\win32u.dll
0x00007ffa56ee0000 - 0x00007ffa56f0b000 	C:\WINDOWS\System32\GDI32.dll
0x00007ffa47e30000 - 0x00007ffa480ca000 	C:\WINDOWS\WinSxS\amd64_microsoft.windows.common-controls_6595b64144ccf1df_6.0.19041.3636_none_60b6a03d71f818d5\COMCTL32.dll
0x00007ffa54e70000 - 0x00007ffa54f87000 	C:\WINDOWS\System32\gdi32full.dll
0x00007ffa55570000 - 0x00007ffa5560e000 	C:\WINDOWS\System32\msvcrt.dll
0x00007ffa54660000 - 0x00007ffa546fd000 	C:\WINDOWS\System32\msvcp_win.dll
0x00007ffa56aa0000 - 0x00007ffa56ad2000 	C:\WINDOWS\System32\IMM32.DLL
0x00007ffa4b3f0000 - 0x00007ffa4b3fc000 	c:\Users\santi\.vscode\extensions\redhat.java-1.28.1-win32-x64\jre\17.0.10-win32-x86_64\bin\vcruntime140_1.dll
0x00007ff9e0b00000 - 0x00007ff9e0b8d000 	c:\Users\santi\.vscode\extensions\redhat.java-1.28.1-win32-x64\jre\17.0.10-win32-x86_64\bin\msvcp140.dll
0x00007ff9df630000 - 0x00007ff9e0292000 	c:\Users\santi\.vscode\extensions\redhat.java-1.28.1-win32-x64\jre\17.0.10-win32-x86_64\bin\server\jvm.dll
0x00007ffa55d10000 - 0x00007ffa55dc3000 	C:\WINDOWS\System32\ADVAPI32.dll
0x00007ffa56e40000 - 0x00007ffa56edf000 	C:\WINDOWS\System32\sechost.dll
0x00007ffa55420000 - 0x00007ffa55546000 	C:\WINDOWS\System32\RPCRT4.dll
0x00007ffa54e40000 - 0x00007ffa54e67000 	C:\WINDOWS\System32\bcrypt.dll
0x00007ffa53b20000 - 0x00007ffa53b6b000 	C:\WINDOWS\SYSTEM32\POWRPROF.dll
0x00007ffa48d50000 - 0x00007ffa48d77000 	C:\WINDOWS\SYSTEM32\WINMM.dll
0x00007ffa2d540000 - 0x00007ffa2d549000 	C:\WINDOWS\SYSTEM32\WSOCK32.dll
0x00007ffa4ae90000 - 0x00007ffa4ae9a000 	C:\WINDOWS\SYSTEM32\VERSION.dll
0x00007ffa55c10000 - 0x00007ffa55c7b000 	C:\WINDOWS\System32\WS2_32.dll
0x00007ffa539e0000 - 0x00007ffa539f2000 	C:\WINDOWS\SYSTEM32\UMPDC.dll
0x00007ffa523c0000 - 0x00007ffa523d2000 	C:\WINDOWS\SYSTEM32\kernel.appcore.dll
0x00007ffa42440000 - 0x00007ffa4244a000 	c:\Users\santi\.vscode\extensions\redhat.java-1.28.1-win32-x64\jre\17.0.10-win32-x86_64\bin\jimage.dll
0x00007ffa48410000 - 0x00007ffa485f4000 	C:\WINDOWS\SYSTEM32\DBGHELP.DLL
0x00007ffa44d90000 - 0x00007ffa44dc4000 	C:\WINDOWS\SYSTEM32\dbgcore.DLL
0x00007ffa54bd0000 - 0x00007ffa54c52000 	C:\WINDOWS\System32\bcryptPrimitives.dll
0x00007ffa3a410000 - 0x00007ffa3a41e000 	c:\Users\santi\.vscode\extensions\redhat.java-1.28.1-win32-x64\jre\17.0.10-win32-x86_64\bin\instrument.dll
0x00007ffa1c710000 - 0x00007ffa1c735000 	c:\Users\santi\.vscode\extensions\redhat.java-1.28.1-win32-x64\jre\17.0.10-win32-x86_64\bin\java.dll
0x00007ffa34d10000 - 0x00007ffa34d28000 	c:\Users\santi\.vscode\extensions\redhat.java-1.28.1-win32-x64\jre\17.0.10-win32-x86_64\bin\zip.dll
0x00007ffa56190000 - 0x00007ffa568d5000 	C:\WINDOWS\System32\SHELL32.dll
0x00007ffa526a0000 - 0x00007ffa52e3c000 	C:\WINDOWS\SYSTEM32\windows.storage.dll
0x00007ffa56ae0000 - 0x00007ffa56e34000 	C:\WINDOWS\System32\combase.dll
0x00007ffa53f60000 - 0x00007ffa53f8e000 	C:\WINDOWS\SYSTEM32\Wldp.dll
0x00007ffa560c0000 - 0x00007ffa5618d000 	C:\WINDOWS\System32\OLEAUT32.dll
0x00007ffa55dd0000 - 0x00007ffa55e7d000 	C:\WINDOWS\System32\SHCORE.dll
0x00007ffa55fa0000 - 0x00007ffa55ff5000 	C:\WINDOWS\System32\shlwapi.dll
0x00007ffa54540000 - 0x00007ffa54565000 	C:\WINDOWS\SYSTEM32\profapi.dll
0x00007ffa1bfb0000 - 0x00007ffa1bfc9000 	C:\Users\santi\.vscode\extensions\redhat.java-1.28.1-win32-x64\jre\17.0.10-win32-x86_64\bin\net.dll
0x00007ffa4d5e0000 - 0x00007ffa4d6ea000 	C:\WINDOWS\SYSTEM32\WINHTTP.dll
0x00007ffa53d40000 - 0x00007ffa53daa000 	C:\WINDOWS\system32\mswsock.dll
0x00007ffa1b4b0000 - 0x00007ffa1b4c6000 	C:\Users\santi\.vscode\extensions\redhat.java-1.28.1-win32-x64\jre\17.0.10-win32-x86_64\bin\nio.dll
0x00007ffa38dd0000 - 0x00007ffa38de0000 	c:\Users\santi\.vscode\extensions\redhat.java-1.28.1-win32-x64\jre\17.0.10-win32-x86_64\bin\verify.dll
0x00007ffa21d40000 - 0x00007ffa21d7e000 	C:\Users\santi\AppData\Roaming\Code\User\globalStorage\redhat.java\1.28.1\config_ss_win\org.eclipse.equinox.launcher\org.eclipse.equinox.launcher.win32.win32.x86_64_1.2.900.v20240129-1338\eclipse_11900.dll
0x00007ffa55a80000 - 0x00007ffa55bab000 	C:\WINDOWS\System32\ole32.dll
0x00007ffa53fa0000 - 0x00007ffa53fb8000 	C:\WINDOWS\SYSTEM32\CRYPTSP.dll
0x00007ffa53620000 - 0x00007ffa53654000 	C:\WINDOWS\system32\rsaenh.dll
0x00007ffa54500000 - 0x00007ffa5452e000 	C:\WINDOWS\SYSTEM32\USERENV.dll
0x00007ffa53ed0000 - 0x00007ffa53edc000 	C:\WINDOWS\SYSTEM32\CRYPTBASE.dll
0x00007ffa53a00000 - 0x00007ffa53a3b000 	C:\WINDOWS\SYSTEM32\IPHLPAPI.DLL
0x00007ffa55560000 - 0x00007ffa55568000 	C:\WINDOWS\System32\NSI.dll
0x00007ffa4e760000 - 0x00007ffa4e777000 	C:\WINDOWS\SYSTEM32\dhcpcsvc6.DLL
0x00007ffa4e740000 - 0x00007ffa4e75d000 	C:\WINDOWS\SYSTEM32\dhcpcsvc.DLL
0x00007ffa53a40000 - 0x00007ffa53b0b000 	C:\WINDOWS\SYSTEM32\DNSAPI.dll
0x00007ffa19ee0000 - 0x00007ffa19f25000 	C:\Users\santi\AppData\Local\Temp\jna-109204053\jna12192517437040116547.dll
0x00007ffa55550000 - 0x00007ffa55558000 	C:\WINDOWS\System32\PSAPI.DLL

dbghelp: loaded successfully - version: 4.0.5 - missing functions: none
symbol engine: initialized successfully - sym options: 0x614 - pdb path: .;c:\Users\santi\.vscode\extensions\redhat.java-1.28.1-win32-x64\jre\17.0.10-win32-x86_64\bin;C:\WINDOWS\SYSTEM32;C:\WINDOWS\WinSxS\amd64_microsoft.windows.common-controls_6595b64144ccf1df_6.0.19041.3636_none_60b6a03d71f818d5;c:\Users\santi\.vscode\extensions\redhat.java-1.28.1-win32-x64\jre\17.0.10-win32-x86_64\bin\server;C:\Users\santi\AppData\Roaming\Code\User\globalStorage\redhat.java\1.28.1\config_ss_win\org.eclipse.equinox.launcher\org.eclipse.equinox.launcher.win32.win32.x86_64_1.2.900.v20240129-1338;C:\Users\santi\AppData\Local\Temp\jna-109204053

VM Arguments:
jvm_args: --add-modules=ALL-SYSTEM --add-opens=java.base/java.util=ALL-UNNAMED --add-opens=java.base/java.lang=ALL-UNNAMED --add-opens=java.base/sun.nio.fs=ALL-UNNAMED -Declipse.application=org.eclipse.jdt.ls.core.id1 -Dosgi.bundles.defaultStartLevel=4 -Declipse.product=org.eclipse.jdt.ls.core.product -Djava.import.generatesMetadataFilesAtProjectRoot=false -DDetectVMInstallationsJob.disabled=true -Dfile.encoding=utf8 -XX:+UseParallelGC -XX:GCTimeRatio=4 -XX:AdaptiveSizePolicyWeight=90 -Dsun.zip.disableMemoryMapping=true -Xmx1G -Xms100m -Xlog:disable -javaagent:c:\Users\santi\.vscode\extensions\redhat.java-1.28.1-win32-x64\lombok\lombok-1.18.31.jar 
java_command: c:\Users\santi\.vscode\extensions\redhat.java-1.28.1-win32-x64\server\plugins\org.eclipse.equinox.launcher_1.6.700.v20231214-2017.jar -configuration c:\Users\santi\AppData\Roaming\Code\User\globalStorage\redhat.java\1.28.1\config_ss_win -data c:\Users\santi\AppData\Roaming\Code\User\workspaceStorage\579b4992d83981974b0bdabad3642d48\redhat.java\ss_ws --stdio
java_class_path (initial): c:\Users\santi\.vscode\extensions\redhat.java-1.28.1-win32-x64\server\plugins\org.eclipse.equinox.launcher_1.6.700.v20231214-2017.jar
Launcher Type: SUN_STANDARD

[Global flags]
    uintx AdaptiveSizePolicyWeight                 = 90                                        {product} {command line}
     intx CICompilerCount                          = 4                                         {product} {ergonomic}
    uintx GCTimeRatio                              = 4                                         {product} {command line}
   size_t InitialHeapSize                          = 104857600                                 {product} {command line}
   size_t MaxHeapSize                              = 1073741824                                {product} {command line}
   size_t MaxNewSize                               = 357564416                                 {product} {ergonomic}
   size_t MinHeapDeltaBytes                        = 524288                                    {product} {ergonomic}
   size_t MinHeapSize                              = 104857600                                 {product} {command line}
   size_t NewSize                                  = 34603008                                  {product} {ergonomic}
    uintx NonNMethodCodeHeapSize                   = 5839372                                {pd product} {ergonomic}
    uintx NonProfiledCodeHeapSize                  = 122909434                              {pd product} {ergonomic}
   size_t OldSize                                  = 70254592                                  {product} {ergonomic}
    uintx ProfiledCodeHeapSize                     = 122909434                              {pd product} {ergonomic}
    uintx ReservedCodeCacheSize                    = 251658240                              {pd product} {ergonomic}
     bool SegmentedCodeCache                       = true                                      {product} {ergonomic}
   size_t SoftMaxHeapSize                          = 1073741824                             {manageable} {ergonomic}
     bool UseCompressedClassPointers               = true                           {product lp64_product} {ergonomic}
     bool UseCompressedOops                        = true                           {product lp64_product} {ergonomic}
     bool UseLargePagesIndividualAllocation        = false                                  {pd product} {ergonomic}
     bool UseParallelGC                            = true                                      {product} {command line}

Logging:
Log output configuration:
 #0: stdout all=off uptime,level,tags
 #1: stderr all=off uptime,level,tags

Environment Variables:
PATH=C:\app\santi\product\21c\dbhomeXE\bin;C:\Program Files\Common Files\Oracle\Java\javapath;C:\Program Files (x86)\Common Files\Oracle\Java\javapath;C:\Program Files\Microsoft\jdk-11.0.16.101-hotspot\bin;C:\Program Files\Eclipse Adoptium\jdk-17.0.8.7-hotspot\bin;C:\ProgramData\Oracle\Java\javapath;C:\WINDOWS\system32;C:\WINDOWS;C:\WINDOWS\System32\Wbem;C:\WINDOWS\System32\WindowsPowerShell\v1.0\;C:\WINDOWS\System32\OpenSSH\;C:\Program Files\NVIDIA Corporation\NVIDIA NvDLISR;C:\Program Files\Git\cmd;C:\Program Files\MATLAB\R2023b\bin;C:\Program Files\dotnet\;C:\Program Files\Azure Data Studio\bin;C:\Program Files\Docker\Docker\resources\bin;C:\Program Files\nodejs\;C:\Program Files (x86)\Microsoft SQL Server\160\DTS\Binn\;C:\Users\santi\AppData\Local\Programs\Python\Python39\Scripts\;C:\Users\santi\AppData\Local\Programs\Python\Python39\;C:\Users\santi\AppData\Local\Microsoft\WindowsApps;C:\Users\santi\AppData\Local\Programs\Microsoft VS Code\bin;C:\Users\santi\AppData\Local\GitHubDesktop\bin;C:\Program Files\Azure Data Studio\bin;C:\Users\santi\AppData\Roaming\npm
USERNAME=santi
OS=Windows_NT
PROCESSOR_IDENTIFIER=AMD64 Family 25 Model 33 Stepping 0, AuthenticAMD
TMP=C:\Users\santi\AppData\Local\Temp
TEMP=C:\Users\santi\AppData\Local\Temp



Periodic native trim disabled


---------------  S Y S T E M  ---------------

OS:
 Windows 10 , 64 bit Build 19041 (10.0.19041.3636)
OS uptime: 1 days 16:51 hours
Hyper-V role detected

CPU: total 12 (initial active 12) (12 cores per cpu, 2 threads per core) family 25 model 33 stepping 0 microcode 0x0, cx8, cmov, fxsr, ht, mmx, 3dnowpref, sse, sse2, sse3, ssse3, sse4a, sse4.1, sse4.2, popcnt, lzcnt, tsc, tscinvbit, avx, avx2, aes, erms, clmul, bmi1, bmi2, adx, sha, fma, vzeroupper, clflush, clflushopt, hv
Processor Information for all 12 processors :
  Max Mhz: 3701, Current Mhz: 3701, Mhz Limit: 3701

Memory: 4k page, system-wide physical 16274M (2414M free)
TotalPageFile size 18322M (AvailPageFile size 1M)
current process WorkingSet (physical memory assigned to process): 245M, peak: 246M
current process commit charge ("private bytes"): 326M, peak: 333M

vm_info: OpenJDK 64-Bit Server VM (17.0.10+7) for windows-amd64 JRE (17.0.10+7), built on Jan 16 2024 23:25:11 by "admin" with MS VC++ 16.10 / 16.11 (VS2019)

END.
